意味表象辞書
(900, 300)
基底837-------
単語 : 背後,  cos類似度 : 0.562885544948474
単語 : 入り口,  cos類似度 : 0.552070974378677
単語 : 横,  cos類似度 : 0.5492198600671377
単語 : 最初,  cos類似度 : 0.5490116926633998
単語 : 向う,  cos類似度 : 0.5488760246569608
-------------------------------
基底844-------
単語 : 実,  cos類似度 : 0.5840376392567687
単語 : 横,  cos類似度 : 0.5737970735028062
単語 : 緑色,  cos類似度 : 0.5718630126111107
単語 : 隣,  cos類似度 : 0.5683133933190209
単語 : 向う,  cos類似度 : 0.5661257720898619
-------------------------------
基底688-------
単語 : 隣,  cos類似度 : 0.6070809698128375
単語 : 横,  cos類似度 : 0.5780283991169067
単語 : 手前,  cos類似度 : 0.5777498264935597
単語 : 最初,  cos類似度 : 0.5775978320112406
単語 : 入り口,  cos類似度 : 0.5770260605034949
-------------------------------
基底844-------
単語 : 実,  cos類似度 : 0.5840376392567687
単語 : 横,  cos類似度 : 0.5737970735028062
単語 : 緑色,  cos類似度 : 0.5718630126111107
単語 : 隣,  cos類似度 : 0.5683133933190209
単語 : 向う,  cos類似度 : 0.5661257720898619
-------------------------------
基底419-------
単語 : 海,  cos類似度 : 0.58008316876317
単語 : 周り,  cos類似度 : 0.5776686386664843
単語 : 向う,  cos類似度 : 0.5648725072743536
単語 : 空,  cos類似度 : 0.5622968893365788
単語 : 眼下,  cos類似度 : 0.5617026695582235
-------------------------------
基底475-------
単語 : 入り口,  cos類似度 : 0.5884920702389894
単語 : 木々,  cos類似度 : 0.5827642368977745
単語 : 欄干,  cos類似度 : 0.5667605660043337
単語 : 木,  cos類似度 : 0.5667281603198372
単語 : 岩山,  cos類似度 : 0.5658198905472812
-------------------------------
基底225-------
単語 : 入り口,  cos類似度 : 0.5922896377163288
単語 : 景色,  cos類似度 : 0.5900691751588981
単語 : 欄干,  cos類似度 : 0.589918327491725
単語 : オブジェ,  cos類似度 : 0.587627118677094
単語 : 隣,  cos類似度 : 0.5850950491736336
-------------------------------
基底844-------
単語 : 実,  cos類似度 : 0.5840376392567687
単語 : 横,  cos類似度 : 0.5737970735028062
単語 : 緑色,  cos類似度 : 0.5718630126111107
単語 : 隣,  cos類似度 : 0.5683133933190209
単語 : 向う,  cos類似度 : 0.5661257720898619
-------------------------------
基底836-------
単語 : 部分,  cos類似度 : 0.5760879954583613
単語 : 裏側,  cos類似度 : 0.572936657179351
単語 : 緑色,  cos類似度 : 0.5708176211547348
単語 : 半円,  cos類似度 : 0.568875809064892
単語 : 実,  cos類似度 : 0.5663345107918442
-------------------------------
基底688-------
単語 : 隣,  cos類似度 : 0.6070809698128375
単語 : 横,  cos類似度 : 0.5780283991169067
単語 : 手前,  cos類似度 : 0.5777498264935597
単語 : 最初,  cos類似度 : 0.5775978320112406
単語 : 入り口,  cos類似度 : 0.5770260605034949
-------------------------------
