意味表象辞書
(900, 300)
基底837-------
n の:0.7449377775192261
v いる:0.7023167610168457
n は:0.6890003085136414
n それ:0.6744089126586914
n て:0.6495192050933838
n もの:0.6487414836883545
n い:0.6476947069168091
n から:0.6458901166915894
v いう:0.6403895616531372
v する:0.6364556550979614
-------------------------------
基底844-------
n の:0.7507971525192261
n は:0.6853223443031311
v いる:0.6826605796813965
n それ:0.6658607721328735
n から:0.6598905324935913
v ある:0.6479431390762329
v 見える:0.6460211277008057
n い:0.6359674334526062
n て:0.6338138580322266
n 確か:0.6272385120391846
-------------------------------
基底688-------
n の:0.7450442910194397
n は:0.6940522193908691
v いる:0.6750253438949585
n から:0.6489990949630737
n い:0.6341081857681274
n それ:0.6327294111251831
n て:0.6254739761352539
n 人:0.6187098622322083
-------------------------------
基底844-------
n の:0.7507971525192261
n は:0.6853223443031311
v いる:0.6826605796813965
n それ:0.6658607721328735
n から:0.6598905324935913
v ある:0.6479431390762329
v 見える:0.6460211277008057
n い:0.6359674334526062
n て:0.6338138580322266
n 確か:0.6272385120391846
-------------------------------
基底419-------
n の:0.7198971509933472
v いる:0.6814365386962891
n は:0.6543015837669373
n それ:0.6506942510604858
v 見える:0.6436095833778381
n から:0.6406490206718445
n 向こう側:0.6258457899093628
n い:0.6239296197891235
n て:0.6199320554733276
n 向こう:0.6163122653961182
-------------------------------
基底475-------
n の:0.6839872598648071
v いる:0.6699068546295166
v 見上げる:0.6286375522613525
n い:0.6210895776748657
a 白い:0.6165611743927002
v 見える:0.6157108545303345
n は:0.6131106615066528
n 向こう側:0.6110299825668335
a 青い:0.6109949350357056
a 丸い:0.6017696857452393
v 映る:0.5960657000541687
-------------------------------
基底225-------
n の:0.7260714769363403
v 見える:0.6612863540649414
v いる:0.6583230495452881
n は:0.6494057774543762
n 向こう側:0.6315675973892212
n い:0.625216543674469
n から:0.6225413084030151
n て:0.622061014175415
n 向こう:0.6158770322799683
v 見上げる:0.6137338280677795
n それ:0.6122227907180786
-------------------------------
基底844-------
n の:0.7507971525192261
n は:0.6853223443031311
v いる:0.6826605796813965
n それ:0.6658607721328735
n から:0.6598905324935913
v ある:0.6479431390762329
v 見える:0.6460211277008057
n い:0.6359674334526062
n て:0.6338138580322266
n 確か:0.6272385120391846
-------------------------------
基底836-------
n の:0.7530604600906372
n は:0.6915335655212402
n もの:0.6767081022262573
v いる:0.6549417972564697
a 丸い:0.6438575983047485
v よう:0.6433812379837036
n それ:0.6386431455612183
n ところ:0.6384375095367432
v ある:0.6332927942276001
a 白い:0.6331406831741333
n から:0.6313812732696533
n 確か:0.6285513043403625
a 黒い:0.6277455687522888
-------------------------------
基底688-------
n の:0.7450442910194397
n は:0.6940522193908691
v いる:0.6750253438949585
n から:0.6489990949630737
n い:0.6341081857681274
n それ:0.6327294111251831
n て:0.6254739761352539
n 人:0.6187098622322083
-------------------------------
