意味表象辞書
(900, 300)
基底188-------
単語 : エラー,  cos類似度 : -0.23806739361299298
単語 : スコア,  cos類似度 : -0.2397814362045971
単語 : ポリオ,  cos類似度 : -0.2408394391440573
単語 : 報酬,  cos類似度 : -0.24270844967876629
単語 : 買,  cos類似度 : -0.250940096559364
-------------------------------
基底258-------
単語 : 周り,  cos類似度 : 0.5637350050112754
単語 : 隣,  cos類似度 : 0.5625382510365229
単語 : 水色,  cos類似度 : 0.5610011762856528
単語 : 緑色,  cos類似度 : 0.5564928021412558
単語 : 入り口,  cos類似度 : 0.5559258928495484
-------------------------------
基底122-------
単語 : ポリオ,  cos類似度 : -0.2150334131422915
単語 : 責任,  cos類似度 : -0.23230046204036975
単語 : 見方,  cos類似度 : -0.24053622979957814
単語 : 報酬,  cos類似度 : -0.2411507658863385
単語 : 無効,  cos類似度 : -0.24519428453573053
-------------------------------
基底894-------
単語 : 真上,  cos類似度 : 0.6084754897334693
単語 : 真横,  cos類似度 : 0.6021518252081902
単語 : 水色,  cos類似度 : 0.5804479897804684
単語 : 綺麗,  cos類似度 : 0.5790995663506587
単語 : 前方,  cos類似度 : 0.5781504551887657
-------------------------------
基底814-------
単語 : 保険,  cos類似度 : -0.23474092828962106
単語 : 買,  cos類似度 : -0.24030163467722634
単語 : 資格,  cos類似度 : -0.24472084739443553
単語 : 責任,  cos類似度 : -0.24516513217625197
単語 : 支払い,  cos類似度 : -0.2462442679514726
-------------------------------
基底188-------
単語 : エラー,  cos類似度 : -0.23806739361299298
単語 : スコア,  cos類似度 : -0.2397814362045971
単語 : ポリオ,  cos類似度 : -0.2408394391440573
単語 : 報酬,  cos類似度 : -0.24270844967876629
単語 : 買,  cos類似度 : -0.250940096559364
-------------------------------
基底689-------
単語 : 入り口,  cos類似度 : 0.5943464826672663
単語 : 隣,  cos類似度 : 0.5784786251523725
単語 : 場所,  cos類似度 : 0.577219845864132
単語 : 横,  cos類似度 : 0.5760553084801131
単語 : 最初,  cos類似度 : 0.5590406223799587
-------------------------------
基底317-------
単語 : 横,  cos類似度 : 0.5976373566050376
単語 : 隣,  cos類似度 : 0.5917142479648919
単語 : 入り口,  cos類似度 : 0.5901656486072517
単語 : 手前,  cos類似度 : 0.5692581979728316
単語 : 周り,  cos類似度 : 0.5692460641082221
-------------------------------
基底258-------
単語 : 周り,  cos類似度 : 0.5637350050112754
単語 : 隣,  cos類似度 : 0.5625382510365229
単語 : 水色,  cos類似度 : 0.5610011762856528
単語 : 緑色,  cos類似度 : 0.5564928021412558
単語 : 入り口,  cos類似度 : 0.5559258928495484
-------------------------------
基底337-------
単語 : 手前,  cos類似度 : 0.5993439083499309
単語 : 隣,  cos類似度 : 0.5918808929913598
単語 : 入り口,  cos類似度 : 0.591453160967495
単語 : 奥,  cos類似度 : 0.5834286546797318
単語 : 向う,  cos類似度 : 0.5806959627451721
-------------------------------
