意味表象辞書
(900, 300)
基底837-------
v いる:0.7023167610168457
v いう:0.6403895616531372
v する:0.6364556550979614
v ある:0.6157000064849854
v 見える:0.611212432384491
-------------------------------
基底844-------
v いる:0.6826605796813965
v ある:0.6479431390762329
v 見える:0.6460211277008057
v いう:0.6214153170585632
-------------------------------
基底688-------
v いる:0.6750253438949585
n 隣:0.6070809364318848
-------------------------------
基底844-------
v いる:0.6826605796813965
v ある:0.6479431390762329
v 見える:0.6460211277008057
v いう:0.6214153170585632
-------------------------------
基底419-------
v いる:0.6814365386962891
v 見える:0.6436095833778381
n 向こう側:0.6258457899093628
v みえる:0.6012442708015442
-------------------------------
基底475-------
v いる:0.6699068546295166
v 見上げる:0.6286375522613525
a 白い:0.6165611743927002
v 見える:0.6157108545303345
n 向こう側:0.6110299825668335
a 青い:0.6109949350357056
a 丸い:0.6017696857452393
v 映る:0.5960657000541687
v 眺める:0.5894706845283508
n 入り口:0.5884920954704285
v 覗く:0.5884499549865723
v のぞく:0.5876582860946655
v 見下ろす:0.5852060317993164
-------------------------------
基底225-------
v 見える:0.6612863540649414
v いる:0.6583230495452881
n 向こう側:0.6315675973892212
v 見上げる:0.6137338280677795
v 見下ろす:0.6099770069122314
v みえる:0.6069436073303223
-------------------------------
基底844-------
v いる:0.6826605796813965
v ある:0.6479431390762329
v 見える:0.6460211277008057
v いう:0.6214153170585632
-------------------------------
基底836-------
v いる:0.6549417972564697
a 丸い:0.6438575983047485
v ある:0.6332927942276001
a 白い:0.6331406831741333
a 黒い:0.6277455687522888
-------------------------------
基底688-------
v いる:0.6750253438949585
n 隣:0.6070809364318848
-------------------------------
