サンプル 0-------
n の:0.7630126476287842
n は:0.6965282559394836
v いる:0.6769624948501587
n それ:0.6674439907073975
n から:0.6552154421806335
n い:0.6472823023796082
n て:0.6457754969596863
-------------------------------
サンプル 1-------
-------------------------------
サンプル 2-------
n の:0.7577043771743774
n は:0.6907919049263
v いる:0.6699191331863403
n から:0.6535617113113403
n て:0.6485190391540527
n それ:0.6468333005905151
n い:0.6426931619644165
-------------------------------
サンプル 3-------
n の:0.7506330013275146
v いる:0.6869993805885315
n は:0.6846515536308289
n から:0.6501210331916809
v 見える:0.6457439661026001
n い:0.6430385112762451
n それ:0.6375750303268433
n て:0.6320033073425293
a 白い:0.6252521276473999
n 確か:0.6213013529777527
v ある:0.6193572282791138
-------------------------------
サンプル 4-------
n の:0.6298784017562866
n 夕暮れ:0.5955808162689209
v よう:0.5770798921585083
n から:0.5681634545326233
n 明かり:0.5636109113693237
-------------------------------
サンプル 5-------
n 装飾:0.429144024848938
n 精巧:0.40281111001968384
n 彫刻:0.40136441588401794
-------------------------------
サンプル 6-------
n の:0.7360894680023193
n は:0.6720973253250122
n それ:0.6464539766311646
n から:0.6462746858596802
v いる:0.6353018283843994
n ところ:0.6324940919876099
v 見える:0.6296003460884094
n もの:0.6293156147003174
v ある:0.6288003921508789
n 確か:0.6270800828933716
-------------------------------
サンプル 7-------
-------------------------------
サンプル 8-------
-------------------------------
サンプル 9-------
n の:0.7517679929733276
v いる:0.6972704529762268
n は:0.6924107670783997
n それ:0.6734018325805664
n から:0.6568350791931152
n て:0.6546376943588257
n い:0.6518701314926147
v よう:0.6514229774475098
v 見える:0.6463102698326111
v いう:0.6437188386917114
n もの:0.6423187255859375
-------------------------------
サンプル 10-------
n ipod:0.05894838646054268
n advice:0.05423592031002045
n コーデック:0.05028499662876129
-------------------------------
サンプル 11-------
n の:0.6291009187698364
v 見る:0.593062698841095
v いる:0.5719748735427856
v 見える:0.5641336441040039
n 向こう:0.5622795820236206
n は:0.5553861856460571
n 横:0.5551996827125549
v 眺める:0.5545650720596313
n 見:0.5511273741722107
-------------------------------
サンプル 12-------
n の:0.7372344732284546
v いる:0.6861850023269653
n は:0.6638312339782715
n い:0.6524489521980286
n それ:0.6437917947769165
n て:0.6430436372756958
n から:0.6364652514457703
-------------------------------
サンプル 13-------
n の:0.6409376263618469
v いる:0.6275638341903687
n それ:0.60381019115448
n て:0.5988885164260864
n い:0.5980016589164734
n は:0.5884557962417603
n から:0.5829777717590332
n 今:0.5829646587371826
v ある:0.5814203023910522
n てる:0.5775775909423828
-------------------------------
サンプル 14-------
-------------------------------
サンプル 15-------
n の:0.7369558811187744
v いる:0.6846657395362854
n は:0.6768438816070557
v 見える:0.6561505794525146
n それ:0.6492615342140198
n い:0.6452365517616272
n て:0.6368024945259094
n から:0.6338078379631042
a 白い:0.630852460861206
-------------------------------
サンプル 16-------
n の:0.7294036149978638
n は:0.6756078600883484
v いる:0.6631805896759033
v 見える:0.6453210711479187
n それ:0.6443604826927185
n い:0.6383741497993469
n から:0.6365146636962891
n て:0.6339771747589111
-------------------------------
サンプル 17-------
n の:0.7171540856361389
v いる:0.666785478591919
v 見える:0.6592872142791748
n は:0.6414576768875122
n い:0.6323530673980713
a 丸い:0.6319847702980042
n から:0.6315696239471436
a 白い:0.6313463449478149
n 向こう側:0.6288696527481079
n ところ:0.6273606419563293
n それ:0.6216354370117188
n 景色:0.6198731064796448
-------------------------------
サンプル 18-------
n の:0.7529767751693726
n は:0.6845871210098267
n から:0.6495578289031982
n それ:0.6481654644012451
v いる:0.6458477973937988
n もの:0.6423287391662598
v よう:0.6418548226356506
v 見える:0.6417969465255737
v ある:0.6307353973388672
n 確か:0.6287477612495422
a 白い:0.6287176609039307
a 丸い:0.6284657716751099
-------------------------------
サンプル 19-------
n 客扱い:0.05350639671087265
n 券:0.048201438039541245
-------------------------------
サンプル 20-------
n の:0.6788179874420166
n もの:0.6391422152519226
n は:0.6239756941795349
v よう:0.6206063032150269
-------------------------------
サンプル 21-------
n の:0.7635868787765503
n は:0.6961843967437744
v いる:0.6838276386260986
n それ:0.6823610663414001
n もの:0.668893039226532
v よう:0.6683766841888428
n から:0.6531854867935181
n い:0.6473975777626038
n て:0.6453129649162292
v 見える:0.6426386833190918
-------------------------------
サンプル 22-------
n 人員:0.10292437672615051
n 衣類:0.09895086288452148
-------------------------------
サンプル 23-------
-------------------------------
サンプル 24-------
n の:0.7521249055862427
n は:0.6874613761901855
v いる:0.6717516183853149
n から:0.6627892255783081
n それ:0.6612697839736938
v ある:0.6453434228897095
n て:0.6416211128234863
n そこ:0.6400086879730225
n 確か:0.6356345415115356
n ところ:0.6329439878463745
-------------------------------
サンプル 25-------
-------------------------------
サンプル 26-------
-------------------------------
サンプル 27-------
n の:0.7575767040252686
n は:0.6957505941390991
v いる:0.6809849739074707
n それ:0.6609578728675842
n い:0.6517127752304077
n から:0.6464170217514038
n て:0.6379208564758301
n もの:0.6356068849563599
-------------------------------
サンプル 28-------
n の:0.7476311922073364
n は:0.6853415966033936
v いる:0.6684095859527588
n から:0.6562682390213013
n それ:0.6543658971786499
a 白い:0.6401811242103577
v 見える:0.6355842351913452
n もの:0.6341060400009155
n い:0.6336424946784973
a 青い:0.6333227157592773
n て:0.6297808885574341
a 丸い:0.6285167932510376
-------------------------------
サンプル 29-------
n ok:-0.10730669647455215
-------------------------------
サンプル 30-------
n の:0.7416496872901917
v いる:0.6826267242431641
n は:0.666060745716095
n それ:0.6544081568717957
n い:0.6464681625366211
v 見える:0.6427454948425293
n から:0.6424664258956909
v よう:0.6357859969139099
n て:0.6320817470550537
n もの:0.6317548155784607
-------------------------------
サンプル 31-------
n の:0.7116338014602661
v 見える:0.6617249250411987
v いる:0.6564372777938843
n それ:0.6563223600387573
n は:0.6551385521888733
n もの:0.6302272081375122
v よう:0.6237214803695679
-------------------------------
サンプル 32-------
-------------------------------
サンプル 33-------
n の:0.7711061239242554
n は:0.6965214610099792
v いる:0.6932048797607422
n それ:0.6539046764373779
n い:0.6496284008026123
n から:0.6454565525054932
n て:0.644561767578125
v よう:0.6420739889144897
v いう:0.6402044296264648
n もの:0.6361117362976074
v ある:0.6283771991729736
-------------------------------
サンプル 34-------
n の:0.6696044206619263
n は:0.6282881498336792
v いう:0.6049383282661438
n もの:0.5915898680686951
v よう:0.5653207302093506
v する:0.5650579929351807
n から:0.5589182376861572
-------------------------------
サンプル 35-------
-------------------------------
サンプル 36-------
n の:0.7701032161712646
n は:0.694409191608429
v いる:0.6696666479110718
n から:0.6550527811050415
n それ:0.6501675844192505
n て:0.6408746838569641
n い:0.6369574666023254
n もの:0.6269679069519043
-------------------------------
サンプル 37-------
-------------------------------
サンプル 38-------
n の:0.7592473030090332
v いる:0.7148938179016113
n は:0.6873263120651245
n い:0.6707568168640137
n て:0.6658346056938171
n それ:0.6587566137313843
n から:0.6522632837295532
n もの:0.6307401061058044
v 見える:0.629584014415741
-------------------------------
サンプル 39-------
n の:0.7635512351989746
n は:0.6841349005699158
v いる:0.6795790195465088
n それ:0.6512039303779602
n から:0.6431509852409363
n い:0.639785885810852
n て:0.634830892086029
n もの:0.6292946338653564
v 見える:0.6272314786911011
-------------------------------
サンプル 40-------
n の:0.7339075803756714
n は:0.6685149073600769
v いる:0.6656373143196106
n それ:0.6499662399291992
n て:0.6450799703598022
n い:0.642685055732727
n から:0.6327663660049438
n もの:0.6257738471031189
-------------------------------
サンプル 41-------
n の:0.7185006737709045
n は:0.6570795774459839
n から:0.6388672590255737
v いる:0.6323147416114807
n ところ:0.6160971522331238
n それ:0.6095754504203796
-------------------------------
サンプル 42-------
n の:0.761070966720581
n は:0.6963250637054443
v 見える:0.6564675569534302
n それ:0.6542711853981018
v いる:0.6510506868362427
n から:0.6473742723464966
a 白い:0.6284927129745483
-------------------------------
サンプル 43-------
n の:0.758205235004425
n は:0.6945157051086426
v いる:0.6593372821807861
n から:0.6532340049743652
n それ:0.6476038694381714
v 見える:0.6365451812744141
n て:0.6320309638977051
n もの:0.628657341003418
a 白い:0.6276375651359558
-------------------------------
サンプル 44-------
n の:0.6419235467910767
v 見える:0.6288306713104248
n もの:0.6186597943305969
n ところ:0.6056649684906006
v よう:0.5963735580444336
n それ:0.5950469970703125
n 感じ:0.5940593481063843
a 黒い:0.5932743549346924
n 確か:0.5931975841522217
a 茶色い:0.5913520455360413
v ある:0.5871290564537048
n は:0.584502637386322
a 白い:0.5841444730758667
a 丸い:0.5838350057601929
-------------------------------
サンプル 45-------
n の:0.7621861696243286
n は:0.699405312538147
n それ:0.6715213656425476
v いる:0.6651929616928101
n もの:0.6553432941436768
v よう:0.6532924175262451
n から:0.6498422622680664
v いう:0.642142117023468
n て:0.6318252086639404
-------------------------------
サンプル 46-------
n の:0.7224311828613281
n は:0.6697327494621277
n それ:0.655648946762085
v いる:0.6463733315467834
a 白い:0.6332080364227295
n もの:0.6283286809921265
v 見える:0.6234557032585144
v なる:0.6188864707946777
v よう:0.617406964302063
v いう:0.6143954396247864
n 確か:0.607818603515625
-------------------------------
サンプル 47-------
-------------------------------
サンプル 48-------
n の:0.7504611611366272
v いる:0.7076021432876587
n は:0.6825028657913208
n い:0.6642049551010132
n て:0.6592908501625061
n それ:0.6587232351303101
n から:0.6491746306419373
v 見える:0.6435686349868774
a 白い:0.6306728720664978
-------------------------------
サンプル 49-------
v いる:0.6974622011184692
n の:0.6657970547676086
n それ:0.6475827097892761
v よう:0.6430712938308716
n もの:0.6393906474113464
n て:0.6288669109344482
n い:0.6181736588478088
v 見える:0.6147431135177612
n は:0.6075129508972168
a 白い:0.6069053411483765
v ある:0.6007194519042969
a 丸い:0.5960375070571899
-------------------------------
サンプル 50-------
-------------------------------
サンプル 51-------
n の:0.7584958076477051
n は:0.6947197914123535
v いる:0.6794109344482422
n から:0.6592329144477844
n それ:0.6527695059776306
n て:0.6433593034744263
n い:0.642828106880188
n もの:0.6290147304534912
-------------------------------
サンプル 52-------
n 建替え:0.3191797435283661
n 構造:0.3104656934738159
v 建て替える:0.3091161251068115
n 建替:0.2976412773132324
n 防火:0.29597175121307373
n 建て替え:0.2922554612159729
n 設置:0.2911749482154846
n 戸数:0.27875974774360657
n 区分け:0.27814555168151855
-------------------------------
サンプル 53-------
-------------------------------
サンプル 54-------
n の:0.7514292001724243
v いる:0.6970789432525635
n は:0.6953445672988892
n それ:0.6619492769241333
n い:0.6601632237434387
v 見える:0.6501398086547852
n て:0.6482670307159424
n から:0.6470922231674194
-------------------------------
サンプル 55-------
n の:0.663629949092865
n は:0.6334668397903442
n それ:0.6176377534866333
n もの:0.6098946928977966
v いう:0.5821369290351868
v ある:0.58000648021698
-------------------------------
サンプル 56-------
n の:0.6939211487770081
a 白い:0.6427496671676636
n は:0.6336538791656494
n 茶色:0.6204314231872559
a 青い:0.6144838333129883
n もの:0.6102173328399658
n 緑色:0.6070603132247925
a 茶色い:0.603827178478241
a 黒い:0.6020771265029907
n それ:0.5998485088348389
n 黄緑:0.597449004650116
n 色:0.5960512161254883
a 薄い:0.595219612121582
-------------------------------
サンプル 57-------
n の:0.7565722465515137
v いる:0.7192963361740112
n は:0.6910685300827026
n い:0.6709007024765015
n それ:0.66987144947052
n て:0.6663839221000671
n もの:0.6550063490867615
n から:0.6511256098747253
n ところ:0.6423356533050537
v ある:0.6353086233139038
v よう:0.633201003074646
-------------------------------
サンプル 58-------
n の:0.6941565275192261
n は:0.6280450224876404
v いる:0.6128817796707153
n それ:0.6075072288513184
n もの:0.6071038246154785
v よう:0.6055842638015747
v 見える:0.6047813296318054
a 細長い:0.5971956849098206
a 丸い:0.5886296629905701
n 緑色:0.5878698825836182
-------------------------------
サンプル 59-------
v いる:0.6770869493484497
n の:0.6488380432128906
n もの:0.6459179520606995
v よう:0.6344048976898193
n い:0.6165479421615601
n て:0.6154285669326782
n それ:0.6132287979125977
n ところ:0.5957882404327393
n は:0.5947173833847046
n そこ:0.5730866193771362
-------------------------------
サンプル 60-------
n の:0.7630126476287842
n は:0.6965282559394836
v いる:0.6769624948501587
n それ:0.6674439907073975
n から:0.6552154421806335
n い:0.6472823023796082
n て:0.6457754969596863
-------------------------------
サンプル 61-------
-------------------------------
サンプル 62-------
n の:0.7577043771743774
n は:0.6907919049263
v いる:0.6699191331863403
n から:0.6535617113113403
n て:0.6485190391540527
n それ:0.6468333005905151
n い:0.6426931619644165
-------------------------------
サンプル 63-------
n の:0.7506330013275146
v いる:0.6869993805885315
n は:0.6846515536308289
n から:0.6501210331916809
v 見える:0.6457439661026001
n い:0.6430385112762451
n それ:0.6375750303268433
n て:0.6320033073425293
a 白い:0.6252521276473999
n 確か:0.6213013529777527
v ある:0.6193572282791138
-------------------------------
サンプル 64-------
n の:0.6298784017562866
n 夕暮れ:0.5955808162689209
v よう:0.5770798921585083
n から:0.5681634545326233
n 明かり:0.5636109113693237
-------------------------------
サンプル 65-------
n 装飾:0.429144024848938
n 精巧:0.40281111001968384
n 彫刻:0.40136441588401794
-------------------------------
サンプル 66-------
n の:0.7360894680023193
n は:0.6720973253250122
n それ:0.6464539766311646
n から:0.6462746858596802
v いる:0.6353018283843994
n ところ:0.6324940919876099
v 見える:0.6296003460884094
n もの:0.6293156147003174
v ある:0.6288003921508789
n 確か:0.6270800828933716
-------------------------------
サンプル 67-------
-------------------------------
サンプル 68-------
-------------------------------
サンプル 69-------
n の:0.7517679929733276
v いる:0.6972704529762268
n は:0.6924107670783997
n それ:0.6734018325805664
n から:0.6568350791931152
n て:0.6546376943588257
n い:0.6518701314926147
v よう:0.6514229774475098
v 見える:0.6463102698326111
v いう:0.6437188386917114
n もの:0.6423187255859375
-------------------------------
サンプル 70-------
n ipod:0.05894838646054268
n advice:0.05423592031002045
n コーデック:0.05028499662876129
-------------------------------
サンプル 71-------
n の:0.6291009187698364
v 見る:0.593062698841095
v いる:0.5719748735427856
v 見える:0.5641336441040039
n 向こう:0.5622795820236206
n は:0.5553861856460571
n 横:0.5551996827125549
v 眺める:0.5545650720596313
n 見:0.5511273741722107
-------------------------------
サンプル 72-------
n の:0.7372344732284546
v いる:0.6861850023269653
n は:0.6638312339782715
n い:0.6524489521980286
n それ:0.6437917947769165
n て:0.6430436372756958
n から:0.6364652514457703
-------------------------------
サンプル 73-------
n の:0.6409376263618469
v いる:0.6275638341903687
n それ:0.60381019115448
n て:0.5988885164260864
n い:0.5980016589164734
n は:0.5884557962417603
n から:0.5829777717590332
n 今:0.5829646587371826
v ある:0.5814203023910522
n てる:0.5775775909423828
-------------------------------
サンプル 74-------
-------------------------------
サンプル 75-------
n の:0.7369558811187744
v いる:0.6846657395362854
n は:0.6768438816070557
v 見える:0.6561505794525146
n それ:0.6492615342140198
n い:0.6452365517616272
n て:0.6368024945259094
n から:0.6338078379631042
a 白い:0.630852460861206
-------------------------------
サンプル 76-------
n の:0.7294036149978638
n は:0.6756078600883484
v いる:0.6631805896759033
v 見える:0.6453210711479187
n それ:0.6443604826927185
n い:0.6383741497993469
n から:0.6365146636962891
n て:0.6339771747589111
-------------------------------
サンプル 77-------
n の:0.7171540856361389
v いる:0.666785478591919
v 見える:0.6592872142791748
n は:0.6414576768875122
n い:0.6323530673980713
a 丸い:0.6319847702980042
n から:0.6315696239471436
a 白い:0.6313463449478149
n 向こう側:0.6288696527481079
n ところ:0.6273606419563293
n それ:0.6216354370117188
n 景色:0.6198731064796448
-------------------------------
サンプル 78-------
n の:0.7529767751693726
n は:0.6845871210098267
n から:0.6495578289031982
n それ:0.6481654644012451
v いる:0.6458477973937988
n もの:0.6423287391662598
v よう:0.6418548226356506
v 見える:0.6417969465255737
v ある:0.6307353973388672
n 確か:0.6287477612495422
a 白い:0.6287176609039307
a 丸い:0.6284657716751099
-------------------------------
サンプル 79-------
n 客扱い:0.05350639671087265
n 券:0.048201438039541245
-------------------------------
サンプル 80-------
n の:0.6788179874420166
n もの:0.6391422152519226
n は:0.6239756941795349
v よう:0.6206063032150269
-------------------------------
サンプル 81-------
n の:0.7635868787765503
n は:0.6961843967437744
v いる:0.6838276386260986
n それ:0.6823610663414001
n もの:0.668893039226532
v よう:0.6683766841888428
n から:0.6531854867935181
n い:0.6473975777626038
n て:0.6453129649162292
v 見える:0.6426386833190918
-------------------------------
サンプル 82-------
n 人員:0.10292437672615051
n 衣類:0.09895086288452148
-------------------------------
サンプル 83-------
-------------------------------
サンプル 84-------
n の:0.7521249055862427
n は:0.6874613761901855
v いる:0.6717516183853149
n から:0.6627892255783081
n それ:0.6612697839736938
v ある:0.6453434228897095
n て:0.6416211128234863
n そこ:0.6400086879730225
n 確か:0.6356345415115356
n ところ:0.6329439878463745
-------------------------------
サンプル 85-------
-------------------------------
サンプル 86-------
-------------------------------
サンプル 87-------
n の:0.7575767040252686
n は:0.6957505941390991
v いる:0.6809849739074707
n それ:0.6609578728675842
n い:0.6517127752304077
n から:0.6464170217514038
n て:0.6379208564758301
n もの:0.6356068849563599
-------------------------------
サンプル 88-------
n の:0.7476311922073364
n は:0.6853415966033936
v いる:0.6684095859527588
n から:0.6562682390213013
n それ:0.6543658971786499
a 白い:0.6401811242103577
v 見える:0.6355842351913452
n もの:0.6341060400009155
n い:0.6336424946784973
a 青い:0.6333227157592773
n て:0.6297808885574341
a 丸い:0.6285167932510376
-------------------------------
サンプル 89-------
n ok:-0.10730669647455215
-------------------------------
サンプル 90-------
n の:0.7416496872901917
v いる:0.6826267242431641
n は:0.666060745716095
n それ:0.6544081568717957
n い:0.6464681625366211
v 見える:0.6427454948425293
n から:0.6424664258956909
v よう:0.6357859969139099
n て:0.6320817470550537
n もの:0.6317548155784607
-------------------------------
サンプル 91-------
n の:0.7116338014602661
v 見える:0.6617249250411987
v いる:0.6564372777938843
n それ:0.6563223600387573
n は:0.6551385521888733
n もの:0.6302272081375122
v よう:0.6237214803695679
-------------------------------
サンプル 92-------
-------------------------------
サンプル 93-------
n の:0.7711061239242554
n は:0.6965214610099792
v いる:0.6932048797607422
n それ:0.6539046764373779
n い:0.6496284008026123
n から:0.6454565525054932
n て:0.644561767578125
v よう:0.6420739889144897
v いう:0.6402044296264648
n もの:0.6361117362976074
v ある:0.6283771991729736
-------------------------------
サンプル 94-------
n の:0.6696044206619263
n は:0.6282881498336792
v いう:0.6049383282661438
n もの:0.5915898680686951
v よう:0.5653207302093506
v する:0.5650579929351807
n から:0.5589182376861572
-------------------------------
サンプル 95-------
-------------------------------
サンプル 96-------
n の:0.7701032161712646
n は:0.694409191608429
v いる:0.6696666479110718
n から:0.6550527811050415
n それ:0.6501675844192505
n て:0.6408746838569641
n い:0.6369574666023254
n もの:0.6269679069519043
-------------------------------
サンプル 97-------
-------------------------------
サンプル 98-------
n の:0.7592473030090332
v いる:0.7148938179016113
n は:0.6873263120651245
n い:0.6707568168640137
n て:0.6658346056938171
n それ:0.6587566137313843
n から:0.6522632837295532
n もの:0.6307401061058044
v 見える:0.629584014415741
-------------------------------
サンプル 99-------
n の:0.7635512351989746
n は:0.6841349005699158
v いる:0.6795790195465088
n それ:0.6512039303779602
n から:0.6431509852409363
n い:0.639785885810852
n て:0.634830892086029
n もの:0.6292946338653564
v 見える:0.6272314786911011
-------------------------------
サンプル 100-------
n の:0.7339075803756714
n は:0.6685149073600769
v いる:0.6656373143196106
n それ:0.6499662399291992
n て:0.6450799703598022
n い:0.642685055732727
n から:0.6327663660049438
n もの:0.6257738471031189
-------------------------------
サンプル 101-------
n の:0.7185006737709045
n は:0.6570795774459839
n から:0.6388672590255737
v いる:0.6323147416114807
n ところ:0.6160971522331238
n それ:0.6095754504203796
-------------------------------
サンプル 102-------
n の:0.761070966720581
n は:0.6963250637054443
v 見える:0.6564675569534302
n それ:0.6542711853981018
v いる:0.6510506868362427
n から:0.6473742723464966
a 白い:0.6284927129745483
-------------------------------
サンプル 103-------
n の:0.758205235004425
n は:0.6945157051086426
v いる:0.6593372821807861
n から:0.6532340049743652
n それ:0.6476038694381714
v 見える:0.6365451812744141
n て:0.6320309638977051
n もの:0.628657341003418
a 白い:0.6276375651359558
-------------------------------
サンプル 104-------
n の:0.6419235467910767
v 見える:0.6288306713104248
n もの:0.6186597943305969
n ところ:0.6056649684906006
v よう:0.5963735580444336
n それ:0.5950469970703125
n 感じ:0.5940593481063843
a 黒い:0.5932743549346924
n 確か:0.5931975841522217
a 茶色い:0.5913520455360413
v ある:0.5871290564537048
n は:0.584502637386322
a 白い:0.5841444730758667
a 丸い:0.5838350057601929
-------------------------------
サンプル 105-------
n の:0.7621861696243286
n は:0.699405312538147
n それ:0.6715213656425476
v いる:0.6651929616928101
n もの:0.6553432941436768
v よう:0.6532924175262451
n から:0.6498422622680664
v いう:0.642142117023468
n て:0.6318252086639404
-------------------------------
サンプル 106-------
n の:0.7224311828613281
n は:0.6697327494621277
n それ:0.655648946762085
v いる:0.6463733315467834
a 白い:0.6332080364227295
n もの:0.6283286809921265
v 見える:0.6234557032585144
v なる:0.6188864707946777
v よう:0.617406964302063
v いう:0.6143954396247864
n 確か:0.607818603515625
-------------------------------
サンプル 107-------
-------------------------------
サンプル 108-------
n の:0.7504611611366272
v いる:0.7076021432876587
n は:0.6825028657913208
n い:0.6642049551010132
n て:0.6592908501625061
n それ:0.6587232351303101
n から:0.6491746306419373
v 見える:0.6435686349868774
a 白い:0.6306728720664978
-------------------------------
サンプル 109-------
v いる:0.6974622011184692
n の:0.6657970547676086
n それ:0.6475827097892761
v よう:0.6430712938308716
n もの:0.6393906474113464
n て:0.6288669109344482
n い:0.6181736588478088
v 見える:0.6147431135177612
n は:0.6075129508972168
a 白い:0.6069053411483765
v ある:0.6007194519042969
a 丸い:0.5960375070571899
-------------------------------
サンプル 110-------
-------------------------------
サンプル 111-------
n の:0.7584958076477051
n は:0.6947197914123535
v いる:0.6794109344482422
n から:0.6592329144477844
n それ:0.6527695059776306
n て:0.6433593034744263
n い:0.642828106880188
n もの:0.6290147304534912
-------------------------------
サンプル 112-------
n 建替え:0.3191797435283661
n 構造:0.3104656934738159
v 建て替える:0.3091161251068115
n 建替:0.2976412773132324
n 防火:0.29597175121307373
n 建て替え:0.2922554612159729
n 設置:0.2911749482154846
n 戸数:0.27875974774360657
n 区分け:0.27814555168151855
-------------------------------
サンプル 113-------
-------------------------------
サンプル 114-------
n の:0.7514292001724243
v いる:0.6970789432525635
n は:0.6953445672988892
n それ:0.6619492769241333
n い:0.6601632237434387
v 見える:0.6501398086547852
n て:0.6482670307159424
n から:0.6470922231674194
-------------------------------
サンプル 115-------
n の:0.663629949092865
n は:0.6334668397903442
n それ:0.6176377534866333
n もの:0.6098946928977966
v いう:0.5821369290351868
v ある:0.58000648021698
-------------------------------
サンプル 116-------
n の:0.6939211487770081
a 白い:0.6427496671676636
n は:0.6336538791656494
n 茶色:0.6204314231872559
a 青い:0.6144838333129883
n もの:0.6102173328399658
n 緑色:0.6070603132247925
a 茶色い:0.603827178478241
a 黒い:0.6020771265029907
n それ:0.5998485088348389
n 黄緑:0.597449004650116
n 色:0.5960512161254883
a 薄い:0.595219612121582
-------------------------------
サンプル 117-------
n の:0.7565722465515137
v いる:0.7192963361740112
n は:0.6910685300827026
n い:0.6709007024765015
n それ:0.66987144947052
n て:0.6663839221000671
n もの:0.6550063490867615
n から:0.6511256098747253
n ところ:0.6423356533050537
v ある:0.6353086233139038
v よう:0.633201003074646
-------------------------------
サンプル 118-------
n の:0.6941565275192261
n は:0.6280450224876404
v いる:0.6128817796707153
n それ:0.6075072288513184
n もの:0.6071038246154785
v よう:0.6055842638015747
v 見える:0.6047813296318054
a 細長い:0.5971956849098206
a 丸い:0.5886296629905701
n 緑色:0.5878698825836182
-------------------------------
サンプル 119-------
v いる:0.6770869493484497
n の:0.6488380432128906
n もの:0.6459179520606995
v よう:0.6344048976898193
n い:0.6165479421615601
n て:0.6154285669326782
n それ:0.6132287979125977
n ところ:0.5957882404327393
n は:0.5947173833847046
n そこ:0.5730866193771362
-------------------------------
サンプル 120-------
n の:0.7630126476287842
n は:0.6965282559394836
v いる:0.6769624948501587
n それ:0.6674439907073975
n から:0.6552154421806335
n い:0.6472823023796082
n て:0.6457754969596863
-------------------------------
サンプル 121-------
-------------------------------
サンプル 122-------
n の:0.7577043771743774
n は:0.6907919049263
v いる:0.6699191331863403
n から:0.6535617113113403
n て:0.6485190391540527
n それ:0.6468333005905151
n い:0.6426931619644165
-------------------------------
サンプル 123-------
n の:0.7506330013275146
v いる:0.6869993805885315
n は:0.6846515536308289
n から:0.6501210331916809
v 見える:0.6457439661026001
n い:0.6430385112762451
n それ:0.6375750303268433
n て:0.6320033073425293
a 白い:0.6252521276473999
n 確か:0.6213013529777527
v ある:0.6193572282791138
-------------------------------
サンプル 124-------
n の:0.6298784017562866
n 夕暮れ:0.5955808162689209
v よう:0.5770798921585083
n から:0.5681634545326233
n 明かり:0.5636109113693237
-------------------------------
サンプル 125-------
n 装飾:0.429144024848938
n 精巧:0.40281111001968384
n 彫刻:0.40136441588401794
-------------------------------
サンプル 126-------
n の:0.7360894680023193
n は:0.6720973253250122
n それ:0.6464539766311646
n から:0.6462746858596802
v いる:0.6353018283843994
n ところ:0.6324940919876099
v 見える:0.6296003460884094
n もの:0.6293156147003174
v ある:0.6288003921508789
n 確か:0.6270800828933716
-------------------------------
サンプル 127-------
-------------------------------
サンプル 128-------
-------------------------------
サンプル 129-------
n の:0.7517679929733276
v いる:0.6972704529762268
n は:0.6924107670783997
n それ:0.6734018325805664
n から:0.6568350791931152
n て:0.6546376943588257
n い:0.6518701314926147
v よう:0.6514229774475098
v 見える:0.6463102698326111
v いう:0.6437188386917114
n もの:0.6423187255859375
-------------------------------
サンプル 130-------
n ipod:0.05894838646054268
n advice:0.05423592031002045
n コーデック:0.05028499662876129
-------------------------------
サンプル 131-------
n の:0.6291009187698364
v 見る:0.593062698841095
v いる:0.5719748735427856
v 見える:0.5641336441040039
n 向こう:0.5622795820236206
n は:0.5553861856460571
n 横:0.5551996827125549
v 眺める:0.5545650720596313
n 見:0.5511273741722107
-------------------------------
サンプル 132-------
n の:0.7372344732284546
v いる:0.6861850023269653
n は:0.6638312339782715
n い:0.6524489521980286
n それ:0.6437917947769165
n て:0.6430436372756958
n から:0.6364652514457703
-------------------------------
サンプル 133-------
n の:0.6409376263618469
v いる:0.6275638341903687
n それ:0.60381019115448
n て:0.5988885164260864
n い:0.5980016589164734
n は:0.5884557962417603
n から:0.5829777717590332
n 今:0.5829646587371826
v ある:0.5814203023910522
n てる:0.5775775909423828
-------------------------------
サンプル 134-------
-------------------------------
サンプル 135-------
n の:0.7369558811187744
v いる:0.6846657395362854
n は:0.6768438816070557
v 見える:0.6561505794525146
n それ:0.6492615342140198
n い:0.6452365517616272
n て:0.6368024945259094
n から:0.6338078379631042
a 白い:0.630852460861206
-------------------------------
サンプル 136-------
n の:0.7294036149978638
n は:0.6756078600883484
v いる:0.6631805896759033
v 見える:0.6453210711479187
n それ:0.6443604826927185
n い:0.6383741497993469
n から:0.6365146636962891
n て:0.6339771747589111
-------------------------------
サンプル 137-------
n の:0.7171540856361389
v いる:0.666785478591919
v 見える:0.6592872142791748
n は:0.6414576768875122
n い:0.6323530673980713
a 丸い:0.6319847702980042
n から:0.6315696239471436
a 白い:0.6313463449478149
n 向こう側:0.6288696527481079
n ところ:0.6273606419563293
n それ:0.6216354370117188
n 景色:0.6198731064796448
-------------------------------
サンプル 138-------
n の:0.7529767751693726
n は:0.6845871210098267
n から:0.6495578289031982
n それ:0.6481654644012451
v いる:0.6458477973937988
n もの:0.6423287391662598
v よう:0.6418548226356506
v 見える:0.6417969465255737
v ある:0.6307353973388672
n 確か:0.6287477612495422
a 白い:0.6287176609039307
a 丸い:0.6284657716751099
-------------------------------
サンプル 139-------
n 客扱い:0.05350639671087265
n 券:0.048201438039541245
-------------------------------
サンプル 140-------
n の:0.6788179874420166
n もの:0.6391422152519226
n は:0.6239756941795349
v よう:0.6206063032150269
-------------------------------
サンプル 141-------
n の:0.7635868787765503
n は:0.6961843967437744
v いる:0.6838276386260986
n それ:0.6823610663414001
n もの:0.668893039226532
v よう:0.6683766841888428
n から:0.6531854867935181
n い:0.6473975777626038
n て:0.6453129649162292
v 見える:0.6426386833190918
-------------------------------
サンプル 142-------
n 人員:0.10292437672615051
n 衣類:0.09895086288452148
-------------------------------
サンプル 143-------
-------------------------------
サンプル 144-------
n の:0.7521249055862427
n は:0.6874613761901855
v いる:0.6717516183853149
n から:0.6627892255783081
n それ:0.6612697839736938
v ある:0.6453434228897095
n て:0.6416211128234863
n そこ:0.6400086879730225
n 確か:0.6356345415115356
n ところ:0.6329439878463745
-------------------------------
サンプル 145-------
-------------------------------
サンプル 146-------
-------------------------------
サンプル 147-------
n の:0.7575767040252686
n は:0.6957505941390991
v いる:0.6809849739074707
n それ:0.6609578728675842
n い:0.6517127752304077
n から:0.6464170217514038
n て:0.6379208564758301
n もの:0.6356068849563599
-------------------------------
サンプル 148-------
n の:0.7476311922073364
n は:0.6853415966033936
v いる:0.6684095859527588
n から:0.6562682390213013
n それ:0.6543658971786499
a 白い:0.6401811242103577
v 見える:0.6355842351913452
n もの:0.6341060400009155
n い:0.6336424946784973
a 青い:0.6333227157592773
n て:0.6297808885574341
a 丸い:0.6285167932510376
-------------------------------
サンプル 149-------
n ok:-0.10730669647455215
-------------------------------
サンプル 150-------
n の:0.7416496872901917
v いる:0.6826267242431641
n は:0.666060745716095
n それ:0.6544081568717957
n い:0.6464681625366211
v 見える:0.6427454948425293
n から:0.6424664258956909
v よう:0.6357859969139099
n て:0.6320817470550537
n もの:0.6317548155784607
-------------------------------
サンプル 151-------
n の:0.7116338014602661
v 見える:0.6617249250411987
v いる:0.6564372777938843
n それ:0.6563223600387573
n は:0.6551385521888733
n もの:0.6302272081375122
v よう:0.6237214803695679
-------------------------------
サンプル 152-------
-------------------------------
サンプル 153-------
n の:0.7711061239242554
n は:0.6965214610099792
v いる:0.6932048797607422
n それ:0.6539046764373779
n い:0.6496284008026123
n から:0.6454565525054932
n て:0.644561767578125
v よう:0.6420739889144897
v いう:0.6402044296264648
n もの:0.6361117362976074
v ある:0.6283771991729736
-------------------------------
サンプル 154-------
n の:0.6696044206619263
n は:0.6282881498336792
v いう:0.6049383282661438
n もの:0.5915898680686951
v よう:0.5653207302093506
v する:0.5650579929351807
n から:0.5589182376861572
-------------------------------
サンプル 155-------
-------------------------------
サンプル 156-------
n の:0.7701032161712646
n は:0.694409191608429
v いる:0.6696666479110718
n から:0.6550527811050415
n それ:0.6501675844192505
n て:0.6408746838569641
n い:0.6369574666023254
n もの:0.6269679069519043
-------------------------------
サンプル 157-------
-------------------------------
サンプル 158-------
n の:0.7592473030090332
v いる:0.7148938179016113
n は:0.6873263120651245
n い:0.6707568168640137
n て:0.6658346056938171
n それ:0.6587566137313843
n から:0.6522632837295532
n もの:0.6307401061058044
v 見える:0.629584014415741
-------------------------------
サンプル 159-------
n の:0.7635512351989746
n は:0.6841349005699158
v いる:0.6795790195465088
n それ:0.6512039303779602
n から:0.6431509852409363
n い:0.639785885810852
n て:0.634830892086029
n もの:0.6292946338653564
v 見える:0.6272314786911011
-------------------------------
サンプル 160-------
n の:0.7339075803756714
n は:0.6685149073600769
v いる:0.6656373143196106
n それ:0.6499662399291992
n て:0.6450799703598022
n い:0.642685055732727
n から:0.6327663660049438
n もの:0.6257738471031189
-------------------------------
サンプル 161-------
n の:0.7185006737709045
n は:0.6570795774459839
n から:0.6388672590255737
v いる:0.6323147416114807
n ところ:0.6160971522331238
n それ:0.6095754504203796
-------------------------------
サンプル 162-------
n の:0.761070966720581
n は:0.6963250637054443
v 見える:0.6564675569534302
n それ:0.6542711853981018
v いる:0.6510506868362427
n から:0.6473742723464966
a 白い:0.6284927129745483
-------------------------------
サンプル 163-------
n の:0.758205235004425
n は:0.6945157051086426
v いる:0.6593372821807861
n から:0.6532340049743652
n それ:0.6476038694381714
v 見える:0.6365451812744141
n て:0.6320309638977051
n もの:0.628657341003418
a 白い:0.6276375651359558
-------------------------------
サンプル 164-------
n の:0.6419235467910767
v 見える:0.6288306713104248
n もの:0.6186597943305969
n ところ:0.6056649684906006
v よう:0.5963735580444336
n それ:0.5950469970703125
n 感じ:0.5940593481063843
a 黒い:0.5932743549346924
n 確か:0.5931975841522217
a 茶色い:0.5913520455360413
v ある:0.5871290564537048
n は:0.584502637386322
a 白い:0.5841444730758667
a 丸い:0.5838350057601929
-------------------------------
サンプル 165-------
n の:0.7621861696243286
n は:0.699405312538147
n それ:0.6715213656425476
v いる:0.6651929616928101
n もの:0.6553432941436768
v よう:0.6532924175262451
n から:0.6498422622680664
v いう:0.642142117023468
n て:0.6318252086639404
-------------------------------
サンプル 166-------
n の:0.7224311828613281
n は:0.6697327494621277
n それ:0.655648946762085
v いる:0.6463733315467834
a 白い:0.6332080364227295
n もの:0.6283286809921265
v 見える:0.6234557032585144
v なる:0.6188864707946777
v よう:0.617406964302063
v いう:0.6143954396247864
n 確か:0.607818603515625
-------------------------------
サンプル 167-------
-------------------------------
サンプル 168-------
n の:0.7504611611366272
v いる:0.7076021432876587
n は:0.6825028657913208
n い:0.6642049551010132
n て:0.6592908501625061
n それ:0.6587232351303101
n から:0.6491746306419373
v 見える:0.6435686349868774
a 白い:0.6306728720664978
-------------------------------
サンプル 169-------
v いる:0.6974622011184692
n の:0.6657970547676086
n それ:0.6475827097892761
v よう:0.6430712938308716
n もの:0.6393906474113464
n て:0.6288669109344482
n い:0.6181736588478088
v 見える:0.6147431135177612
n は:0.6075129508972168
a 白い:0.6069053411483765
v ある:0.6007194519042969
a 丸い:0.5960375070571899
-------------------------------
サンプル 170-------
-------------------------------
サンプル 171-------
n の:0.7584958076477051
n は:0.6947197914123535
v いる:0.6794109344482422
n から:0.6592329144477844
n それ:0.6527695059776306
n て:0.6433593034744263
n い:0.642828106880188
n もの:0.6290147304534912
-------------------------------
サンプル 172-------
n 建替え:0.3191797435283661
n 構造:0.3104656934738159
v 建て替える:0.3091161251068115
n 建替:0.2976412773132324
n 防火:0.29597175121307373
n 建て替え:0.2922554612159729
n 設置:0.2911749482154846
n 戸数:0.27875974774360657
n 区分け:0.27814555168151855
-------------------------------
サンプル 173-------
-------------------------------
サンプル 174-------
n の:0.7514292001724243
v いる:0.6970789432525635
n は:0.6953445672988892
n それ:0.6619492769241333
n い:0.6601632237434387
v 見える:0.6501398086547852
n て:0.6482670307159424
n から:0.6470922231674194
-------------------------------
サンプル 175-------
n の:0.663629949092865
n は:0.6334668397903442
n それ:0.6176377534866333
n もの:0.6098946928977966
v いう:0.5821369290351868
v ある:0.58000648021698
-------------------------------
サンプル 176-------
n の:0.6939211487770081
a 白い:0.6427496671676636
n は:0.6336538791656494
n 茶色:0.6204314231872559
a 青い:0.6144838333129883
n もの:0.6102173328399658
n 緑色:0.6070603132247925
a 茶色い:0.603827178478241
a 黒い:0.6020771265029907
n それ:0.5998485088348389
n 黄緑:0.597449004650116
n 色:0.5960512161254883
a 薄い:0.595219612121582
-------------------------------
サンプル 177-------
n の:0.7565722465515137
v いる:0.7192963361740112
n は:0.6910685300827026
n い:0.6709007024765015
n それ:0.66987144947052
n て:0.6663839221000671
n もの:0.6550063490867615
n から:0.6511256098747253
n ところ:0.6423356533050537
v ある:0.6353086233139038
v よう:0.633201003074646
-------------------------------
サンプル 178-------
n の:0.6941565275192261
n は:0.6280450224876404
v いる:0.6128817796707153
n それ:0.6075072288513184
n もの:0.6071038246154785
v よう:0.6055842638015747
v 見える:0.6047813296318054
a 細長い:0.5971956849098206
a 丸い:0.5886296629905701
n 緑色:0.5878698825836182
-------------------------------
サンプル 179-------
v いる:0.6770869493484497
n の:0.6488380432128906
n もの:0.6459179520606995
v よう:0.6344048976898193
n い:0.6165479421615601
n て:0.6154285669326782
n それ:0.6132287979125977
n ところ:0.5957882404327393
n は:0.5947173833847046
n そこ:0.5730866193771362
-------------------------------
サンプル 180-------
n の:0.7630126476287842
n は:0.6965282559394836
v いる:0.6769624948501587
n それ:0.6674439907073975
n から:0.6552154421806335
n い:0.6472823023796082
n て:0.6457754969596863
-------------------------------
サンプル 181-------
-------------------------------
サンプル 182-------
n の:0.7577043771743774
n は:0.6907919049263
v いる:0.6699191331863403
n から:0.6535617113113403
n て:0.6485190391540527
n それ:0.6468333005905151
n い:0.6426931619644165
-------------------------------
サンプル 183-------
n の:0.7506330013275146
v いる:0.6869993805885315
n は:0.6846515536308289
n から:0.6501210331916809
v 見える:0.6457439661026001
n い:0.6430385112762451
n それ:0.6375750303268433
n て:0.6320033073425293
a 白い:0.6252521276473999
n 確か:0.6213013529777527
v ある:0.6193572282791138
-------------------------------
サンプル 184-------
n の:0.6298784017562866
n 夕暮れ:0.5955808162689209
v よう:0.5770798921585083
n から:0.5681634545326233
n 明かり:0.5636109113693237
-------------------------------
サンプル 185-------
n 装飾:0.429144024848938
n 精巧:0.40281111001968384
n 彫刻:0.40136441588401794
-------------------------------
サンプル 186-------
n の:0.7360894680023193
n は:0.6720973253250122
n それ:0.6464539766311646
n から:0.6462746858596802
v いる:0.6353018283843994
n ところ:0.6324940919876099
v 見える:0.6296003460884094
n もの:0.6293156147003174
v ある:0.6288003921508789
n 確か:0.6270800828933716
-------------------------------
サンプル 187-------
-------------------------------
サンプル 188-------
-------------------------------
サンプル 189-------
n の:0.7517679929733276
v いる:0.6972704529762268
n は:0.6924107670783997
n それ:0.6734018325805664
n から:0.6568350791931152
n て:0.6546376943588257
n い:0.6518701314926147
v よう:0.6514229774475098
v 見える:0.6463102698326111
v いう:0.6437188386917114
n もの:0.6423187255859375
-------------------------------
サンプル 190-------
n ipod:0.05894838646054268
n advice:0.05423592031002045
n コーデック:0.05028499662876129
-------------------------------
サンプル 191-------
n の:0.6291009187698364
v 見る:0.593062698841095
v いる:0.5719748735427856
v 見える:0.5641336441040039
n 向こう:0.5622795820236206
n は:0.5553861856460571
n 横:0.5551996827125549
v 眺める:0.5545650720596313
n 見:0.5511273741722107
-------------------------------
サンプル 192-------
n の:0.7372344732284546
v いる:0.6861850023269653
n は:0.6638312339782715
n い:0.6524489521980286
n それ:0.6437917947769165
n て:0.6430436372756958
n から:0.6364652514457703
-------------------------------
サンプル 193-------
n の:0.6409376263618469
v いる:0.6275638341903687
n それ:0.60381019115448
n て:0.5988885164260864
n い:0.5980016589164734
n は:0.5884557962417603
n から:0.5829777717590332
n 今:0.5829646587371826
v ある:0.5814203023910522
n てる:0.5775775909423828
-------------------------------
サンプル 194-------
-------------------------------
サンプル 195-------
n の:0.7369558811187744
v いる:0.6846657395362854
n は:0.6768438816070557
v 見える:0.6561505794525146
n それ:0.6492615342140198
n い:0.6452365517616272
n て:0.6368024945259094
n から:0.6338078379631042
a 白い:0.630852460861206
-------------------------------
サンプル 196-------
n の:0.7294036149978638
n は:0.6756078600883484
v いる:0.6631805896759033
v 見える:0.6453210711479187
n それ:0.6443604826927185
n い:0.6383741497993469
n から:0.6365146636962891
n て:0.6339771747589111
-------------------------------
サンプル 197-------
n の:0.7171540856361389
v いる:0.666785478591919
v 見える:0.6592872142791748
n は:0.6414576768875122
n い:0.6323530673980713
a 丸い:0.6319847702980042
n から:0.6315696239471436
a 白い:0.6313463449478149
n 向こう側:0.6288696527481079
n ところ:0.6273606419563293
n それ:0.6216354370117188
n 景色:0.6198731064796448
-------------------------------
サンプル 198-------
n の:0.7529767751693726
n は:0.6845871210098267
n から:0.6495578289031982
n それ:0.6481654644012451
v いる:0.6458477973937988
n もの:0.6423287391662598
v よう:0.6418548226356506
v 見える:0.6417969465255737
v ある:0.6307353973388672
n 確か:0.6287477612495422
a 白い:0.6287176609039307
a 丸い:0.6284657716751099
-------------------------------
サンプル 199-------
n 客扱い:0.05350639671087265
n 券:0.048201438039541245
-------------------------------
サンプル 200-------
n の:0.6788179874420166
n もの:0.6391422152519226
n は:0.6239756941795349
v よう:0.6206063032150269
-------------------------------
サンプル 201-------
n の:0.7635868787765503
n は:0.6961843967437744
v いる:0.6838276386260986
n それ:0.6823610663414001
n もの:0.668893039226532
v よう:0.6683766841888428
n から:0.6531854867935181
n い:0.6473975777626038
n て:0.6453129649162292
v 見える:0.6426386833190918
-------------------------------
サンプル 202-------
n 人員:0.10292437672615051
n 衣類:0.09895086288452148
-------------------------------
サンプル 203-------
-------------------------------
サンプル 204-------
n の:0.7521249055862427
n は:0.6874613761901855
v いる:0.6717516183853149
n から:0.6627892255783081
n それ:0.6612697839736938
v ある:0.6453434228897095
n て:0.6416211128234863
n そこ:0.6400086879730225
n 確か:0.6356345415115356
n ところ:0.6329439878463745
-------------------------------
サンプル 205-------
-------------------------------
サンプル 206-------
-------------------------------
サンプル 207-------
n の:0.7575767040252686
n は:0.6957505941390991
v いる:0.6809849739074707
n それ:0.6609578728675842
n い:0.6517127752304077
n から:0.6464170217514038
n て:0.6379208564758301
n もの:0.6356068849563599
-------------------------------
サンプル 208-------
n の:0.7476311922073364
n は:0.6853415966033936
v いる:0.6684095859527588
n から:0.6562682390213013
n それ:0.6543658971786499
a 白い:0.6401811242103577
v 見える:0.6355842351913452
n もの:0.6341060400009155
n い:0.6336424946784973
a 青い:0.6333227157592773
n て:0.6297808885574341
a 丸い:0.6285167932510376
-------------------------------
サンプル 209-------
n ok:-0.10730669647455215
-------------------------------
サンプル 210-------
n の:0.7416496872901917
v いる:0.6826267242431641
n は:0.666060745716095
n それ:0.6544081568717957
n い:0.6464681625366211
v 見える:0.6427454948425293
n から:0.6424664258956909
v よう:0.6357859969139099
n て:0.6320817470550537
n もの:0.6317548155784607
-------------------------------
サンプル 211-------
n の:0.7116338014602661
v 見える:0.6617249250411987
v いる:0.6564372777938843
n それ:0.6563223600387573
n は:0.6551385521888733
n もの:0.6302272081375122
v よう:0.6237214803695679
-------------------------------
サンプル 212-------
-------------------------------
サンプル 213-------
n の:0.7711061239242554
n は:0.6965214610099792
v いる:0.6932048797607422
n それ:0.6539046764373779
n い:0.6496284008026123
n から:0.6454565525054932
n て:0.644561767578125
v よう:0.6420739889144897
v いう:0.6402044296264648
n もの:0.6361117362976074
v ある:0.6283771991729736
-------------------------------
サンプル 214-------
n の:0.6696044206619263
n は:0.6282881498336792
v いう:0.6049383282661438
n もの:0.5915898680686951
v よう:0.5653207302093506
v する:0.5650579929351807
n から:0.5589182376861572
-------------------------------
サンプル 215-------
-------------------------------
サンプル 216-------
n の:0.7701032161712646
n は:0.694409191608429
v いる:0.6696666479110718
n から:0.6550527811050415
n それ:0.6501675844192505
n て:0.6408746838569641
n い:0.6369574666023254
n もの:0.6269679069519043
-------------------------------
サンプル 217-------
-------------------------------
サンプル 218-------
n の:0.7592473030090332
v いる:0.7148938179016113
n は:0.6873263120651245
n い:0.6707568168640137
n て:0.6658346056938171
n それ:0.6587566137313843
n から:0.6522632837295532
n もの:0.6307401061058044
v 見える:0.629584014415741
-------------------------------
サンプル 219-------
n の:0.7635512351989746
n は:0.6841349005699158
v いる:0.6795790195465088
n それ:0.6512039303779602
n から:0.6431509852409363
n い:0.639785885810852
n て:0.634830892086029
n もの:0.6292946338653564
v 見える:0.6272314786911011
-------------------------------
サンプル 220-------
n の:0.7339075803756714
n は:0.6685149073600769
v いる:0.6656373143196106
n それ:0.6499662399291992
n て:0.6450799703598022
n い:0.642685055732727
n から:0.6327663660049438
n もの:0.6257738471031189
-------------------------------
サンプル 221-------
n の:0.7185006737709045
n は:0.6570795774459839
n から:0.6388672590255737
v いる:0.6323147416114807
n ところ:0.6160971522331238
n それ:0.6095754504203796
-------------------------------
サンプル 222-------
n の:0.761070966720581
n は:0.6963250637054443
v 見える:0.6564675569534302
n それ:0.6542711853981018
v いる:0.6510506868362427
n から:0.6473742723464966
a 白い:0.6284927129745483
-------------------------------
サンプル 223-------
n の:0.758205235004425
n は:0.6945157051086426
v いる:0.6593372821807861
n から:0.6532340049743652
n それ:0.6476038694381714
v 見える:0.6365451812744141
n て:0.6320309638977051
n もの:0.628657341003418
a 白い:0.6276375651359558
-------------------------------
サンプル 224-------
n の:0.6419235467910767
v 見える:0.6288306713104248
n もの:0.6186597943305969
n ところ:0.6056649684906006
v よう:0.5963735580444336
n それ:0.5950469970703125
n 感じ:0.5940593481063843
a 黒い:0.5932743549346924
n 確か:0.5931975841522217
a 茶色い:0.5913520455360413
v ある:0.5871290564537048
n は:0.584502637386322
a 白い:0.5841444730758667
a 丸い:0.5838350057601929
-------------------------------
サンプル 225-------
n の:0.7621861696243286
n は:0.699405312538147
n それ:0.6715213656425476
v いる:0.6651929616928101
n もの:0.6553432941436768
v よう:0.6532924175262451
n から:0.6498422622680664
v いう:0.642142117023468
n て:0.6318252086639404
-------------------------------
サンプル 226-------
n の:0.7224311828613281
n は:0.6697327494621277
n それ:0.655648946762085
v いる:0.6463733315467834
a 白い:0.6332080364227295
n もの:0.6283286809921265
v 見える:0.6234557032585144
v なる:0.6188864707946777
v よう:0.617406964302063
v いう:0.6143954396247864
n 確か:0.607818603515625
-------------------------------
サンプル 227-------
-------------------------------
サンプル 228-------
n の:0.7504611611366272
v いる:0.7076021432876587
n は:0.6825028657913208
n い:0.6642049551010132
n て:0.6592908501625061
n それ:0.6587232351303101
n から:0.6491746306419373
v 見える:0.6435686349868774
a 白い:0.6306728720664978
-------------------------------
サンプル 229-------
v いる:0.6974622011184692
n の:0.6657970547676086
n それ:0.6475827097892761
v よう:0.6430712938308716
n もの:0.6393906474113464
n て:0.6288669109344482
n い:0.6181736588478088
v 見える:0.6147431135177612
n は:0.6075129508972168
a 白い:0.6069053411483765
v ある:0.6007194519042969
a 丸い:0.5960375070571899
-------------------------------
サンプル 230-------
-------------------------------
サンプル 231-------
n の:0.7584958076477051
n は:0.6947197914123535
v いる:0.6794109344482422
n から:0.6592329144477844
n それ:0.6527695059776306
n て:0.6433593034744263
n い:0.642828106880188
n もの:0.6290147304534912
-------------------------------
サンプル 232-------
n 建替え:0.3191797435283661
n 構造:0.3104656934738159
v 建て替える:0.3091161251068115
n 建替:0.2976412773132324
n 防火:0.29597175121307373
n 建て替え:0.2922554612159729
n 設置:0.2911749482154846
n 戸数:0.27875974774360657
n 区分け:0.27814555168151855
-------------------------------
サンプル 233-------
-------------------------------
サンプル 234-------
n の:0.7514292001724243
v いる:0.6970789432525635
n は:0.6953445672988892
n それ:0.6619492769241333
n い:0.6601632237434387
v 見える:0.6501398086547852
n て:0.6482670307159424
n から:0.6470922231674194
-------------------------------
サンプル 235-------
n の:0.663629949092865
n は:0.6334668397903442
n それ:0.6176377534866333
n もの:0.6098946928977966
v いう:0.5821369290351868
v ある:0.58000648021698
-------------------------------
サンプル 236-------
n の:0.6939211487770081
a 白い:0.6427496671676636
n は:0.6336538791656494
n 茶色:0.6204314231872559
a 青い:0.6144838333129883
n もの:0.6102173328399658
n 緑色:0.6070603132247925
a 茶色い:0.603827178478241
a 黒い:0.6020771265029907
n それ:0.5998485088348389
n 黄緑:0.597449004650116
n 色:0.5960512161254883
a 薄い:0.595219612121582
-------------------------------
サンプル 237-------
n の:0.7565722465515137
v いる:0.7192963361740112
n は:0.6910685300827026
n い:0.6709007024765015
n それ:0.66987144947052
n て:0.6663839221000671
n もの:0.6550063490867615
n から:0.6511256098747253
n ところ:0.6423356533050537
v ある:0.6353086233139038
v よう:0.633201003074646
-------------------------------
サンプル 238-------
n の:0.6941565275192261
n は:0.6280450224876404
v いる:0.6128817796707153
n それ:0.6075072288513184
n もの:0.6071038246154785
v よう:0.6055842638015747
v 見える:0.6047813296318054
a 細長い:0.5971956849098206
a 丸い:0.5886296629905701
n 緑色:0.5878698825836182
-------------------------------
サンプル 239-------
v いる:0.6770869493484497
n の:0.6488380432128906
n もの:0.6459179520606995
v よう:0.6344048976898193
n い:0.6165479421615601
n て:0.6154285669326782
n それ:0.6132287979125977
n ところ:0.5957882404327393
n は:0.5947173833847046
n そこ:0.5730866193771362
-------------------------------
サンプル 240-------
n の:0.7630126476287842
n は:0.6965282559394836
v いる:0.6769624948501587
n それ:0.6674439907073975
n から:0.6552154421806335
n い:0.6472823023796082
n て:0.6457754969596863
-------------------------------
サンプル 241-------
-------------------------------
サンプル 242-------
n の:0.7577043771743774
n は:0.6907919049263
v いる:0.6699191331863403
n から:0.6535617113113403
n て:0.6485190391540527
n それ:0.6468333005905151
n い:0.6426931619644165
-------------------------------
サンプル 243-------
n の:0.7506330013275146
v いる:0.6869993805885315
n は:0.6846515536308289
n から:0.6501210331916809
v 見える:0.6457439661026001
n い:0.6430385112762451
n それ:0.6375750303268433
n て:0.6320033073425293
a 白い:0.6252521276473999
n 確か:0.6213013529777527
v ある:0.6193572282791138
-------------------------------
サンプル 244-------
n の:0.6298784017562866
n 夕暮れ:0.5955808162689209
v よう:0.5770798921585083
n から:0.5681634545326233
n 明かり:0.5636109113693237
-------------------------------
サンプル 245-------
n 装飾:0.429144024848938
n 精巧:0.40281111001968384
n 彫刻:0.40136441588401794
-------------------------------
サンプル 246-------
n の:0.7360894680023193
n は:0.6720973253250122
n それ:0.6464539766311646
n から:0.6462746858596802
v いる:0.6353018283843994
n ところ:0.6324940919876099
v 見える:0.6296003460884094
n もの:0.6293156147003174
v ある:0.6288003921508789
n 確か:0.6270800828933716
-------------------------------
サンプル 247-------
-------------------------------
サンプル 248-------
-------------------------------
サンプル 249-------
n の:0.7517679929733276
v いる:0.6972704529762268
n は:0.6924107670783997
n それ:0.6734018325805664
n から:0.6568350791931152
n て:0.6546376943588257
n い:0.6518701314926147
v よう:0.6514229774475098
v 見える:0.6463102698326111
v いう:0.6437188386917114
n もの:0.6423187255859375
-------------------------------
サンプル 250-------
n ipod:0.05894838646054268
n advice:0.05423592031002045
n コーデック:0.05028499662876129
-------------------------------
サンプル 251-------
n の:0.6291009187698364
v 見る:0.593062698841095
v いる:0.5719748735427856
v 見える:0.5641336441040039
n 向こう:0.5622795820236206
n は:0.5553861856460571
n 横:0.5551996827125549
v 眺める:0.5545650720596313
n 見:0.5511273741722107
-------------------------------
サンプル 252-------
n の:0.7372344732284546
v いる:0.6861850023269653
n は:0.6638312339782715
n い:0.6524489521980286
n それ:0.6437917947769165
n て:0.6430436372756958
n から:0.6364652514457703
-------------------------------
サンプル 253-------
n の:0.6409376263618469
v いる:0.6275638341903687
n それ:0.60381019115448
n て:0.5988885164260864
n い:0.5980016589164734
n は:0.5884557962417603
n から:0.5829777717590332
n 今:0.5829646587371826
v ある:0.5814203023910522
n てる:0.5775775909423828
-------------------------------
サンプル 254-------
-------------------------------
サンプル 255-------
n の:0.7369558811187744
v いる:0.6846657395362854
n は:0.6768438816070557
v 見える:0.6561505794525146
n それ:0.6492615342140198
n い:0.6452365517616272
n て:0.6368024945259094
n から:0.6338078379631042
a 白い:0.630852460861206
-------------------------------
サンプル 256-------
n の:0.7294036149978638
n は:0.6756078600883484
v いる:0.6631805896759033
v 見える:0.6453210711479187
n それ:0.6443604826927185
n い:0.6383741497993469
n から:0.6365146636962891
n て:0.6339771747589111
-------------------------------
サンプル 257-------
n の:0.7171540856361389
v いる:0.666785478591919
v 見える:0.6592872142791748
n は:0.6414576768875122
n い:0.6323530673980713
a 丸い:0.6319847702980042
n から:0.6315696239471436
a 白い:0.6313463449478149
n 向こう側:0.6288696527481079
n ところ:0.6273606419563293
n それ:0.6216354370117188
n 景色:0.6198731064796448
-------------------------------
サンプル 258-------
n の:0.7529767751693726
n は:0.6845871210098267
n から:0.6495578289031982
n それ:0.6481654644012451
v いる:0.6458477973937988
n もの:0.6423287391662598
v よう:0.6418548226356506
v 見える:0.6417969465255737
v ある:0.6307353973388672
n 確か:0.6287477612495422
a 白い:0.6287176609039307
a 丸い:0.6284657716751099
-------------------------------
サンプル 259-------
n 客扱い:0.05350639671087265
n 券:0.048201438039541245
-------------------------------
サンプル 260-------
n の:0.6788179874420166
n もの:0.6391422152519226
n は:0.6239756941795349
v よう:0.6206063032150269
-------------------------------
サンプル 261-------
n の:0.7635868787765503
n は:0.6961843967437744
v いる:0.6838276386260986
n それ:0.6823610663414001
n もの:0.668893039226532
v よう:0.6683766841888428
n から:0.6531854867935181
n い:0.6473975777626038
n て:0.6453129649162292
v 見える:0.6426386833190918
-------------------------------
サンプル 262-------
n 人員:0.10292437672615051
n 衣類:0.09895086288452148
-------------------------------
サンプル 263-------
-------------------------------
サンプル 264-------
n の:0.7521249055862427
n は:0.6874613761901855
v いる:0.6717516183853149
n から:0.6627892255783081
n それ:0.6612697839736938
v ある:0.6453434228897095
n て:0.6416211128234863
n そこ:0.6400086879730225
n 確か:0.6356345415115356
n ところ:0.6329439878463745
-------------------------------
サンプル 265-------
-------------------------------
サンプル 266-------
-------------------------------
サンプル 267-------
n の:0.7575767040252686
n は:0.6957505941390991
v いる:0.6809849739074707
n それ:0.6609578728675842
n い:0.6517127752304077
n から:0.6464170217514038
n て:0.6379208564758301
n もの:0.6356068849563599
-------------------------------
サンプル 268-------
n の:0.7476311922073364
n は:0.6853415966033936
v いる:0.6684095859527588
n から:0.6562682390213013
n それ:0.6543658971786499
a 白い:0.6401811242103577
v 見える:0.6355842351913452
n もの:0.6341060400009155
n い:0.6336424946784973
a 青い:0.6333227157592773
n て:0.6297808885574341
a 丸い:0.6285167932510376
-------------------------------
サンプル 269-------
n ok:-0.10730669647455215
-------------------------------
サンプル 270-------
n の:0.7416496872901917
v いる:0.6826267242431641
n は:0.666060745716095
n それ:0.6544081568717957
n い:0.6464681625366211
v 見える:0.6427454948425293
n から:0.6424664258956909
v よう:0.6357859969139099
n て:0.6320817470550537
n もの:0.6317548155784607
-------------------------------
サンプル 271-------
n の:0.7116338014602661
v 見える:0.6617249250411987
v いる:0.6564372777938843
n それ:0.6563223600387573
n は:0.6551385521888733
n もの:0.6302272081375122
v よう:0.6237214803695679
-------------------------------
サンプル 272-------
-------------------------------
サンプル 273-------
n の:0.7711061239242554
n は:0.6965214610099792
v いる:0.6932048797607422
n それ:0.6539046764373779
n い:0.6496284008026123
n から:0.6454565525054932
n て:0.644561767578125
v よう:0.6420739889144897
v いう:0.6402044296264648
n もの:0.6361117362976074
v ある:0.6283771991729736
-------------------------------
サンプル 274-------
n の:0.6696044206619263
n は:0.6282881498336792
v いう:0.6049383282661438
n もの:0.5915898680686951
v よう:0.5653207302093506
v する:0.5650579929351807
n から:0.5589182376861572
-------------------------------
サンプル 275-------
-------------------------------
サンプル 276-------
n の:0.7701032161712646
n は:0.694409191608429
v いる:0.6696666479110718
n から:0.6550527811050415
n それ:0.6501675844192505
n て:0.6408746838569641
n い:0.6369574666023254
n もの:0.6269679069519043
-------------------------------
サンプル 277-------
-------------------------------
サンプル 278-------
n の:0.7592473030090332
v いる:0.7148938179016113
n は:0.6873263120651245
n い:0.6707568168640137
n て:0.6658346056938171
n それ:0.6587566137313843
n から:0.6522632837295532
n もの:0.6307401061058044
v 見える:0.629584014415741
-------------------------------
サンプル 279-------
n の:0.7635512351989746
n は:0.6841349005699158
v いる:0.6795790195465088
n それ:0.6512039303779602
n から:0.6431509852409363
n い:0.639785885810852
n て:0.634830892086029
n もの:0.6292946338653564
v 見える:0.6272314786911011
-------------------------------
サンプル 280-------
n の:0.7339075803756714
n は:0.6685149073600769
v いる:0.6656373143196106
n それ:0.6499662399291992
n て:0.6450799703598022
n い:0.642685055732727
n から:0.6327663660049438
n もの:0.6257738471031189
-------------------------------
サンプル 281-------
n の:0.7185006737709045
n は:0.6570795774459839
n から:0.6388672590255737
v いる:0.6323147416114807
n ところ:0.6160971522331238
n それ:0.6095754504203796
-------------------------------
サンプル 282-------
n の:0.761070966720581
n は:0.6963250637054443
v 見える:0.6564675569534302
n それ:0.6542711853981018
v いる:0.6510506868362427
n から:0.6473742723464966
a 白い:0.6284927129745483
-------------------------------
サンプル 283-------
n の:0.758205235004425
n は:0.6945157051086426
v いる:0.6593372821807861
n から:0.6532340049743652
n それ:0.6476038694381714
v 見える:0.6365451812744141
n て:0.6320309638977051
n もの:0.628657341003418
a 白い:0.6276375651359558
-------------------------------
サンプル 284-------
n の:0.6419235467910767
v 見える:0.6288306713104248
n もの:0.6186597943305969
n ところ:0.6056649684906006
v よう:0.5963735580444336
n それ:0.5950469970703125
n 感じ:0.5940593481063843
a 黒い:0.5932743549346924
n 確か:0.5931975841522217
a 茶色い:0.5913520455360413
v ある:0.5871290564537048
n は:0.584502637386322
a 白い:0.5841444730758667
a 丸い:0.5838350057601929
-------------------------------
サンプル 285-------
n の:0.7621861696243286
n は:0.699405312538147
n それ:0.6715213656425476
v いる:0.6651929616928101
n もの:0.6553432941436768
v よう:0.6532924175262451
n から:0.6498422622680664
v いう:0.642142117023468
n て:0.6318252086639404
-------------------------------
サンプル 286-------
n の:0.7224311828613281
n は:0.6697327494621277
n それ:0.655648946762085
v いる:0.6463733315467834
a 白い:0.6332080364227295
n もの:0.6283286809921265
v 見える:0.6234557032585144
v なる:0.6188864707946777
v よう:0.617406964302063
v いう:0.6143954396247864
n 確か:0.607818603515625
-------------------------------
サンプル 287-------
-------------------------------
サンプル 288-------
n の:0.7504611611366272
v いる:0.7076021432876587
n は:0.6825028657913208
n い:0.6642049551010132
n て:0.6592908501625061
n それ:0.6587232351303101
n から:0.6491746306419373
v 見える:0.6435686349868774
a 白い:0.6306728720664978
-------------------------------
サンプル 289-------
v いる:0.6974622011184692
n の:0.6657970547676086
n それ:0.6475827097892761
v よう:0.6430712938308716
n もの:0.6393906474113464
n て:0.6288669109344482
n い:0.6181736588478088
v 見える:0.6147431135177612
n は:0.6075129508972168
a 白い:0.6069053411483765
v ある:0.6007194519042969
a 丸い:0.5960375070571899
-------------------------------
サンプル 290-------
-------------------------------
サンプル 291-------
n の:0.7584958076477051
n は:0.6947197914123535
v いる:0.6794109344482422
n から:0.6592329144477844
n それ:0.6527695059776306
n て:0.6433593034744263
n い:0.642828106880188
n もの:0.6290147304534912
-------------------------------
サンプル 292-------
n 建替え:0.3191797435283661
n 構造:0.3104656934738159
v 建て替える:0.3091161251068115
n 建替:0.2976412773132324
n 防火:0.29597175121307373
n 建て替え:0.2922554612159729
n 設置:0.2911749482154846
n 戸数:0.27875974774360657
n 区分け:0.27814555168151855
-------------------------------
サンプル 293-------
-------------------------------
サンプル 294-------
n の:0.7514292001724243
v いる:0.6970789432525635
n は:0.6953445672988892
n それ:0.6619492769241333
n い:0.6601632237434387
v 見える:0.6501398086547852
n て:0.6482670307159424
n から:0.6470922231674194
-------------------------------
サンプル 295-------
n の:0.663629949092865
n は:0.6334668397903442
n それ:0.6176377534866333
n もの:0.6098946928977966
v いう:0.5821369290351868
v ある:0.58000648021698
-------------------------------
サンプル 296-------
n の:0.6939211487770081
a 白い:0.6427496671676636
n は:0.6336538791656494
n 茶色:0.6204314231872559
a 青い:0.6144838333129883
n もの:0.6102173328399658
n 緑色:0.6070603132247925
a 茶色い:0.603827178478241
a 黒い:0.6020771265029907
n それ:0.5998485088348389
n 黄緑:0.597449004650116
n 色:0.5960512161254883
a 薄い:0.595219612121582
-------------------------------
サンプル 297-------
n の:0.7565722465515137
v いる:0.7192963361740112
n は:0.6910685300827026
n い:0.6709007024765015
n それ:0.66987144947052
n て:0.6663839221000671
n もの:0.6550063490867615
n から:0.6511256098747253
n ところ:0.6423356533050537
v ある:0.6353086233139038
v よう:0.633201003074646
-------------------------------
サンプル 298-------
n の:0.6941565275192261
n は:0.6280450224876404
v いる:0.6128817796707153
n それ:0.6075072288513184
n もの:0.6071038246154785
v よう:0.6055842638015747
v 見える:0.6047813296318054
a 細長い:0.5971956849098206
a 丸い:0.5886296629905701
n 緑色:0.5878698825836182
-------------------------------
サンプル 299-------
v いる:0.6770869493484497
n の:0.6488380432128906
n もの:0.6459179520606995
v よう:0.6344048976898193
n い:0.6165479421615601
n て:0.6154285669326782
n それ:0.6132287979125977
n ところ:0.5957882404327393
n は:0.5947173833847046
n そこ:0.5730866193771362
-------------------------------
