サンプル 3-------
単語 : 場所,  cos類似度 : 0.5681972489229264
単語 : 入り口,  cos類似度 : 0.5666485351643937
単語 : よ,  cos類似度 : 0.5631972995887397
単語 : ん,  cos類似度 : 0.551207312371999
単語 : 辺り,  cos類似度 : 0.546898349362525
-------------------------------
サンプル 4-------
単語 : 見え,  cos類似度 : 0.5885508396339889
単語 : よ,  cos類似度 : 0.5853516996531133
単語 : 場所,  cos類似度 : 0.5787900290681508
単語 : 隣,  cos類似度 : 0.5724244061172539
単語 : 実,  cos類似度 : 0.5717341770927346
-------------------------------
サンプル 5-------
単語 : 見え,  cos類似度 : 0.618884264829186
単語 : よ,  cos類似度 : 0.601650630451096
単語 : ん,  cos類似度 : 0.5788605942302022
単語 : 横,  cos類似度 : 0.5658845038851511
単語 : 真横,  cos類似度 : 0.5637972856198863
-------------------------------
サンプル 6-------
単語 : 見え,  cos類似度 : 0.5969131719313029
単語 : 周り,  cos類似度 : 0.5857941933689078
単語 : 緑色,  cos類似度 : 0.5853862017575567
単語 : 隣,  cos類似度 : 0.5835006332813484
単語 : 入り口,  cos類似度 : 0.5822885058167212
-------------------------------
サンプル 7-------
単語 : 中央,  cos類似度 : 0.38033691713851714
単語 : 向う,  cos類似度 : 0.3552580994058023
単語 : 隅,  cos類似度 : 0.34967840666520433
単語 : 幕,  cos類似度 : 0.34009382842321995
単語 : 四方,  cos類似度 : 0.3377566271770824
-------------------------------
サンプル 8-------
単語 : よ,  cos類似度 : 0.588013964572875
単語 : 見え,  cos類似度 : 0.5874615500973518
単語 : 水色,  cos類似度 : 0.5739760284779817
単語 : 真ん中,  cos類似度 : 0.5700475760646095
単語 : 周り,  cos類似度 : 0.5684699699886717
-------------------------------
サンプル 9-------
単語 : 見え,  cos類似度 : 0.5672592358590929
単語 : 綺麗,  cos類似度 : 0.5627565455145918
単語 : よ,  cos類似度 : 0.5593299695381108
単語 : 水色,  cos類似度 : 0.5558379606868674
単語 : ピンク,  cos類似度 : 0.5451390612384727
-------------------------------
サンプル 10-------
単語 : よ,  cos類似度 : 0.585094969821489
単語 : 隣,  cos類似度 : 0.5801940336838934
単語 : 周り,  cos類似度 : 0.5788868008921649
単語 : 向う,  cos類似度 : 0.5723020944038014
単語 : 実,  cos類似度 : 0.5676299877845307
-------------------------------
サンプル 11-------
単語 : 定時,  cos類似度 : -0.18616478053528557
単語 : 責任,  cos類似度 : -0.20243128970947086
単語 : 治安,  cos類似度 : -0.20559123598802365
単語 : 創設,  cos類似度 : -0.2074475132835667
単語 : 見方,  cos類似度 : -0.21296924598369898
-------------------------------
サンプル 12-------
単語 : 入り口,  cos類似度 : 0.5862204487418823
単語 : 向う,  cos類似度 : 0.5850437147932958
単語 : よ,  cos類似度 : 0.5828824308473352
単語 : 横,  cos類似度 : 0.5817183955681705
単語 : 隣,  cos類似度 : 0.5813640762778565
-------------------------------
サンプル 13-------
単語 : 入り口,  cos類似度 : 0.589423771099474
単語 : 真ん中,  cos類似度 : 0.5853147822309775
単語 : 横,  cos類似度 : 0.5787790762306046
単語 : 辺り,  cos類似度 : 0.5766561995011418
単語 : 手前,  cos類似度 : 0.574475528866277
-------------------------------
サンプル 14-------
単語 : 水色,  cos類似度 : 0.5872407391687093
単語 : 隣,  cos類似度 : 0.5821652264574199
単語 : 周り,  cos類似度 : 0.5779690095363575
単語 : 入り口,  cos類似度 : 0.576108229299315
単語 : 緑色,  cos類似度 : 0.5747537374701833
-------------------------------
サンプル 15-------
単語 : パープル,  cos類似度 : 0.1985912109121193
単語 : 空色,  cos類似度 : 0.18707385854746836
単語 : 色,  cos類似度 : 0.17922632807632938
単語 : オレンジ,  cos類似度 : 0.17807294599959872
単語 : 歓喜,  cos類似度 : 0.1776467118671611
-------------------------------
サンプル 16-------
単語 : よ,  cos類似度 : 0.5918881382333342
単語 : 場所,  cos類似度 : 0.5812894385042905
単語 : 入り口,  cos類似度 : 0.5775089509487926
単語 : ん,  cos類似度 : 0.5761501100880109
単語 : 水色,  cos類似度 : 0.5748987443684427
-------------------------------
サンプル 17-------
単語 : 風景,  cos類似度 : 0.5899694471649023
単語 : 人々,  cos類似度 : 0.5888160711856273
単語 : 場所,  cos類似度 : 0.5676054246945315
単語 : 景色,  cos類似度 : 0.5586627801475653
単語 : 街,  cos類似度 : 0.5568480480572267
-------------------------------
サンプル 18-------
単語 : 周り,  cos類似度 : 0.5990206283072409
単語 : 緑色,  cos類似度 : 0.5982057239976427
単語 : 茶色,  cos類似度 : 0.5962416898520115
単語 : 見え,  cos類似度 : 0.5949719987300939
単語 : 水色,  cos類似度 : 0.5915370264797654
-------------------------------
サンプル 19-------
単語 : お洒落,  cos類似度 : 0.4962681782614028
単語 : おしゃれ,  cos類似度 : 0.48357573854751984
単語 : 女の子,  cos類似度 : 0.4835318156128464
単語 : 写真,  cos類似度 : 0.47990523130347
単語 : 映像,  cos類似度 : 0.4793362932290465
-------------------------------
サンプル 20-------
単語 : 見え,  cos類似度 : 0.5930566736418901
単語 : よ,  cos類似度 : 0.5914224037055484
単語 : ん,  cos類似度 : 0.5780812355055805
単語 : 入り口,  cos類似度 : 0.5759982485105913
単語 : 周り,  cos類似度 : 0.5723147726546057
-------------------------------
サンプル 21-------
単語 : 日当たり,  cos類似度 : 0.2370845540485995
単語 : 荒地,  cos類似度 : 0.23403191849471816
単語 : 原野,  cos類似度 : 0.2177842588502233
単語 : 木立,  cos類似度 : 0.2141504658164256
単語 : 窓辺,  cos類似度 : 0.21414985167770942
-------------------------------
サンプル 22-------
単語 : 緑色,  cos類似度 : 0.5987316135015868
単語 : 見え,  cos類似度 : 0.5921447548482683
単語 : 水色,  cos類似度 : 0.5893409665868026
単語 : 隣,  cos類似度 : 0.5889501850369023
単語 : 入り口,  cos類似度 : 0.5851772197138579
-------------------------------
サンプル 23-------
単語 : 見え,  cos類似度 : 0.6104581298996548
単語 : 茶色,  cos類似度 : 0.5621836139221472
単語 : てっぺん,  cos類似度 : 0.5577367104134178
単語 : 緑色,  cos類似度 : 0.5573985598941926
単語 : 実,  cos類似度 : 0.5569087650906642
-------------------------------
サンプル 24-------
単語 : よ,  cos類似度 : 0.6032201701877784
単語 : 緑色,  cos類似度 : 0.6002637765025113
単語 : 見え,  cos類似度 : 0.5938730478285011
単語 : 水色,  cos類似度 : 0.5840592356339348
単語 : 実,  cos類似度 : 0.5775822957387917
-------------------------------
サンプル 25-------
単語 : ポリオ,  cos類似度 : -0.22527037988071955
単語 : 買,  cos類似度 : -0.2312283725887816
単語 : 在庫,  cos類似度 : -0.23801068284090407
単語 : 報酬,  cos類似度 : -0.2497639909467392
単語 : 家計,  cos類似度 : -0.25221087330759756
-------------------------------
サンプル 26-------
単語 : 隣,  cos類似度 : 0.5879264174378053
単語 : 入り口,  cos類似度 : 0.5848654033192883
単語 : 横,  cos類似度 : 0.5841563006561222
単語 : よ,  cos類似度 : 0.5797187052874476
単語 : 実,  cos類似度 : 0.5771384485993688
-------------------------------
サンプル 27-------
単語 : 一生,  cos類似度 : 0.19934400880002745
単語 : 当番,  cos類似度 : 0.19638563797935268
単語 : 立場,  cos類似度 : 0.19594724915732456
単語 : 病気,  cos類似度 : 0.1949716079933898
単語 : 役人,  cos類似度 : 0.19462626630340726
-------------------------------
サンプル 28-------
単語 : よ,  cos類似度 : 0.5936022113621324
単語 : 見え,  cos類似度 : 0.5802369470418829
単語 : 入り口,  cos類似度 : 0.5789728774144683
単語 : 周り,  cos類似度 : 0.5785832809769934
単語 : 横,  cos類似度 : 0.5740810155684408
-------------------------------
サンプル 29-------
単語 : 実,  cos類似度 : 0.5688714869257241
単語 : 周り,  cos類似度 : 0.5665863294579423
単語 : 周囲,  cos類似度 : 0.5453183831762993
単語 : 初め,  cos類似度 : 0.5434555737627941
単語 : 最初,  cos類似度 : 0.5419234871342724
-------------------------------
サンプル 30-------
単語 : 隣,  cos類似度 : 0.5853895158359367
単語 : 入り口,  cos類似度 : 0.5813399751755562
単語 : よ,  cos類似度 : 0.574996988445802
単語 : 向う,  cos類似度 : 0.5691570500089927
単語 : オブジェ,  cos類似度 : 0.5661201314235318
-------------------------------
サンプル 31-------
単語 : 向う,  cos類似度 : 0.5871868601131384
単語 : 遠く,  cos類似度 : 0.5760922181254702
単語 : 入り口,  cos類似度 : 0.5696024656575099
単語 : 景色,  cos類似度 : 0.5665906624528291
単語 : 真横,  cos類似度 : 0.5644530945056982
-------------------------------
サンプル 32-------
単語 : 入り口,  cos類似度 : 0.59487705019021
単語 : よ,  cos類似度 : 0.5854885369122289
単語 : 手前,  cos類似度 : 0.5816645973534346
単語 : 場所,  cos類似度 : 0.5815067337677239
単語 : 実,  cos類似度 : 0.5801752833360461
-------------------------------
サンプル 33-------
単語 : 隣,  cos類似度 : 0.6020531546775657
単語 : 入り口,  cos類似度 : 0.6003914956633036
単語 : 場所,  cos類似度 : 0.5960091735213054
単語 : 横,  cos類似度 : 0.5929592905369788
単語 : 真ん中,  cos類似度 : 0.59199984797736
-------------------------------
サンプル 34-------
単語 : 隣,  cos類似度 : 0.5863245009464187
単語 : 水色,  cos類似度 : 0.5858994305023357
単語 : 緑色,  cos類似度 : 0.5857666951022503
単語 : 見え,  cos類似度 : 0.5828943651472626
単語 : 向う,  cos類似度 : 0.5821712719818946
-------------------------------
サンプル 35-------
単語 : 淹,  cos類似度 : -0.19711253769009726
単語 : 買,  cos類似度 : -0.2148361430071514
単語 : 喪失,  cos類似度 : -0.2222582985628737
単語 : 丸井,  cos類似度 : -0.22482854346260248
単語 : 見方,  cos類似度 : -0.2258981793368107
-------------------------------
サンプル 36-------
単語 : よ,  cos類似度 : 0.5911369019958687
単語 : 入り口,  cos類似度 : 0.583010396408185
単語 : 隣,  cos類似度 : 0.5776534271128007
単語 : 見え,  cos類似度 : 0.5735317738436235
単語 : ん,  cos類似度 : 0.573037036315322
-------------------------------
サンプル 37-------
単語 : 緑色,  cos類似度 : 0.49452649446283886
単語 : 赤色,  cos類似度 : 0.4689762474389007
単語 : 真上,  cos類似度 : 0.45452616909569193
単語 : 頭上,  cos類似度 : 0.45270820993783
単語 : 黄色,  cos類似度 : 0.45011649458536057
-------------------------------
サンプル 38-------
単語 : 入り口,  cos類似度 : 0.5873386572068878
単語 : 隣,  cos類似度 : 0.5848072164037436
単語 : 見え,  cos類似度 : 0.5811123334262155
単語 : 横,  cos類似度 : 0.5800916025784618
単語 : 手前,  cos類似度 : 0.5770932977300443
-------------------------------
サンプル 39-------
単語 : よ,  cos類似度 : 0.5360057427253361
単語 : 地面,  cos類似度 : 0.5310075319185178
単語 : 横,  cos類似度 : 0.5288317141729065
単語 : 右手,  cos類似度 : 0.5261824774321665
単語 : てっぺん,  cos類似度 : 0.5253208722656248
-------------------------------
サンプル 40-------
単語 : 横,  cos類似度 : 0.5920535823700933
単語 : 入り口,  cos類似度 : 0.5883655740573781
単語 : よ,  cos類似度 : 0.5866353119441508
単語 : 手前,  cos類似度 : 0.5822954423332213
単語 : 見え,  cos類似度 : 0.5801070417248251
-------------------------------
サンプル 41-------
単語 : 胴体,  cos類似度 : 0.42421333992857413
単語 : 縦長,  cos類似度 : 0.4157369768847217
単語 : 蛍光,  cos類似度 : 0.4123836404531163
単語 : 網目,  cos類似度 : 0.4063761911573537
単語 : 黒色,  cos類似度 : 0.406167039687173
-------------------------------
サンプル 42-------
単語 : 隣,  cos類似度 : 0.5826071667847857
単語 : 周り,  cos類似度 : 0.579905607178214
単語 : 水色,  cos類似度 : 0.5770313959038488
単語 : よ,  cos類似度 : 0.5702027138290965
単語 : 入り口,  cos類似度 : 0.5665780024167815
-------------------------------
サンプル 43-------
単語 : よ,  cos類似度 : 0.5869641005247511
単語 : ん,  cos類似度 : 0.5711784631173031
単語 : 最初,  cos類似度 : 0.5636692602017048
単語 : 実,  cos類似度 : 0.5598766408930083
単語 : 周り,  cos類似度 : 0.5591531619989548
-------------------------------
サンプル 44-------
単語 : よ,  cos類似度 : 0.5928987806626056
単語 : 見え,  cos類似度 : 0.5797616800325348
単語 : 周り,  cos類似度 : 0.5679484057182822
単語 : 場所,  cos類似度 : 0.5655570144914818
単語 : 入り口,  cos類似度 : 0.5635766155969575
-------------------------------
サンプル 45-------
単語 : 緑色,  cos類似度 : 0.6079749284981985
単語 : 水色,  cos類似度 : 0.6009899569260176
単語 : 実,  cos類似度 : 0.5995192018151893
単語 : 朱色,  cos類似度 : 0.5855564572394577
単語 : 茶色,  cos類似度 : 0.5787948677591346
-------------------------------
サンプル 46-------
単語 : 緑色,  cos類似度 : 0.5847727977165618
単語 : 見え,  cos類似度 : 0.5825746516986411
単語 : 実,  cos類似度 : 0.5807790722403653
単語 : 向う,  cos類似度 : 0.580626596314082
単語 : 水色,  cos類似度 : 0.5774251861224914
-------------------------------
サンプル 47-------
単語 : 金色,  cos類似度 : 0.40443294469368624
単語 : 漆黒,  cos類似度 : 0.40364264141208916
単語 : 銀色,  cos類似度 : 0.39165680514992907
単語 : なぞ,  cos類似度 : 0.3874577086259662
単語 : 隻眼,  cos類似度 : 0.3872627041634852
-------------------------------
サンプル 48-------
単語 : よ,  cos類似度 : 0.5892356490910406
単語 : 緑色,  cos類似度 : 0.5726794603120746
単語 : 実,  cos類似度 : 0.5724512278256837
単語 : 周り,  cos類似度 : 0.5702853749732509
単語 : 不思議,  cos類似度 : 0.5687654741027798
-------------------------------
サンプル 49-------
単語 : 海,  cos類似度 : 0.4357813123265502
単語 : 海岸,  cos類似度 : 0.4105429730535641
単語 : 浜辺,  cos類似度 : 0.4051479226709259
単語 : 海辺,  cos類似度 : 0.3959754331770611
単語 : 現在,  cos類似度 : 0.380616648792612
-------------------------------
サンプル 50-------
単語 : 隣,  cos類似度 : 0.5838113263325204
単語 : 緑色,  cos類似度 : 0.5837330050886574
単語 : 入り口,  cos類似度 : 0.5823238950835171
単語 : 向う,  cos類似度 : 0.5814658588161854
単語 : 実,  cos類似度 : 0.573971101833199
-------------------------------
サンプル 51-------
単語 : 左翼,  cos類似度 : 0.06160000834084166
単語 : 右翼,  cos類似度 : 0.05961503440139353
単語 : 報復,  cos類似度 : 0.052619160250438786
単語 : 機動,  cos類似度 : 0.05005403863600742
単語 : 攻撃,  cos類似度 : 0.04694368427378221
-------------------------------
サンプル 52-------
単語 : よ,  cos類似度 : 0.5895857183806799
単語 : 実,  cos類似度 : 0.5747206769283802
単語 : 場所,  cos類似度 : 0.573180886544593
単語 : 周り,  cos類似度 : 0.5642619584599747
単語 : ん,  cos類似度 : 0.5624068277390106
-------------------------------
サンプル 53-------
単語 : 朝市,  cos類似度 : 0.19168804953905744
単語 : 淡路,  cos類似度 : 0.17943752507777708
単語 : 石垣,  cos類似度 : 0.16056413039903802
単語 : 港,  cos類似度 : 0.16024686615293982
単語 : ぶどう,  cos類似度 : 0.155480548091213
-------------------------------
サンプル 54-------
単語 : 緑色,  cos類似度 : 0.5858280571574465
単語 : 入り口,  cos類似度 : 0.5842625623489272
単語 : 向う,  cos類似度 : 0.5827534316940065
単語 : よ,  cos類似度 : 0.581600928547351
単語 : 隣,  cos類似度 : 0.580561922364809
-------------------------------
サンプル 55-------
単語 : 配線,  cos類似度 : 0.0014916954195837058
単語 : 接続,  cos類似度 : -0.01359094999605932
単語 : 溶接,  cos類似度 : -0.02763044055055552
単語 : 固定,  cos類似度 : -0.033745000629376284
単語 : ビス,  cos類似度 : -0.03380275839058809
-------------------------------
サンプル 56-------
単語 : よ,  cos類似度 : 0.5976208404780436
単語 : 実,  cos類似度 : 0.5797935308932064
単語 : 緑色,  cos類似度 : 0.5764753299033821
単語 : 見え,  cos類似度 : 0.5756701360907186
単語 : 周り,  cos類似度 : 0.5753365780647093
-------------------------------
サンプル 57-------
単語 : 右側,  cos類似度 : 0.5897322767049289
単語 : 左側,  cos類似度 : 0.5889374769575096
単語 : 手前,  cos類似度 : 0.5586839226644882
単語 : 左端,  cos類似度 : 0.5364928861897719
単語 : 真下,  cos類似度 : 0.5343930722848804
-------------------------------
サンプル 58-------
単語 : 隣,  cos類似度 : 0.5912130985385906
単語 : 向う,  cos類似度 : 0.5899467089310215
単語 : 周り,  cos類似度 : 0.5864753681528512
単語 : よ,  cos類似度 : 0.5842071772486299
単語 : 入り口,  cos類似度 : 0.5831888131856258
-------------------------------
サンプル 59-------
単語 : 緑色,  cos類似度 : 0.5536549093370186
単語 : 色,  cos類似度 : 0.545965260790767
単語 : 紫色,  cos類似度 : 0.5371434369627373
単語 : 周り,  cos類似度 : 0.5330809195653828
単語 : 実,  cos類似度 : 0.5251832698219691
-------------------------------
サンプル 60-------
単語 : よ,  cos類似度 : 0.5933706926166582
単語 : 入り口,  cos類似度 : 0.5832359849159043
単語 : 実,  cos類似度 : 0.5798133719004848
単語 : ん,  cos類似度 : 0.5786934739869123
単語 : 隣,  cos類似度 : 0.5771347284418084
-------------------------------
サンプル 61-------
単語 : 緑色,  cos類似度 : 0.5976907934547911
単語 : 実,  cos類似度 : 0.5866008874014336
単語 : 水色,  cos類似度 : 0.5790188527042112
単語 : 紫色,  cos類似度 : 0.5787312717526847
単語 : カラフル,  cos類似度 : 0.5713280725191636
-------------------------------
サンプル 62-------
単語 : よ,  cos類似度 : 0.5973574441718225
単語 : 実,  cos類似度 : 0.5844964232312162
単語 : 隣,  cos類似度 : 0.583333800643355
単語 : 入り口,  cos類似度 : 0.5779499111428927
単語 : 水色,  cos類似度 : 0.5773282124885651
-------------------------------
サンプル 63-------
単語 : 場所,  cos類似度 : 0.5681972489229264
単語 : 入り口,  cos類似度 : 0.5666485351643937
単語 : よ,  cos類似度 : 0.5631972995887397
単語 : ん,  cos類似度 : 0.551207312371999
単語 : 辺り,  cos類似度 : 0.546898349362525
-------------------------------
サンプル 64-------
単語 : 見え,  cos類似度 : 0.5885508396339889
単語 : よ,  cos類似度 : 0.5853516996531133
単語 : 場所,  cos類似度 : 0.5787900290681508
単語 : 隣,  cos類似度 : 0.5724244061172539
単語 : 実,  cos類似度 : 0.5717341770927346
-------------------------------
サンプル 65-------
単語 : 見え,  cos類似度 : 0.618884264829186
単語 : よ,  cos類似度 : 0.601650630451096
単語 : ん,  cos類似度 : 0.5788605942302022
単語 : 横,  cos類似度 : 0.5658845038851511
単語 : 真横,  cos類似度 : 0.5637972856198863
-------------------------------
サンプル 66-------
単語 : 見え,  cos類似度 : 0.5969131719313029
単語 : 周り,  cos類似度 : 0.5857941933689078
単語 : 緑色,  cos類似度 : 0.5853862017575567
単語 : 隣,  cos類似度 : 0.5835006332813484
単語 : 入り口,  cos類似度 : 0.5822885058167212
-------------------------------
サンプル 67-------
単語 : 中央,  cos類似度 : 0.38033691713851714
単語 : 向う,  cos類似度 : 0.3552580994058023
単語 : 隅,  cos類似度 : 0.34967840666520433
単語 : 幕,  cos類似度 : 0.34009382842321995
単語 : 四方,  cos類似度 : 0.3377566271770824
-------------------------------
サンプル 68-------
単語 : よ,  cos類似度 : 0.588013964572875
単語 : 見え,  cos類似度 : 0.5874615500973518
単語 : 水色,  cos類似度 : 0.5739760284779817
単語 : 真ん中,  cos類似度 : 0.5700475760646095
単語 : 周り,  cos類似度 : 0.5684699699886717
-------------------------------
サンプル 69-------
単語 : 見え,  cos類似度 : 0.5672592358590929
単語 : 綺麗,  cos類似度 : 0.5627565455145918
単語 : よ,  cos類似度 : 0.5593299695381108
単語 : 水色,  cos類似度 : 0.5558379606868674
単語 : ピンク,  cos類似度 : 0.5451390612384727
-------------------------------
サンプル 70-------
単語 : よ,  cos類似度 : 0.585094969821489
単語 : 隣,  cos類似度 : 0.5801940336838934
単語 : 周り,  cos類似度 : 0.5788868008921649
単語 : 向う,  cos類似度 : 0.5723020944038014
単語 : 実,  cos類似度 : 0.5676299877845307
-------------------------------
サンプル 71-------
単語 : 定時,  cos類似度 : -0.18616478053528557
単語 : 責任,  cos類似度 : -0.20243128970947086
単語 : 治安,  cos類似度 : -0.20559123598802365
単語 : 創設,  cos類似度 : -0.2074475132835667
単語 : 見方,  cos類似度 : -0.21296924598369898
-------------------------------
サンプル 72-------
単語 : 入り口,  cos類似度 : 0.5862204487418823
単語 : 向う,  cos類似度 : 0.5850437147932958
単語 : よ,  cos類似度 : 0.5828824308473352
単語 : 横,  cos類似度 : 0.5817183955681705
単語 : 隣,  cos類似度 : 0.5813640762778565
-------------------------------
サンプル 73-------
単語 : 入り口,  cos類似度 : 0.589423771099474
単語 : 真ん中,  cos類似度 : 0.5853147822309775
単語 : 横,  cos類似度 : 0.5787790762306046
単語 : 辺り,  cos類似度 : 0.5766561995011418
単語 : 手前,  cos類似度 : 0.574475528866277
-------------------------------
サンプル 74-------
単語 : 水色,  cos類似度 : 0.5872407391687093
単語 : 隣,  cos類似度 : 0.5821652264574199
単語 : 周り,  cos類似度 : 0.5779690095363575
単語 : 入り口,  cos類似度 : 0.576108229299315
単語 : 緑色,  cos類似度 : 0.5747537374701833
-------------------------------
サンプル 75-------
単語 : パープル,  cos類似度 : 0.1985912109121193
単語 : 空色,  cos類似度 : 0.18707385854746836
単語 : 色,  cos類似度 : 0.17922632807632938
単語 : オレンジ,  cos類似度 : 0.17807294599959872
単語 : 歓喜,  cos類似度 : 0.1776467118671611
-------------------------------
サンプル 76-------
単語 : よ,  cos類似度 : 0.5918881382333342
単語 : 場所,  cos類似度 : 0.5812894385042905
単語 : 入り口,  cos類似度 : 0.5775089509487926
単語 : ん,  cos類似度 : 0.5761501100880109
単語 : 水色,  cos類似度 : 0.5748987443684427
-------------------------------
サンプル 77-------
単語 : 風景,  cos類似度 : 0.5899694471649023
単語 : 人々,  cos類似度 : 0.5888160711856273
単語 : 場所,  cos類似度 : 0.5676054246945315
単語 : 景色,  cos類似度 : 0.5586627801475653
単語 : 街,  cos類似度 : 0.5568480480572267
-------------------------------
サンプル 78-------
単語 : 周り,  cos類似度 : 0.5990206283072409
単語 : 緑色,  cos類似度 : 0.5982057239976427
単語 : 茶色,  cos類似度 : 0.5962416898520115
単語 : 見え,  cos類似度 : 0.5949719987300939
単語 : 水色,  cos類似度 : 0.5915370264797654
-------------------------------
サンプル 79-------
単語 : お洒落,  cos類似度 : 0.4962681782614028
単語 : おしゃれ,  cos類似度 : 0.48357573854751984
単語 : 女の子,  cos類似度 : 0.4835318156128464
単語 : 写真,  cos類似度 : 0.47990523130347
単語 : 映像,  cos類似度 : 0.4793362932290465
-------------------------------
サンプル 80-------
単語 : 見え,  cos類似度 : 0.5930566736418901
単語 : よ,  cos類似度 : 0.5914224037055484
単語 : ん,  cos類似度 : 0.5780812355055805
単語 : 入り口,  cos類似度 : 0.5759982485105913
単語 : 周り,  cos類似度 : 0.5723147726546057
-------------------------------
サンプル 81-------
単語 : 日当たり,  cos類似度 : 0.2370845540485995
単語 : 荒地,  cos類似度 : 0.23403191849471816
単語 : 原野,  cos類似度 : 0.2177842588502233
単語 : 木立,  cos類似度 : 0.2141504658164256
単語 : 窓辺,  cos類似度 : 0.21414985167770942
-------------------------------
サンプル 82-------
単語 : 緑色,  cos類似度 : 0.5987316135015868
単語 : 見え,  cos類似度 : 0.5921447548482683
単語 : 水色,  cos類似度 : 0.5893409665868026
単語 : 隣,  cos類似度 : 0.5889501850369023
単語 : 入り口,  cos類似度 : 0.5851772197138579
-------------------------------
サンプル 83-------
単語 : 見え,  cos類似度 : 0.6104581298996548
単語 : 茶色,  cos類似度 : 0.5621836139221472
単語 : てっぺん,  cos類似度 : 0.5577367104134178
単語 : 緑色,  cos類似度 : 0.5573985598941926
単語 : 実,  cos類似度 : 0.5569087650906642
-------------------------------
サンプル 84-------
単語 : よ,  cos類似度 : 0.6032201701877784
単語 : 緑色,  cos類似度 : 0.6002637765025113
単語 : 見え,  cos類似度 : 0.5938730478285011
単語 : 水色,  cos類似度 : 0.5840592356339348
単語 : 実,  cos類似度 : 0.5775822957387917
-------------------------------
サンプル 85-------
単語 : ポリオ,  cos類似度 : -0.22527037988071955
単語 : 買,  cos類似度 : -0.2312283725887816
単語 : 在庫,  cos類似度 : -0.23801068284090407
単語 : 報酬,  cos類似度 : -0.2497639909467392
単語 : 家計,  cos類似度 : -0.25221087330759756
-------------------------------
サンプル 86-------
単語 : 隣,  cos類似度 : 0.5879264174378053
単語 : 入り口,  cos類似度 : 0.5848654033192883
単語 : 横,  cos類似度 : 0.5841563006561222
単語 : よ,  cos類似度 : 0.5797187052874476
単語 : 実,  cos類似度 : 0.5771384485993688
-------------------------------
サンプル 87-------
単語 : 一生,  cos類似度 : 0.19934400880002745
単語 : 当番,  cos類似度 : 0.19638563797935268
単語 : 立場,  cos類似度 : 0.19594724915732456
単語 : 病気,  cos類似度 : 0.1949716079933898
単語 : 役人,  cos類似度 : 0.19462626630340726
-------------------------------
サンプル 88-------
単語 : よ,  cos類似度 : 0.5936022113621324
単語 : 見え,  cos類似度 : 0.5802369470418829
単語 : 入り口,  cos類似度 : 0.5789728774144683
単語 : 周り,  cos類似度 : 0.5785832809769934
単語 : 横,  cos類似度 : 0.5740810155684408
-------------------------------
サンプル 89-------
単語 : 実,  cos類似度 : 0.5688714869257241
単語 : 周り,  cos類似度 : 0.5665863294579423
単語 : 周囲,  cos類似度 : 0.5453183831762993
単語 : 初め,  cos類似度 : 0.5434555737627941
単語 : 最初,  cos類似度 : 0.5419234871342724
-------------------------------
サンプル 90-------
単語 : 隣,  cos類似度 : 0.5853895158359367
単語 : 入り口,  cos類似度 : 0.5813399751755562
単語 : よ,  cos類似度 : 0.574996988445802
単語 : 向う,  cos類似度 : 0.5691570500089927
単語 : オブジェ,  cos類似度 : 0.5661201314235318
-------------------------------
サンプル 91-------
単語 : 向う,  cos類似度 : 0.5871868601131384
単語 : 遠く,  cos類似度 : 0.5760922181254702
単語 : 入り口,  cos類似度 : 0.5696024656575099
単語 : 景色,  cos類似度 : 0.5665906624528291
単語 : 真横,  cos類似度 : 0.5644530945056982
-------------------------------
サンプル 92-------
単語 : 入り口,  cos類似度 : 0.59487705019021
単語 : よ,  cos類似度 : 0.5854885369122289
単語 : 手前,  cos類似度 : 0.5816645973534346
単語 : 場所,  cos類似度 : 0.5815067337677239
単語 : 実,  cos類似度 : 0.5801752833360461
-------------------------------
サンプル 93-------
単語 : 隣,  cos類似度 : 0.6020531546775657
単語 : 入り口,  cos類似度 : 0.6003914956633036
単語 : 場所,  cos類似度 : 0.5960091735213054
単語 : 横,  cos類似度 : 0.5929592905369788
単語 : 真ん中,  cos類似度 : 0.59199984797736
-------------------------------
サンプル 94-------
単語 : 隣,  cos類似度 : 0.5863245009464187
単語 : 水色,  cos類似度 : 0.5858994305023357
単語 : 緑色,  cos類似度 : 0.5857666951022503
単語 : 見え,  cos類似度 : 0.5828943651472626
単語 : 向う,  cos類似度 : 0.5821712719818946
-------------------------------
サンプル 95-------
単語 : 淹,  cos類似度 : -0.19711253769009726
単語 : 買,  cos類似度 : -0.2148361430071514
単語 : 喪失,  cos類似度 : -0.2222582985628737
単語 : 丸井,  cos類似度 : -0.22482854346260248
単語 : 見方,  cos類似度 : -0.2258981793368107
-------------------------------
サンプル 96-------
単語 : よ,  cos類似度 : 0.5911369019958687
単語 : 入り口,  cos類似度 : 0.583010396408185
単語 : 隣,  cos類似度 : 0.5776534271128007
単語 : 見え,  cos類似度 : 0.5735317738436235
単語 : ん,  cos類似度 : 0.573037036315322
-------------------------------
サンプル 97-------
単語 : 緑色,  cos類似度 : 0.49452649446283886
単語 : 赤色,  cos類似度 : 0.4689762474389007
単語 : 真上,  cos類似度 : 0.45452616909569193
単語 : 頭上,  cos類似度 : 0.45270820993783
単語 : 黄色,  cos類似度 : 0.45011649458536057
-------------------------------
サンプル 98-------
単語 : 入り口,  cos類似度 : 0.5873386572068878
単語 : 隣,  cos類似度 : 0.5848072164037436
単語 : 見え,  cos類似度 : 0.5811123334262155
単語 : 横,  cos類似度 : 0.5800916025784618
単語 : 手前,  cos類似度 : 0.5770932977300443
-------------------------------
サンプル 99-------
単語 : よ,  cos類似度 : 0.5360057427253361
単語 : 地面,  cos類似度 : 0.5310075319185178
単語 : 横,  cos類似度 : 0.5288317141729065
単語 : 右手,  cos類似度 : 0.5261824774321665
単語 : てっぺん,  cos類似度 : 0.5253208722656248
-------------------------------
サンプル 100-------
単語 : 横,  cos類似度 : 0.5920535823700933
単語 : 入り口,  cos類似度 : 0.5883655740573781
単語 : よ,  cos類似度 : 0.5866353119441508
単語 : 手前,  cos類似度 : 0.5822954423332213
単語 : 見え,  cos類似度 : 0.5801070417248251
-------------------------------
サンプル 101-------
単語 : 胴体,  cos類似度 : 0.42421333992857413
単語 : 縦長,  cos類似度 : 0.4157369768847217
単語 : 蛍光,  cos類似度 : 0.4123836404531163
単語 : 網目,  cos類似度 : 0.4063761911573537
単語 : 黒色,  cos類似度 : 0.406167039687173
-------------------------------
サンプル 102-------
単語 : 隣,  cos類似度 : 0.5826071667847857
単語 : 周り,  cos類似度 : 0.579905607178214
単語 : 水色,  cos類似度 : 0.5770313959038488
単語 : よ,  cos類似度 : 0.5702027138290965
単語 : 入り口,  cos類似度 : 0.5665780024167815
-------------------------------
サンプル 103-------
単語 : よ,  cos類似度 : 0.5869641005247511
単語 : ん,  cos類似度 : 0.5711784631173031
単語 : 最初,  cos類似度 : 0.5636692602017048
単語 : 実,  cos類似度 : 0.5598766408930083
単語 : 周り,  cos類似度 : 0.5591531619989548
-------------------------------
サンプル 104-------
単語 : よ,  cos類似度 : 0.5928987806626056
単語 : 見え,  cos類似度 : 0.5797616800325348
単語 : 周り,  cos類似度 : 0.5679484057182822
単語 : 場所,  cos類似度 : 0.5655570144914818
単語 : 入り口,  cos類似度 : 0.5635766155969575
-------------------------------
サンプル 105-------
単語 : 緑色,  cos類似度 : 0.6079749284981985
単語 : 水色,  cos類似度 : 0.6009899569260176
単語 : 実,  cos類似度 : 0.5995192018151893
単語 : 朱色,  cos類似度 : 0.5855564572394577
単語 : 茶色,  cos類似度 : 0.5787948677591346
-------------------------------
サンプル 106-------
単語 : 緑色,  cos類似度 : 0.5847727977165618
単語 : 見え,  cos類似度 : 0.5825746516986411
単語 : 実,  cos類似度 : 0.5807790722403653
単語 : 向う,  cos類似度 : 0.580626596314082
単語 : 水色,  cos類似度 : 0.5774251861224914
-------------------------------
サンプル 107-------
単語 : 金色,  cos類似度 : 0.40443294469368624
単語 : 漆黒,  cos類似度 : 0.40364264141208916
単語 : 銀色,  cos類似度 : 0.39165680514992907
単語 : なぞ,  cos類似度 : 0.3874577086259662
単語 : 隻眼,  cos類似度 : 0.3872627041634852
-------------------------------
サンプル 108-------
単語 : よ,  cos類似度 : 0.5892356490910406
単語 : 緑色,  cos類似度 : 0.5726794603120746
単語 : 実,  cos類似度 : 0.5724512278256837
単語 : 周り,  cos類似度 : 0.5702853749732509
単語 : 不思議,  cos類似度 : 0.5687654741027798
-------------------------------
サンプル 109-------
単語 : 海,  cos類似度 : 0.4357813123265502
単語 : 海岸,  cos類似度 : 0.4105429730535641
単語 : 浜辺,  cos類似度 : 0.4051479226709259
単語 : 海辺,  cos類似度 : 0.3959754331770611
単語 : 現在,  cos類似度 : 0.380616648792612
-------------------------------
サンプル 110-------
単語 : 隣,  cos類似度 : 0.5838113263325204
単語 : 緑色,  cos類似度 : 0.5837330050886574
単語 : 入り口,  cos類似度 : 0.5823238950835171
単語 : 向う,  cos類似度 : 0.5814658588161854
単語 : 実,  cos類似度 : 0.573971101833199
-------------------------------
サンプル 111-------
単語 : 左翼,  cos類似度 : 0.06160000834084166
単語 : 右翼,  cos類似度 : 0.05961503440139353
単語 : 報復,  cos類似度 : 0.052619160250438786
単語 : 機動,  cos類似度 : 0.05005403863600742
単語 : 攻撃,  cos類似度 : 0.04694368427378221
-------------------------------
サンプル 112-------
単語 : よ,  cos類似度 : 0.5895857183806799
単語 : 実,  cos類似度 : 0.5747206769283802
単語 : 場所,  cos類似度 : 0.573180886544593
単語 : 周り,  cos類似度 : 0.5642619584599747
単語 : ん,  cos類似度 : 0.5624068277390106
-------------------------------
サンプル 113-------
単語 : 朝市,  cos類似度 : 0.19168804953905744
単語 : 淡路,  cos類似度 : 0.17943752507777708
単語 : 石垣,  cos類似度 : 0.16056413039903802
単語 : 港,  cos類似度 : 0.16024686615293982
単語 : ぶどう,  cos類似度 : 0.155480548091213
-------------------------------
サンプル 114-------
単語 : 緑色,  cos類似度 : 0.5858280571574465
単語 : 入り口,  cos類似度 : 0.5842625623489272
単語 : 向う,  cos類似度 : 0.5827534316940065
単語 : よ,  cos類似度 : 0.581600928547351
単語 : 隣,  cos類似度 : 0.580561922364809
-------------------------------
サンプル 115-------
単語 : 配線,  cos類似度 : 0.0014916954195837058
単語 : 接続,  cos類似度 : -0.01359094999605932
単語 : 溶接,  cos類似度 : -0.02763044055055552
単語 : 固定,  cos類似度 : -0.033745000629376284
単語 : ビス,  cos類似度 : -0.03380275839058809
-------------------------------
サンプル 116-------
単語 : よ,  cos類似度 : 0.5976208404780436
単語 : 実,  cos類似度 : 0.5797935308932064
単語 : 緑色,  cos類似度 : 0.5764753299033821
単語 : 見え,  cos類似度 : 0.5756701360907186
単語 : 周り,  cos類似度 : 0.5753365780647093
-------------------------------
サンプル 117-------
単語 : 右側,  cos類似度 : 0.5897322767049289
単語 : 左側,  cos類似度 : 0.5889374769575096
単語 : 手前,  cos類似度 : 0.5586839226644882
単語 : 左端,  cos類似度 : 0.5364928861897719
単語 : 真下,  cos類似度 : 0.5343930722848804
-------------------------------
サンプル 118-------
単語 : 隣,  cos類似度 : 0.5912130985385906
単語 : 向う,  cos類似度 : 0.5899467089310215
単語 : 周り,  cos類似度 : 0.5864753681528512
単語 : よ,  cos類似度 : 0.5842071772486299
単語 : 入り口,  cos類似度 : 0.5831888131856258
-------------------------------
サンプル 119-------
単語 : 緑色,  cos類似度 : 0.5536549093370186
単語 : 色,  cos類似度 : 0.545965260790767
単語 : 紫色,  cos類似度 : 0.5371434369627373
単語 : 周り,  cos類似度 : 0.5330809195653828
単語 : 実,  cos類似度 : 0.5251832698219691
-------------------------------
サンプル 120-------
単語 : よ,  cos類似度 : 0.5933706926166582
単語 : 入り口,  cos類似度 : 0.5832359849159043
単語 : 実,  cos類似度 : 0.5798133719004848
単語 : ん,  cos類似度 : 0.5786934739869123
単語 : 隣,  cos類似度 : 0.5771347284418084
-------------------------------
サンプル 121-------
単語 : 緑色,  cos類似度 : 0.5976907934547911
単語 : 実,  cos類似度 : 0.5866008874014336
単語 : 水色,  cos類似度 : 0.5790188527042112
単語 : 紫色,  cos類似度 : 0.5787312717526847
単語 : カラフル,  cos類似度 : 0.5713280725191636
-------------------------------
サンプル 122-------
単語 : よ,  cos類似度 : 0.5973574441718225
単語 : 実,  cos類似度 : 0.5844964232312162
単語 : 隣,  cos類似度 : 0.583333800643355
単語 : 入り口,  cos類似度 : 0.5779499111428927
単語 : 水色,  cos類似度 : 0.5773282124885651
-------------------------------
サンプル 123-------
単語 : 場所,  cos類似度 : 0.5681972489229264
単語 : 入り口,  cos類似度 : 0.5666485351643937
単語 : よ,  cos類似度 : 0.5631972995887397
単語 : ん,  cos類似度 : 0.551207312371999
単語 : 辺り,  cos類似度 : 0.546898349362525
-------------------------------
サンプル 124-------
単語 : 見え,  cos類似度 : 0.5885508396339889
単語 : よ,  cos類似度 : 0.5853516996531133
単語 : 場所,  cos類似度 : 0.5787900290681508
単語 : 隣,  cos類似度 : 0.5724244061172539
単語 : 実,  cos類似度 : 0.5717341770927346
-------------------------------
サンプル 125-------
単語 : 見え,  cos類似度 : 0.618884264829186
単語 : よ,  cos類似度 : 0.601650630451096
単語 : ん,  cos類似度 : 0.5788605942302022
単語 : 横,  cos類似度 : 0.5658845038851511
単語 : 真横,  cos類似度 : 0.5637972856198863
-------------------------------
サンプル 126-------
単語 : 見え,  cos類似度 : 0.5969131719313029
単語 : 周り,  cos類似度 : 0.5857941933689078
単語 : 緑色,  cos類似度 : 0.5853862017575567
単語 : 隣,  cos類似度 : 0.5835006332813484
単語 : 入り口,  cos類似度 : 0.5822885058167212
-------------------------------
サンプル 127-------
単語 : 中央,  cos類似度 : 0.38033691713851714
単語 : 向う,  cos類似度 : 0.3552580994058023
単語 : 隅,  cos類似度 : 0.34967840666520433
単語 : 幕,  cos類似度 : 0.34009382842321995
単語 : 四方,  cos類似度 : 0.3377566271770824
-------------------------------
サンプル 128-------
単語 : よ,  cos類似度 : 0.588013964572875
単語 : 見え,  cos類似度 : 0.5874615500973518
単語 : 水色,  cos類似度 : 0.5739760284779817
単語 : 真ん中,  cos類似度 : 0.5700475760646095
単語 : 周り,  cos類似度 : 0.5684699699886717
-------------------------------
サンプル 129-------
単語 : 見え,  cos類似度 : 0.5672592358590929
単語 : 綺麗,  cos類似度 : 0.5627565455145918
単語 : よ,  cos類似度 : 0.5593299695381108
単語 : 水色,  cos類似度 : 0.5558379606868674
単語 : ピンク,  cos類似度 : 0.5451390612384727
-------------------------------
サンプル 130-------
単語 : よ,  cos類似度 : 0.585094969821489
単語 : 隣,  cos類似度 : 0.5801940336838934
単語 : 周り,  cos類似度 : 0.5788868008921649
単語 : 向う,  cos類似度 : 0.5723020944038014
単語 : 実,  cos類似度 : 0.5676299877845307
-------------------------------
サンプル 131-------
単語 : 定時,  cos類似度 : -0.18616478053528557
単語 : 責任,  cos類似度 : -0.20243128970947086
単語 : 治安,  cos類似度 : -0.20559123598802365
単語 : 創設,  cos類似度 : -0.2074475132835667
単語 : 見方,  cos類似度 : -0.21296924598369898
-------------------------------
サンプル 132-------
単語 : 入り口,  cos類似度 : 0.5862204487418823
単語 : 向う,  cos類似度 : 0.5850437147932958
単語 : よ,  cos類似度 : 0.5828824308473352
単語 : 横,  cos類似度 : 0.5817183955681705
単語 : 隣,  cos類似度 : 0.5813640762778565
-------------------------------
サンプル 133-------
単語 : 入り口,  cos類似度 : 0.589423771099474
単語 : 真ん中,  cos類似度 : 0.5853147822309775
単語 : 横,  cos類似度 : 0.5787790762306046
単語 : 辺り,  cos類似度 : 0.5766561995011418
単語 : 手前,  cos類似度 : 0.574475528866277
-------------------------------
サンプル 134-------
単語 : 水色,  cos類似度 : 0.5872407391687093
単語 : 隣,  cos類似度 : 0.5821652264574199
単語 : 周り,  cos類似度 : 0.5779690095363575
単語 : 入り口,  cos類似度 : 0.576108229299315
単語 : 緑色,  cos類似度 : 0.5747537374701833
-------------------------------
サンプル 135-------
単語 : パープル,  cos類似度 : 0.1985912109121193
単語 : 空色,  cos類似度 : 0.18707385854746836
単語 : 色,  cos類似度 : 0.17922632807632938
単語 : オレンジ,  cos類似度 : 0.17807294599959872
単語 : 歓喜,  cos類似度 : 0.1776467118671611
-------------------------------
サンプル 136-------
単語 : よ,  cos類似度 : 0.5918881382333342
単語 : 場所,  cos類似度 : 0.5812894385042905
単語 : 入り口,  cos類似度 : 0.5775089509487926
単語 : ん,  cos類似度 : 0.5761501100880109
単語 : 水色,  cos類似度 : 0.5748987443684427
-------------------------------
サンプル 137-------
単語 : 風景,  cos類似度 : 0.5899694471649023
単語 : 人々,  cos類似度 : 0.5888160711856273
単語 : 場所,  cos類似度 : 0.5676054246945315
単語 : 景色,  cos類似度 : 0.5586627801475653
単語 : 街,  cos類似度 : 0.5568480480572267
-------------------------------
サンプル 138-------
単語 : 周り,  cos類似度 : 0.5990206283072409
単語 : 緑色,  cos類似度 : 0.5982057239976427
単語 : 茶色,  cos類似度 : 0.5962416898520115
単語 : 見え,  cos類似度 : 0.5949719987300939
単語 : 水色,  cos類似度 : 0.5915370264797654
-------------------------------
サンプル 139-------
単語 : お洒落,  cos類似度 : 0.4962681782614028
単語 : おしゃれ,  cos類似度 : 0.48357573854751984
単語 : 女の子,  cos類似度 : 0.4835318156128464
単語 : 写真,  cos類似度 : 0.47990523130347
単語 : 映像,  cos類似度 : 0.4793362932290465
-------------------------------
サンプル 140-------
単語 : 見え,  cos類似度 : 0.5930566736418901
単語 : よ,  cos類似度 : 0.5914224037055484
単語 : ん,  cos類似度 : 0.5780812355055805
単語 : 入り口,  cos類似度 : 0.5759982485105913
単語 : 周り,  cos類似度 : 0.5723147726546057
-------------------------------
サンプル 141-------
単語 : 日当たり,  cos類似度 : 0.2370845540485995
単語 : 荒地,  cos類似度 : 0.23403191849471816
単語 : 原野,  cos類似度 : 0.2177842588502233
単語 : 木立,  cos類似度 : 0.2141504658164256
単語 : 窓辺,  cos類似度 : 0.21414985167770942
-------------------------------
サンプル 142-------
単語 : 緑色,  cos類似度 : 0.5987316135015868
単語 : 見え,  cos類似度 : 0.5921447548482683
単語 : 水色,  cos類似度 : 0.5893409665868026
単語 : 隣,  cos類似度 : 0.5889501850369023
単語 : 入り口,  cos類似度 : 0.5851772197138579
-------------------------------
サンプル 143-------
単語 : 見え,  cos類似度 : 0.6104581298996548
単語 : 茶色,  cos類似度 : 0.5621836139221472
単語 : てっぺん,  cos類似度 : 0.5577367104134178
単語 : 緑色,  cos類似度 : 0.5573985598941926
単語 : 実,  cos類似度 : 0.5569087650906642
-------------------------------
サンプル 144-------
単語 : よ,  cos類似度 : 0.6032201701877784
単語 : 緑色,  cos類似度 : 0.6002637765025113
単語 : 見え,  cos類似度 : 0.5938730478285011
単語 : 水色,  cos類似度 : 0.5840592356339348
単語 : 実,  cos類似度 : 0.5775822957387917
-------------------------------
サンプル 145-------
単語 : ポリオ,  cos類似度 : -0.22527037988071955
単語 : 買,  cos類似度 : -0.2312283725887816
単語 : 在庫,  cos類似度 : -0.23801068284090407
単語 : 報酬,  cos類似度 : -0.2497639909467392
単語 : 家計,  cos類似度 : -0.25221087330759756
-------------------------------
サンプル 146-------
単語 : 隣,  cos類似度 : 0.5879264174378053
単語 : 入り口,  cos類似度 : 0.5848654033192883
単語 : 横,  cos類似度 : 0.5841563006561222
単語 : よ,  cos類似度 : 0.5797187052874476
単語 : 実,  cos類似度 : 0.5771384485993688
-------------------------------
サンプル 147-------
単語 : 一生,  cos類似度 : 0.19934400880002745
単語 : 当番,  cos類似度 : 0.19638563797935268
単語 : 立場,  cos類似度 : 0.19594724915732456
単語 : 病気,  cos類似度 : 0.1949716079933898
単語 : 役人,  cos類似度 : 0.19462626630340726
-------------------------------
サンプル 148-------
単語 : よ,  cos類似度 : 0.5936022113621324
単語 : 見え,  cos類似度 : 0.5802369470418829
単語 : 入り口,  cos類似度 : 0.5789728774144683
単語 : 周り,  cos類似度 : 0.5785832809769934
単語 : 横,  cos類似度 : 0.5740810155684408
-------------------------------
サンプル 149-------
単語 : 実,  cos類似度 : 0.5688714869257241
単語 : 周り,  cos類似度 : 0.5665863294579423
単語 : 周囲,  cos類似度 : 0.5453183831762993
単語 : 初め,  cos類似度 : 0.5434555737627941
単語 : 最初,  cos類似度 : 0.5419234871342724
-------------------------------
サンプル 150-------
単語 : 隣,  cos類似度 : 0.5853895158359367
単語 : 入り口,  cos類似度 : 0.5813399751755562
単語 : よ,  cos類似度 : 0.574996988445802
単語 : 向う,  cos類似度 : 0.5691570500089927
単語 : オブジェ,  cos類似度 : 0.5661201314235318
-------------------------------
サンプル 151-------
単語 : 向う,  cos類似度 : 0.5871868601131384
単語 : 遠く,  cos類似度 : 0.5760922181254702
単語 : 入り口,  cos類似度 : 0.5696024656575099
単語 : 景色,  cos類似度 : 0.5665906624528291
単語 : 真横,  cos類似度 : 0.5644530945056982
-------------------------------
サンプル 152-------
単語 : 入り口,  cos類似度 : 0.59487705019021
単語 : よ,  cos類似度 : 0.5854885369122289
単語 : 手前,  cos類似度 : 0.5816645973534346
単語 : 場所,  cos類似度 : 0.5815067337677239
単語 : 実,  cos類似度 : 0.5801752833360461
-------------------------------
サンプル 153-------
単語 : 隣,  cos類似度 : 0.6020531546775657
単語 : 入り口,  cos類似度 : 0.6003914956633036
単語 : 場所,  cos類似度 : 0.5960091735213054
単語 : 横,  cos類似度 : 0.5929592905369788
単語 : 真ん中,  cos類似度 : 0.59199984797736
-------------------------------
サンプル 154-------
単語 : 隣,  cos類似度 : 0.5863245009464187
単語 : 水色,  cos類似度 : 0.5858994305023357
単語 : 緑色,  cos類似度 : 0.5857666951022503
単語 : 見え,  cos類似度 : 0.5828943651472626
単語 : 向う,  cos類似度 : 0.5821712719818946
-------------------------------
サンプル 155-------
単語 : 淹,  cos類似度 : -0.19711253769009726
単語 : 買,  cos類似度 : -0.2148361430071514
単語 : 喪失,  cos類似度 : -0.2222582985628737
単語 : 丸井,  cos類似度 : -0.22482854346260248
単語 : 見方,  cos類似度 : -0.2258981793368107
-------------------------------
サンプル 156-------
単語 : よ,  cos類似度 : 0.5911369019958687
単語 : 入り口,  cos類似度 : 0.583010396408185
単語 : 隣,  cos類似度 : 0.5776534271128007
単語 : 見え,  cos類似度 : 0.5735317738436235
単語 : ん,  cos類似度 : 0.573037036315322
-------------------------------
サンプル 157-------
単語 : 緑色,  cos類似度 : 0.49452649446283886
単語 : 赤色,  cos類似度 : 0.4689762474389007
単語 : 真上,  cos類似度 : 0.45452616909569193
単語 : 頭上,  cos類似度 : 0.45270820993783
単語 : 黄色,  cos類似度 : 0.45011649458536057
-------------------------------
サンプル 158-------
単語 : 入り口,  cos類似度 : 0.5873386572068878
単語 : 隣,  cos類似度 : 0.5848072164037436
単語 : 見え,  cos類似度 : 0.5811123334262155
単語 : 横,  cos類似度 : 0.5800916025784618
単語 : 手前,  cos類似度 : 0.5770932977300443
-------------------------------
サンプル 159-------
単語 : よ,  cos類似度 : 0.5360057427253361
単語 : 地面,  cos類似度 : 0.5310075319185178
単語 : 横,  cos類似度 : 0.5288317141729065
単語 : 右手,  cos類似度 : 0.5261824774321665
単語 : てっぺん,  cos類似度 : 0.5253208722656248
-------------------------------
サンプル 160-------
単語 : 横,  cos類似度 : 0.5920535823700933
単語 : 入り口,  cos類似度 : 0.5883655740573781
単語 : よ,  cos類似度 : 0.5866353119441508
単語 : 手前,  cos類似度 : 0.5822954423332213
単語 : 見え,  cos類似度 : 0.5801070417248251
-------------------------------
サンプル 161-------
単語 : 胴体,  cos類似度 : 0.42421333992857413
単語 : 縦長,  cos類似度 : 0.4157369768847217
単語 : 蛍光,  cos類似度 : 0.4123836404531163
単語 : 網目,  cos類似度 : 0.4063761911573537
単語 : 黒色,  cos類似度 : 0.406167039687173
-------------------------------
サンプル 162-------
単語 : 隣,  cos類似度 : 0.5826071667847857
単語 : 周り,  cos類似度 : 0.579905607178214
単語 : 水色,  cos類似度 : 0.5770313959038488
単語 : よ,  cos類似度 : 0.5702027138290965
単語 : 入り口,  cos類似度 : 0.5665780024167815
-------------------------------
サンプル 163-------
単語 : よ,  cos類似度 : 0.5869641005247511
単語 : ん,  cos類似度 : 0.5711784631173031
単語 : 最初,  cos類似度 : 0.5636692602017048
単語 : 実,  cos類似度 : 0.5598766408930083
単語 : 周り,  cos類似度 : 0.5591531619989548
-------------------------------
サンプル 164-------
単語 : よ,  cos類似度 : 0.5928987806626056
単語 : 見え,  cos類似度 : 0.5797616800325348
単語 : 周り,  cos類似度 : 0.5679484057182822
単語 : 場所,  cos類似度 : 0.5655570144914818
単語 : 入り口,  cos類似度 : 0.5635766155969575
-------------------------------
サンプル 165-------
単語 : 緑色,  cos類似度 : 0.6079749284981985
単語 : 水色,  cos類似度 : 0.6009899569260176
単語 : 実,  cos類似度 : 0.5995192018151893
単語 : 朱色,  cos類似度 : 0.5855564572394577
単語 : 茶色,  cos類似度 : 0.5787948677591346
-------------------------------
サンプル 166-------
単語 : 緑色,  cos類似度 : 0.5847727977165618
単語 : 見え,  cos類似度 : 0.5825746516986411
単語 : 実,  cos類似度 : 0.5807790722403653
単語 : 向う,  cos類似度 : 0.580626596314082
単語 : 水色,  cos類似度 : 0.5774251861224914
-------------------------------
サンプル 167-------
単語 : 金色,  cos類似度 : 0.4044329446936866
単語 : 漆黒,  cos類似度 : 0.4036426414120893
単語 : 銀色,  cos類似度 : 0.39165680514992934
単語 : なぞ,  cos類似度 : 0.3874577086259664
単語 : 隻眼,  cos類似度 : 0.38726270416348535
-------------------------------
サンプル 168-------
単語 : よ,  cos類似度 : 0.5892356490910406
単語 : 緑色,  cos類似度 : 0.5726794603120746
単語 : 実,  cos類似度 : 0.5724512278256837
単語 : 周り,  cos類似度 : 0.5702853749732509
単語 : 不思議,  cos類似度 : 0.5687654741027798
-------------------------------
サンプル 169-------
単語 : 海,  cos類似度 : 0.4357813123265503
単語 : 海岸,  cos類似度 : 0.41054297305356413
単語 : 浜辺,  cos類似度 : 0.405147922670926
単語 : 海辺,  cos類似度 : 0.395975433177061
単語 : 現在,  cos類似度 : 0.38061664879261203
-------------------------------
サンプル 170-------
単語 : 隣,  cos類似度 : 0.5838113263325204
単語 : 緑色,  cos類似度 : 0.5837330050886574
単語 : 入り口,  cos類似度 : 0.5823238950835171
単語 : 向う,  cos類似度 : 0.5814658588161854
単語 : 実,  cos類似度 : 0.573971101833199
-------------------------------
サンプル 171-------
単語 : 左翼,  cos類似度 : 0.06160000834084166
単語 : 右翼,  cos類似度 : 0.05961503440139353
単語 : 報復,  cos類似度 : 0.052619160250438786
単語 : 機動,  cos類似度 : 0.05005403863600742
単語 : 攻撃,  cos類似度 : 0.04694368427378221
-------------------------------
サンプル 172-------
単語 : よ,  cos類似度 : 0.5895857183806799
単語 : 実,  cos類似度 : 0.5747206769283802
単語 : 場所,  cos類似度 : 0.573180886544593
単語 : 周り,  cos類似度 : 0.5642619584599747
単語 : ん,  cos類似度 : 0.5624068277390106
-------------------------------
サンプル 173-------
単語 : 朝市,  cos類似度 : 0.19168804953905744
単語 : 淡路,  cos類似度 : 0.17943752507777708
単語 : 石垣,  cos類似度 : 0.16056413039903802
単語 : 港,  cos類似度 : 0.16024686615293982
単語 : ぶどう,  cos類似度 : 0.155480548091213
-------------------------------
サンプル 174-------
単語 : 緑色,  cos類似度 : 0.5858280571574465
単語 : 入り口,  cos類似度 : 0.5842625623489272
単語 : 向う,  cos類似度 : 0.5827534316940065
単語 : よ,  cos類似度 : 0.581600928547351
単語 : 隣,  cos類似度 : 0.580561922364809
-------------------------------
サンプル 175-------
単語 : 配線,  cos類似度 : 0.0014916954195847059
単語 : 接続,  cos類似度 : -0.013590949996058347
単語 : 溶接,  cos類似度 : -0.02763044055055457
単語 : 固定,  cos類似度 : -0.03374500062937536
単語 : ビス,  cos類似度 : -0.03380275839058722
-------------------------------
サンプル 176-------
単語 : よ,  cos類似度 : 0.5976208404780436
単語 : 実,  cos類似度 : 0.5797935308932064
単語 : 緑色,  cos類似度 : 0.5764753299033821
単語 : 見え,  cos類似度 : 0.5756701360907186
単語 : 周り,  cos類似度 : 0.5753365780647093
-------------------------------
サンプル 177-------
単語 : 右側,  cos類似度 : 0.5897322767049289
単語 : 左側,  cos類似度 : 0.5889374769575096
単語 : 手前,  cos類似度 : 0.5586839226644882
単語 : 左端,  cos類似度 : 0.5364928861897719
単語 : 真下,  cos類似度 : 0.5343930722848804
-------------------------------
サンプル 178-------
単語 : 隣,  cos類似度 : 0.5912130985385906
単語 : 向う,  cos類似度 : 0.5899467089310215
単語 : 周り,  cos類似度 : 0.5864753681528512
単語 : よ,  cos類似度 : 0.5842071772486299
単語 : 入り口,  cos類似度 : 0.5831888131856258
-------------------------------
サンプル 179-------
単語 : 緑色,  cos類似度 : 0.5536549093370186
単語 : 色,  cos類似度 : 0.545965260790767
単語 : 紫色,  cos類似度 : 0.5371434369627373
単語 : 周り,  cos類似度 : 0.5330809195653828
単語 : 実,  cos類似度 : 0.5251832698219691
-------------------------------
サンプル 180-------
単語 : よ,  cos類似度 : 0.5933706926166582
単語 : 入り口,  cos類似度 : 0.5832359849159043
単語 : 実,  cos類似度 : 0.5798133719004848
単語 : ん,  cos類似度 : 0.5786934739869123
単語 : 隣,  cos類似度 : 0.5771347284418084
-------------------------------
サンプル 181-------
単語 : 緑色,  cos類似度 : 0.597690793454791
単語 : 実,  cos類似度 : 0.5866008874014338
単語 : 水色,  cos類似度 : 0.5790188527042109
単語 : 紫色,  cos類似度 : 0.5787312717526847
単語 : カラフル,  cos類似度 : 0.5713280725191636
-------------------------------
サンプル 182-------
単語 : よ,  cos類似度 : 0.5973574441718225
単語 : 実,  cos類似度 : 0.5844964232312162
単語 : 隣,  cos類似度 : 0.583333800643355
単語 : 入り口,  cos類似度 : 0.5779499111428927
単語 : 水色,  cos類似度 : 0.5773282124885651
-------------------------------
サンプル 183-------
単語 : 場所,  cos類似度 : 0.5681972489229266
単語 : 入り口,  cos類似度 : 0.5666485351643938
単語 : よ,  cos類似度 : 0.5631972995887398
単語 : ん,  cos類似度 : 0.5512073123719992
単語 : 辺り,  cos類似度 : 0.5468983493625249
-------------------------------
サンプル 184-------
単語 : 見え,  cos類似度 : 0.5885508396339889
単語 : よ,  cos類似度 : 0.5853516996531133
単語 : 場所,  cos類似度 : 0.5787900290681508
単語 : 隣,  cos類似度 : 0.5724244061172539
単語 : 実,  cos類似度 : 0.5717341770927346
-------------------------------
サンプル 185-------
単語 : 見え,  cos類似度 : 0.618884264829186
単語 : よ,  cos類似度 : 0.601650630451096
単語 : ん,  cos類似度 : 0.5788605942302022
単語 : 横,  cos類似度 : 0.5658845038851511
単語 : 真横,  cos類似度 : 0.5637972856198863
-------------------------------
サンプル 186-------
単語 : 見え,  cos類似度 : 0.5969131719313029
単語 : 周り,  cos類似度 : 0.5857941933689078
単語 : 緑色,  cos類似度 : 0.5853862017575567
単語 : 隣,  cos類似度 : 0.5835006332813484
単語 : 入り口,  cos類似度 : 0.5822885058167212
-------------------------------
サンプル 187-------
単語 : 中央,  cos類似度 : 0.38033691713851714
単語 : 向う,  cos類似度 : 0.3552580994058023
単語 : 隅,  cos類似度 : 0.34967840666520433
単語 : 幕,  cos類似度 : 0.34009382842321995
単語 : 四方,  cos類似度 : 0.3377566271770824
-------------------------------
サンプル 188-------
単語 : よ,  cos類似度 : 0.588013964572875
単語 : 見え,  cos類似度 : 0.5874615500973518
単語 : 水色,  cos類似度 : 0.5739760284779817
単語 : 真ん中,  cos類似度 : 0.5700475760646095
単語 : 周り,  cos類似度 : 0.5684699699886717
-------------------------------
サンプル 189-------
単語 : 見え,  cos類似度 : 0.5672592358590921
単語 : 綺麗,  cos類似度 : 0.5627565455145914
単語 : よ,  cos類似度 : 0.5593299695381101
単語 : 水色,  cos類似度 : 0.5558379606868665
単語 : ピンク,  cos類似度 : 0.5451390612384726
-------------------------------
サンプル 190-------
単語 : よ,  cos類似度 : 0.585094969821489
単語 : 隣,  cos類似度 : 0.5801940336838936
単語 : 周り,  cos類似度 : 0.578886800892165
単語 : 向う,  cos類似度 : 0.5723020944038012
単語 : 実,  cos類似度 : 0.5676299877845306
-------------------------------
サンプル 191-------
単語 : 定時,  cos類似度 : -0.18616478053528557
単語 : 責任,  cos類似度 : -0.20243128970947086
単語 : 治安,  cos類似度 : -0.20559123598802365
単語 : 創設,  cos類似度 : -0.2074475132835667
単語 : 見方,  cos類似度 : -0.21296924598369898
-------------------------------
サンプル 192-------
単語 : 入り口,  cos類似度 : 0.5862204487418823
単語 : 向う,  cos類似度 : 0.5850437147932958
単語 : よ,  cos類似度 : 0.5828824308473352
単語 : 横,  cos類似度 : 0.5817183955681705
単語 : 隣,  cos類似度 : 0.5813640762778565
-------------------------------
サンプル 193-------
単語 : 入り口,  cos類似度 : 0.589423771099474
単語 : 真ん中,  cos類似度 : 0.5853147822309775
単語 : 横,  cos類似度 : 0.5787790762306046
単語 : 辺り,  cos類似度 : 0.5766561995011418
単語 : 手前,  cos類似度 : 0.574475528866277
-------------------------------
サンプル 194-------
単語 : 水色,  cos類似度 : 0.5872407391687093
単語 : 隣,  cos類似度 : 0.5821652264574199
単語 : 周り,  cos類似度 : 0.5779690095363575
単語 : 入り口,  cos類似度 : 0.576108229299315
単語 : 緑色,  cos類似度 : 0.5747537374701833
-------------------------------
サンプル 195-------
単語 : パープル,  cos類似度 : 0.19859121091211931
単語 : 空色,  cos類似度 : 0.18707385854746822
単語 : 色,  cos類似度 : 0.1792263280763293
単語 : オレンジ,  cos類似度 : 0.17807294599959855
単語 : 歓喜,  cos類似度 : 0.17764671186716113
-------------------------------
サンプル 196-------
単語 : よ,  cos類似度 : 0.5918881382333342
単語 : 場所,  cos類似度 : 0.5812894385042905
単語 : 入り口,  cos類似度 : 0.5775089509487926
単語 : ん,  cos類似度 : 0.5761501100880109
単語 : 水色,  cos類似度 : 0.5748987443684427
-------------------------------
サンプル 197-------
単語 : 風景,  cos類似度 : 0.5899694471649023
単語 : 人々,  cos類似度 : 0.5888160711856273
単語 : 場所,  cos類似度 : 0.5676054246945315
単語 : 景色,  cos類似度 : 0.5586627801475653
単語 : 街,  cos類似度 : 0.5568480480572267
-------------------------------
サンプル 198-------
単語 : 周り,  cos類似度 : 0.5990206283072409
単語 : 緑色,  cos類似度 : 0.5982057239976427
単語 : 茶色,  cos類似度 : 0.5962416898520115
単語 : 見え,  cos類似度 : 0.5949719987300939
単語 : 水色,  cos類似度 : 0.5915370264797654
-------------------------------
サンプル 199-------
単語 : お洒落,  cos類似度 : 0.4962681782614028
単語 : おしゃれ,  cos類似度 : 0.48357573854751984
単語 : 女の子,  cos類似度 : 0.4835318156128464
単語 : 写真,  cos類似度 : 0.47990523130347
単語 : 映像,  cos類似度 : 0.4793362932290465
-------------------------------
サンプル 200-------
単語 : 見え,  cos類似度 : 0.5930566736418901
単語 : よ,  cos類似度 : 0.5914224037055484
単語 : ん,  cos類似度 : 0.5780812355055805
単語 : 入り口,  cos類似度 : 0.5759982485105913
単語 : 周り,  cos類似度 : 0.5723147726546057
-------------------------------
サンプル 201-------
単語 : 日当たり,  cos類似度 : 0.2370845540485995
単語 : 荒地,  cos類似度 : 0.23403191849471816
単語 : 原野,  cos類似度 : 0.2177842588502233
単語 : 木立,  cos類似度 : 0.2141504658164256
単語 : 窓辺,  cos類似度 : 0.21414985167770942
-------------------------------
サンプル 202-------
単語 : 緑色,  cos類似度 : 0.5987316135015868
単語 : 見え,  cos類似度 : 0.5921447548482683
単語 : 水色,  cos類似度 : 0.5893409665868026
単語 : 隣,  cos類似度 : 0.5889501850369023
単語 : 入り口,  cos類似度 : 0.5851772197138579
-------------------------------
サンプル 203-------
単語 : 見え,  cos類似度 : 0.6104581298996548
単語 : 茶色,  cos類似度 : 0.5621836139221472
単語 : てっぺん,  cos類似度 : 0.5577367104134178
単語 : 緑色,  cos類似度 : 0.5573985598941926
単語 : 実,  cos類似度 : 0.5569087650906641
-------------------------------
サンプル 204-------
単語 : よ,  cos類似度 : 0.6032201701877784
単語 : 緑色,  cos類似度 : 0.6002637765025113
単語 : 見え,  cos類似度 : 0.5938730478285011
単語 : 水色,  cos類似度 : 0.5840592356339348
単語 : 実,  cos類似度 : 0.5775822957387917
-------------------------------
サンプル 205-------
単語 : ポリオ,  cos類似度 : -0.22527037988071955
単語 : 買,  cos類似度 : -0.2312283725887816
単語 : 在庫,  cos類似度 : -0.23801068284090407
単語 : 報酬,  cos類似度 : -0.2497639909467392
単語 : 家計,  cos類似度 : -0.25221087330759756
-------------------------------
サンプル 206-------
単語 : 隣,  cos類似度 : 0.5879264174378053
単語 : 入り口,  cos類似度 : 0.5848654033192883
単語 : 横,  cos類似度 : 0.5841563006561222
単語 : よ,  cos類似度 : 0.5797187052874476
単語 : 実,  cos類似度 : 0.5771384485993688
-------------------------------
サンプル 207-------
単語 : 一生,  cos類似度 : 0.19934400880002745
単語 : 当番,  cos類似度 : 0.19638563797935268
単語 : 立場,  cos類似度 : 0.19594724915732456
単語 : 病気,  cos類似度 : 0.1949716079933898
単語 : 役人,  cos類似度 : 0.19462626630340726
-------------------------------
サンプル 208-------
単語 : よ,  cos類似度 : 0.5936022113621324
単語 : 見え,  cos類似度 : 0.5802369470418829
単語 : 入り口,  cos類似度 : 0.5789728774144683
単語 : 周り,  cos類似度 : 0.5785832809769934
単語 : 横,  cos類似度 : 0.5740810155684408
-------------------------------
サンプル 209-------
単語 : 実,  cos類似度 : 0.5688714869257242
単語 : 周り,  cos類似度 : 0.5665863294579423
単語 : 周囲,  cos類似度 : 0.5453183831762993
単語 : 初め,  cos類似度 : 0.5434555737627941
単語 : 最初,  cos類似度 : 0.5419234871342724
-------------------------------
サンプル 210-------
単語 : 隣,  cos類似度 : 0.5853895158359367
単語 : 入り口,  cos類似度 : 0.5813399751755562
単語 : よ,  cos類似度 : 0.574996988445802
単語 : 向う,  cos類似度 : 0.5691570500089927
単語 : オブジェ,  cos類似度 : 0.5661201314235318
-------------------------------
サンプル 211-------
単語 : 向う,  cos類似度 : 0.5871868601131384
単語 : 遠く,  cos類似度 : 0.5760922181254702
単語 : 入り口,  cos類似度 : 0.5696024656575098
単語 : 景色,  cos類似度 : 0.5665906624528291
単語 : 真横,  cos類似度 : 0.5644530945056984
-------------------------------
サンプル 212-------
単語 : 入り口,  cos類似度 : 0.59487705019021
単語 : よ,  cos類似度 : 0.5854885369122289
単語 : 手前,  cos類似度 : 0.5816645973534346
単語 : 場所,  cos類似度 : 0.5815067337677239
単語 : 実,  cos類似度 : 0.5801752833360461
-------------------------------
サンプル 213-------
単語 : 隣,  cos類似度 : 0.6020531546775657
単語 : 入り口,  cos類似度 : 0.6003914956633036
単語 : 場所,  cos類似度 : 0.5960091735213054
単語 : 横,  cos類似度 : 0.5929592905369788
単語 : 真ん中,  cos類似度 : 0.59199984797736
-------------------------------
サンプル 214-------
単語 : 隣,  cos類似度 : 0.5863245009464187
単語 : 水色,  cos類似度 : 0.5858994305023357
単語 : 緑色,  cos類似度 : 0.5857666951022503
単語 : 見え,  cos類似度 : 0.5828943651472626
単語 : 向う,  cos類似度 : 0.5821712719818946
-------------------------------
サンプル 215-------
単語 : 淹,  cos類似度 : -0.19711253769009726
単語 : 買,  cos類似度 : -0.2148361430071514
単語 : 喪失,  cos類似度 : -0.2222582985628737
単語 : 丸井,  cos類似度 : -0.22482854346260248
単語 : 見方,  cos類似度 : -0.2258981793368107
-------------------------------
サンプル 216-------
単語 : よ,  cos類似度 : 0.5911369019958687
単語 : 入り口,  cos類似度 : 0.583010396408185
単語 : 隣,  cos類似度 : 0.5776534271128007
単語 : 見え,  cos類似度 : 0.5735317738436235
単語 : ん,  cos類似度 : 0.573037036315322
-------------------------------
サンプル 217-------
単語 : 緑色,  cos類似度 : 0.4945264944628388
単語 : 赤色,  cos類似度 : 0.4689762474389006
単語 : 真上,  cos類似度 : 0.45452616909569193
単語 : 頭上,  cos類似度 : 0.45270820993783
単語 : 黄色,  cos類似度 : 0.4501164945853605
-------------------------------
サンプル 218-------
単語 : 入り口,  cos類似度 : 0.5873386572068878
単語 : 隣,  cos類似度 : 0.5848072164037436
単語 : 見え,  cos類似度 : 0.5811123334262155
単語 : 横,  cos類似度 : 0.5800916025784618
単語 : 手前,  cos類似度 : 0.5770932977300443
-------------------------------
サンプル 219-------
単語 : よ,  cos類似度 : 0.5360057427253361
単語 : 地面,  cos類似度 : 0.5310075319185178
単語 : 横,  cos類似度 : 0.5288317141729065
単語 : 右手,  cos類似度 : 0.5261824774321665
単語 : てっぺん,  cos類似度 : 0.5253208722656248
-------------------------------
サンプル 220-------
単語 : 横,  cos類似度 : 0.5920535823700933
単語 : 入り口,  cos類似度 : 0.5883655740573781
単語 : よ,  cos類似度 : 0.5866353119441508
単語 : 手前,  cos類似度 : 0.5822954423332213
単語 : 見え,  cos類似度 : 0.5801070417248251
-------------------------------
サンプル 221-------
単語 : 胴体,  cos類似度 : 0.42421333992857413
単語 : 縦長,  cos類似度 : 0.4157369768847217
単語 : 蛍光,  cos類似度 : 0.4123836404531163
単語 : 網目,  cos類似度 : 0.4063761911573537
単語 : 黒色,  cos類似度 : 0.406167039687173
-------------------------------
サンプル 222-------
単語 : 隣,  cos類似度 : 0.5826071667847857
単語 : 周り,  cos類似度 : 0.579905607178214
単語 : 水色,  cos類似度 : 0.5770313959038488
単語 : よ,  cos類似度 : 0.5702027138290965
単語 : 入り口,  cos類似度 : 0.5665780024167815
-------------------------------
サンプル 223-------
単語 : よ,  cos類似度 : 0.5869641005247512
単語 : ん,  cos類似度 : 0.571178463117303
単語 : 最初,  cos類似度 : 0.5636692602017048
単語 : 実,  cos類似度 : 0.5598766408930083
単語 : 周り,  cos類似度 : 0.5591531619989548
-------------------------------
サンプル 224-------
単語 : よ,  cos類似度 : 0.5928987806626056
単語 : 見え,  cos類似度 : 0.5797616800325348
単語 : 周り,  cos類似度 : 0.5679484057182822
単語 : 場所,  cos類似度 : 0.5655570144914818
単語 : 入り口,  cos類似度 : 0.5635766155969575
-------------------------------
サンプル 225-------
単語 : 緑色,  cos類似度 : 0.6079749284981985
単語 : 水色,  cos類似度 : 0.6009899569260176
単語 : 実,  cos類似度 : 0.5995192018151894
単語 : 朱色,  cos類似度 : 0.5855564572394577
単語 : 茶色,  cos類似度 : 0.5787948677591348
-------------------------------
サンプル 226-------
単語 : 緑色,  cos類似度 : 0.5847727977165618
単語 : 見え,  cos類似度 : 0.5825746516986411
単語 : 実,  cos類似度 : 0.5807790722403653
単語 : 向う,  cos類似度 : 0.580626596314082
単語 : 水色,  cos類似度 : 0.5774251861224914
-------------------------------
サンプル 227-------
単語 : 金色,  cos類似度 : 0.40443294469368624
単語 : 漆黒,  cos類似度 : 0.40364264141208916
単語 : 銀色,  cos類似度 : 0.39165680514992907
単語 : なぞ,  cos類似度 : 0.3874577086259662
単語 : 隻眼,  cos類似度 : 0.3872627041634852
-------------------------------
サンプル 228-------
単語 : よ,  cos類似度 : 0.5892356490910406
単語 : 緑色,  cos類似度 : 0.5726794603120746
単語 : 実,  cos類似度 : 0.5724512278256837
単語 : 周り,  cos類似度 : 0.5702853749732509
単語 : 不思議,  cos類似度 : 0.5687654741027798
-------------------------------
サンプル 229-------
単語 : 海,  cos類似度 : 0.4357813123265502
単語 : 海岸,  cos類似度 : 0.4105429730535641
単語 : 浜辺,  cos類似度 : 0.4051479226709259
単語 : 海辺,  cos類似度 : 0.3959754331770611
単語 : 現在,  cos類似度 : 0.380616648792612
-------------------------------
サンプル 230-------
単語 : 隣,  cos類似度 : 0.5838113263325204
単語 : 緑色,  cos類似度 : 0.5837330050886574
単語 : 入り口,  cos類似度 : 0.5823238950835171
単語 : 向う,  cos類似度 : 0.5814658588161854
単語 : 実,  cos類似度 : 0.573971101833199
-------------------------------
サンプル 231-------
単語 : 左翼,  cos類似度 : 0.06160000834084245
単語 : 右翼,  cos類似度 : 0.05961503440139435
単語 : 報復,  cos類似度 : 0.05261916025043959
単語 : 機動,  cos類似度 : 0.050054038636008075
単語 : 攻撃,  cos類似度 : 0.04694368427378301
-------------------------------
サンプル 232-------
単語 : よ,  cos類似度 : 0.5895857183806799
単語 : 実,  cos類似度 : 0.5747206769283802
単語 : 場所,  cos類似度 : 0.573180886544593
単語 : 周り,  cos類似度 : 0.5642619584599747
単語 : ん,  cos類似度 : 0.5624068277390106
-------------------------------
サンプル 233-------
単語 : 朝市,  cos類似度 : 0.19168804953905744
単語 : 淡路,  cos類似度 : 0.17943752507777708
単語 : 石垣,  cos類似度 : 0.16056413039903802
単語 : 港,  cos類似度 : 0.16024686615293982
単語 : ぶどう,  cos類似度 : 0.155480548091213
-------------------------------
サンプル 234-------
単語 : 緑色,  cos類似度 : 0.5858280571574465
単語 : 入り口,  cos類似度 : 0.5842625623489272
単語 : 向う,  cos類似度 : 0.5827534316940065
単語 : よ,  cos類似度 : 0.581600928547351
単語 : 隣,  cos類似度 : 0.580561922364809
-------------------------------
サンプル 235-------
単語 : 配線,  cos類似度 : 0.0014916954195837058
単語 : 接続,  cos類似度 : -0.01359094999605932
単語 : 溶接,  cos類似度 : -0.02763044055055552
単語 : 固定,  cos類似度 : -0.033745000629376284
単語 : ビス,  cos類似度 : -0.03380275839058809
-------------------------------
サンプル 236-------
単語 : よ,  cos類似度 : 0.5976208404780436
単語 : 実,  cos類似度 : 0.5797935308932064
単語 : 緑色,  cos類似度 : 0.5764753299033821
単語 : 見え,  cos類似度 : 0.5756701360907186
単語 : 周り,  cos類似度 : 0.5753365780647093
-------------------------------
サンプル 237-------
単語 : 右側,  cos類似度 : 0.589732276704928
単語 : 左側,  cos類似度 : 0.5889374769575089
単語 : 手前,  cos類似度 : 0.5586839226644873
単語 : 左端,  cos類似度 : 0.536492886189771
単語 : 真下,  cos類似度 : 0.5343930722848795
-------------------------------
サンプル 238-------
単語 : 隣,  cos類似度 : 0.5912130985385906
単語 : 向う,  cos類似度 : 0.5899467089310214
単語 : 周り,  cos類似度 : 0.5864753681528511
単語 : よ,  cos類似度 : 0.5842071772486299
単語 : 入り口,  cos類似度 : 0.5831888131856258
-------------------------------
サンプル 239-------
単語 : 緑色,  cos類似度 : 0.5536549093370187
単語 : 色,  cos類似度 : 0.545965260790767
単語 : 紫色,  cos類似度 : 0.5371434369627373
単語 : 周り,  cos類似度 : 0.5330809195653828
単語 : 実,  cos類似度 : 0.5251832698219693
-------------------------------
サンプル 240-------
単語 : よ,  cos類似度 : 0.5933706926166582
単語 : 入り口,  cos類似度 : 0.5832359849159043
単語 : 実,  cos類似度 : 0.5798133719004848
単語 : ん,  cos類似度 : 0.5786934739869123
単語 : 隣,  cos類似度 : 0.5771347284418084
-------------------------------
サンプル 241-------
単語 : 緑色,  cos類似度 : 0.5976907934547911
単語 : 実,  cos類似度 : 0.5866008874014336
単語 : 水色,  cos類似度 : 0.5790188527042112
単語 : 紫色,  cos類似度 : 0.5787312717526847
単語 : カラフル,  cos類似度 : 0.5713280725191636
-------------------------------
サンプル 242-------
単語 : よ,  cos類似度 : 0.5973574441718225
単語 : 実,  cos類似度 : 0.5844964232312162
単語 : 隣,  cos類似度 : 0.583333800643355
単語 : 入り口,  cos類似度 : 0.5779499111428927
単語 : 水色,  cos類似度 : 0.5773282124885651
-------------------------------
サンプル 243-------
単語 : 場所,  cos類似度 : 0.5681972489229264
単語 : 入り口,  cos類似度 : 0.5666485351643937
単語 : よ,  cos類似度 : 0.5631972995887397
単語 : ん,  cos類似度 : 0.551207312371999
単語 : 辺り,  cos類似度 : 0.546898349362525
-------------------------------
サンプル 244-------
単語 : 見え,  cos類似度 : 0.5885508396339889
単語 : よ,  cos類似度 : 0.5853516996531133
単語 : 場所,  cos類似度 : 0.5787900290681508
単語 : 隣,  cos類似度 : 0.5724244061172539
単語 : 実,  cos類似度 : 0.5717341770927346
-------------------------------
サンプル 245-------
単語 : 見え,  cos類似度 : 0.6188842648291862
単語 : よ,  cos類似度 : 0.601650630451096
単語 : ん,  cos類似度 : 0.5788605942302023
単語 : 横,  cos類似度 : 0.5658845038851509
単語 : 真横,  cos類似度 : 0.5637972856198862
-------------------------------
サンプル 246-------
単語 : 見え,  cos類似度 : 0.5969131719313029
単語 : 周り,  cos類似度 : 0.5857941933689078
単語 : 緑色,  cos類似度 : 0.5853862017575567
単語 : 隣,  cos類似度 : 0.5835006332813484
単語 : 入り口,  cos類似度 : 0.5822885058167212
-------------------------------
サンプル 247-------
単語 : 中央,  cos類似度 : 0.38033691713851714
単語 : 向う,  cos類似度 : 0.3552580994058023
単語 : 隅,  cos類似度 : 0.34967840666520433
単語 : 幕,  cos類似度 : 0.34009382842321995
単語 : 四方,  cos類似度 : 0.3377566271770824
-------------------------------
サンプル 248-------
単語 : よ,  cos類似度 : 0.588013964572875
単語 : 見え,  cos類似度 : 0.5874615500973518
単語 : 水色,  cos類似度 : 0.5739760284779817
単語 : 真ん中,  cos類似度 : 0.5700475760646095
単語 : 周り,  cos類似度 : 0.5684699699886717
-------------------------------
サンプル 249-------
単語 : 見え,  cos類似度 : 0.5672592358590929
単語 : 綺麗,  cos類似度 : 0.5627565455145918
単語 : よ,  cos類似度 : 0.5593299695381108
単語 : 水色,  cos類似度 : 0.5558379606868674
単語 : ピンク,  cos類似度 : 0.5451390612384727
-------------------------------
サンプル 250-------
単語 : よ,  cos類似度 : 0.585094969821489
単語 : 隣,  cos類似度 : 0.5801940336838934
単語 : 周り,  cos類似度 : 0.5788868008921649
単語 : 向う,  cos類似度 : 0.5723020944038014
単語 : 実,  cos類似度 : 0.5676299877845307
-------------------------------
サンプル 251-------
単語 : 定時,  cos類似度 : -0.18616478053528565
単語 : 責任,  cos類似度 : -0.20243128970947094
単語 : 治安,  cos類似度 : -0.2055912359880236
単語 : 創設,  cos類似度 : -0.20744751328356675
単語 : 見方,  cos類似度 : -0.2129692459836991
-------------------------------
サンプル 252-------
単語 : 入り口,  cos類似度 : 0.5862204487418823
単語 : 向う,  cos類似度 : 0.5850437147932958
単語 : よ,  cos類似度 : 0.5828824308473352
単語 : 横,  cos類似度 : 0.5817183955681705
単語 : 隣,  cos類似度 : 0.5813640762778565
-------------------------------
サンプル 253-------
単語 : 入り口,  cos類似度 : 0.5894237710994739
単語 : 真ん中,  cos類似度 : 0.5853147822309775
単語 : 横,  cos類似度 : 0.5787790762306046
単語 : 辺り,  cos類似度 : 0.5766561995011418
単語 : 手前,  cos類似度 : 0.574475528866277
-------------------------------
サンプル 254-------
単語 : 水色,  cos類似度 : 0.5872407391687093
単語 : 隣,  cos類似度 : 0.5821652264574199
単語 : 周り,  cos類似度 : 0.5779690095363575
単語 : 入り口,  cos類似度 : 0.576108229299315
単語 : 緑色,  cos類似度 : 0.5747537374701833
-------------------------------
サンプル 255-------
単語 : パープル,  cos類似度 : 0.1985912109121193
単語 : 空色,  cos類似度 : 0.18707385854746836
単語 : 色,  cos類似度 : 0.17922632807632938
単語 : オレンジ,  cos類似度 : 0.17807294599959872
単語 : 歓喜,  cos類似度 : 0.1776467118671611
-------------------------------
サンプル 256-------
単語 : よ,  cos類似度 : 0.5918881382333342
単語 : 場所,  cos類似度 : 0.5812894385042905
単語 : 入り口,  cos類似度 : 0.5775089509487926
単語 : ん,  cos類似度 : 0.5761501100880109
単語 : 水色,  cos類似度 : 0.5748987443684427
-------------------------------
サンプル 257-------
単語 : 風景,  cos類似度 : 0.5899694471649023
単語 : 人々,  cos類似度 : 0.5888160711856273
単語 : 場所,  cos類似度 : 0.5676054246945315
単語 : 景色,  cos類似度 : 0.5586627801475653
単語 : 街,  cos類似度 : 0.5568480480572267
-------------------------------
サンプル 258-------
単語 : 周り,  cos類似度 : 0.5990206283072409
単語 : 緑色,  cos類似度 : 0.5982057239976427
単語 : 茶色,  cos類似度 : 0.5962416898520115
単語 : 見え,  cos類似度 : 0.5949719987300939
単語 : 水色,  cos類似度 : 0.5915370264797654
-------------------------------
サンプル 259-------
単語 : お洒落,  cos類似度 : 0.4962681782614028
単語 : おしゃれ,  cos類似度 : 0.48357573854751984
単語 : 女の子,  cos類似度 : 0.4835318156128464
単語 : 写真,  cos類似度 : 0.47990523130347
単語 : 映像,  cos類似度 : 0.4793362932290465
-------------------------------
サンプル 260-------
単語 : 見え,  cos類似度 : 0.5930566736418901
単語 : よ,  cos類似度 : 0.5914224037055484
単語 : ん,  cos類似度 : 0.5780812355055805
単語 : 入り口,  cos類似度 : 0.5759982485105913
単語 : 周り,  cos類似度 : 0.5723147726546057
-------------------------------
サンプル 261-------
単語 : 日当たり,  cos類似度 : 0.2370845540485995
単語 : 荒地,  cos類似度 : 0.23403191849471816
単語 : 原野,  cos類似度 : 0.2177842588502233
単語 : 木立,  cos類似度 : 0.2141504658164256
単語 : 窓辺,  cos類似度 : 0.21414985167770942
-------------------------------
サンプル 262-------
単語 : 緑色,  cos類似度 : 0.5987316135015868
単語 : 見え,  cos類似度 : 0.5921447548482683
単語 : 水色,  cos類似度 : 0.5893409665868026
単語 : 隣,  cos類似度 : 0.5889501850369023
単語 : 入り口,  cos類似度 : 0.5851772197138579
-------------------------------
サンプル 263-------
単語 : 見え,  cos類似度 : 0.6104581298996548
単語 : 茶色,  cos類似度 : 0.5621836139221472
単語 : てっぺん,  cos類似度 : 0.5577367104134178
単語 : 緑色,  cos類似度 : 0.5573985598941926
単語 : 実,  cos類似度 : 0.5569087650906642
-------------------------------
サンプル 264-------
単語 : よ,  cos類似度 : 0.6032201701877784
単語 : 緑色,  cos類似度 : 0.6002637765025113
単語 : 見え,  cos類似度 : 0.5938730478285011
単語 : 水色,  cos類似度 : 0.5840592356339348
単語 : 実,  cos類似度 : 0.5775822957387917
-------------------------------
サンプル 265-------
単語 : ポリオ,  cos類似度 : -0.2252703798807195
単語 : 買,  cos類似度 : -0.23122837258878148
単語 : 在庫,  cos類似度 : -0.23801068284090396
単語 : 報酬,  cos類似度 : -0.24976399094673926
単語 : 家計,  cos類似度 : -0.25221087330759756
-------------------------------
サンプル 266-------
単語 : 隣,  cos類似度 : 0.5879264174378053
単語 : 入り口,  cos類似度 : 0.5848654033192883
単語 : 横,  cos類似度 : 0.5841563006561222
単語 : よ,  cos類似度 : 0.5797187052874476
単語 : 実,  cos類似度 : 0.5771384485993688
-------------------------------
サンプル 267-------
単語 : 一生,  cos類似度 : 0.1993440088000276
単語 : 当番,  cos類似度 : 0.19638563797935282
単語 : 立場,  cos類似度 : 0.19594724915732475
単語 : 病気,  cos類似度 : 0.19497160799339003
単語 : 役人,  cos類似度 : 0.1946262663034074
-------------------------------
サンプル 268-------
単語 : よ,  cos類似度 : 0.5936022113621324
単語 : 見え,  cos類似度 : 0.5802369470418829
単語 : 入り口,  cos類似度 : 0.5789728774144683
単語 : 周り,  cos類似度 : 0.5785832809769934
単語 : 横,  cos類似度 : 0.5740810155684408
-------------------------------
サンプル 269-------
単語 : 実,  cos類似度 : 0.5688714869257241
単語 : 周り,  cos類似度 : 0.5665863294579423
単語 : 周囲,  cos類似度 : 0.5453183831762993
単語 : 初め,  cos類似度 : 0.5434555737627941
単語 : 最初,  cos類似度 : 0.5419234871342724
-------------------------------
サンプル 270-------
単語 : 隣,  cos類似度 : 0.5853895158359367
単語 : 入り口,  cos類似度 : 0.5813399751755562
単語 : よ,  cos類似度 : 0.574996988445802
単語 : 向う,  cos類似度 : 0.5691570500089927
単語 : オブジェ,  cos類似度 : 0.5661201314235318
-------------------------------
サンプル 271-------
単語 : 向う,  cos類似度 : 0.5871868601131384
単語 : 遠く,  cos類似度 : 0.5760922181254702
単語 : 入り口,  cos類似度 : 0.5696024656575099
単語 : 景色,  cos類似度 : 0.5665906624528291
単語 : 真横,  cos類似度 : 0.5644530945056982
-------------------------------
サンプル 272-------
単語 : 入り口,  cos類似度 : 0.59487705019021
単語 : よ,  cos類似度 : 0.5854885369122289
単語 : 手前,  cos類似度 : 0.5816645973534346
単語 : 場所,  cos類似度 : 0.5815067337677239
単語 : 実,  cos類似度 : 0.5801752833360461
-------------------------------
サンプル 273-------
単語 : 隣,  cos類似度 : 0.6020531546775658
単語 : 入り口,  cos類似度 : 0.6003914956633035
単語 : 場所,  cos類似度 : 0.5960091735213054
単語 : 横,  cos類似度 : 0.5929592905369788
単語 : 真ん中,  cos類似度 : 0.5919998479773602
-------------------------------
サンプル 274-------
単語 : 隣,  cos類似度 : 0.5863245009464187
単語 : 水色,  cos類似度 : 0.5858994305023357
単語 : 緑色,  cos類似度 : 0.5857666951022503
単語 : 見え,  cos類似度 : 0.5828943651472626
単語 : 向う,  cos類似度 : 0.5821712719818946
-------------------------------
サンプル 275-------
単語 : 淹,  cos類似度 : -0.19711253769009726
単語 : 買,  cos類似度 : -0.2148361430071514
単語 : 喪失,  cos類似度 : -0.2222582985628737
単語 : 丸井,  cos類似度 : -0.22482854346260248
単語 : 見方,  cos類似度 : -0.2258981793368107
-------------------------------
サンプル 276-------
単語 : よ,  cos類似度 : 0.5911369019958687
単語 : 入り口,  cos類似度 : 0.583010396408185
単語 : 隣,  cos類似度 : 0.5776534271128007
単語 : 見え,  cos類似度 : 0.5735317738436235
単語 : ん,  cos類似度 : 0.573037036315322
-------------------------------
サンプル 277-------
単語 : 緑色,  cos類似度 : 0.49452649446283886
単語 : 赤色,  cos類似度 : 0.4689762474389007
単語 : 真上,  cos類似度 : 0.45452616909569193
単語 : 頭上,  cos類似度 : 0.45270820993783
単語 : 黄色,  cos類似度 : 0.45011649458536057
-------------------------------
サンプル 278-------
単語 : 入り口,  cos類似度 : 0.5873386572068878
単語 : 隣,  cos類似度 : 0.5848072164037436
単語 : 見え,  cos類似度 : 0.5811123334262155
単語 : 横,  cos類似度 : 0.5800916025784618
単語 : 手前,  cos類似度 : 0.5770932977300443
-------------------------------
サンプル 279-------
単語 : よ,  cos類似度 : 0.5360057427253361
単語 : 地面,  cos類似度 : 0.5310075319185178
単語 : 横,  cos類似度 : 0.5288317141729064
単語 : 右手,  cos類似度 : 0.5261824774321666
単語 : てっぺん,  cos類似度 : 0.5253208722656248
-------------------------------
サンプル 280-------
単語 : 横,  cos類似度 : 0.5920535823700933
単語 : 入り口,  cos類似度 : 0.5883655740573781
単語 : よ,  cos類似度 : 0.5866353119441508
単語 : 手前,  cos類似度 : 0.5822954423332213
単語 : 見え,  cos類似度 : 0.5801070417248251
-------------------------------
サンプル 281-------
単語 : 胴体,  cos類似度 : 0.42421333992857274
単語 : 縦長,  cos類似度 : 0.4157369768847201
単語 : 蛍光,  cos類似度 : 0.41238364045311504
単語 : 網目,  cos類似度 : 0.40637619115735213
単語 : 黒色,  cos類似度 : 0.40616703968717155
-------------------------------
サンプル 282-------
単語 : 隣,  cos類似度 : 0.5826071667847857
単語 : 周り,  cos類似度 : 0.579905607178214
単語 : 水色,  cos類似度 : 0.5770313959038488
単語 : よ,  cos類似度 : 0.5702027138290965
単語 : 入り口,  cos類似度 : 0.5665780024167815
-------------------------------
サンプル 283-------
単語 : よ,  cos類似度 : 0.5869641005247511
単語 : ん,  cos類似度 : 0.5711784631173031
単語 : 最初,  cos類似度 : 0.5636692602017048
単語 : 実,  cos類似度 : 0.5598766408930083
単語 : 周り,  cos類似度 : 0.5591531619989548
-------------------------------
サンプル 284-------
単語 : よ,  cos類似度 : 0.5928987806626056
単語 : 見え,  cos類似度 : 0.5797616800325348
単語 : 周り,  cos類似度 : 0.5679484057182822
単語 : 場所,  cos類似度 : 0.5655570144914818
単語 : 入り口,  cos類似度 : 0.5635766155969575
-------------------------------
サンプル 285-------
単語 : 緑色,  cos類似度 : 0.6079749284981985
単語 : 水色,  cos類似度 : 0.6009899569260176
単語 : 実,  cos類似度 : 0.5995192018151893
単語 : 朱色,  cos類似度 : 0.5855564572394577
単語 : 茶色,  cos類似度 : 0.5787948677591346
-------------------------------
サンプル 286-------
単語 : 緑色,  cos類似度 : 0.5847727977165618
単語 : 見え,  cos類似度 : 0.5825746516986411
単語 : 実,  cos類似度 : 0.5807790722403653
単語 : 向う,  cos類似度 : 0.580626596314082
単語 : 水色,  cos類似度 : 0.5774251861224914
-------------------------------
サンプル 287-------
単語 : 金色,  cos類似度 : 0.4044329446936866
単語 : 漆黒,  cos類似度 : 0.4036426414120893
単語 : 銀色,  cos類似度 : 0.39165680514992934
単語 : なぞ,  cos類似度 : 0.3874577086259664
単語 : 隻眼,  cos類似度 : 0.38726270416348535
-------------------------------
サンプル 288-------
単語 : よ,  cos類似度 : 0.5892356490910406
単語 : 緑色,  cos類似度 : 0.5726794603120746
単語 : 実,  cos類似度 : 0.5724512278256837
単語 : 周り,  cos類似度 : 0.5702853749732509
単語 : 不思議,  cos類似度 : 0.5687654741027798
-------------------------------
サンプル 289-------
単語 : 海,  cos類似度 : 0.4357813123265502
単語 : 海岸,  cos類似度 : 0.4105429730535641
単語 : 浜辺,  cos類似度 : 0.4051479226709259
単語 : 海辺,  cos類似度 : 0.3959754331770611
単語 : 現在,  cos類似度 : 0.380616648792612
-------------------------------
サンプル 290-------
単語 : 隣,  cos類似度 : 0.5838113263325204
単語 : 緑色,  cos類似度 : 0.5837330050886574
単語 : 入り口,  cos類似度 : 0.5823238950835171
単語 : 向う,  cos類似度 : 0.5814658588161854
単語 : 実,  cos類似度 : 0.573971101833199
-------------------------------
サンプル 291-------
単語 : 左翼,  cos類似度 : 0.06160000834084166
単語 : 右翼,  cos類似度 : 0.05961503440139353
単語 : 報復,  cos類似度 : 0.052619160250438786
単語 : 機動,  cos類似度 : 0.05005403863600742
単語 : 攻撃,  cos類似度 : 0.04694368427378221
-------------------------------
サンプル 292-------
単語 : よ,  cos類似度 : 0.5895857183806799
単語 : 実,  cos類似度 : 0.5747206769283802
単語 : 場所,  cos類似度 : 0.573180886544593
単語 : 周り,  cos類似度 : 0.5642619584599747
単語 : ん,  cos類似度 : 0.5624068277390106
-------------------------------
サンプル 293-------
単語 : 朝市,  cos類似度 : 0.19168804953905744
単語 : 淡路,  cos類似度 : 0.17943752507777705
単語 : 石垣,  cos類似度 : 0.16056413039903802
単語 : 港,  cos類似度 : 0.16024686615293982
単語 : ぶどう,  cos類似度 : 0.155480548091213
-------------------------------
サンプル 294-------
単語 : 緑色,  cos類似度 : 0.5858280571574465
単語 : 入り口,  cos類似度 : 0.5842625623489272
単語 : 向う,  cos類似度 : 0.5827534316940065
単語 : よ,  cos類似度 : 0.581600928547351
単語 : 隣,  cos類似度 : 0.580561922364809
-------------------------------
サンプル 295-------
単語 : 配線,  cos類似度 : 0.0014916954195847059
単語 : 接続,  cos類似度 : -0.013590949996058347
単語 : 溶接,  cos類似度 : -0.02763044055055457
単語 : 固定,  cos類似度 : -0.03374500062937536
単語 : ビス,  cos類似度 : -0.03380275839058722
-------------------------------
サンプル 296-------
単語 : よ,  cos類似度 : 0.5976208404780436
単語 : 実,  cos類似度 : 0.5797935308932064
単語 : 緑色,  cos類似度 : 0.5764753299033821
単語 : 見え,  cos類似度 : 0.5756701360907186
単語 : 周り,  cos類似度 : 0.5753365780647093
-------------------------------
サンプル 297-------
単語 : 右側,  cos類似度 : 0.5897322767049289
単語 : 左側,  cos類似度 : 0.5889374769575096
単語 : 手前,  cos類似度 : 0.5586839226644882
単語 : 左端,  cos類似度 : 0.5364928861897719
単語 : 真下,  cos類似度 : 0.5343930722848804
-------------------------------
サンプル 298-------
単語 : 隣,  cos類似度 : 0.5912130985385906
単語 : 向う,  cos類似度 : 0.5899467089310215
単語 : 周り,  cos類似度 : 0.5864753681528512
単語 : よ,  cos類似度 : 0.5842071772486299
単語 : 入り口,  cos類似度 : 0.5831888131856258
-------------------------------
サンプル 299-------
単語 : 緑色,  cos類似度 : 0.5536549093370186
単語 : 色,  cos類似度 : 0.545965260790767
単語 : 紫色,  cos類似度 : 0.5371434369627373
単語 : 周り,  cos類似度 : 0.5330809195653828
単語 : 実,  cos類似度 : 0.5251832698219691
-------------------------------
サンプル 300-------
単語 : よ,  cos類似度 : 0.5933706926166582
単語 : 入り口,  cos類似度 : 0.5832359849159043
単語 : 実,  cos類似度 : 0.5798133719004848
単語 : ん,  cos類似度 : 0.5786934739869123
単語 : 隣,  cos類似度 : 0.5771347284418084
-------------------------------
サンプル 301-------
単語 : 緑色,  cos類似度 : 0.597690793454791
単語 : 実,  cos類似度 : 0.5866008874014338
単語 : 水色,  cos類似度 : 0.5790188527042109
単語 : 紫色,  cos類似度 : 0.5787312717526847
単語 : カラフル,  cos類似度 : 0.5713280725191636
-------------------------------
サンプル 302-------
単語 : よ,  cos類似度 : 0.5973574441718225
単語 : 実,  cos類似度 : 0.5844964232312162
単語 : 隣,  cos類似度 : 0.583333800643355
単語 : 入り口,  cos類似度 : 0.5779499111428927
単語 : 水色,  cos類似度 : 0.5773282124885651
-------------------------------
