サンプル 2-------
単語 : よ,  cos類似度 : 0.5898740268938153
単語 : 見え,  cos類似度 : 0.5867050296730799
単語 : 場所,  cos類似度 : 0.5772098391210319
単語 : 実,  cos類似度 : 0.5713004716841525
単語 : 横,  cos類似度 : 0.5712876977477016
-------------------------------
サンプル 3-------
単語 : 向う,  cos類似度 : 0.6024462926837421
単語 : 入り口,  cos類似度 : 0.589075365256942
単語 : 横,  cos類似度 : 0.5808511482690535
単語 : 隣,  cos類似度 : 0.5750772877958027
単語 : 中腹,  cos類似度 : 0.5733480777758596
-------------------------------
サンプル 4-------
単語 : 入り口,  cos類似度 : 0.5879452975517678
単語 : 周り,  cos類似度 : 0.5795069997151403
単語 : 隣,  cos類似度 : 0.5786215416053352
単語 : 木々,  cos類似度 : 0.5778627377895731
単語 : 横,  cos類似度 : 0.5749730979390579
-------------------------------
サンプル 5-------
単語 : 昼間,  cos類似度 : 0.4515960038399938
単語 : 隣,  cos類似度 : 0.45117238688594985
単語 : 朝,  cos類似度 : 0.44850305862938117
単語 : 夜,  cos類似度 : 0.44529672424968664
単語 : にぎやか,  cos類似度 : 0.44480355413495637
-------------------------------
サンプル 6-------
単語 : 見え,  cos類似度 : 0.5832916254078746
単語 : よ,  cos類似度 : 0.5829638887487131
単語 : 周り,  cos類似度 : 0.5739700935654563
単語 : 実,  cos類似度 : 0.5692033143389779
単語 : 横,  cos類似度 : 0.5681958305836325
-------------------------------
サンプル 7-------
単語 : ん,  cos類似度 : 0.47740752153349536
単語 : よ,  cos類似度 : 0.4722696134122582
単語 : せい,  cos類似度 : 0.46824068667477736
単語 : 微妙,  cos類似度 : 0.46563947868975886
単語 : 当たり前,  cos類似度 : 0.4575703718719516
-------------------------------
サンプル 8-------
単語 : 隣,  cos類似度 : 0.5999256636775279
単語 : 向う,  cos類似度 : 0.5888941021939241
単語 : 入り口,  cos類似度 : 0.5855080511882446
単語 : よ,  cos類似度 : 0.5772634156295868
単語 : 見え,  cos類似度 : 0.5744052759739131
-------------------------------
サンプル 9-------
単語 : 水色,  cos類似度 : 0.6231327150228577
単語 : 緑色,  cos類似度 : 0.6142592033227783
単語 : 深緑,  cos類似度 : 0.6131389724549846
単語 : 緑,  cos類似度 : 0.5936639026156983
単語 : 色,  cos類似度 : 0.5931616802842581
-------------------------------
サンプル 10-------
単語 : よ,  cos類似度 : 0.5952047977348984
単語 : 見え,  cos類似度 : 0.57371515596089
単語 : 隣,  cos類似度 : 0.5733987338080799
単語 : 入り口,  cos類似度 : 0.5728122314695806
単語 : 実,  cos類似度 : 0.5708895400412476
-------------------------------
サンプル 11-------
単語 : 責任,  cos類似度 : -0.22832478636467288
単語 : 面接,  cos類似度 : -0.2319518413459413
単語 : ポリオ,  cos類似度 : -0.2331798612296478
単語 : 採点,  cos類似度 : -0.23783547821010811
単語 : 連絡,  cos類似度 : -0.2397022219075763
-------------------------------
サンプル 12-------
単語 : 水色,  cos類似度 : 0.5957000664715283
単語 : 緑色,  cos類似度 : 0.5822466796997643
単語 : 周り,  cos類似度 : 0.581872812956281
単語 : 入り口,  cos類似度 : 0.578322456670307
単語 : 茶色,  cos類似度 : 0.5779230987873816
-------------------------------
サンプル 13-------
単語 : よ,  cos類似度 : 0.6117711679989981
単語 : ん,  cos類似度 : 0.5851173131874465
単語 : 隣,  cos類似度 : 0.576397396957526
単語 : 実,  cos類似度 : 0.5747783343986781
単語 : 周り,  cos類似度 : 0.5737034924155412
-------------------------------
サンプル 14-------
単語 : よ,  cos類似度 : 0.591668364071605
単語 : 水色,  cos類似度 : 0.5779349302208765
単語 : ん,  cos類似度 : 0.5763593921887662
単語 : 実,  cos類似度 : 0.5713506708560373
単語 : 入り口,  cos類似度 : 0.5694522274666776
-------------------------------
サンプル 15-------
単語 : よ,  cos類似度 : 0.5888679040886053
単語 : 場所,  cos類似度 : 0.5760891511174128
単語 : 向う,  cos類似度 : 0.5760628743285349
単語 : 景色,  cos類似度 : 0.5739221068033344
単語 : 見え,  cos類似度 : 0.5687620144488709
-------------------------------
サンプル 16-------
単語 : 周り,  cos類似度 : 0.5960592426413688
単語 : よ,  cos類似度 : 0.5950549952501597
単語 : 緑色,  cos類似度 : 0.5868595491639179
単語 : 茶色,  cos類似度 : 0.5848662390802656
単語 : 水色,  cos類似度 : 0.5836081047313598
-------------------------------
サンプル 17-------
単語 : 部分,  cos類似度 : 0.48945725321693195
単語 : 背景,  cos類似度 : 0.48931557667830444
単語 : 遠景,  cos類似度 : 0.46766018390066255
単語 : 欠落,  cos類似度 : 0.4464422663419214
単語 : 全体,  cos類似度 : 0.44471397803920865
-------------------------------
サンプル 18-------
単語 : よ,  cos類似度 : 0.5911650502524427
単語 : 見え,  cos類似度 : 0.5907521815343871
単語 : 水色,  cos類似度 : 0.5705365421238736
単語 : 周り,  cos類似度 : 0.5700199370830518
単語 : 向う,  cos類似度 : 0.5699321825325211
-------------------------------
サンプル 19-------
単語 : よ,  cos類似度 : 0.577604675415065
単語 : 見え,  cos類似度 : 0.5693136387138126
単語 : ん,  cos類似度 : 0.5595967436984235
単語 : 最初,  cos類似度 : 0.5561714640016904
単語 : 少し,  cos類似度 : 0.5516658349393739
-------------------------------
サンプル 20-------
単語 : 緑色,  cos類似度 : 0.6032463994006951
単語 : 水色,  cos類似度 : 0.6019421025005388
単語 : 見え,  cos類似度 : 0.5922256783191735
単語 : 茶色,  cos類似度 : 0.5877153514570188
単語 : 入り口,  cos類似度 : 0.5857421222727813
-------------------------------
サンプル 21-------
単語 : 真ん中,  cos類似度 : 0.22669987015478932
単語 : 鎮座,  cos類似度 : 0.22511988956754747
単語 : 手前,  cos類似度 : 0.21543166816115178
単語 : 隠れ家,  cos類似度 : 0.20772049102285842
単語 : 真中,  cos類似度 : 0.19751933500204202
-------------------------------
サンプル 22-------
単語 : よ,  cos類似度 : 0.6066596274986038
単語 : 見え,  cos類似度 : 0.597770028389191
単語 : 緑色,  cos類似度 : 0.591478048710585
単語 : 綺麗,  cos類似度 : 0.5869808633960173
単語 : 実,  cos類似度 : 0.5820824862677341
-------------------------------
サンプル 23-------
単語 : 見え,  cos類似度 : 0.5976049483378595
単語 : よ,  cos類似度 : 0.5938731747692424
単語 : 水色,  cos類似度 : 0.5821258159223734
単語 : 真ん中,  cos類似度 : 0.5761165773966244
単語 : 実,  cos類似度 : 0.5758593854487416
-------------------------------
サンプル 24-------
単語 : 隣,  cos類似度 : 0.5843528778752215
単語 : 入り口,  cos類似度 : 0.5837116408954157
単語 : 見え,  cos類似度 : 0.5804670605347358
単語 : 緑色,  cos類似度 : 0.5800706142151226
単語 : 実,  cos類似度 : 0.5795688791371388
-------------------------------
サンプル 25-------
単語 : 左側,  cos類似度 : 0.38049213800048687
単語 : 右側,  cos類似度 : 0.3773406114278347
単語 : 前方,  cos類似度 : 0.3515606177673745
単語 : 手前,  cos類似度 : 0.3429232518635177
単語 : 車止め,  cos類似度 : 0.33579190461759867
-------------------------------
サンプル 26-------
単語 : よ,  cos類似度 : 0.5904342891260623
単語 : 横,  cos類似度 : 0.5872052836237879
単語 : 入り口,  cos類似度 : 0.5859826761356172
単語 : 見え,  cos類似度 : 0.5815099136288572
単語 : 周り,  cos類似度 : 0.5778191170697018
-------------------------------
サンプル 27-------
単語 : 横,  cos類似度 : 0.5573910487336297
単語 : 真横,  cos類似度 : 0.546528465214223
単語 : 背後,  cos類似度 : 0.5464254182581736
単語 : 正面,  cos類似度 : 0.5224460055850746
単語 : 欄干,  cos類似度 : 0.5077319991553892
-------------------------------
サンプル 28-------
単語 : 入り口,  cos類似度 : 0.5920508438419092
単語 : 隣,  cos類似度 : 0.5862046186303862
単語 : 向う,  cos類似度 : 0.5787480262618528
単語 : 横,  cos類似度 : 0.5733118862742961
単語 : 周り,  cos類似度 : 0.5702864004923047
-------------------------------
サンプル 29-------
単語 : 深度,  cos類似度 : 0.3199657195570745
単語 : 垂直,  cos類似度 : 0.3101155970552083
単語 : 船首,  cos類似度 : 0.3005679399055359
単語 : 単純,  cos類似度 : 0.29278389282048267
単語 : 陸地,  cos類似度 : 0.2914741142440215
-------------------------------
サンプル 30-------
単語 : よ,  cos類似度 : 0.5936596515188672
単語 : 入り口,  cos類似度 : 0.5930557796824204
単語 : 手前,  cos類似度 : 0.5834141720134606
単語 : 実,  cos類似度 : 0.5809883547462329
単語 : 見え,  cos類似度 : 0.5765254253602663
-------------------------------
サンプル 31-------
単語 : 見え,  cos類似度 : 0.5775400867224882
単語 : 小道,  cos類似度 : 0.5666774958480065
単語 : 入り口,  cos類似度 : 0.5639988693724204
単語 : 隣,  cos類似度 : 0.560120699165659
単語 : よ,  cos類似度 : 0.5593629969296416
-------------------------------
サンプル 32-------
単語 : 緑色,  cos類似度 : 0.5870197653360657
単語 : よ,  cos類似度 : 0.5861345293261321
単語 : 水色,  cos類似度 : 0.5860538538039235
単語 : 入り口,  cos類似度 : 0.5860364886582694
単語 : 隣,  cos類似度 : 0.5840372014884541
-------------------------------
サンプル 33-------
単語 : 空,  cos類似度 : 0.6048377656655877
単語 : 見え,  cos類似度 : 0.5765300973806052
単語 : 景色,  cos類似度 : 0.5686523195438056
単語 : 風景,  cos類似度 : 0.564945576666757
単語 : よ,  cos類似度 : 0.5615809791579941
-------------------------------
サンプル 34-------
単語 : よ,  cos類似度 : 0.5893389994491252
単語 : 隣,  cos類似度 : 0.5810627412421386
単語 : 入り口,  cos類似度 : 0.5790209923879832
単語 : 見え,  cos類似度 : 0.5718949982070176
単語 : ん,  cos類似度 : 0.5715510720673553
-------------------------------
サンプル 35-------
単語 : 真横,  cos類似度 : 0.5972659209256409
単語 : 横,  cos類似度 : 0.5838218028895954
単語 : 真上,  cos類似度 : 0.5758083106555566
単語 : 緑色,  cos類似度 : 0.571644301632462
単語 : 真ん中,  cos類似度 : 0.5693112080544852
-------------------------------
サンプル 36-------
単語 : 入り口,  cos類似度 : 0.5945649491809026
単語 : 隣,  cos類似度 : 0.5907366754195565
単語 : 横,  cos類似度 : 0.5841820328505509
単語 : 手前,  cos類似度 : 0.5841710543080109
単語 : 周り,  cos類似度 : 0.5820611258375923
-------------------------------
サンプル 37-------
単語 : 買,  cos類似度 : -0.23777290314691427
単語 : ポリオ,  cos類似度 : -0.24003831016129032
単語 : 報酬,  cos類似度 : -0.243014935987558
単語 : 在庫,  cos類似度 : -0.24687036058091066
単語 : 消化,  cos類似度 : -0.24769456891720235
-------------------------------
サンプル 38-------
単語 : よ,  cos類似度 : 0.5847164699923433
単語 : 入り口,  cos類似度 : 0.5840269043505155
単語 : 横,  cos類似度 : 0.5830969298773716
単語 : 手前,  cos類似度 : 0.5778313909052796
単語 : 隣,  cos類似度 : 0.5744099061657468
-------------------------------
サンプル 39-------
単語 : ん,  cos類似度 : 0.5496418098517039
単語 : よ,  cos類似度 : 0.5452307856206465
単語 : 初め,  cos類似度 : 0.5439884270158932
単語 : 最初,  cos類似度 : 0.5321019858929124
単語 : 周り,  cos類似度 : 0.5292203671870619
-------------------------------
サンプル 40-------
単語 : 周り,  cos類似度 : 0.5906850796765017
単語 : 隣,  cos類似度 : 0.5814683495453801
単語 : 向う,  cos類似度 : 0.5789558226731668
単語 : 入り口,  cos類似度 : 0.5742059983001324
単語 : まわり,  cos類似度 : 0.5698265082969971
-------------------------------
サンプル 41-------
単語 : 大勢,  cos類似度 : 0.551584000981817
単語 : 人々,  cos類似度 : 0.5363529593478642
単語 : 周り,  cos類似度 : 0.520681243577543
単語 : 一団,  cos類似度 : 0.5203759040663574
単語 : 同僚,  cos類似度 : 0.5157860547696218
-------------------------------
サンプル 42-------
単語 : よ,  cos類似度 : 0.6115937108380418
単語 : 見え,  cos類似度 : 0.5855440549293528
単語 : ん,  cos類似度 : 0.5727545276677956
単語 : 周り,  cos類似度 : 0.5644062459695064
単語 : 場所,  cos類似度 : 0.5632655027290921
-------------------------------
サンプル 43-------
単語 : 綺麗,  cos類似度 : 0.6035760886915776
単語 : 景色,  cos類似度 : 0.598379710314397
単語 : 光景,  cos類似度 : 0.5958770621535248
単語 : よ,  cos類似度 : 0.5939541499180905
単語 : きれい,  cos類似度 : 0.5914179361496955
-------------------------------
サンプル 44-------
単語 : よ,  cos類似度 : 0.5862744366701228
単語 : 緑色,  cos類似度 : 0.583874021573511
単語 : 実,  cos類似度 : 0.5819361749867134
単語 : 見え,  cos類似度 : 0.5818871284851869
単語 : 隣,  cos類似度 : 0.5787341338625258
-------------------------------
サンプル 45-------
単語 : 見え,  cos類似度 : 0.5919988129363973
単語 : 景色,  cos類似度 : 0.5800526772869796
単語 : 向う,  cos類似度 : 0.5707186376160012
単語 : 遠景,  cos類似度 : 0.5636920758003666
単語 : 夕暮れ,  cos類似度 : 0.5635582034915984
-------------------------------
サンプル 46-------
単語 : よ,  cos類似度 : 0.5873533176271639
単語 : 緑色,  cos類似度 : 0.5754389446307415
単語 : 見え,  cos類似度 : 0.5726017844750614
単語 : 実,  cos類似度 : 0.5691757198242652
単語 : 周り,  cos類似度 : 0.5685923586591721
-------------------------------
サンプル 47-------
単語 : 大地,  cos類似度 : 0.2774093872715026
単語 : 無色,  cos類似度 : 0.26101515971624706
単語 : 存在,  cos類似度 : 0.2584686102467672
単語 : 奇岩,  cos類似度 : 0.25564330176813876
単語 : 海底,  cos類似度 : 0.2554876859989911
-------------------------------
サンプル 48-------
単語 : 向う,  cos類似度 : 0.5812310405682776
単語 : 入り口,  cos類似度 : 0.5781541597127171
単語 : 緑色,  cos類似度 : 0.5773971090954514
単語 : 隣,  cos類似度 : 0.5712745130662262
単語 : 実,  cos類似度 : 0.569223296713261
-------------------------------
サンプル 49-------
単語 : 買,  cos類似度 : -0.24735824564345804
単語 : 添削,  cos類似度 : -0.252377926159859
単語 : 資格,  cos類似度 : -0.2560015547419898
単語 : 見方,  cos類似度 : -0.2564162671075172
単語 : 定員,  cos類似度 : -0.25951189346139203
-------------------------------
サンプル 50-------
単語 : よ,  cos類似度 : 0.5896828638014946
単語 : 場所,  cos類似度 : 0.5718188116693889
単語 : 周り,  cos類似度 : 0.5714961717691541
単語 : 実,  cos類似度 : 0.5672862781648537
単語 : 見え,  cos類似度 : 0.5670100834782708
-------------------------------
サンプル 51-------
単語 : 山側,  cos類似度 : 0.43320800862367054
単語 : 斜面,  cos類似度 : 0.4175310941876325
単語 : 岸壁,  cos類似度 : 0.4174780548352074
単語 : 歩道,  cos類似度 : 0.4003775470302864
単語 : スロープ,  cos類似度 : 0.39898051678469987
-------------------------------
サンプル 52-------
単語 : よ,  cos類似度 : 0.5889632341917629
単語 : 緑色,  cos類似度 : 0.5854764502662076
単語 : 隣,  cos類似度 : 0.5853993161320876
単語 : 水色,  cos類似度 : 0.5834920136666104
単語 : 入り口,  cos類似度 : 0.5828873852545788
-------------------------------
サンプル 53-------
単語 : 木々,  cos類似度 : 0.554361158871756
単語 : 銀色,  cos類似度 : 0.5538106624394888
単語 : 緑色,  cos類似度 : 0.5513681498635212
単語 : 空,  cos類似度 : 0.5329535873630562
単語 : 真っ白,  cos類似度 : 0.5315224910634201
-------------------------------
サンプル 54-------
単語 : よ,  cos類似度 : 0.604656282829771
単語 : ん,  cos類似度 : 0.582145294238501
単語 : 場所,  cos類似度 : 0.5721588926119037
単語 : 見え,  cos類似度 : 0.5683014760149948
単語 : 実,  cos類似度 : 0.5656938251666394
-------------------------------
サンプル 55-------
単語 : 稲妻,  cos類似度 : 0.42591133773835965
単語 : うさぎ,  cos類似度 : 0.39171865247032206
単語 : あひる,  cos類似度 : 0.389730391172383
単語 : 空,  cos類似度 : 0.38916608853770734
単語 : ひよこ,  cos類似度 : 0.38886626513237155
-------------------------------
サンプル 56-------
単語 : 隣,  cos類似度 : 0.5956761288624752
単語 : 入り口,  cos類似度 : 0.5875721737636587
単語 : 向う,  cos類似度 : 0.5818876944207632
単語 : 周り,  cos類似度 : 0.5804968869762791
単語 : よ,  cos類似度 : 0.5804907033007981
-------------------------------
サンプル 57-------
単語 : よ,  cos類似度 : 0.6110910646648684
単語 : ん,  cos類似度 : 0.6008999478482775
単語 : 場所,  cos類似度 : 0.5779640310663399
単語 : 最初,  cos類似度 : 0.5621401974699364
単語 : 初め,  cos類似度 : 0.5614654965826709
-------------------------------
サンプル 58-------
単語 : よ,  cos類似度 : 0.5978094542420953
単語 : ん,  cos類似度 : 0.5775896631283096
単語 : 周り,  cos類似度 : 0.5774674430230108
単語 : 入り口,  cos類似度 : 0.5766909816430215
単語 : 場所,  cos類似度 : 0.5732351390274802
-------------------------------
サンプル 59-------
単語 : カラフル,  cos類似度 : 0.5890514976630978
単語 : 緑色,  cos類似度 : 0.5825451670865366
単語 : 入り口,  cos類似度 : 0.5715032721796579
単語 : 茶色,  cos類似度 : 0.5592379371053555
単語 : 水色,  cos類似度 : 0.5584783685295894
-------------------------------
サンプル 60-------
単語 : よ,  cos類似度 : 0.5998622977298734
単語 : 見え,  cos類似度 : 0.5822246450560615
単語 : 隣,  cos類似度 : 0.582016084108399
単語 : 入り口,  cos類似度 : 0.581747176678121
単語 : 緑色,  cos類似度 : 0.5808730107629605
-------------------------------
サンプル 61-------
単語 : テスト,  cos類似度 : -0.15313488617968332
単語 : 交換,  cos類似度 : -0.17536624658153704
単語 : 買,  cos類似度 : -0.17549150001880004
単語 : ポリオ,  cos類似度 : -0.17705471547106227
単語 : 手間,  cos類似度 : -0.17818466814455905
-------------------------------
サンプル 62-------
単語 : よ,  cos類似度 : 0.5898740268938153
単語 : 見え,  cos類似度 : 0.5867050296730799
単語 : 場所,  cos類似度 : 0.5772098391210319
単語 : 実,  cos類似度 : 0.5713004716841525
単語 : 横,  cos類似度 : 0.5712876977477016
-------------------------------
サンプル 63-------
単語 : 向う,  cos類似度 : 0.6024462926837421
単語 : 入り口,  cos類似度 : 0.589075365256942
単語 : 横,  cos類似度 : 0.5808511482690535
単語 : 隣,  cos類似度 : 0.5750772877958027
単語 : 中腹,  cos類似度 : 0.5733480777758596
-------------------------------
サンプル 64-------
単語 : 入り口,  cos類似度 : 0.5879452975517678
単語 : 周り,  cos類似度 : 0.5795069997151403
単語 : 隣,  cos類似度 : 0.5786215416053352
単語 : 木々,  cos類似度 : 0.5778627377895731
単語 : 横,  cos類似度 : 0.5749730979390579
-------------------------------
サンプル 65-------
単語 : 昼間,  cos類似度 : 0.4515960038399938
単語 : 隣,  cos類似度 : 0.45117238688594985
単語 : 朝,  cos類似度 : 0.44850305862938117
単語 : 夜,  cos類似度 : 0.44529672424968664
単語 : にぎやか,  cos類似度 : 0.44480355413495637
-------------------------------
サンプル 66-------
単語 : 見え,  cos類似度 : 0.5832916254078746
単語 : よ,  cos類似度 : 0.5829638887487131
単語 : 周り,  cos類似度 : 0.5739700935654563
単語 : 実,  cos類似度 : 0.5692033143389779
単語 : 横,  cos類似度 : 0.5681958305836325
-------------------------------
サンプル 67-------
単語 : ん,  cos類似度 : 0.47740752153349536
単語 : よ,  cos類似度 : 0.4722696134122582
単語 : せい,  cos類似度 : 0.46824068667477736
単語 : 微妙,  cos類似度 : 0.46563947868975886
単語 : 当たり前,  cos類似度 : 0.4575703718719516
-------------------------------
サンプル 68-------
単語 : 隣,  cos類似度 : 0.5999256636775279
単語 : 向う,  cos類似度 : 0.5888941021939241
単語 : 入り口,  cos類似度 : 0.5855080511882446
単語 : よ,  cos類似度 : 0.5772634156295868
単語 : 見え,  cos類似度 : 0.5744052759739131
-------------------------------
サンプル 69-------
単語 : 水色,  cos類似度 : 0.6231327150228577
単語 : 緑色,  cos類似度 : 0.6142592033227783
単語 : 深緑,  cos類似度 : 0.6131389724549846
単語 : 緑,  cos類似度 : 0.5936639026156983
単語 : 色,  cos類似度 : 0.5931616802842581
-------------------------------
サンプル 70-------
単語 : よ,  cos類似度 : 0.5952047977348984
単語 : 見え,  cos類似度 : 0.57371515596089
単語 : 隣,  cos類似度 : 0.5733987338080799
単語 : 入り口,  cos類似度 : 0.5728122314695806
単語 : 実,  cos類似度 : 0.5708895400412476
-------------------------------
サンプル 71-------
単語 : 責任,  cos類似度 : -0.22832478636467288
単語 : 面接,  cos類似度 : -0.2319518413459413
単語 : ポリオ,  cos類似度 : -0.2331798612296478
単語 : 採点,  cos類似度 : -0.23783547821010811
単語 : 連絡,  cos類似度 : -0.2397022219075763
-------------------------------
サンプル 72-------
単語 : 水色,  cos類似度 : 0.5957000664715283
単語 : 緑色,  cos類似度 : 0.5822466796997643
単語 : 周り,  cos類似度 : 0.581872812956281
単語 : 入り口,  cos類似度 : 0.578322456670307
単語 : 茶色,  cos類似度 : 0.5779230987873816
-------------------------------
サンプル 73-------
単語 : よ,  cos類似度 : 0.6117711679989981
単語 : ん,  cos類似度 : 0.5851173131874465
単語 : 隣,  cos類似度 : 0.576397396957526
単語 : 実,  cos類似度 : 0.5747783343986781
単語 : 周り,  cos類似度 : 0.5737034924155412
-------------------------------
サンプル 74-------
単語 : よ,  cos類似度 : 0.591668364071605
単語 : 水色,  cos類似度 : 0.5779349302208765
単語 : ん,  cos類似度 : 0.5763593921887662
単語 : 実,  cos類似度 : 0.5713506708560373
単語 : 入り口,  cos類似度 : 0.5694522274666776
-------------------------------
サンプル 75-------
単語 : よ,  cos類似度 : 0.5888679040886053
単語 : 場所,  cos類似度 : 0.5760891511174128
単語 : 向う,  cos類似度 : 0.5760628743285349
単語 : 景色,  cos類似度 : 0.5739221068033344
単語 : 見え,  cos類似度 : 0.5687620144488709
-------------------------------
サンプル 76-------
単語 : 周り,  cos類似度 : 0.5960592426413688
単語 : よ,  cos類似度 : 0.5950549952501597
単語 : 緑色,  cos類似度 : 0.5868595491639179
単語 : 茶色,  cos類似度 : 0.5848662390802656
単語 : 水色,  cos類似度 : 0.5836081047313598
-------------------------------
サンプル 77-------
単語 : 部分,  cos類似度 : 0.48945725321693195
単語 : 背景,  cos類似度 : 0.48931557667830444
単語 : 遠景,  cos類似度 : 0.46766018390066255
単語 : 欠落,  cos類似度 : 0.4464422663419214
単語 : 全体,  cos類似度 : 0.44471397803920865
-------------------------------
サンプル 78-------
単語 : よ,  cos類似度 : 0.5911650502524427
単語 : 見え,  cos類似度 : 0.5907521815343871
単語 : 水色,  cos類似度 : 0.5705365421238736
単語 : 周り,  cos類似度 : 0.5700199370830518
単語 : 向う,  cos類似度 : 0.5699321825325211
-------------------------------
サンプル 79-------
単語 : よ,  cos類似度 : 0.577604675415065
単語 : 見え,  cos類似度 : 0.5693136387138126
単語 : ん,  cos類似度 : 0.5595967436984235
単語 : 最初,  cos類似度 : 0.5561714640016904
単語 : 少し,  cos類似度 : 0.5516658349393739
-------------------------------
サンプル 80-------
単語 : 緑色,  cos類似度 : 0.6032463994006951
単語 : 水色,  cos類似度 : 0.6019421025005388
単語 : 見え,  cos類似度 : 0.5922256783191735
単語 : 茶色,  cos類似度 : 0.5877153514570188
単語 : 入り口,  cos類似度 : 0.5857421222727813
-------------------------------
サンプル 81-------
単語 : 真ん中,  cos類似度 : 0.22669987015478932
単語 : 鎮座,  cos類似度 : 0.22511988956754747
単語 : 手前,  cos類似度 : 0.21543166816115178
単語 : 隠れ家,  cos類似度 : 0.20772049102285842
単語 : 真中,  cos類似度 : 0.19751933500204202
-------------------------------
サンプル 82-------
単語 : よ,  cos類似度 : 0.6066596274986038
単語 : 見え,  cos類似度 : 0.597770028389191
単語 : 緑色,  cos類似度 : 0.591478048710585
単語 : 綺麗,  cos類似度 : 0.5869808633960173
単語 : 実,  cos類似度 : 0.5820824862677341
-------------------------------
サンプル 83-------
単語 : 見え,  cos類似度 : 0.5976049483378595
単語 : よ,  cos類似度 : 0.5938731747692424
単語 : 水色,  cos類似度 : 0.5821258159223734
単語 : 真ん中,  cos類似度 : 0.5761165773966244
単語 : 実,  cos類似度 : 0.5758593854487416
-------------------------------
サンプル 84-------
単語 : 隣,  cos類似度 : 0.5843528778752215
単語 : 入り口,  cos類似度 : 0.5837116408954157
単語 : 見え,  cos類似度 : 0.5804670605347358
単語 : 緑色,  cos類似度 : 0.5800706142151226
単語 : 実,  cos類似度 : 0.5795688791371388
-------------------------------
サンプル 85-------
単語 : 左側,  cos類似度 : 0.38049213800048687
単語 : 右側,  cos類似度 : 0.3773406114278347
単語 : 前方,  cos類似度 : 0.3515606177673745
単語 : 手前,  cos類似度 : 0.3429232518635177
単語 : 車止め,  cos類似度 : 0.33579190461759867
-------------------------------
サンプル 86-------
単語 : よ,  cos類似度 : 0.5904342891260623
単語 : 横,  cos類似度 : 0.5872052836237879
単語 : 入り口,  cos類似度 : 0.5859826761356172
単語 : 見え,  cos類似度 : 0.5815099136288572
単語 : 周り,  cos類似度 : 0.5778191170697018
-------------------------------
サンプル 87-------
単語 : 横,  cos類似度 : 0.5573910487336297
単語 : 真横,  cos類似度 : 0.546528465214223
単語 : 背後,  cos類似度 : 0.5464254182581736
単語 : 正面,  cos類似度 : 0.5224460055850746
単語 : 欄干,  cos類似度 : 0.5077319991553892
-------------------------------
サンプル 88-------
単語 : 入り口,  cos類似度 : 0.5920508438419092
単語 : 隣,  cos類似度 : 0.5862046186303862
単語 : 向う,  cos類似度 : 0.5787480262618528
単語 : 横,  cos類似度 : 0.5733118862742961
単語 : 周り,  cos類似度 : 0.5702864004923047
-------------------------------
サンプル 89-------
単語 : 深度,  cos類似度 : 0.3199657195570745
単語 : 垂直,  cos類似度 : 0.3101155970552083
単語 : 船首,  cos類似度 : 0.3005679399055359
単語 : 単純,  cos類似度 : 0.29278389282048267
単語 : 陸地,  cos類似度 : 0.2914741142440215
-------------------------------
サンプル 90-------
単語 : よ,  cos類似度 : 0.5936596515188672
単語 : 入り口,  cos類似度 : 0.5930557796824204
単語 : 手前,  cos類似度 : 0.5834141720134606
単語 : 実,  cos類似度 : 0.5809883547462329
単語 : 見え,  cos類似度 : 0.5765254253602663
-------------------------------
サンプル 91-------
単語 : 見え,  cos類似度 : 0.5775400867224882
単語 : 小道,  cos類似度 : 0.5666774958480065
単語 : 入り口,  cos類似度 : 0.5639988693724204
単語 : 隣,  cos類似度 : 0.560120699165659
単語 : よ,  cos類似度 : 0.5593629969296416
-------------------------------
サンプル 92-------
単語 : 緑色,  cos類似度 : 0.5870197653360657
単語 : よ,  cos類似度 : 0.5861345293261321
単語 : 水色,  cos類似度 : 0.5860538538039235
単語 : 入り口,  cos類似度 : 0.5860364886582694
単語 : 隣,  cos類似度 : 0.5840372014884541
-------------------------------
サンプル 93-------
単語 : 空,  cos類似度 : 0.6048377656655877
単語 : 見え,  cos類似度 : 0.5765300973806052
単語 : 景色,  cos類似度 : 0.5686523195438056
単語 : 風景,  cos類似度 : 0.564945576666757
単語 : よ,  cos類似度 : 0.5615809791579941
-------------------------------
サンプル 94-------
単語 : よ,  cos類似度 : 0.5893389994491252
単語 : 隣,  cos類似度 : 0.5810627412421386
単語 : 入り口,  cos類似度 : 0.5790209923879832
単語 : 見え,  cos類似度 : 0.5718949982070176
単語 : ん,  cos類似度 : 0.5715510720673553
-------------------------------
サンプル 95-------
単語 : 真横,  cos類似度 : 0.5972659209256409
単語 : 横,  cos類似度 : 0.5838218028895954
単語 : 真上,  cos類似度 : 0.5758083106555566
単語 : 緑色,  cos類似度 : 0.571644301632462
単語 : 真ん中,  cos類似度 : 0.5693112080544852
-------------------------------
サンプル 96-------
単語 : 入り口,  cos類似度 : 0.5945649491809026
単語 : 隣,  cos類似度 : 0.5907366754195565
単語 : 横,  cos類似度 : 0.5841820328505509
単語 : 手前,  cos類似度 : 0.5841710543080109
単語 : 周り,  cos類似度 : 0.5820611258375923
-------------------------------
サンプル 97-------
単語 : 買,  cos類似度 : -0.23777290314691427
単語 : ポリオ,  cos類似度 : -0.24003831016129032
単語 : 報酬,  cos類似度 : -0.243014935987558
単語 : 在庫,  cos類似度 : -0.24687036058091066
単語 : 消化,  cos類似度 : -0.24769456891720235
-------------------------------
サンプル 98-------
単語 : よ,  cos類似度 : 0.5847164699923433
単語 : 入り口,  cos類似度 : 0.5840269043505155
単語 : 横,  cos類似度 : 0.5830969298773716
単語 : 手前,  cos類似度 : 0.5778313909052796
単語 : 隣,  cos類似度 : 0.5744099061657468
-------------------------------
サンプル 99-------
単語 : ん,  cos類似度 : 0.5496418098517039
単語 : よ,  cos類似度 : 0.5452307856206465
単語 : 初め,  cos類似度 : 0.5439884270158932
単語 : 最初,  cos類似度 : 0.5321019858929124
単語 : 周り,  cos類似度 : 0.5292203671870619
-------------------------------
サンプル 100-------
単語 : 周り,  cos類似度 : 0.5906850796765017
単語 : 隣,  cos類似度 : 0.5814683495453801
単語 : 向う,  cos類似度 : 0.5789558226731668
単語 : 入り口,  cos類似度 : 0.5742059983001324
単語 : まわり,  cos類似度 : 0.5698265082969971
-------------------------------
サンプル 101-------
単語 : 大勢,  cos類似度 : 0.551584000981817
単語 : 人々,  cos類似度 : 0.5363529593478642
単語 : 周り,  cos類似度 : 0.520681243577543
単語 : 一団,  cos類似度 : 0.5203759040663574
単語 : 同僚,  cos類似度 : 0.5157860547696218
-------------------------------
サンプル 102-------
単語 : よ,  cos類似度 : 0.6115937108380418
単語 : 見え,  cos類似度 : 0.5855440549293528
単語 : ん,  cos類似度 : 0.5727545276677956
単語 : 周り,  cos類似度 : 0.5644062459695064
単語 : 場所,  cos類似度 : 0.5632655027290921
-------------------------------
サンプル 103-------
単語 : 綺麗,  cos類似度 : 0.6035760886915776
単語 : 景色,  cos類似度 : 0.598379710314397
単語 : 光景,  cos類似度 : 0.5958770621535248
単語 : よ,  cos類似度 : 0.5939541499180905
単語 : きれい,  cos類似度 : 0.5914179361496955
-------------------------------
サンプル 104-------
単語 : よ,  cos類似度 : 0.5862744366701228
単語 : 緑色,  cos類似度 : 0.583874021573511
単語 : 実,  cos類似度 : 0.5819361749867134
単語 : 見え,  cos類似度 : 0.5818871284851869
単語 : 隣,  cos類似度 : 0.5787341338625258
-------------------------------
サンプル 105-------
単語 : 見え,  cos類似度 : 0.5919988129363973
単語 : 景色,  cos類似度 : 0.5800526772869796
単語 : 向う,  cos類似度 : 0.5707186376160012
単語 : 遠景,  cos類似度 : 0.5636920758003666
単語 : 夕暮れ,  cos類似度 : 0.5635582034915984
-------------------------------
サンプル 106-------
単語 : よ,  cos類似度 : 0.5873533176271639
単語 : 緑色,  cos類似度 : 0.5754389446307415
単語 : 見え,  cos類似度 : 0.5726017844750614
単語 : 実,  cos類似度 : 0.5691757198242652
単語 : 周り,  cos類似度 : 0.5685923586591721
-------------------------------
サンプル 107-------
単語 : 大地,  cos類似度 : 0.2774093872715026
単語 : 無色,  cos類似度 : 0.26101515971624706
単語 : 存在,  cos類似度 : 0.2584686102467672
単語 : 奇岩,  cos類似度 : 0.25564330176813876
単語 : 海底,  cos類似度 : 0.2554876859989911
-------------------------------
サンプル 108-------
単語 : 向う,  cos類似度 : 0.5812310405682776
単語 : 入り口,  cos類似度 : 0.5781541597127171
単語 : 緑色,  cos類似度 : 0.5773971090954514
単語 : 隣,  cos類似度 : 0.5712745130662262
単語 : 実,  cos類似度 : 0.569223296713261
-------------------------------
サンプル 109-------
単語 : 買,  cos類似度 : -0.24735824564345804
単語 : 添削,  cos類似度 : -0.252377926159859
単語 : 資格,  cos類似度 : -0.2560015547419898
単語 : 見方,  cos類似度 : -0.2564162671075172
単語 : 定員,  cos類似度 : -0.25951189346139203
-------------------------------
サンプル 110-------
単語 : よ,  cos類似度 : 0.5896828638014946
単語 : 場所,  cos類似度 : 0.5718188116693889
単語 : 周り,  cos類似度 : 0.5714961717691541
単語 : 実,  cos類似度 : 0.5672862781648537
単語 : 見え,  cos類似度 : 0.5670100834782708
-------------------------------
サンプル 111-------
単語 : 山側,  cos類似度 : 0.43320800862367054
単語 : 斜面,  cos類似度 : 0.4175310941876325
単語 : 岸壁,  cos類似度 : 0.4174780548352074
単語 : 歩道,  cos類似度 : 0.4003775470302864
単語 : スロープ,  cos類似度 : 0.39898051678469987
-------------------------------
サンプル 112-------
単語 : よ,  cos類似度 : 0.5889632341917629
単語 : 緑色,  cos類似度 : 0.5854764502662076
単語 : 隣,  cos類似度 : 0.5853993161320876
単語 : 水色,  cos類似度 : 0.5834920136666104
単語 : 入り口,  cos類似度 : 0.5828873852545788
-------------------------------
サンプル 113-------
単語 : 木々,  cos類似度 : 0.554361158871756
単語 : 銀色,  cos類似度 : 0.5538106624394888
単語 : 緑色,  cos類似度 : 0.5513681498635212
単語 : 空,  cos類似度 : 0.5329535873630562
単語 : 真っ白,  cos類似度 : 0.5315224910634201
-------------------------------
サンプル 114-------
単語 : よ,  cos類似度 : 0.604656282829771
単語 : ん,  cos類似度 : 0.582145294238501
単語 : 場所,  cos類似度 : 0.5721588926119037
単語 : 見え,  cos類似度 : 0.5683014760149948
単語 : 実,  cos類似度 : 0.5656938251666394
-------------------------------
サンプル 115-------
単語 : 稲妻,  cos類似度 : 0.42591133773835965
単語 : うさぎ,  cos類似度 : 0.39171865247032206
単語 : あひる,  cos類似度 : 0.389730391172383
単語 : 空,  cos類似度 : 0.38916608853770734
単語 : ひよこ,  cos類似度 : 0.38886626513237155
-------------------------------
サンプル 116-------
単語 : 隣,  cos類似度 : 0.5956761288624752
単語 : 入り口,  cos類似度 : 0.5875721737636587
単語 : 向う,  cos類似度 : 0.5818876944207632
単語 : 周り,  cos類似度 : 0.5804968869762791
単語 : よ,  cos類似度 : 0.5804907033007981
-------------------------------
サンプル 117-------
単語 : よ,  cos類似度 : 0.6110910646648684
単語 : ん,  cos類似度 : 0.6008999478482775
単語 : 場所,  cos類似度 : 0.5779640310663399
単語 : 最初,  cos類似度 : 0.5621401974699364
単語 : 初め,  cos類似度 : 0.5614654965826709
-------------------------------
サンプル 118-------
単語 : よ,  cos類似度 : 0.5978094542420953
単語 : ん,  cos類似度 : 0.5775896631283096
単語 : 周り,  cos類似度 : 0.5774674430230108
単語 : 入り口,  cos類似度 : 0.5766909816430215
単語 : 場所,  cos類似度 : 0.5732351390274802
-------------------------------
サンプル 119-------
単語 : カラフル,  cos類似度 : 0.5890514976630978
単語 : 緑色,  cos類似度 : 0.5825451670865366
単語 : 入り口,  cos類似度 : 0.5715032721796579
単語 : 茶色,  cos類似度 : 0.5592379371053555
単語 : 水色,  cos類似度 : 0.5584783685295894
-------------------------------
サンプル 120-------
単語 : よ,  cos類似度 : 0.5998622977298734
単語 : 見え,  cos類似度 : 0.5822246450560615
単語 : 隣,  cos類似度 : 0.582016084108399
単語 : 入り口,  cos類似度 : 0.581747176678121
単語 : 緑色,  cos類似度 : 0.5808730107629605
-------------------------------
サンプル 121-------
単語 : テスト,  cos類似度 : -0.15313488617968332
単語 : 交換,  cos類似度 : -0.17536624658153704
単語 : 買,  cos類似度 : -0.17549150001880004
単語 : ポリオ,  cos類似度 : -0.17705471547106227
単語 : 手間,  cos類似度 : -0.17818466814455905
-------------------------------
サンプル 122-------
単語 : よ,  cos類似度 : 0.5898740268938153
単語 : 見え,  cos類似度 : 0.5867050296730799
単語 : 場所,  cos類似度 : 0.5772098391210319
単語 : 実,  cos類似度 : 0.5713004716841525
単語 : 横,  cos類似度 : 0.5712876977477016
-------------------------------
サンプル 123-------
単語 : 向う,  cos類似度 : 0.6024462926837421
単語 : 入り口,  cos類似度 : 0.589075365256942
単語 : 横,  cos類似度 : 0.5808511482690535
単語 : 隣,  cos類似度 : 0.5750772877958027
単語 : 中腹,  cos類似度 : 0.5733480777758596
-------------------------------
サンプル 124-------
単語 : 入り口,  cos類似度 : 0.5879452975517678
単語 : 周り,  cos類似度 : 0.5795069997151403
単語 : 隣,  cos類似度 : 0.5786215416053352
単語 : 木々,  cos類似度 : 0.5778627377895731
単語 : 横,  cos類似度 : 0.5749730979390579
-------------------------------
サンプル 125-------
単語 : 昼間,  cos類似度 : 0.4515960038399938
単語 : 隣,  cos類似度 : 0.45117238688594985
単語 : 朝,  cos類似度 : 0.44850305862938117
単語 : 夜,  cos類似度 : 0.44529672424968664
単語 : にぎやか,  cos類似度 : 0.44480355413495637
-------------------------------
サンプル 126-------
単語 : 見え,  cos類似度 : 0.5832916254078746
単語 : よ,  cos類似度 : 0.5829638887487131
単語 : 周り,  cos類似度 : 0.5739700935654563
単語 : 実,  cos類似度 : 0.5692033143389779
単語 : 横,  cos類似度 : 0.5681958305836325
-------------------------------
サンプル 127-------
単語 : ん,  cos類似度 : 0.47740752153349536
単語 : よ,  cos類似度 : 0.4722696134122582
単語 : せい,  cos類似度 : 0.46824068667477736
単語 : 微妙,  cos類似度 : 0.46563947868975886
単語 : 当たり前,  cos類似度 : 0.4575703718719516
-------------------------------
サンプル 128-------
単語 : 隣,  cos類似度 : 0.5999256636775279
単語 : 向う,  cos類似度 : 0.5888941021939241
単語 : 入り口,  cos類似度 : 0.5855080511882446
単語 : よ,  cos類似度 : 0.5772634156295868
単語 : 見え,  cos類似度 : 0.5744052759739131
-------------------------------
サンプル 129-------
単語 : 水色,  cos類似度 : 0.6231327150228577
単語 : 緑色,  cos類似度 : 0.6142592033227783
単語 : 深緑,  cos類似度 : 0.6131389724549846
単語 : 緑,  cos類似度 : 0.5936639026156983
単語 : 色,  cos類似度 : 0.5931616802842581
-------------------------------
サンプル 130-------
単語 : よ,  cos類似度 : 0.5952047977348984
単語 : 見え,  cos類似度 : 0.57371515596089
単語 : 隣,  cos類似度 : 0.5733987338080799
単語 : 入り口,  cos類似度 : 0.5728122314695806
単語 : 実,  cos類似度 : 0.5708895400412476
-------------------------------
サンプル 131-------
単語 : 責任,  cos類似度 : -0.22832478636467288
単語 : 面接,  cos類似度 : -0.2319518413459413
単語 : ポリオ,  cos類似度 : -0.2331798612296478
単語 : 採点,  cos類似度 : -0.23783547821010811
単語 : 連絡,  cos類似度 : -0.2397022219075763
-------------------------------
サンプル 132-------
単語 : 水色,  cos類似度 : 0.5957000664715283
単語 : 緑色,  cos類似度 : 0.5822466796997643
単語 : 周り,  cos類似度 : 0.581872812956281
単語 : 入り口,  cos類似度 : 0.578322456670307
単語 : 茶色,  cos類似度 : 0.5779230987873816
-------------------------------
サンプル 133-------
単語 : よ,  cos類似度 : 0.6117711679989981
単語 : ん,  cos類似度 : 0.5851173131874465
単語 : 隣,  cos類似度 : 0.576397396957526
単語 : 実,  cos類似度 : 0.5747783343986781
単語 : 周り,  cos類似度 : 0.5737034924155412
-------------------------------
サンプル 134-------
単語 : よ,  cos類似度 : 0.591668364071605
単語 : 水色,  cos類似度 : 0.5779349302208765
単語 : ん,  cos類似度 : 0.5763593921887662
単語 : 実,  cos類似度 : 0.5713506708560373
単語 : 入り口,  cos類似度 : 0.5694522274666776
-------------------------------
サンプル 135-------
単語 : よ,  cos類似度 : 0.5888679040886053
単語 : 場所,  cos類似度 : 0.5760891511174128
単語 : 向う,  cos類似度 : 0.5760628743285349
単語 : 景色,  cos類似度 : 0.5739221068033344
単語 : 見え,  cos類似度 : 0.5687620144488709
-------------------------------
サンプル 136-------
単語 : 周り,  cos類似度 : 0.5960592426413688
単語 : よ,  cos類似度 : 0.5950549952501597
単語 : 緑色,  cos類似度 : 0.5868595491639179
単語 : 茶色,  cos類似度 : 0.5848662390802656
単語 : 水色,  cos類似度 : 0.5836081047313598
-------------------------------
サンプル 137-------
単語 : 部分,  cos類似度 : 0.48945725321693195
単語 : 背景,  cos類似度 : 0.48931557667830444
単語 : 遠景,  cos類似度 : 0.46766018390066255
単語 : 欠落,  cos類似度 : 0.4464422663419214
単語 : 全体,  cos類似度 : 0.44471397803920865
-------------------------------
サンプル 138-------
単語 : よ,  cos類似度 : 0.5911650502524427
単語 : 見え,  cos類似度 : 0.5907521815343871
単語 : 水色,  cos類似度 : 0.5705365421238736
単語 : 周り,  cos類似度 : 0.5700199370830518
単語 : 向う,  cos類似度 : 0.5699321825325211
-------------------------------
サンプル 139-------
単語 : よ,  cos類似度 : 0.577604675415065
単語 : 見え,  cos類似度 : 0.5693136387138126
単語 : ん,  cos類似度 : 0.5595967436984235
単語 : 最初,  cos類似度 : 0.5561714640016904
単語 : 少し,  cos類似度 : 0.5516658349393739
-------------------------------
サンプル 140-------
単語 : 緑色,  cos類似度 : 0.6032463994006951
単語 : 水色,  cos類似度 : 0.6019421025005388
単語 : 見え,  cos類似度 : 0.5922256783191735
単語 : 茶色,  cos類似度 : 0.5877153514570188
単語 : 入り口,  cos類似度 : 0.5857421222727813
-------------------------------
サンプル 141-------
単語 : 真ん中,  cos類似度 : 0.22669987015478932
単語 : 鎮座,  cos類似度 : 0.22511988956754747
単語 : 手前,  cos類似度 : 0.21543166816115178
単語 : 隠れ家,  cos類似度 : 0.20772049102285842
単語 : 真中,  cos類似度 : 0.19751933500204202
-------------------------------
サンプル 142-------
単語 : よ,  cos類似度 : 0.6066596274986038
単語 : 見え,  cos類似度 : 0.597770028389191
単語 : 緑色,  cos類似度 : 0.591478048710585
単語 : 綺麗,  cos類似度 : 0.5869808633960173
単語 : 実,  cos類似度 : 0.5820824862677341
-------------------------------
サンプル 143-------
単語 : 見え,  cos類似度 : 0.5976049483378595
単語 : よ,  cos類似度 : 0.5938731747692424
単語 : 水色,  cos類似度 : 0.5821258159223734
単語 : 真ん中,  cos類似度 : 0.5761165773966244
単語 : 実,  cos類似度 : 0.5758593854487416
-------------------------------
サンプル 144-------
単語 : 隣,  cos類似度 : 0.5843528778752215
単語 : 入り口,  cos類似度 : 0.5837116408954157
単語 : 見え,  cos類似度 : 0.5804670605347358
単語 : 緑色,  cos類似度 : 0.5800706142151226
単語 : 実,  cos類似度 : 0.5795688791371388
-------------------------------
サンプル 145-------
単語 : 左側,  cos類似度 : 0.38049213800048687
単語 : 右側,  cos類似度 : 0.3773406114278347
単語 : 前方,  cos類似度 : 0.3515606177673745
単語 : 手前,  cos類似度 : 0.3429232518635177
単語 : 車止め,  cos類似度 : 0.33579190461759867
-------------------------------
サンプル 146-------
単語 : よ,  cos類似度 : 0.5904342891260623
単語 : 横,  cos類似度 : 0.5872052836237879
単語 : 入り口,  cos類似度 : 0.5859826761356172
単語 : 見え,  cos類似度 : 0.5815099136288572
単語 : 周り,  cos類似度 : 0.5778191170697018
-------------------------------
サンプル 147-------
単語 : 横,  cos類似度 : 0.5573910487336297
単語 : 真横,  cos類似度 : 0.546528465214223
単語 : 背後,  cos類似度 : 0.5464254182581736
単語 : 正面,  cos類似度 : 0.5224460055850746
単語 : 欄干,  cos類似度 : 0.5077319991553892
-------------------------------
サンプル 148-------
単語 : 入り口,  cos類似度 : 0.5920508438419092
単語 : 隣,  cos類似度 : 0.5862046186303862
単語 : 向う,  cos類似度 : 0.5787480262618528
単語 : 横,  cos類似度 : 0.5733118862742961
単語 : 周り,  cos類似度 : 0.5702864004923047
-------------------------------
サンプル 149-------
単語 : 深度,  cos類似度 : 0.3199657195570745
単語 : 垂直,  cos類似度 : 0.3101155970552083
単語 : 船首,  cos類似度 : 0.3005679399055359
単語 : 単純,  cos類似度 : 0.29278389282048267
単語 : 陸地,  cos類似度 : 0.2914741142440215
-------------------------------
サンプル 150-------
単語 : よ,  cos類似度 : 0.5936596515188672
単語 : 入り口,  cos類似度 : 0.5930557796824204
単語 : 手前,  cos類似度 : 0.5834141720134606
単語 : 実,  cos類似度 : 0.5809883547462329
単語 : 見え,  cos類似度 : 0.5765254253602663
-------------------------------
サンプル 151-------
単語 : 見え,  cos類似度 : 0.5775400867224882
単語 : 小道,  cos類似度 : 0.5666774958480065
単語 : 入り口,  cos類似度 : 0.5639988693724204
単語 : 隣,  cos類似度 : 0.560120699165659
単語 : よ,  cos類似度 : 0.5593629969296416
-------------------------------
サンプル 152-------
単語 : 緑色,  cos類似度 : 0.5870197653360657
単語 : よ,  cos類似度 : 0.5861345293261321
単語 : 水色,  cos類似度 : 0.5860538538039235
単語 : 入り口,  cos類似度 : 0.5860364886582694
単語 : 隣,  cos類似度 : 0.5840372014884541
-------------------------------
サンプル 153-------
単語 : 空,  cos類似度 : 0.6048377656655877
単語 : 見え,  cos類似度 : 0.5765300973806052
単語 : 景色,  cos類似度 : 0.5686523195438056
単語 : 風景,  cos類似度 : 0.564945576666757
単語 : よ,  cos類似度 : 0.5615809791579941
-------------------------------
サンプル 154-------
単語 : よ,  cos類似度 : 0.5893389994491252
単語 : 隣,  cos類似度 : 0.5810627412421386
単語 : 入り口,  cos類似度 : 0.5790209923879832
単語 : 見え,  cos類似度 : 0.5718949982070176
単語 : ん,  cos類似度 : 0.5715510720673553
-------------------------------
サンプル 155-------
単語 : 真横,  cos類似度 : 0.5972659209256409
単語 : 横,  cos類似度 : 0.5838218028895954
単語 : 真上,  cos類似度 : 0.5758083106555566
単語 : 緑色,  cos類似度 : 0.571644301632462
単語 : 真ん中,  cos類似度 : 0.5693112080544852
-------------------------------
サンプル 156-------
単語 : 入り口,  cos類似度 : 0.5945649491809026
単語 : 隣,  cos類似度 : 0.5907366754195565
単語 : 横,  cos類似度 : 0.5841820328505509
単語 : 手前,  cos類似度 : 0.5841710543080109
単語 : 周り,  cos類似度 : 0.5820611258375923
-------------------------------
サンプル 157-------
単語 : 買,  cos類似度 : -0.23777290314691427
単語 : ポリオ,  cos類似度 : -0.24003831016129032
単語 : 報酬,  cos類似度 : -0.243014935987558
単語 : 在庫,  cos類似度 : -0.24687036058091066
単語 : 消化,  cos類似度 : -0.24769456891720235
-------------------------------
サンプル 158-------
単語 : よ,  cos類似度 : 0.5847164699923433
単語 : 入り口,  cos類似度 : 0.5840269043505155
単語 : 横,  cos類似度 : 0.5830969298773716
単語 : 手前,  cos類似度 : 0.5778313909052796
単語 : 隣,  cos類似度 : 0.5744099061657468
-------------------------------
サンプル 159-------
単語 : ん,  cos類似度 : 0.5496418098517039
単語 : よ,  cos類似度 : 0.5452307856206465
単語 : 初め,  cos類似度 : 0.5439884270158932
単語 : 最初,  cos類似度 : 0.5321019858929124
単語 : 周り,  cos類似度 : 0.5292203671870619
-------------------------------
サンプル 160-------
単語 : 周り,  cos類似度 : 0.5906850796765017
単語 : 隣,  cos類似度 : 0.5814683495453801
単語 : 向う,  cos類似度 : 0.5789558226731668
単語 : 入り口,  cos類似度 : 0.5742059983001324
単語 : まわり,  cos類似度 : 0.5698265082969971
-------------------------------
サンプル 161-------
単語 : 大勢,  cos類似度 : 0.551584000981817
単語 : 人々,  cos類似度 : 0.5363529593478642
単語 : 周り,  cos類似度 : 0.520681243577543
単語 : 一団,  cos類似度 : 0.5203759040663574
単語 : 同僚,  cos類似度 : 0.5157860547696218
-------------------------------
サンプル 162-------
単語 : よ,  cos類似度 : 0.6115937108380418
単語 : 見え,  cos類似度 : 0.5855440549293528
単語 : ん,  cos類似度 : 0.5727545276677956
単語 : 周り,  cos類似度 : 0.5644062459695064
単語 : 場所,  cos類似度 : 0.5632655027290921
-------------------------------
サンプル 163-------
単語 : 綺麗,  cos類似度 : 0.6035760886915776
単語 : 景色,  cos類似度 : 0.598379710314397
単語 : 光景,  cos類似度 : 0.5958770621535248
単語 : よ,  cos類似度 : 0.5939541499180905
単語 : きれい,  cos類似度 : 0.5914179361496955
-------------------------------
サンプル 164-------
単語 : よ,  cos類似度 : 0.5862744366701228
単語 : 緑色,  cos類似度 : 0.583874021573511
単語 : 実,  cos類似度 : 0.5819361749867134
単語 : 見え,  cos類似度 : 0.5818871284851869
単語 : 隣,  cos類似度 : 0.5787341338625258
-------------------------------
サンプル 165-------
単語 : 見え,  cos類似度 : 0.5919988129363973
単語 : 景色,  cos類似度 : 0.5800526772869796
単語 : 向う,  cos類似度 : 0.5707186376160012
単語 : 遠景,  cos類似度 : 0.5636920758003666
単語 : 夕暮れ,  cos類似度 : 0.5635582034915984
-------------------------------
サンプル 166-------
単語 : よ,  cos類似度 : 0.5873533176271639
単語 : 緑色,  cos類似度 : 0.5754389446307415
単語 : 見え,  cos類似度 : 0.5726017844750614
単語 : 実,  cos類似度 : 0.5691757198242652
単語 : 周り,  cos類似度 : 0.5685923586591721
-------------------------------
サンプル 167-------
単語 : 大地,  cos類似度 : 0.27740938727150066
単語 : 無色,  cos類似度 : 0.2610151597162453
単語 : 存在,  cos類似度 : 0.25846861024676526
単語 : 奇岩,  cos類似度 : 0.2556433017681368
単語 : 海底,  cos類似度 : 0.25548768599898936
-------------------------------
サンプル 168-------
単語 : 向う,  cos類似度 : 0.5812310405682776
単語 : 入り口,  cos類似度 : 0.5781541597127171
単語 : 緑色,  cos類似度 : 0.5773971090954514
単語 : 隣,  cos類似度 : 0.5712745130662262
単語 : 実,  cos類似度 : 0.569223296713261
-------------------------------
サンプル 169-------
単語 : 買,  cos類似度 : -0.24735824564345804
単語 : 添削,  cos類似度 : -0.252377926159859
単語 : 資格,  cos類似度 : -0.2560015547419898
単語 : 見方,  cos類似度 : -0.2564162671075172
単語 : 定員,  cos類似度 : -0.25951189346139203
-------------------------------
サンプル 170-------
単語 : よ,  cos類似度 : 0.5896828638014946
単語 : 場所,  cos類似度 : 0.5718188116693889
単語 : 周り,  cos類似度 : 0.5714961717691541
単語 : 実,  cos類似度 : 0.5672862781648537
単語 : 見え,  cos類似度 : 0.5670100834782708
-------------------------------
サンプル 171-------
単語 : 山側,  cos類似度 : 0.43320800862367054
単語 : 斜面,  cos類似度 : 0.4175310941876325
単語 : 岸壁,  cos類似度 : 0.4174780548352074
単語 : 歩道,  cos類似度 : 0.4003775470302864
単語 : スロープ,  cos類似度 : 0.39898051678469987
-------------------------------
サンプル 172-------
単語 : よ,  cos類似度 : 0.5889632341917629
単語 : 緑色,  cos類似度 : 0.5854764502662076
単語 : 隣,  cos類似度 : 0.5853993161320876
単語 : 水色,  cos類似度 : 0.5834920136666104
単語 : 入り口,  cos類似度 : 0.5828873852545788
-------------------------------
サンプル 173-------
単語 : 木々,  cos類似度 : 0.5543611588717584
単語 : 銀色,  cos類似度 : 0.5538106624394916
単語 : 緑色,  cos類似度 : 0.5513681498635247
単語 : 空,  cos類似度 : 0.5329535873630588
単語 : 真っ白,  cos類似度 : 0.5315224910634228
-------------------------------
サンプル 174-------
単語 : よ,  cos類似度 : 0.604656282829771
単語 : ん,  cos類似度 : 0.582145294238501
単語 : 場所,  cos類似度 : 0.5721588926119037
単語 : 見え,  cos類似度 : 0.5683014760149948
単語 : 実,  cos類似度 : 0.5656938251666394
-------------------------------
サンプル 175-------
単語 : 稲妻,  cos類似度 : 0.4259113377383573
単語 : うさぎ,  cos類似度 : 0.3917186524703196
単語 : あひる,  cos類似度 : 0.38973039117238056
単語 : 空,  cos類似度 : 0.3891660885377046
単語 : ひよこ,  cos類似度 : 0.3888662651323692
-------------------------------
サンプル 176-------
単語 : 隣,  cos類似度 : 0.5956761288624752
単語 : 入り口,  cos類似度 : 0.5875721737636587
単語 : 向う,  cos類似度 : 0.5818876944207632
単語 : 周り,  cos類似度 : 0.5804968869762791
単語 : よ,  cos類似度 : 0.5804907033007981
-------------------------------
サンプル 177-------
単語 : よ,  cos類似度 : 0.6110910646648684
単語 : ん,  cos類似度 : 0.6008999478482775
単語 : 場所,  cos類似度 : 0.5779640310663399
単語 : 最初,  cos類似度 : 0.5621401974699364
単語 : 初め,  cos類似度 : 0.5614654965826709
-------------------------------
サンプル 178-------
単語 : よ,  cos類似度 : 0.5978094542420953
単語 : ん,  cos類似度 : 0.5775896631283096
単語 : 周り,  cos類似度 : 0.5774674430230108
単語 : 入り口,  cos類似度 : 0.5766909816430215
単語 : 場所,  cos類似度 : 0.5732351390274802
-------------------------------
サンプル 179-------
単語 : カラフル,  cos類似度 : 0.5890514976630978
単語 : 緑色,  cos類似度 : 0.5825451670865366
単語 : 入り口,  cos類似度 : 0.5715032721796579
単語 : 茶色,  cos類似度 : 0.5592379371053555
単語 : 水色,  cos類似度 : 0.5584783685295894
-------------------------------
サンプル 180-------
単語 : よ,  cos類似度 : 0.5998622977298734
単語 : 見え,  cos類似度 : 0.5822246450560615
単語 : 隣,  cos類似度 : 0.582016084108399
単語 : 入り口,  cos類似度 : 0.581747176678121
単語 : 緑色,  cos類似度 : 0.5808730107629605
-------------------------------
サンプル 181-------
単語 : テスト,  cos類似度 : -0.15313488617968296
単語 : 交換,  cos類似度 : -0.17536624658153663
単語 : 買,  cos類似度 : -0.17549150001879976
単語 : ポリオ,  cos類似度 : -0.17705471547106205
単語 : 手間,  cos類似度 : -0.1781846681445586
-------------------------------
サンプル 182-------
単語 : よ,  cos類似度 : 0.5898740268938153
単語 : 見え,  cos類似度 : 0.5867050296730799
単語 : 場所,  cos類似度 : 0.5772098391210319
単語 : 実,  cos類似度 : 0.5713004716841525
単語 : 横,  cos類似度 : 0.5712876977477016
-------------------------------
サンプル 183-------
単語 : 向う,  cos類似度 : 0.6024462926837421
単語 : 入り口,  cos類似度 : 0.589075365256942
単語 : 横,  cos類似度 : 0.5808511482690535
単語 : 隣,  cos類似度 : 0.5750772877958027
単語 : 中腹,  cos類似度 : 0.5733480777758596
-------------------------------
サンプル 184-------
単語 : 入り口,  cos類似度 : 0.5879452975517678
単語 : 周り,  cos類似度 : 0.5795069997151403
単語 : 隣,  cos類似度 : 0.5786215416053352
単語 : 木々,  cos類似度 : 0.5778627377895731
単語 : 横,  cos類似度 : 0.5749730979390579
-------------------------------
サンプル 185-------
単語 : 昼間,  cos類似度 : 0.4515960038399938
単語 : 隣,  cos類似度 : 0.45117238688594985
単語 : 朝,  cos類似度 : 0.44850305862938117
単語 : 夜,  cos類似度 : 0.44529672424968664
単語 : にぎやか,  cos類似度 : 0.44480355413495637
-------------------------------
サンプル 186-------
単語 : 見え,  cos類似度 : 0.5832916254078746
単語 : よ,  cos類似度 : 0.5829638887487131
単語 : 周り,  cos類似度 : 0.5739700935654563
単語 : 実,  cos類似度 : 0.5692033143389779
単語 : 横,  cos類似度 : 0.5681958305836325
-------------------------------
サンプル 187-------
単語 : ん,  cos類似度 : 0.47740752153349403
単語 : よ,  cos類似度 : 0.47226961341225693
単語 : せい,  cos類似度 : 0.4682406866747765
単語 : 微妙,  cos類似度 : 0.46563947868975797
単語 : 当たり前,  cos類似度 : 0.45757037187195043
-------------------------------
サンプル 188-------
単語 : 隣,  cos類似度 : 0.5999256636775279
単語 : 向う,  cos類似度 : 0.5888941021939241
単語 : 入り口,  cos類似度 : 0.5855080511882446
単語 : よ,  cos類似度 : 0.5772634156295868
単語 : 見え,  cos類似度 : 0.5744052759739131
-------------------------------
サンプル 189-------
単語 : 水色,  cos類似度 : 0.6231327150228575
単語 : 緑色,  cos類似度 : 0.6142592033227785
単語 : 深緑,  cos類似度 : 0.6131389724549845
単語 : 緑,  cos類似度 : 0.5936639026156985
単語 : 色,  cos類似度 : 0.593161680284258
-------------------------------
サンプル 190-------
単語 : よ,  cos類似度 : 0.5952047977348984
単語 : 見え,  cos類似度 : 0.57371515596089
単語 : 隣,  cos類似度 : 0.5733987338080799
単語 : 入り口,  cos類似度 : 0.5728122314695806
単語 : 実,  cos類似度 : 0.5708895400412476
-------------------------------
サンプル 191-------
単語 : 責任,  cos類似度 : -0.22832478636467288
単語 : 面接,  cos類似度 : -0.2319518413459413
単語 : ポリオ,  cos類似度 : -0.2331798612296478
単語 : 採点,  cos類似度 : -0.23783547821010811
単語 : 連絡,  cos類似度 : -0.2397022219075763
-------------------------------
サンプル 192-------
単語 : 水色,  cos類似度 : 0.5957000664715283
単語 : 緑色,  cos類似度 : 0.5822466796997643
単語 : 周り,  cos類似度 : 0.581872812956281
単語 : 入り口,  cos類似度 : 0.578322456670307
単語 : 茶色,  cos類似度 : 0.5779230987873816
-------------------------------
サンプル 193-------
単語 : よ,  cos類似度 : 0.6117711679989981
単語 : ん,  cos類似度 : 0.5851173131874465
単語 : 隣,  cos類似度 : 0.576397396957526
単語 : 実,  cos類似度 : 0.5747783343986781
単語 : 周り,  cos類似度 : 0.5737034924155412
-------------------------------
サンプル 194-------
単語 : よ,  cos類似度 : 0.591668364071605
単語 : 水色,  cos類似度 : 0.5779349302208765
単語 : ん,  cos類似度 : 0.5763593921887662
単語 : 実,  cos類似度 : 0.5713506708560373
単語 : 入り口,  cos類似度 : 0.5694522274666776
-------------------------------
サンプル 195-------
単語 : よ,  cos類似度 : 0.5888679040886053
単語 : 場所,  cos類似度 : 0.5760891511174128
単語 : 向う,  cos類似度 : 0.5760628743285349
単語 : 景色,  cos類似度 : 0.5739221068033344
単語 : 見え,  cos類似度 : 0.5687620144488709
-------------------------------
サンプル 196-------
単語 : 周り,  cos類似度 : 0.5960592426413688
単語 : よ,  cos類似度 : 0.5950549952501597
単語 : 緑色,  cos類似度 : 0.5868595491639179
単語 : 茶色,  cos類似度 : 0.5848662390802656
単語 : 水色,  cos類似度 : 0.5836081047313598
-------------------------------
サンプル 197-------
単語 : 部分,  cos類似度 : 0.48945725321693195
単語 : 背景,  cos類似度 : 0.48931557667830444
単語 : 遠景,  cos類似度 : 0.46766018390066255
単語 : 欠落,  cos類似度 : 0.4464422663419214
単語 : 全体,  cos類似度 : 0.44471397803920865
-------------------------------
サンプル 198-------
単語 : よ,  cos類似度 : 0.5911650502524427
単語 : 見え,  cos類似度 : 0.5907521815343871
単語 : 水色,  cos類似度 : 0.5705365421238736
単語 : 周り,  cos類似度 : 0.5700199370830518
単語 : 向う,  cos類似度 : 0.5699321825325211
-------------------------------
サンプル 199-------
単語 : よ,  cos類似度 : 0.577604675415065
単語 : 見え,  cos類似度 : 0.5693136387138126
単語 : ん,  cos類似度 : 0.5595967436984235
単語 : 最初,  cos類似度 : 0.5561714640016904
単語 : 少し,  cos類似度 : 0.5516658349393739
-------------------------------
サンプル 200-------
単語 : 緑色,  cos類似度 : 0.6032463994006951
単語 : 水色,  cos類似度 : 0.6019421025005388
単語 : 見え,  cos類似度 : 0.5922256783191735
単語 : 茶色,  cos類似度 : 0.5877153514570188
単語 : 入り口,  cos類似度 : 0.5857421222727813
-------------------------------
サンプル 201-------
単語 : 真ん中,  cos類似度 : 0.22669987015478718
単語 : 鎮座,  cos類似度 : 0.22511988956754544
単語 : 手前,  cos類似度 : 0.21543166816114945
単語 : 隠れ家,  cos類似度 : 0.20772049102285678
単語 : 真中,  cos類似度 : 0.19751933500203978
-------------------------------
サンプル 202-------
単語 : よ,  cos類似度 : 0.6066596274986038
単語 : 見え,  cos類似度 : 0.597770028389191
単語 : 緑色,  cos類似度 : 0.591478048710585
単語 : 綺麗,  cos類似度 : 0.5869808633960173
単語 : 実,  cos類似度 : 0.5820824862677341
-------------------------------
サンプル 203-------
単語 : 見え,  cos類似度 : 0.5976049483378597
単語 : よ,  cos類似度 : 0.5938731747692426
単語 : 水色,  cos類似度 : 0.5821258159223736
単語 : 真ん中,  cos類似度 : 0.5761165773966245
単語 : 実,  cos類似度 : 0.5758593854487417
-------------------------------
サンプル 204-------
単語 : 隣,  cos類似度 : 0.5843528778752215
単語 : 入り口,  cos類似度 : 0.5837116408954157
単語 : 見え,  cos類似度 : 0.5804670605347358
単語 : 緑色,  cos類似度 : 0.5800706142151226
単語 : 実,  cos類似度 : 0.5795688791371388
-------------------------------
サンプル 205-------
単語 : 左側,  cos類似度 : 0.38049213800048687
単語 : 右側,  cos類似度 : 0.3773406114278347
単語 : 前方,  cos類似度 : 0.3515606177673745
単語 : 手前,  cos類似度 : 0.3429232518635177
単語 : 車止め,  cos類似度 : 0.33579190461759867
-------------------------------
サンプル 206-------
単語 : よ,  cos類似度 : 0.5904342891260623
単語 : 横,  cos類似度 : 0.5872052836237879
単語 : 入り口,  cos類似度 : 0.5859826761356172
単語 : 見え,  cos類似度 : 0.5815099136288572
単語 : 周り,  cos類似度 : 0.5778191170697018
-------------------------------
サンプル 207-------
単語 : 横,  cos類似度 : 0.5573910487336297
単語 : 真横,  cos類似度 : 0.546528465214223
単語 : 背後,  cos類似度 : 0.5464254182581736
単語 : 正面,  cos類似度 : 0.5224460055850746
単語 : 欄干,  cos類似度 : 0.5077319991553892
-------------------------------
サンプル 208-------
単語 : 入り口,  cos類似度 : 0.5920508438419092
単語 : 隣,  cos類似度 : 0.5862046186303862
単語 : 向う,  cos類似度 : 0.5787480262618527
単語 : 横,  cos類似度 : 0.5733118862742961
単語 : 周り,  cos類似度 : 0.5702864004923047
-------------------------------
サンプル 209-------
単語 : 深度,  cos類似度 : 0.31996571955707404
単語 : 垂直,  cos類似度 : 0.3101155970552076
単語 : 船首,  cos類似度 : 0.3005679399055352
単語 : 単純,  cos類似度 : 0.2927838928204819
単語 : 陸地,  cos類似度 : 0.2914741142440209
-------------------------------
サンプル 210-------
単語 : よ,  cos類似度 : 0.5936596515188671
単語 : 入り口,  cos類似度 : 0.5930557796824205
単語 : 手前,  cos類似度 : 0.5834141720134605
単語 : 実,  cos類似度 : 0.5809883547462329
単語 : 見え,  cos類似度 : 0.5765254253602662
-------------------------------
サンプル 211-------
単語 : 見え,  cos類似度 : 0.5775400867224882
単語 : 小道,  cos類似度 : 0.5666774958480065
単語 : 入り口,  cos類似度 : 0.5639988693724204
単語 : 隣,  cos類似度 : 0.560120699165659
単語 : よ,  cos類似度 : 0.5593629969296416
-------------------------------
サンプル 212-------
単語 : 緑色,  cos類似度 : 0.5870197653360657
単語 : よ,  cos類似度 : 0.5861345293261321
単語 : 水色,  cos類似度 : 0.5860538538039235
単語 : 入り口,  cos類似度 : 0.5860364886582694
単語 : 隣,  cos類似度 : 0.5840372014884541
-------------------------------
サンプル 213-------
単語 : 空,  cos類似度 : 0.6048377656655877
単語 : 見え,  cos類似度 : 0.5765300973806052
単語 : 景色,  cos類似度 : 0.5686523195438056
単語 : 風景,  cos類似度 : 0.564945576666757
単語 : よ,  cos類似度 : 0.5615809791579941
-------------------------------
サンプル 214-------
単語 : よ,  cos類似度 : 0.5893389994491252
単語 : 隣,  cos類似度 : 0.5810627412421386
単語 : 入り口,  cos類似度 : 0.5790209923879832
単語 : 見え,  cos類似度 : 0.5718949982070176
単語 : ん,  cos類似度 : 0.5715510720673553
-------------------------------
サンプル 215-------
単語 : 真横,  cos類似度 : 0.5972659209256409
単語 : 横,  cos類似度 : 0.5838218028895957
単語 : 真上,  cos類似度 : 0.5758083106555567
単語 : 緑色,  cos類似度 : 0.5716443016324625
単語 : 真ん中,  cos類似度 : 0.5693112080544857
-------------------------------
サンプル 216-------
単語 : 入り口,  cos類似度 : 0.5945649491809026
単語 : 隣,  cos類似度 : 0.5907366754195565
単語 : 横,  cos類似度 : 0.5841820328505511
単語 : 手前,  cos類似度 : 0.5841710543080109
単語 : 周り,  cos類似度 : 0.5820611258375923
-------------------------------
サンプル 217-------
単語 : 買,  cos類似度 : -0.23777290314691424
単語 : ポリオ,  cos類似度 : -0.24003831016129035
単語 : 報酬,  cos類似度 : -0.24301493598755802
単語 : 在庫,  cos類似度 : -0.24687036058091086
単語 : 消化,  cos類似度 : -0.24769456891720237
-------------------------------
サンプル 218-------
単語 : よ,  cos類似度 : 0.5847164699923433
単語 : 入り口,  cos類似度 : 0.5840269043505155
単語 : 横,  cos類似度 : 0.5830969298773716
単語 : 手前,  cos類似度 : 0.5778313909052796
単語 : 隣,  cos類似度 : 0.5744099061657468
-------------------------------
サンプル 219-------
単語 : ん,  cos類似度 : 0.5496418098517039
単語 : よ,  cos類似度 : 0.5452307856206465
単語 : 初め,  cos類似度 : 0.5439884270158932
単語 : 最初,  cos類似度 : 0.5321019858929124
単語 : 周り,  cos類似度 : 0.5292203671870619
-------------------------------
サンプル 220-------
単語 : 周り,  cos類似度 : 0.5906850796765017
単語 : 隣,  cos類似度 : 0.5814683495453801
単語 : 向う,  cos類似度 : 0.5789558226731668
単語 : 入り口,  cos類似度 : 0.5742059983001324
単語 : まわり,  cos類似度 : 0.5698265082969971
-------------------------------
サンプル 221-------
単語 : 大勢,  cos類似度 : 0.551584000981817
単語 : 人々,  cos類似度 : 0.5363529593478642
単語 : 周り,  cos類似度 : 0.520681243577543
単語 : 一団,  cos類似度 : 0.5203759040663574
単語 : 同僚,  cos類似度 : 0.5157860547696218
-------------------------------
サンプル 222-------
単語 : よ,  cos類似度 : 0.6115937108380418
単語 : 見え,  cos類似度 : 0.5855440549293528
単語 : ん,  cos類似度 : 0.5727545276677956
単語 : 周り,  cos類似度 : 0.5644062459695064
単語 : 場所,  cos類似度 : 0.5632655027290921
-------------------------------
サンプル 223-------
単語 : 綺麗,  cos類似度 : 0.6035760886915776
単語 : 景色,  cos類似度 : 0.598379710314397
単語 : 光景,  cos類似度 : 0.5958770621535248
単語 : よ,  cos類似度 : 0.5939541499180905
単語 : きれい,  cos類似度 : 0.5914179361496955
-------------------------------
サンプル 224-------
単語 : よ,  cos類似度 : 0.5862744366701228
単語 : 緑色,  cos類似度 : 0.583874021573511
単語 : 実,  cos類似度 : 0.5819361749867134
単語 : 見え,  cos類似度 : 0.5818871284851869
単語 : 隣,  cos類似度 : 0.5787341338625258
-------------------------------
サンプル 225-------
単語 : 見え,  cos類似度 : 0.5919988129363973
単語 : 景色,  cos類似度 : 0.5800526772869796
単語 : 向う,  cos類似度 : 0.5707186376160012
単語 : 遠景,  cos類似度 : 0.5636920758003666
単語 : 夕暮れ,  cos類似度 : 0.5635582034915984
-------------------------------
サンプル 226-------
単語 : よ,  cos類似度 : 0.5873533176271639
単語 : 緑色,  cos類似度 : 0.5754389446307415
単語 : 見え,  cos類似度 : 0.5726017844750614
単語 : 実,  cos類似度 : 0.5691757198242652
単語 : 周り,  cos類似度 : 0.5685923586591721
-------------------------------
サンプル 227-------
単語 : 大地,  cos類似度 : 0.2774093872715026
単語 : 無色,  cos類似度 : 0.26101515971624706
単語 : 存在,  cos類似度 : 0.2584686102467672
単語 : 奇岩,  cos類似度 : 0.25564330176813876
単語 : 海底,  cos類似度 : 0.2554876859989911
-------------------------------
サンプル 228-------
単語 : 向う,  cos類似度 : 0.5812310405682776
単語 : 入り口,  cos類似度 : 0.5781541597127171
単語 : 緑色,  cos類似度 : 0.5773971090954514
単語 : 隣,  cos類似度 : 0.5712745130662262
単語 : 実,  cos類似度 : 0.569223296713261
-------------------------------
サンプル 229-------
単語 : 買,  cos類似度 : -0.24735824564345804
単語 : 添削,  cos類似度 : -0.25237792615985905
単語 : 資格,  cos類似度 : -0.2560015547419899
単語 : 見方,  cos類似度 : -0.2564162671075172
単語 : 定員,  cos類似度 : -0.25951189346139203
-------------------------------
サンプル 230-------
単語 : よ,  cos類似度 : 0.5896828638014945
単語 : 場所,  cos類似度 : 0.5718188116693889
単語 : 周り,  cos類似度 : 0.5714961717691541
単語 : 実,  cos類似度 : 0.5672862781648536
単語 : 見え,  cos類似度 : 0.5670100834782706
-------------------------------
サンプル 231-------
単語 : 山側,  cos類似度 : 0.43320800862366865
単語 : 斜面,  cos類似度 : 0.41753109418763046
単語 : 岸壁,  cos類似度 : 0.41747805483520567
単語 : 歩道,  cos類似度 : 0.40037754703028444
単語 : スロープ,  cos類似度 : 0.39898051678469815
-------------------------------
サンプル 232-------
単語 : よ,  cos類似度 : 0.5889632341917629
単語 : 緑色,  cos類似度 : 0.5854764502662076
単語 : 隣,  cos類似度 : 0.5853993161320876
単語 : 水色,  cos類似度 : 0.5834920136666104
単語 : 入り口,  cos類似度 : 0.5828873852545788
-------------------------------
サンプル 233-------
単語 : 木々,  cos類似度 : 0.554361158871756
単語 : 銀色,  cos類似度 : 0.5538106624394888
単語 : 緑色,  cos類似度 : 0.5513681498635212
単語 : 空,  cos類似度 : 0.5329535873630562
単語 : 真っ白,  cos類似度 : 0.5315224910634201
-------------------------------
サンプル 234-------
単語 : よ,  cos類似度 : 0.604656282829771
単語 : ん,  cos類似度 : 0.582145294238501
単語 : 場所,  cos類似度 : 0.5721588926119037
単語 : 見え,  cos類似度 : 0.5683014760149948
単語 : 実,  cos類似度 : 0.5656938251666394
-------------------------------
サンプル 235-------
単語 : 稲妻,  cos類似度 : 0.42591133773835965
単語 : うさぎ,  cos類似度 : 0.39171865247032206
単語 : あひる,  cos類似度 : 0.389730391172383
単語 : 空,  cos類似度 : 0.38916608853770734
単語 : ひよこ,  cos類似度 : 0.38886626513237155
-------------------------------
サンプル 236-------
単語 : 隣,  cos類似度 : 0.5956761288624752
単語 : 入り口,  cos類似度 : 0.5875721737636587
単語 : 向う,  cos類似度 : 0.5818876944207632
単語 : 周り,  cos類似度 : 0.5804968869762791
単語 : よ,  cos類似度 : 0.5804907033007981
-------------------------------
サンプル 237-------
単語 : よ,  cos類似度 : 0.6110910646648682
単語 : ん,  cos類似度 : 0.6008999478482777
単語 : 場所,  cos類似度 : 0.57796403106634
単語 : 最初,  cos類似度 : 0.5621401974699365
単語 : 初め,  cos類似度 : 0.5614654965826709
-------------------------------
サンプル 238-------
単語 : よ,  cos類似度 : 0.5978094542420953
単語 : ん,  cos類似度 : 0.5775896631283096
単語 : 周り,  cos類似度 : 0.5774674430230108
単語 : 入り口,  cos類似度 : 0.5766909816430215
単語 : 場所,  cos類似度 : 0.5732351390274802
-------------------------------
サンプル 239-------
単語 : カラフル,  cos類似度 : 0.5890514976630978
単語 : 緑色,  cos類似度 : 0.5825451670865366
単語 : 入り口,  cos類似度 : 0.5715032721796579
単語 : 茶色,  cos類似度 : 0.5592379371053555
単語 : 水色,  cos類似度 : 0.5584783685295894
-------------------------------
サンプル 240-------
単語 : よ,  cos類似度 : 0.5998622977298734
単語 : 見え,  cos類似度 : 0.5822246450560615
単語 : 隣,  cos類似度 : 0.582016084108399
単語 : 入り口,  cos類似度 : 0.581747176678121
単語 : 緑色,  cos類似度 : 0.5808730107629605
-------------------------------
サンプル 241-------
単語 : テスト,  cos類似度 : -0.15313488617968332
単語 : 交換,  cos類似度 : -0.17536624658153704
単語 : 買,  cos類似度 : -0.17549150001880004
単語 : ポリオ,  cos類似度 : -0.17705471547106227
単語 : 手間,  cos類似度 : -0.17818466814455905
-------------------------------
サンプル 242-------
単語 : よ,  cos類似度 : 0.5898740268938153
単語 : 見え,  cos類似度 : 0.5867050296730799
単語 : 場所,  cos類似度 : 0.5772098391210319
単語 : 実,  cos類似度 : 0.5713004716841525
単語 : 横,  cos類似度 : 0.5712876977477016
-------------------------------
サンプル 243-------
単語 : 向う,  cos類似度 : 0.6024462926837422
単語 : 入り口,  cos類似度 : 0.589075365256942
単語 : 横,  cos類似度 : 0.5808511482690536
単語 : 隣,  cos類似度 : 0.5750772877958026
単語 : 中腹,  cos類似度 : 0.5733480777758598
-------------------------------
サンプル 244-------
単語 : 入り口,  cos類似度 : 0.5879452975517678
単語 : 周り,  cos類似度 : 0.5795069997151403
単語 : 隣,  cos類似度 : 0.5786215416053352
単語 : 木々,  cos類似度 : 0.5778627377895731
単語 : 横,  cos類似度 : 0.5749730979390579
-------------------------------
サンプル 245-------
単語 : 昼間,  cos類似度 : 0.4515960038399943
単語 : 隣,  cos類似度 : 0.4511723868859505
単語 : 朝,  cos類似度 : 0.44850305862938145
単語 : 夜,  cos類似度 : 0.44529672424968686
単語 : にぎやか,  cos類似度 : 0.44480355413495676
-------------------------------
サンプル 246-------
単語 : 見え,  cos類似度 : 0.5832916254078746
単語 : よ,  cos類似度 : 0.5829638887487131
単語 : 周り,  cos類似度 : 0.5739700935654563
単語 : 実,  cos類似度 : 0.5692033143389779
単語 : 横,  cos類似度 : 0.5681958305836325
-------------------------------
サンプル 247-------
単語 : ん,  cos類似度 : 0.47740752153349536
単語 : よ,  cos類似度 : 0.4722696134122582
単語 : せい,  cos類似度 : 0.46824068667477736
単語 : 微妙,  cos類似度 : 0.46563947868975886
単語 : 当たり前,  cos類似度 : 0.4575703718719516
-------------------------------
サンプル 248-------
単語 : 隣,  cos類似度 : 0.5999256636775279
単語 : 向う,  cos類似度 : 0.5888941021939241
単語 : 入り口,  cos類似度 : 0.5855080511882446
単語 : よ,  cos類似度 : 0.5772634156295868
単語 : 見え,  cos類似度 : 0.5744052759739131
-------------------------------
サンプル 249-------
単語 : 水色,  cos類似度 : 0.6231327150228577
単語 : 緑色,  cos類似度 : 0.6142592033227783
単語 : 深緑,  cos類似度 : 0.6131389724549846
単語 : 緑,  cos類似度 : 0.5936639026156983
単語 : 色,  cos類似度 : 0.5931616802842581
-------------------------------
サンプル 250-------
単語 : よ,  cos類似度 : 0.5952047977348984
単語 : 見え,  cos類似度 : 0.57371515596089
単語 : 隣,  cos類似度 : 0.5733987338080799
単語 : 入り口,  cos類似度 : 0.5728122314695806
単語 : 実,  cos類似度 : 0.5708895400412476
-------------------------------
サンプル 251-------
単語 : 責任,  cos類似度 : -0.22832478636467288
単語 : 面接,  cos類似度 : -0.2319518413459413
単語 : ポリオ,  cos類似度 : -0.2331798612296478
単語 : 採点,  cos類似度 : -0.23783547821010811
単語 : 連絡,  cos類似度 : -0.2397022219075763
-------------------------------
サンプル 252-------
単語 : 水色,  cos類似度 : 0.5957000664715282
単語 : 緑色,  cos類似度 : 0.5822466796997643
単語 : 周り,  cos類似度 : 0.5818728129562809
単語 : 入り口,  cos類似度 : 0.5783224566703069
単語 : 茶色,  cos類似度 : 0.5779230987873816
-------------------------------
サンプル 253-------
単語 : よ,  cos類似度 : 0.6117711679989981
単語 : ん,  cos類似度 : 0.5851173131874465
単語 : 隣,  cos類似度 : 0.576397396957526
単語 : 実,  cos類似度 : 0.5747783343986781
単語 : 周り,  cos類似度 : 0.5737034924155412
-------------------------------
サンプル 254-------
単語 : よ,  cos類似度 : 0.591668364071605
単語 : 水色,  cos類似度 : 0.5779349302208765
単語 : ん,  cos類似度 : 0.5763593921887662
単語 : 実,  cos類似度 : 0.5713506708560373
単語 : 入り口,  cos類似度 : 0.5694522274666776
-------------------------------
サンプル 255-------
単語 : よ,  cos類似度 : 0.5888679040886053
単語 : 場所,  cos類似度 : 0.5760891511174128
単語 : 向う,  cos類似度 : 0.5760628743285349
単語 : 景色,  cos類似度 : 0.5739221068033344
単語 : 見え,  cos類似度 : 0.5687620144488709
-------------------------------
サンプル 256-------
単語 : 周り,  cos類似度 : 0.5960592426413688
単語 : よ,  cos類似度 : 0.5950549952501597
単語 : 緑色,  cos類似度 : 0.5868595491639179
単語 : 茶色,  cos類似度 : 0.5848662390802656
単語 : 水色,  cos類似度 : 0.5836081047313598
-------------------------------
サンプル 257-------
単語 : 部分,  cos類似度 : 0.48945725321693223
単語 : 背景,  cos類似度 : 0.4893155766783045
単語 : 遠景,  cos類似度 : 0.4676601839006628
単語 : 欠落,  cos類似度 : 0.44644226634192147
単語 : 全体,  cos類似度 : 0.4447139780392088
-------------------------------
サンプル 258-------
単語 : よ,  cos類似度 : 0.5911650502524427
単語 : 見え,  cos類似度 : 0.5907521815343871
単語 : 水色,  cos類似度 : 0.5705365421238736
単語 : 周り,  cos類似度 : 0.5700199370830518
単語 : 向う,  cos類似度 : 0.5699321825325211
-------------------------------
サンプル 259-------
単語 : よ,  cos類似度 : 0.5776046754150643
単語 : 見え,  cos類似度 : 0.5693136387138125
単語 : ん,  cos類似度 : 0.5595967436984232
単語 : 最初,  cos類似度 : 0.5561714640016903
単語 : 少し,  cos類似度 : 0.5516658349393738
-------------------------------
サンプル 260-------
単語 : 緑色,  cos類似度 : 0.6032463994006951
単語 : 水色,  cos類似度 : 0.6019421025005388
単語 : 見え,  cos類似度 : 0.5922256783191735
単語 : 茶色,  cos類似度 : 0.5877153514570188
単語 : 入り口,  cos類似度 : 0.5857421222727813
-------------------------------
サンプル 261-------
単語 : 真ん中,  cos類似度 : 0.22669987015478932
単語 : 鎮座,  cos類似度 : 0.22511988956754747
単語 : 手前,  cos類似度 : 0.21543166816115178
単語 : 隠れ家,  cos類似度 : 0.20772049102285842
単語 : 真中,  cos類似度 : 0.19751933500204202
-------------------------------
サンプル 262-------
単語 : よ,  cos類似度 : 0.6066596274986038
単語 : 見え,  cos類似度 : 0.597770028389191
単語 : 緑色,  cos類似度 : 0.591478048710585
単語 : 綺麗,  cos類似度 : 0.5869808633960173
単語 : 実,  cos類似度 : 0.5820824862677341
-------------------------------
サンプル 263-------
単語 : 見え,  cos類似度 : 0.5976049483378595
単語 : よ,  cos類似度 : 0.5938731747692424
単語 : 水色,  cos類似度 : 0.5821258159223734
単語 : 真ん中,  cos類似度 : 0.5761165773966244
単語 : 実,  cos類似度 : 0.5758593854487416
-------------------------------
サンプル 264-------
単語 : 隣,  cos類似度 : 0.5843528778752215
単語 : 入り口,  cos類似度 : 0.5837116408954157
単語 : 見え,  cos類似度 : 0.580467060534736
単語 : 緑色,  cos類似度 : 0.5800706142151227
単語 : 実,  cos類似度 : 0.579568879137139
-------------------------------
サンプル 265-------
単語 : 左側,  cos類似度 : 0.38049213800048687
単語 : 右側,  cos類似度 : 0.3773406114278347
単語 : 前方,  cos類似度 : 0.35156061776737463
単語 : 手前,  cos類似度 : 0.3429232518635177
単語 : 車止め,  cos類似度 : 0.33579190461759867
-------------------------------
サンプル 266-------
単語 : よ,  cos類似度 : 0.5904342891260623
単語 : 横,  cos類似度 : 0.5872052836237879
単語 : 入り口,  cos類似度 : 0.5859826761356172
単語 : 見え,  cos類似度 : 0.5815099136288572
単語 : 周り,  cos類似度 : 0.5778191170697018
-------------------------------
サンプル 267-------
単語 : 横,  cos類似度 : 0.5573910487336297
単語 : 真横,  cos類似度 : 0.546528465214223
単語 : 背後,  cos類似度 : 0.5464254182581736
単語 : 正面,  cos類似度 : 0.5224460055850746
単語 : 欄干,  cos類似度 : 0.5077319991553892
-------------------------------
サンプル 268-------
単語 : 入り口,  cos類似度 : 0.5920508438419092
単語 : 隣,  cos類似度 : 0.5862046186303862
単語 : 向う,  cos類似度 : 0.5787480262618528
単語 : 横,  cos類似度 : 0.5733118862742961
単語 : 周り,  cos類似度 : 0.5702864004923047
-------------------------------
サンプル 269-------
単語 : 深度,  cos類似度 : 0.3199657195570745
単語 : 垂直,  cos類似度 : 0.3101155970552083
単語 : 船首,  cos類似度 : 0.3005679399055359
単語 : 単純,  cos類似度 : 0.29278389282048267
単語 : 陸地,  cos類似度 : 0.2914741142440215
-------------------------------
サンプル 270-------
単語 : よ,  cos類似度 : 0.5936596515188672
単語 : 入り口,  cos類似度 : 0.5930557796824204
単語 : 手前,  cos類似度 : 0.5834141720134606
単語 : 実,  cos類似度 : 0.5809883547462329
単語 : 見え,  cos類似度 : 0.5765254253602663
-------------------------------
サンプル 271-------
単語 : 見え,  cos類似度 : 0.5775400867224882
単語 : 小道,  cos類似度 : 0.5666774958480066
単語 : 入り口,  cos類似度 : 0.5639988693724204
単語 : 隣,  cos類似度 : 0.5601206991656591
単語 : よ,  cos類似度 : 0.5593629969296418
-------------------------------
サンプル 272-------
単語 : 緑色,  cos類似度 : 0.5870197653360656
単語 : よ,  cos類似度 : 0.5861345293261321
単語 : 水色,  cos類似度 : 0.5860538538039235
単語 : 入り口,  cos類似度 : 0.5860364886582695
単語 : 隣,  cos類似度 : 0.5840372014884542
-------------------------------
サンプル 273-------
単語 : 空,  cos類似度 : 0.604837765665588
単語 : 見え,  cos類似度 : 0.5765300973806041
単語 : 景色,  cos類似度 : 0.568652319543805
単語 : 風景,  cos類似度 : 0.5649455766667569
単語 : よ,  cos類似度 : 0.5615809791579933
-------------------------------
サンプル 274-------
単語 : よ,  cos類似度 : 0.5893389994491252
単語 : 隣,  cos類似度 : 0.5810627412421386
単語 : 入り口,  cos類似度 : 0.5790209923879832
単語 : 見え,  cos類似度 : 0.5718949982070176
単語 : ん,  cos類似度 : 0.5715510720673553
-------------------------------
サンプル 275-------
単語 : 真横,  cos類似度 : 0.5972659209256409
単語 : 横,  cos類似度 : 0.5838218028895954
単語 : 真上,  cos類似度 : 0.5758083106555566
単語 : 緑色,  cos類似度 : 0.571644301632462
単語 : 真ん中,  cos類似度 : 0.5693112080544852
-------------------------------
サンプル 276-------
単語 : 入り口,  cos類似度 : 0.5945649491809026
単語 : 隣,  cos類似度 : 0.5907366754195565
単語 : 横,  cos類似度 : 0.5841820328505509
単語 : 手前,  cos類似度 : 0.5841710543080109
単語 : 周り,  cos類似度 : 0.5820611258375923
-------------------------------
サンプル 277-------
単語 : 買,  cos類似度 : -0.23777290314691427
単語 : ポリオ,  cos類似度 : -0.24003831016129032
単語 : 報酬,  cos類似度 : -0.243014935987558
単語 : 在庫,  cos類似度 : -0.24687036058091066
単語 : 消化,  cos類似度 : -0.24769456891720235
-------------------------------
サンプル 278-------
単語 : よ,  cos類似度 : 0.5847164699923433
単語 : 入り口,  cos類似度 : 0.5840269043505155
単語 : 横,  cos類似度 : 0.5830969298773716
単語 : 手前,  cos類似度 : 0.5778313909052796
単語 : 隣,  cos類似度 : 0.5744099061657468
-------------------------------
サンプル 279-------
単語 : ん,  cos類似度 : 0.549641809851704
単語 : よ,  cos類似度 : 0.5452307856206468
単語 : 初め,  cos類似度 : 0.5439884270158932
単語 : 最初,  cos類似度 : 0.5321019858929126
単語 : 周り,  cos類似度 : 0.5292203671870622
-------------------------------
サンプル 280-------
単語 : 周り,  cos類似度 : 0.5906850796765017
単語 : 隣,  cos類似度 : 0.5814683495453801
単語 : 向う,  cos類似度 : 0.5789558226731668
単語 : 入り口,  cos類似度 : 0.5742059983001324
単語 : まわり,  cos類似度 : 0.5698265082969971
-------------------------------
サンプル 281-------
単語 : 大勢,  cos類似度 : 0.551584000981817
単語 : 人々,  cos類似度 : 0.5363529593478642
単語 : 周り,  cos類似度 : 0.520681243577543
単語 : 一団,  cos類似度 : 0.5203759040663574
単語 : 同僚,  cos類似度 : 0.5157860547696218
-------------------------------
サンプル 282-------
単語 : よ,  cos類似度 : 0.6115937108380418
単語 : 見え,  cos類似度 : 0.5855440549293528
単語 : ん,  cos類似度 : 0.5727545276677956
単語 : 周り,  cos類似度 : 0.5644062459695064
単語 : 場所,  cos類似度 : 0.5632655027290921
-------------------------------
サンプル 283-------
単語 : 綺麗,  cos類似度 : 0.6035760886915776
単語 : 景色,  cos類似度 : 0.598379710314397
単語 : 光景,  cos類似度 : 0.5958770621535248
単語 : よ,  cos類似度 : 0.5939541499180905
単語 : きれい,  cos類似度 : 0.5914179361496955
-------------------------------
サンプル 284-------
単語 : よ,  cos類似度 : 0.5862744366701228
単語 : 緑色,  cos類似度 : 0.583874021573511
単語 : 実,  cos類似度 : 0.5819361749867134
単語 : 見え,  cos類似度 : 0.5818871284851869
単語 : 隣,  cos類似度 : 0.5787341338625258
-------------------------------
サンプル 285-------
単語 : 見え,  cos類似度 : 0.5919988129363973
単語 : 景色,  cos類似度 : 0.5800526772869796
単語 : 向う,  cos類似度 : 0.5707186376160012
単語 : 遠景,  cos類似度 : 0.5636920758003666
単語 : 夕暮れ,  cos類似度 : 0.5635582034915984
-------------------------------
サンプル 286-------
単語 : よ,  cos類似度 : 0.5873533176271639
単語 : 緑色,  cos類似度 : 0.5754389446307415
単語 : 見え,  cos類似度 : 0.5726017844750614
単語 : 実,  cos類似度 : 0.5691757198242652
単語 : 周り,  cos類似度 : 0.5685923586591721
-------------------------------
サンプル 287-------
単語 : 大地,  cos類似度 : 0.27740938727150066
単語 : 無色,  cos類似度 : 0.2610151597162453
単語 : 存在,  cos類似度 : 0.25846861024676526
単語 : 奇岩,  cos類似度 : 0.2556433017681368
単語 : 海底,  cos類似度 : 0.25548768599898936
-------------------------------
サンプル 288-------
単語 : 向う,  cos類似度 : 0.5812310405682776
単語 : 入り口,  cos類似度 : 0.5781541597127171
単語 : 緑色,  cos類似度 : 0.5773971090954514
単語 : 隣,  cos類似度 : 0.5712745130662262
単語 : 実,  cos類似度 : 0.569223296713261
-------------------------------
サンプル 289-------
単語 : 買,  cos類似度 : -0.24735824564345804
単語 : 添削,  cos類似度 : -0.252377926159859
単語 : 資格,  cos類似度 : -0.2560015547419898
単語 : 見方,  cos類似度 : -0.2564162671075172
単語 : 定員,  cos類似度 : -0.25951189346139203
-------------------------------
サンプル 290-------
単語 : よ,  cos類似度 : 0.5896828638014946
単語 : 場所,  cos類似度 : 0.5718188116693889
単語 : 周り,  cos類似度 : 0.5714961717691541
単語 : 実,  cos類似度 : 0.5672862781648537
単語 : 見え,  cos類似度 : 0.5670100834782708
-------------------------------
サンプル 291-------
単語 : 山側,  cos類似度 : 0.43320800862367054
単語 : 斜面,  cos類似度 : 0.4175310941876325
単語 : 岸壁,  cos類似度 : 0.4174780548352074
単語 : 歩道,  cos類似度 : 0.4003775470302864
単語 : スロープ,  cos類似度 : 0.39898051678469987
-------------------------------
サンプル 292-------
単語 : よ,  cos類似度 : 0.5889632341917629
単語 : 緑色,  cos類似度 : 0.5854764502662076
単語 : 隣,  cos類似度 : 0.5853993161320876
単語 : 水色,  cos類似度 : 0.5834920136666104
単語 : 入り口,  cos類似度 : 0.5828873852545788
-------------------------------
サンプル 293-------
単語 : 木々,  cos類似度 : 0.5543611588717584
単語 : 銀色,  cos類似度 : 0.5538106624394916
単語 : 緑色,  cos類似度 : 0.5513681498635247
単語 : 空,  cos類似度 : 0.5329535873630588
単語 : 真っ白,  cos類似度 : 0.5315224910634228
-------------------------------
サンプル 294-------
単語 : よ,  cos類似度 : 0.604656282829771
単語 : ん,  cos類似度 : 0.582145294238501
単語 : 場所,  cos類似度 : 0.5721588926119037
単語 : 見え,  cos類似度 : 0.5683014760149948
単語 : 実,  cos類似度 : 0.5656938251666394
-------------------------------
サンプル 295-------
単語 : 稲妻,  cos類似度 : 0.42591133773835965
単語 : うさぎ,  cos類似度 : 0.39171865247032206
単語 : あひる,  cos類似度 : 0.389730391172383
単語 : 空,  cos類似度 : 0.38916608853770734
単語 : ひよこ,  cos類似度 : 0.38886626513237155
-------------------------------
サンプル 296-------
単語 : 隣,  cos類似度 : 0.5956761288624752
単語 : 入り口,  cos類似度 : 0.5875721737636587
単語 : 向う,  cos類似度 : 0.5818876944207632
単語 : 周り,  cos類似度 : 0.5804968869762791
単語 : よ,  cos類似度 : 0.5804907033007981
-------------------------------
サンプル 297-------
単語 : よ,  cos類似度 : 0.6110910646648684
単語 : ん,  cos類似度 : 0.6008999478482775
単語 : 場所,  cos類似度 : 0.5779640310663399
単語 : 最初,  cos類似度 : 0.5621401974699364
単語 : 初め,  cos類似度 : 0.5614654965826709
-------------------------------
サンプル 298-------
単語 : よ,  cos類似度 : 0.5978094542420953
単語 : ん,  cos類似度 : 0.5775896631283096
単語 : 周り,  cos類似度 : 0.5774674430230108
単語 : 入り口,  cos類似度 : 0.5766909816430215
単語 : 場所,  cos類似度 : 0.5732351390274802
-------------------------------
サンプル 299-------
単語 : カラフル,  cos類似度 : 0.5890514976630981
単語 : 緑色,  cos類似度 : 0.5825451670865369
単語 : 入り口,  cos類似度 : 0.5715032721796584
単語 : 茶色,  cos類似度 : 0.5592379371053555
単語 : 水色,  cos類似度 : 0.5584783685295898
-------------------------------
サンプル 300-------
単語 : よ,  cos類似度 : 0.5998622977298734
単語 : 見え,  cos類似度 : 0.5822246450560615
単語 : 隣,  cos類似度 : 0.582016084108399
単語 : 入り口,  cos類似度 : 0.581747176678121
単語 : 緑色,  cos類似度 : 0.5808730107629605
-------------------------------
サンプル 301-------
単語 : テスト,  cos類似度 : -0.15313488617968296
単語 : 交換,  cos類似度 : -0.17536624658153663
単語 : 買,  cos類似度 : -0.17549150001879976
単語 : ポリオ,  cos類似度 : -0.17705471547106205
単語 : 手間,  cos類似度 : -0.1781846681445586
-------------------------------
