サンプル 3-------
単語 : 中心,  cos類似度 : 0.48868799644681366
単語 : 街,  cos類似度 : 0.4806743189002535
単語 : 都会,  cos類似度 : 0.47828010024524065
単語 : 魅力,  cos類似度 : 0.47463689587049174
単語 : 独特,  cos類似度 : 0.47372507515336504
-------------------------------
サンプル 4-------
単語 : 接客,  cos類似度 : -0.17539308499051562
単語 : 残業,  cos類似度 : -0.18960147467395086
単語 : 定時,  cos類似度 : -0.19481364785524705
単語 : 買,  cos類似度 : -0.19675196115044102
単語 : 責任,  cos類似度 : -0.19768355687326705
-------------------------------
サンプル 5-------
単語 : よ,  cos類似度 : 0.5840274898293581
単語 : 普通,  cos類似度 : 0.5618047228660243
単語 : 後ろ,  cos類似度 : 0.554763614891433
単語 : 茶色,  cos類似度 : 0.5415460607338616
単語 : 顔,  cos類似度 : 0.5409602478822624
-------------------------------
サンプル 6-------
単語 : 入り口,  cos類似度 : 0.5701478782510331
単語 : 横,  cos類似度 : 0.5685713452669214
単語 : 向う,  cos類似度 : 0.5683216204393913
単語 : 実,  cos類似度 : 0.5660255305182251
単語 : 見え,  cos類似度 : 0.5615313782243431
-------------------------------
サンプル 7-------
単語 : ふもと,  cos類似度 : 0.5704440314061076
単語 : 向う,  cos類似度 : 0.5701399108979391
単語 : 小道,  cos類似度 : 0.5677245518115002
単語 : 場所,  cos類似度 : 0.5640099154119591
単語 : 横,  cos類似度 : 0.5601918038468315
-------------------------------
サンプル 8-------
単語 : 一望,  cos類似度 : 0.2929504683343127
単語 : 男性,  cos類似度 : 0.28720250062489483
単語 : 正座,  cos類似度 : 0.283797256457941
単語 : 身長,  cos類似度 : 0.27555751166681275
単語 : 当時,  cos類似度 : 0.27304754368316886
-------------------------------
サンプル 9-------
単語 : 向う,  cos類似度 : 0.604481190127652
単語 : 入り口,  cos類似度 : 0.6016957115604009
単語 : 見え,  cos類似度 : 0.593043061144341
単語 : 手前,  cos類似度 : 0.5888746595222604
単語 : 隣,  cos類似度 : 0.5869424908265601
-------------------------------
サンプル 10-------
単語 : 見え,  cos類似度 : 0.5975841854543966
単語 : 水色,  cos類似度 : 0.5947887547806572
単語 : よ,  cos類似度 : 0.5887410808547316
単語 : 緑色,  cos類似度 : 0.5881821867776184
単語 : 景色,  cos類似度 : 0.5870515331715634
-------------------------------
サンプル 11-------
単語 : 定時,  cos類似度 : -0.18970557056892348
単語 : 交渉,  cos類似度 : -0.19192212453661345
単語 : 願,  cos類似度 : -0.19264240433868418
単語 : 降伏,  cos類似度 : -0.19761265863589492
単語 : 手続き,  cos類似度 : -0.19779089935591282
-------------------------------
サンプル 12-------
単語 : 実家,  cos類似度 : 0.33229026006159007
単語 : 人物,  cos類似度 : 0.3254446208825775
単語 : 生き物,  cos類似度 : 0.32248338717903496
単語 : 妻,  cos類似度 : 0.3202196346861305
単語 : 母親,  cos類似度 : 0.3163740845527865
-------------------------------
サンプル 13-------
単語 : 痛感,  cos類似度 : -0.21462822466855264
単語 : 見方,  cos類似度 : -0.21556614932531873
単語 : 添削,  cos類似度 : -0.22312971703567555
単語 : 採点,  cos類似度 : -0.224218171510931
単語 : 買,  cos類似度 : -0.22431937683953118
-------------------------------
サンプル 14-------
単語 : 水色,  cos類似度 : 0.6020265329623393
単語 : カラフル,  cos類似度 : 0.5985156041729383
単語 : よ,  cos類似度 : 0.5960884241388473
単語 : 茶色,  cos類似度 : 0.5955851948418828
単語 : 緑色,  cos類似度 : 0.5948135583364244
-------------------------------
サンプル 15-------
単語 : キャリー,  cos類似度 : 0.07318149125047474
単語 : 晩,  cos類似度 : 0.06710341634641498
単語 : ケージ,  cos類似度 : 0.06521589331760724
単語 : 寝床,  cos類似度 : 0.059515893039419836
単語 : ドッグラン,  cos類似度 : 0.058391902087463504
-------------------------------
サンプル 16-------
単語 : 応対,  cos類似度 : -0.17350084120966
単語 : エステティシャン,  cos類似度 : -0.17417421625617566
単語 : 音痴,  cos類似度 : -0.17872242061885485
単語 : 買,  cos類似度 : -0.1796463721531242
単語 : 作文,  cos類似度 : -0.1806486939784523
-------------------------------
サンプル 17-------
単語 : 景色,  cos類似度 : 0.585909865329818
単語 : 夕暮れ,  cos類似度 : 0.5824331919971564
単語 : 水色,  cos類似度 : 0.5771267631077117
単語 : 土手,  cos類似度 : 0.5761655083977728
単語 : 周り,  cos類似度 : 0.5756292646868636
-------------------------------
サンプル 18-------
単語 : 向う,  cos類似度 : 0.6024966805283061
単語 : 入り口,  cos類似度 : 0.5936462789633151
単語 : 周り,  cos類似度 : 0.5933137040259591
単語 : 見え,  cos類似度 : 0.5876573967862779
単語 : 水色,  cos類似度 : 0.5876003432025209
-------------------------------
サンプル 19-------
単語 : 景色,  cos類似度 : 0.5483316670413072
単語 : 眺め,  cos類似度 : 0.541581976568069
単語 : 見え,  cos類似度 : 0.5371179669349554
単語 : 向う,  cos類似度 : 0.5185568547150119
単語 : 風景,  cos類似度 : 0.5185134101875647
-------------------------------
サンプル 20-------
単語 : 景色,  cos類似度 : 0.6006947858721865
単語 : 見え,  cos類似度 : 0.6001175835945828
単語 : 入り口,  cos類似度 : 0.5907796103988796
単語 : 綺麗,  cos類似度 : 0.5886206431076382
単語 : 周り,  cos類似度 : 0.5813773392047449
-------------------------------
サンプル 21-------
単語 : オブジェ,  cos類似度 : 0.5340217795122093
単語 : 脇,  cos類似度 : 0.5337205143279578
単語 : 背後,  cos類似度 : 0.5307690626684822
単語 : 斜め,  cos類似度 : 0.5198592225649973
単語 : 横,  cos類似度 : 0.519414627318877
-------------------------------
サンプル 22-------
単語 : 見え,  cos類似度 : 0.6082073815224264
単語 : 入り口,  cos類似度 : 0.5919744833785887
単語 : 向う,  cos類似度 : 0.5895829371516007
単語 : 隣,  cos類似度 : 0.5895057387404273
単語 : 周り,  cos類似度 : 0.5832818173132137
-------------------------------
サンプル 23-------
単語 : 綺麗,  cos類似度 : 0.49216125377330017
単語 : きれい,  cos類似度 : 0.4919284189701853
単語 : キレイ,  cos類似度 : 0.4748577966961148
単語 : 藍色,  cos類似度 : 0.47087567916401457
単語 : すてき,  cos類似度 : 0.470847092207013
-------------------------------
サンプル 24-------
単語 : 空色,  cos類似度 : 0.2776256164851407
単語 : きれい,  cos類似度 : 0.2775360011048888
単語 : 真っ白,  cos類似度 : 0.2555354828585871
単語 : 一色,  cos類似度 : 0.25475018202987143
単語 : 朱,  cos類似度 : 0.24372261494254738
-------------------------------
サンプル 25-------
単語 : よ,  cos類似度 : 0.5308585346943904
単語 : 実,  cos類似度 : 0.5167237074515164
単語 : きれい,  cos類似度 : 0.5144651190774677
単語 : 不思議,  cos類似度 : 0.5098518139256731
単語 : すてき,  cos類似度 : 0.5094277858686382
-------------------------------
サンプル 26-------
単語 : よ,  cos類似度 : 0.5957625487654263
単語 : 見え,  cos類似度 : 0.5956954984839887
単語 : 実,  cos類似度 : 0.5839991787536707
単語 : 水色,  cos類似度 : 0.5769706943269522
単語 : 緑色,  cos類似度 : 0.5733406599782089
-------------------------------
サンプル 27-------
単語 : 見え,  cos類似度 : 0.5727285866454449
単語 : した,  cos類似度 : 0.5575633943403973
単語 : 左側,  cos類似度 : 0.5569624732723935
単語 : 横,  cos類似度 : 0.5552761089135724
単語 : 右側,  cos類似度 : 0.5543781471318364
-------------------------------
サンプル 28-------
単語 : フォーム,  cos類似度 : -0.10077235355014914
単語 : ローン,  cos類似度 : -0.10091966133560112
単語 : 職務,  cos類似度 : -0.10120749979505271
単語 : 事項,  cos類似度 : -0.1030974759398036
単語 : 表,  cos類似度 : -0.10907582723062931
-------------------------------
サンプル 29-------
単語 : 建,  cos類似度 : -0.009100787210304696
単語 : 提出,  cos類似度 : -0.030078609063292783
単語 : 事項,  cos類似度 : -0.03748014673652144
単語 : 移籍,  cos類似度 : -0.038297282870703754
単語 : 表,  cos類似度 : -0.04853483635737626
-------------------------------
サンプル 30-------
単語 : 向う,  cos類似度 : 0.5776781752642903
単語 : 見え,  cos類似度 : 0.5754148044912427
単語 : 入り口,  cos類似度 : 0.5738302248865234
単語 : 周り,  cos類似度 : 0.5713498657174596
単語 : 隣,  cos類似度 : 0.5712416240469514
-------------------------------
サンプル 31-------
単語 : 緑色,  cos類似度 : 0.5718453803601045
単語 : 水色,  cos類似度 : 0.5708391199050917
単語 : 綺麗,  cos類似度 : 0.5595787481830278
単語 : 黄色,  cos類似度 : 0.5459597793665355
単語 : グラデーション,  cos類似度 : 0.5416328370549545
-------------------------------
サンプル 32-------
単語 : 見え,  cos類似度 : 0.5357798453149537
単語 : 実,  cos類似度 : 0.5274763015882291
単語 : 綺麗,  cos類似度 : 0.5263045863043778
単語 : 周り,  cos類似度 : 0.5203642125903827
単語 : きれい,  cos類似度 : 0.5197762941305416
-------------------------------
サンプル 33-------
単語 : よ,  cos類似度 : 0.5864466258404145
単語 : 実,  cos類似度 : 0.5834419412525929
単語 : 見え,  cos類似度 : 0.5830434224516504
単語 : 周り,  cos類似度 : 0.5803023152723104
単語 : 隣,  cos類似度 : 0.578218927920473
-------------------------------
サンプル 34-------
単語 : よ,  cos類似度 : 0.5856283751344313
単語 : 緑色,  cos類似度 : 0.5820329594346257
単語 : 実,  cos類似度 : 0.5818741808995703
単語 : 見え,  cos類似度 : 0.5762974643600288
単語 : 水色,  cos類似度 : 0.5728748589168623
-------------------------------
サンプル 35-------
単語 : 淹,  cos類似度 : 0.005307110173782328
単語 : おり,  cos類似度 : -0.003972763885868135
単語 : 中央,  cos類似度 : -0.019709838606533213
単語 : 傍ら,  cos類似度 : -0.021447993540238873
単語 : 一角,  cos類似度 : -0.041284555450178825
-------------------------------
サンプル 36-------
単語 : 見え,  cos類似度 : 0.5717912493275856
単語 : 入り口,  cos類似度 : 0.5572964542713897
単語 : 隣,  cos類似度 : 0.5363936203784372
単語 : 手前,  cos類似度 : 0.53555880696725
単語 : 向かい側,  cos類似度 : 0.5215313076881792
-------------------------------
サンプル 37-------
単語 : 緑色,  cos類似度 : 0.5574195555686502
単語 : 左側,  cos類似度 : 0.5562597842325402
単語 : 向う,  cos類似度 : 0.5554861947801449
単語 : 窓,  cos類似度 : 0.5532338950687508
単語 : 真上,  cos類似度 : 0.5519105260187899
-------------------------------
サンプル 38-------
単語 : 見え,  cos類似度 : 0.5916366198632292
単語 : よ,  cos類似度 : 0.5884296164271284
単語 : 景色,  cos類似度 : 0.5755834055580801
単語 : ん,  cos類似度 : 0.5695328099256348
単語 : 実,  cos類似度 : 0.5663077633752467
-------------------------------
サンプル 39-------
単語 : 登録,  cos類似度 : -0.10036290392725263
単語 : 免許,  cos類似度 : -0.11665835946123881
単語 : 道上,  cos類似度 : -0.13355866578509915
単語 : リスト,  cos類似度 : -0.13426328923155387
単語 : 無効,  cos類似度 : -0.13550974128416676
-------------------------------
サンプル 40-------
単語 : 静か,  cos類似度 : 0.4470808377544613
単語 : よ,  cos類似度 : 0.44679869569109076
単語 : せせらぎ,  cos類似度 : 0.44375717912479806
単語 : 奥,  cos類似度 : 0.4434584416915776
単語 : のどか,  cos類似度 : 0.4410651484363812
-------------------------------
サンプル 41-------
単語 : 無効,  cos類似度 : -0.16746740762957402
単語 : 報酬,  cos類似度 : -0.16920508086432406
単語 : 甲,  cos類似度 : -0.19232669305044184
単語 : 買,  cos類似度 : -0.19269472365562149
単語 : 売買,  cos類似度 : -0.19663440575458135
-------------------------------
サンプル 42-------
単語 : 入り口,  cos類似度 : 0.5983621983692886
単語 : 周り,  cos類似度 : 0.5980903833516333
単語 : 場所,  cos類似度 : 0.5916563242289963
単語 : 隣,  cos類似度 : 0.5916195221250535
単語 : 手前,  cos類似度 : 0.5904216937983976
-------------------------------
サンプル 43-------
単語 : 後ろ,  cos類似度 : 0.5787112883466549
単語 : 周り,  cos類似度 : 0.576657018629488
単語 : 真横,  cos類似度 : 0.5661322059655058
単語 : 頭上,  cos類似度 : 0.5568592581466534
単語 : 水色,  cos類似度 : 0.5547055922898498
-------------------------------
サンプル 44-------
単語 : 繊細,  cos類似度 : 0.5493672085414956
単語 : 鮮やか,  cos類似度 : 0.5463522053750471
単語 : 色合い,  cos類似度 : 0.5406663123298606
単語 : 華やか,  cos類似度 : 0.5350573591901214
単語 : モノトーン,  cos類似度 : 0.531736693122861
-------------------------------
サンプル 45-------
単語 : 緑色,  cos類似度 : 0.6173207394435007
単語 : 鮮やか,  cos類似度 : 0.607939145804771
単語 : 見え,  cos類似度 : 0.5979561931608569
単語 : 綺麗,  cos類似度 : 0.5777485788599505
単語 : 色,  cos類似度 : 0.5765384310446584
-------------------------------
サンプル 46-------
単語 : 見え,  cos類似度 : 0.6031583328006488
単語 : 緑色,  cos類似度 : 0.6010261810196464
単語 : 実,  cos類似度 : 0.5859212722326074
単語 : 水色,  cos類似度 : 0.5815904356124723
単語 : 木々,  cos類似度 : 0.5803562150508909
-------------------------------
サンプル 47-------
単語 : 男性,  cos類似度 : 0.20071736355828756
単語 : 女性,  cos類似度 : 0.17143226581314563
単語 : 石油,  cos類似度 : 0.15021881305285617
単語 : 構造,  cos類似度 : 0.14682422961204172
単語 : 米国,  cos類似度 : 0.14137863854583774
-------------------------------
サンプル 48-------
単語 : ポリオ,  cos類似度 : -0.17630534515499732
単語 : 報酬,  cos類似度 : -0.19832232763792593
単語 : 提出,  cos類似度 : -0.2028276859317647
単語 : 消化,  cos類似度 : -0.20782813072515682
単語 : 無効,  cos類似度 : -0.20914774000691275
-------------------------------
サンプル 49-------
単語 : 緑色,  cos類似度 : 0.5797192657944192
単語 : 灰色,  cos類似度 : 0.5665008205631007
単語 : 空,  cos類似度 : 0.5640552316681288
単語 : 頭上,  cos類似度 : 0.5451954497667221
単語 : 見え,  cos類似度 : 0.5436492962597544
-------------------------------
サンプル 50-------
単語 : 緑色,  cos類似度 : 0.5974672039023216
単語 : 空,  cos類似度 : 0.5862734820046313
単語 : 隣,  cos類似度 : 0.5820107706161934
単語 : 見え,  cos類似度 : 0.5812396187494315
単語 : 灰色,  cos類似度 : 0.5715590856198314
-------------------------------
サンプル 51-------
単語 : ポリオ,  cos類似度 : -0.14734135175111907
単語 : 損傷,  cos類似度 : -0.16123442442912336
単語 : 日数,  cos類似度 : -0.16683653237222132
単語 : 報酬,  cos類似度 : -0.1679418205536579
単語 : 変動,  cos類似度 : -0.17262256103564416
-------------------------------
サンプル 52-------
単語 : 報酬,  cos類似度 : -0.22435460607291255
単語 : ポリオ,  cos類似度 : -0.22865738702650912
単語 : 買,  cos類似度 : -0.23075451036768693
単語 : 価,  cos類似度 : -0.241092167025993
単語 : 無効,  cos類似度 : -0.2428697670151869
-------------------------------
サンプル 53-------
単語 : 配色,  cos類似度 : 0.4271227992918952
単語 : 色,  cos類似度 : 0.4179534942502741
単語 : グラデーション,  cos類似度 : 0.41368555097642296
単語 : 単色,  cos類似度 : 0.4126430925541917
単語 : ベージュ,  cos類似度 : 0.40806699518690837
-------------------------------
サンプル 54-------
単語 : よ,  cos類似度 : 0.5855096297342595
単語 : 入り口,  cos類似度 : 0.5814001427615364
単語 : 見え,  cos類似度 : 0.5802600977108641
単語 : 隣,  cos類似度 : 0.5794489083189566
単語 : 向う,  cos類似度 : 0.5786623454687524
-------------------------------
サンプル 55-------
単語 : セロ,  cos類似度 : -0.16565307805045804
単語 : ディス,  cos類似度 : -0.17363342480776472
単語 : ピル,  cos類似度 : -0.1737471975424017
単語 : 菌,  cos類似度 : -0.18327812726994586
単語 : 在庫,  cos類似度 : -0.18492746118845646
-------------------------------
サンプル 56-------
単語 : 見え,  cos類似度 : 0.5946666430911249
単語 : よ,  cos類似度 : 0.5779135601718078
単語 : 実,  cos類似度 : 0.5748863264266433
単語 : 不思議,  cos類似度 : 0.5706870953864622
単語 : 緑,  cos類似度 : 0.5699951329370551
-------------------------------
サンプル 57-------
単語 : 入り口,  cos類似度 : 0.6022718896552907
単語 : 手前,  cos類似度 : 0.588493521259942
単語 : 右側,  cos類似度 : 0.5841878822818515
単語 : 左側,  cos類似度 : 0.5828725972758968
単語 : 入口,  cos類似度 : 0.5644880725580583
-------------------------------
サンプル 58-------
単語 : 向う,  cos類似度 : 0.6009934197853389
単語 : 入り口,  cos類似度 : 0.5984146097275875
単語 : 隣,  cos類似度 : 0.5929873748430354
単語 : 手前,  cos類似度 : 0.5921885634700828
単語 : 見え,  cos類似度 : 0.5879596918915819
-------------------------------
サンプル 59-------
単語 : 手前,  cos類似度 : 0.5078354736124394
単語 : 見え,  cos類似度 : 0.49785749848100247
単語 : 山側,  cos類似度 : 0.4910603510240518
単語 : 左側,  cos類似度 : 0.4899255740539897
単語 : 緑色,  cos類似度 : 0.4880801479484209
-------------------------------
サンプル 60-------
単語 : 入り口,  cos類似度 : 0.6071921596822609
単語 : 手前,  cos類似度 : 0.6053424307462116
単語 : 見え,  cos類似度 : 0.5884569956315759
単語 : 向う,  cos類似度 : 0.5867678440089376
単語 : 緑色,  cos類似度 : 0.5840370243451101
-------------------------------
サンプル 61-------
単語 : 木々,  cos類似度 : 0.5897023860506071
単語 : 緑色,  cos類似度 : 0.5861210869856562
単語 : 入り口,  cos類似度 : 0.5832974126286002
単語 : 木立,  cos類似度 : 0.5796599748388442
単語 : 手前,  cos類似度 : 0.575282033819766
-------------------------------
サンプル 62-------
単語 : よ,  cos類似度 : 0.5996380364832873
単語 : 実,  cos類似度 : 0.5923458475003855
単語 : ん,  cos類似度 : 0.5818233770735517
単語 : 場所,  cos類似度 : 0.5778046457556792
単語 : 見え,  cos類似度 : 0.5745742540037866
-------------------------------
サンプル 63-------
単語 : 中心,  cos類似度 : 0.48868799644681366
単語 : 街,  cos類似度 : 0.4806743189002535
単語 : 都会,  cos類似度 : 0.47828010024524065
単語 : 魅力,  cos類似度 : 0.47463689587049174
単語 : 独特,  cos類似度 : 0.47372507515336504
-------------------------------
サンプル 64-------
単語 : 接客,  cos類似度 : -0.17539308499051562
単語 : 残業,  cos類似度 : -0.18960147467395086
単語 : 定時,  cos類似度 : -0.19481364785524705
単語 : 買,  cos類似度 : -0.19675196115044102
単語 : 責任,  cos類似度 : -0.19768355687326705
-------------------------------
サンプル 65-------
単語 : よ,  cos類似度 : 0.5840274898293581
単語 : 普通,  cos類似度 : 0.5618047228660243
単語 : 後ろ,  cos類似度 : 0.554763614891433
単語 : 茶色,  cos類似度 : 0.5415460607338616
単語 : 顔,  cos類似度 : 0.5409602478822624
-------------------------------
サンプル 66-------
単語 : 入り口,  cos類似度 : 0.5701478782510331
単語 : 横,  cos類似度 : 0.5685713452669214
単語 : 向う,  cos類似度 : 0.5683216204393913
単語 : 実,  cos類似度 : 0.5660255305182251
単語 : 見え,  cos類似度 : 0.5615313782243431
-------------------------------
サンプル 67-------
単語 : ふもと,  cos類似度 : 0.5704440314061076
単語 : 向う,  cos類似度 : 0.5701399108979391
単語 : 小道,  cos類似度 : 0.5677245518115002
単語 : 場所,  cos類似度 : 0.5640099154119591
単語 : 横,  cos類似度 : 0.5601918038468315
-------------------------------
サンプル 68-------
単語 : 一望,  cos類似度 : 0.2929504683343127
単語 : 男性,  cos類似度 : 0.28720250062489483
単語 : 正座,  cos類似度 : 0.283797256457941
単語 : 身長,  cos類似度 : 0.27555751166681275
単語 : 当時,  cos類似度 : 0.27304754368316886
-------------------------------
サンプル 69-------
単語 : 向う,  cos類似度 : 0.604481190127652
単語 : 入り口,  cos類似度 : 0.6016957115604009
単語 : 見え,  cos類似度 : 0.593043061144341
単語 : 手前,  cos類似度 : 0.5888746595222604
単語 : 隣,  cos類似度 : 0.5869424908265601
-------------------------------
サンプル 70-------
単語 : 見え,  cos類似度 : 0.5975841854543966
単語 : 水色,  cos類似度 : 0.5947887547806572
単語 : よ,  cos類似度 : 0.5887410808547316
単語 : 緑色,  cos類似度 : 0.5881821867776184
単語 : 景色,  cos類似度 : 0.5870515331715634
-------------------------------
サンプル 71-------
単語 : 定時,  cos類似度 : -0.18970557056892348
単語 : 交渉,  cos類似度 : -0.19192212453661345
単語 : 願,  cos類似度 : -0.19264240433868418
単語 : 降伏,  cos類似度 : -0.19761265863589492
単語 : 手続き,  cos類似度 : -0.19779089935591282
-------------------------------
サンプル 72-------
単語 : 実家,  cos類似度 : 0.33229026006159007
単語 : 人物,  cos類似度 : 0.3254446208825775
単語 : 生き物,  cos類似度 : 0.32248338717903496
単語 : 妻,  cos類似度 : 0.3202196346861305
単語 : 母親,  cos類似度 : 0.3163740845527865
-------------------------------
サンプル 73-------
単語 : 痛感,  cos類似度 : -0.21462822466855264
単語 : 見方,  cos類似度 : -0.21556614932531873
単語 : 添削,  cos類似度 : -0.22312971703567555
単語 : 採点,  cos類似度 : -0.224218171510931
単語 : 買,  cos類似度 : -0.22431937683953118
-------------------------------
サンプル 74-------
単語 : 水色,  cos類似度 : 0.6020265329623393
単語 : カラフル,  cos類似度 : 0.5985156041729383
単語 : よ,  cos類似度 : 0.5960884241388473
単語 : 茶色,  cos類似度 : 0.5955851948418828
単語 : 緑色,  cos類似度 : 0.5948135583364244
-------------------------------
サンプル 75-------
単語 : キャリー,  cos類似度 : 0.07318149125047474
単語 : 晩,  cos類似度 : 0.06710341634641498
単語 : ケージ,  cos類似度 : 0.06521589331760724
単語 : 寝床,  cos類似度 : 0.059515893039419836
単語 : ドッグラン,  cos類似度 : 0.058391902087463504
-------------------------------
サンプル 76-------
単語 : 応対,  cos類似度 : -0.17350084120966
単語 : エステティシャン,  cos類似度 : -0.17417421625617566
単語 : 音痴,  cos類似度 : -0.17872242061885485
単語 : 買,  cos類似度 : -0.1796463721531242
単語 : 作文,  cos類似度 : -0.1806486939784523
-------------------------------
サンプル 77-------
単語 : 景色,  cos類似度 : 0.585909865329818
単語 : 夕暮れ,  cos類似度 : 0.5824331919971564
単語 : 水色,  cos類似度 : 0.5771267631077117
単語 : 土手,  cos類似度 : 0.5761655083977728
単語 : 周り,  cos類似度 : 0.5756292646868636
-------------------------------
サンプル 78-------
単語 : 向う,  cos類似度 : 0.6024966805283061
単語 : 入り口,  cos類似度 : 0.5936462789633151
単語 : 周り,  cos類似度 : 0.5933137040259591
単語 : 見え,  cos類似度 : 0.5876573967862779
単語 : 水色,  cos類似度 : 0.5876003432025209
-------------------------------
サンプル 79-------
単語 : 景色,  cos類似度 : 0.5483316670413072
単語 : 眺め,  cos類似度 : 0.541581976568069
単語 : 見え,  cos類似度 : 0.5371179669349554
単語 : 向う,  cos類似度 : 0.5185568547150119
単語 : 風景,  cos類似度 : 0.5185134101875647
-------------------------------
サンプル 80-------
単語 : 景色,  cos類似度 : 0.6006947858721865
単語 : 見え,  cos類似度 : 0.6001175835945828
単語 : 入り口,  cos類似度 : 0.5907796103988796
単語 : 綺麗,  cos類似度 : 0.5886206431076382
単語 : 周り,  cos類似度 : 0.5813773392047449
-------------------------------
サンプル 81-------
単語 : オブジェ,  cos類似度 : 0.5340217795122093
単語 : 脇,  cos類似度 : 0.5337205143279578
単語 : 背後,  cos類似度 : 0.5307690626684822
単語 : 斜め,  cos類似度 : 0.5198592225649973
単語 : 横,  cos類似度 : 0.519414627318877
-------------------------------
サンプル 82-------
単語 : 見え,  cos類似度 : 0.6082073815224264
単語 : 入り口,  cos類似度 : 0.5919744833785887
単語 : 向う,  cos類似度 : 0.5895829371516007
単語 : 隣,  cos類似度 : 0.5895057387404273
単語 : 周り,  cos類似度 : 0.5832818173132137
-------------------------------
サンプル 83-------
単語 : 綺麗,  cos類似度 : 0.49216125377330017
単語 : きれい,  cos類似度 : 0.4919284189701853
単語 : キレイ,  cos類似度 : 0.4748577966961148
単語 : 藍色,  cos類似度 : 0.47087567916401457
単語 : すてき,  cos類似度 : 0.470847092207013
-------------------------------
サンプル 84-------
単語 : 空色,  cos類似度 : 0.2776256164851407
単語 : きれい,  cos類似度 : 0.2775360011048888
単語 : 真っ白,  cos類似度 : 0.2555354828585871
単語 : 一色,  cos類似度 : 0.25475018202987143
単語 : 朱,  cos類似度 : 0.24372261494254738
-------------------------------
サンプル 85-------
単語 : よ,  cos類似度 : 0.5308585346943904
単語 : 実,  cos類似度 : 0.5167237074515164
単語 : きれい,  cos類似度 : 0.5144651190774677
単語 : 不思議,  cos類似度 : 0.5098518139256731
単語 : すてき,  cos類似度 : 0.5094277858686382
-------------------------------
サンプル 86-------
単語 : よ,  cos類似度 : 0.5957625487654263
単語 : 見え,  cos類似度 : 0.5956954984839887
単語 : 実,  cos類似度 : 0.5839991787536707
単語 : 水色,  cos類似度 : 0.5769706943269522
単語 : 緑色,  cos類似度 : 0.5733406599782089
-------------------------------
サンプル 87-------
単語 : 見え,  cos類似度 : 0.5727285866454449
単語 : した,  cos類似度 : 0.5575633943403973
単語 : 左側,  cos類似度 : 0.5569624732723935
単語 : 横,  cos類似度 : 0.5552761089135724
単語 : 右側,  cos類似度 : 0.5543781471318364
-------------------------------
サンプル 88-------
単語 : フォーム,  cos類似度 : -0.10077235355014914
単語 : ローン,  cos類似度 : -0.10091966133560112
単語 : 職務,  cos類似度 : -0.10120749979505271
単語 : 事項,  cos類似度 : -0.1030974759398036
単語 : 表,  cos類似度 : -0.10907582723062931
-------------------------------
サンプル 89-------
単語 : 建,  cos類似度 : -0.009100787210304696
単語 : 提出,  cos類似度 : -0.030078609063292783
単語 : 事項,  cos類似度 : -0.03748014673652144
単語 : 移籍,  cos類似度 : -0.038297282870703754
単語 : 表,  cos類似度 : -0.04853483635737626
-------------------------------
サンプル 90-------
単語 : 向う,  cos類似度 : 0.5776781752642903
単語 : 見え,  cos類似度 : 0.5754148044912427
単語 : 入り口,  cos類似度 : 0.5738302248865234
単語 : 周り,  cos類似度 : 0.5713498657174596
単語 : 隣,  cos類似度 : 0.5712416240469514
-------------------------------
サンプル 91-------
単語 : 緑色,  cos類似度 : 0.5718453803601045
単語 : 水色,  cos類似度 : 0.5708391199050917
単語 : 綺麗,  cos類似度 : 0.5595787481830278
単語 : 黄色,  cos類似度 : 0.5459597793665355
単語 : グラデーション,  cos類似度 : 0.5416328370549545
-------------------------------
サンプル 92-------
単語 : 見え,  cos類似度 : 0.5357798453149537
単語 : 実,  cos類似度 : 0.5274763015882291
単語 : 綺麗,  cos類似度 : 0.5263045863043778
単語 : 周り,  cos類似度 : 0.5203642125903827
単語 : きれい,  cos類似度 : 0.5197762941305416
-------------------------------
サンプル 93-------
単語 : よ,  cos類似度 : 0.5864466258404145
単語 : 実,  cos類似度 : 0.5834419412525929
単語 : 見え,  cos類似度 : 0.5830434224516504
単語 : 周り,  cos類似度 : 0.5803023152723104
単語 : 隣,  cos類似度 : 0.578218927920473
-------------------------------
サンプル 94-------
単語 : よ,  cos類似度 : 0.5856283751344313
単語 : 緑色,  cos類似度 : 0.5820329594346257
単語 : 実,  cos類似度 : 0.5818741808995703
単語 : 見え,  cos類似度 : 0.5762974643600288
単語 : 水色,  cos類似度 : 0.5728748589168623
-------------------------------
サンプル 95-------
単語 : 淹,  cos類似度 : 0.005307110173782328
単語 : おり,  cos類似度 : -0.003972763885868135
単語 : 中央,  cos類似度 : -0.019709838606533213
単語 : 傍ら,  cos類似度 : -0.021447993540238873
単語 : 一角,  cos類似度 : -0.041284555450178825
-------------------------------
サンプル 96-------
単語 : 見え,  cos類似度 : 0.5717912493275856
単語 : 入り口,  cos類似度 : 0.5572964542713897
単語 : 隣,  cos類似度 : 0.5363936203784372
単語 : 手前,  cos類似度 : 0.53555880696725
単語 : 向かい側,  cos類似度 : 0.5215313076881792
-------------------------------
サンプル 97-------
単語 : 緑色,  cos類似度 : 0.5574195555686502
単語 : 左側,  cos類似度 : 0.5562597842325402
単語 : 向う,  cos類似度 : 0.5554861947801449
単語 : 窓,  cos類似度 : 0.5532338950687508
単語 : 真上,  cos類似度 : 0.5519105260187899
-------------------------------
サンプル 98-------
単語 : 見え,  cos類似度 : 0.5916366198632292
単語 : よ,  cos類似度 : 0.5884296164271284
単語 : 景色,  cos類似度 : 0.5755834055580801
単語 : ん,  cos類似度 : 0.5695328099256348
単語 : 実,  cos類似度 : 0.5663077633752467
-------------------------------
サンプル 99-------
単語 : 登録,  cos類似度 : -0.10036290392725263
単語 : 免許,  cos類似度 : -0.11665835946123881
単語 : 道上,  cos類似度 : -0.13355866578509915
単語 : リスト,  cos類似度 : -0.13426328923155387
単語 : 無効,  cos類似度 : -0.13550974128416676
-------------------------------
サンプル 100-------
単語 : 静か,  cos類似度 : 0.4470808377544613
単語 : よ,  cos類似度 : 0.44679869569109076
単語 : せせらぎ,  cos類似度 : 0.44375717912479806
単語 : 奥,  cos類似度 : 0.4434584416915776
単語 : のどか,  cos類似度 : 0.4410651484363812
-------------------------------
サンプル 101-------
単語 : 無効,  cos類似度 : -0.16746740762957402
単語 : 報酬,  cos類似度 : -0.16920508086432406
単語 : 甲,  cos類似度 : -0.19232669305044184
単語 : 買,  cos類似度 : -0.19269472365562149
単語 : 売買,  cos類似度 : -0.19663440575458135
-------------------------------
サンプル 102-------
単語 : 入り口,  cos類似度 : 0.5983621983692886
単語 : 周り,  cos類似度 : 0.5980903833516333
単語 : 場所,  cos類似度 : 0.5916563242289963
単語 : 隣,  cos類似度 : 0.5916195221250535
単語 : 手前,  cos類似度 : 0.5904216937983976
-------------------------------
サンプル 103-------
単語 : 後ろ,  cos類似度 : 0.5787112883466549
単語 : 周り,  cos類似度 : 0.576657018629488
単語 : 真横,  cos類似度 : 0.5661322059655058
単語 : 頭上,  cos類似度 : 0.5568592581466534
単語 : 水色,  cos類似度 : 0.5547055922898498
-------------------------------
サンプル 104-------
単語 : 繊細,  cos類似度 : 0.5493672085414956
単語 : 鮮やか,  cos類似度 : 0.5463522053750471
単語 : 色合い,  cos類似度 : 0.5406663123298606
単語 : 華やか,  cos類似度 : 0.5350573591901214
単語 : モノトーン,  cos類似度 : 0.531736693122861
-------------------------------
サンプル 105-------
単語 : 緑色,  cos類似度 : 0.6173207394435007
単語 : 鮮やか,  cos類似度 : 0.607939145804771
単語 : 見え,  cos類似度 : 0.5979561931608569
単語 : 綺麗,  cos類似度 : 0.5777485788599505
単語 : 色,  cos類似度 : 0.5765384310446584
-------------------------------
サンプル 106-------
単語 : 見え,  cos類似度 : 0.6031583328006488
単語 : 緑色,  cos類似度 : 0.6010261810196464
単語 : 実,  cos類似度 : 0.5859212722326074
単語 : 水色,  cos類似度 : 0.5815904356124723
単語 : 木々,  cos類似度 : 0.5803562150508909
-------------------------------
サンプル 107-------
単語 : 男性,  cos類似度 : 0.20071736355828756
単語 : 女性,  cos類似度 : 0.17143226581314563
単語 : 石油,  cos類似度 : 0.15021881305285617
単語 : 構造,  cos類似度 : 0.14682422961204172
単語 : 米国,  cos類似度 : 0.14137863854583774
-------------------------------
サンプル 108-------
単語 : ポリオ,  cos類似度 : -0.17630534515499732
単語 : 報酬,  cos類似度 : -0.19832232763792593
単語 : 提出,  cos類似度 : -0.2028276859317647
単語 : 消化,  cos類似度 : -0.20782813072515682
単語 : 無効,  cos類似度 : -0.20914774000691275
-------------------------------
サンプル 109-------
単語 : 緑色,  cos類似度 : 0.5797192657944192
単語 : 灰色,  cos類似度 : 0.5665008205631007
単語 : 空,  cos類似度 : 0.5640552316681288
単語 : 頭上,  cos類似度 : 0.5451954497667221
単語 : 見え,  cos類似度 : 0.5436492962597544
-------------------------------
サンプル 110-------
単語 : 緑色,  cos類似度 : 0.5974672039023216
単語 : 空,  cos類似度 : 0.5862734820046313
単語 : 隣,  cos類似度 : 0.5820107706161934
単語 : 見え,  cos類似度 : 0.5812396187494315
単語 : 灰色,  cos類似度 : 0.5715590856198314
-------------------------------
サンプル 111-------
単語 : ポリオ,  cos類似度 : -0.14734135175111907
単語 : 損傷,  cos類似度 : -0.16123442442912336
単語 : 日数,  cos類似度 : -0.16683653237222132
単語 : 報酬,  cos類似度 : -0.1679418205536579
単語 : 変動,  cos類似度 : -0.17262256103564416
-------------------------------
サンプル 112-------
単語 : 報酬,  cos類似度 : -0.22435460607291255
単語 : ポリオ,  cos類似度 : -0.22865738702650912
単語 : 買,  cos類似度 : -0.23075451036768693
単語 : 価,  cos類似度 : -0.241092167025993
単語 : 無効,  cos類似度 : -0.2428697670151869
-------------------------------
サンプル 113-------
単語 : 配色,  cos類似度 : 0.4271227992918952
単語 : 色,  cos類似度 : 0.4179534942502741
単語 : グラデーション,  cos類似度 : 0.41368555097642296
単語 : 単色,  cos類似度 : 0.4126430925541917
単語 : ベージュ,  cos類似度 : 0.40806699518690837
-------------------------------
サンプル 114-------
単語 : よ,  cos類似度 : 0.5855096297342595
単語 : 入り口,  cos類似度 : 0.5814001427615364
単語 : 見え,  cos類似度 : 0.5802600977108641
単語 : 隣,  cos類似度 : 0.5794489083189566
単語 : 向う,  cos類似度 : 0.5786623454687524
-------------------------------
サンプル 115-------
単語 : セロ,  cos類似度 : -0.16565307805045804
単語 : ディス,  cos類似度 : -0.17363342480776472
単語 : ピル,  cos類似度 : -0.1737471975424017
単語 : 菌,  cos類似度 : -0.18327812726994586
単語 : 在庫,  cos類似度 : -0.18492746118845646
-------------------------------
サンプル 116-------
単語 : 見え,  cos類似度 : 0.5946666430911249
単語 : よ,  cos類似度 : 0.5779135601718078
単語 : 実,  cos類似度 : 0.5748863264266433
単語 : 不思議,  cos類似度 : 0.5706870953864622
単語 : 緑,  cos類似度 : 0.5699951329370551
-------------------------------
サンプル 117-------
単語 : 入り口,  cos類似度 : 0.6022718896552907
単語 : 手前,  cos類似度 : 0.588493521259942
単語 : 右側,  cos類似度 : 0.5841878822818515
単語 : 左側,  cos類似度 : 0.5828725972758968
単語 : 入口,  cos類似度 : 0.5644880725580583
-------------------------------
サンプル 118-------
単語 : 向う,  cos類似度 : 0.6009934197853389
単語 : 入り口,  cos類似度 : 0.5984146097275875
単語 : 隣,  cos類似度 : 0.5929873748430354
単語 : 手前,  cos類似度 : 0.5921885634700828
単語 : 見え,  cos類似度 : 0.5879596918915819
-------------------------------
サンプル 119-------
単語 : 手前,  cos類似度 : 0.5078354736124394
単語 : 見え,  cos類似度 : 0.49785749848100247
単語 : 山側,  cos類似度 : 0.4910603510240518
単語 : 左側,  cos類似度 : 0.4899255740539897
単語 : 緑色,  cos類似度 : 0.4880801479484209
-------------------------------
サンプル 120-------
単語 : 入り口,  cos類似度 : 0.6071921596822609
単語 : 手前,  cos類似度 : 0.6053424307462116
単語 : 見え,  cos類似度 : 0.5884569956315759
単語 : 向う,  cos類似度 : 0.5867678440089376
単語 : 緑色,  cos類似度 : 0.5840370243451101
-------------------------------
サンプル 121-------
単語 : 木々,  cos類似度 : 0.5897023860506071
単語 : 緑色,  cos類似度 : 0.5861210869856562
単語 : 入り口,  cos類似度 : 0.5832974126286002
単語 : 木立,  cos類似度 : 0.5796599748388442
単語 : 手前,  cos類似度 : 0.575282033819766
-------------------------------
サンプル 122-------
単語 : よ,  cos類似度 : 0.5996380364832873
単語 : 実,  cos類似度 : 0.5923458475003855
単語 : ん,  cos類似度 : 0.5818233770735517
単語 : 場所,  cos類似度 : 0.5778046457556792
単語 : 見え,  cos類似度 : 0.5745742540037866
-------------------------------
サンプル 123-------
単語 : 中心,  cos類似度 : 0.48868799644681366
単語 : 街,  cos類似度 : 0.4806743189002535
単語 : 都会,  cos類似度 : 0.47828010024524065
単語 : 魅力,  cos類似度 : 0.47463689587049174
単語 : 独特,  cos類似度 : 0.47372507515336504
-------------------------------
サンプル 124-------
単語 : 接客,  cos類似度 : -0.17539308499051562
単語 : 残業,  cos類似度 : -0.18960147467395086
単語 : 定時,  cos類似度 : -0.19481364785524705
単語 : 買,  cos類似度 : -0.19675196115044102
単語 : 責任,  cos類似度 : -0.19768355687326705
-------------------------------
サンプル 125-------
単語 : よ,  cos類似度 : 0.5840274898293581
単語 : 普通,  cos類似度 : 0.5618047228660243
単語 : 後ろ,  cos類似度 : 0.554763614891433
単語 : 茶色,  cos類似度 : 0.5415460607338616
単語 : 顔,  cos類似度 : 0.5409602478822624
-------------------------------
サンプル 126-------
単語 : 入り口,  cos類似度 : 0.5701478782510331
単語 : 横,  cos類似度 : 0.5685713452669214
単語 : 向う,  cos類似度 : 0.5683216204393913
単語 : 実,  cos類似度 : 0.5660255305182251
単語 : 見え,  cos類似度 : 0.5615313782243431
-------------------------------
サンプル 127-------
単語 : ふもと,  cos類似度 : 0.5704440314061076
単語 : 向う,  cos類似度 : 0.5701399108979391
単語 : 小道,  cos類似度 : 0.5677245518115002
単語 : 場所,  cos類似度 : 0.5640099154119591
単語 : 横,  cos類似度 : 0.5601918038468315
-------------------------------
サンプル 128-------
単語 : 一望,  cos類似度 : 0.2929504683343127
単語 : 男性,  cos類似度 : 0.28720250062489483
単語 : 正座,  cos類似度 : 0.283797256457941
単語 : 身長,  cos類似度 : 0.27555751166681275
単語 : 当時,  cos類似度 : 0.27304754368316886
-------------------------------
サンプル 129-------
単語 : 向う,  cos類似度 : 0.604481190127652
単語 : 入り口,  cos類似度 : 0.6016957115604009
単語 : 見え,  cos類似度 : 0.593043061144341
単語 : 手前,  cos類似度 : 0.5888746595222604
単語 : 隣,  cos類似度 : 0.5869424908265601
-------------------------------
サンプル 130-------
単語 : 見え,  cos類似度 : 0.5975841854543966
単語 : 水色,  cos類似度 : 0.5947887547806572
単語 : よ,  cos類似度 : 0.5887410808547316
単語 : 緑色,  cos類似度 : 0.5881821867776184
単語 : 景色,  cos類似度 : 0.5870515331715634
-------------------------------
サンプル 131-------
単語 : 定時,  cos類似度 : -0.18970557056892348
単語 : 交渉,  cos類似度 : -0.19192212453661345
単語 : 願,  cos類似度 : -0.19264240433868418
単語 : 降伏,  cos類似度 : -0.19761265863589492
単語 : 手続き,  cos類似度 : -0.19779089935591282
-------------------------------
サンプル 132-------
単語 : 実家,  cos類似度 : 0.33229026006159007
単語 : 人物,  cos類似度 : 0.3254446208825775
単語 : 生き物,  cos類似度 : 0.32248338717903496
単語 : 妻,  cos類似度 : 0.3202196346861305
単語 : 母親,  cos類似度 : 0.3163740845527865
-------------------------------
サンプル 133-------
単語 : 痛感,  cos類似度 : -0.21462822466855264
単語 : 見方,  cos類似度 : -0.21556614932531873
単語 : 添削,  cos類似度 : -0.22312971703567555
単語 : 採点,  cos類似度 : -0.224218171510931
単語 : 買,  cos類似度 : -0.22431937683953118
-------------------------------
サンプル 134-------
単語 : 水色,  cos類似度 : 0.6020265329623393
単語 : カラフル,  cos類似度 : 0.5985156041729383
単語 : よ,  cos類似度 : 0.5960884241388473
単語 : 茶色,  cos類似度 : 0.5955851948418828
単語 : 緑色,  cos類似度 : 0.5948135583364244
-------------------------------
サンプル 135-------
単語 : キャリー,  cos類似度 : 0.07318149125047474
単語 : 晩,  cos類似度 : 0.06710341634641498
単語 : ケージ,  cos類似度 : 0.06521589331760724
単語 : 寝床,  cos類似度 : 0.059515893039419836
単語 : ドッグラン,  cos類似度 : 0.058391902087463504
-------------------------------
サンプル 136-------
単語 : 応対,  cos類似度 : -0.17350084120966
単語 : エステティシャン,  cos類似度 : -0.17417421625617566
単語 : 音痴,  cos類似度 : -0.17872242061885485
単語 : 買,  cos類似度 : -0.1796463721531242
単語 : 作文,  cos類似度 : -0.1806486939784523
-------------------------------
サンプル 137-------
単語 : 景色,  cos類似度 : 0.585909865329818
単語 : 夕暮れ,  cos類似度 : 0.5824331919971564
単語 : 水色,  cos類似度 : 0.5771267631077117
単語 : 土手,  cos類似度 : 0.5761655083977728
単語 : 周り,  cos類似度 : 0.5756292646868636
-------------------------------
サンプル 138-------
単語 : 向う,  cos類似度 : 0.6024966805283061
単語 : 入り口,  cos類似度 : 0.5936462789633151
単語 : 周り,  cos類似度 : 0.5933137040259591
単語 : 見え,  cos類似度 : 0.5876573967862779
単語 : 水色,  cos類似度 : 0.5876003432025209
-------------------------------
サンプル 139-------
単語 : 景色,  cos類似度 : 0.5483316670413072
単語 : 眺め,  cos類似度 : 0.541581976568069
単語 : 見え,  cos類似度 : 0.5371179669349554
単語 : 向う,  cos類似度 : 0.5185568547150119
単語 : 風景,  cos類似度 : 0.5185134101875647
-------------------------------
サンプル 140-------
単語 : 景色,  cos類似度 : 0.6006947858721865
単語 : 見え,  cos類似度 : 0.6001175835945828
単語 : 入り口,  cos類似度 : 0.5907796103988796
単語 : 綺麗,  cos類似度 : 0.5886206431076382
単語 : 周り,  cos類似度 : 0.5813773392047449
-------------------------------
サンプル 141-------
単語 : オブジェ,  cos類似度 : 0.5340217795122093
単語 : 脇,  cos類似度 : 0.5337205143279578
単語 : 背後,  cos類似度 : 0.5307690626684822
単語 : 斜め,  cos類似度 : 0.5198592225649973
単語 : 横,  cos類似度 : 0.519414627318877
-------------------------------
サンプル 142-------
単語 : 見え,  cos類似度 : 0.6082073815224264
単語 : 入り口,  cos類似度 : 0.5919744833785887
単語 : 向う,  cos類似度 : 0.5895829371516007
単語 : 隣,  cos類似度 : 0.5895057387404273
単語 : 周り,  cos類似度 : 0.5832818173132137
-------------------------------
サンプル 143-------
単語 : 綺麗,  cos類似度 : 0.49216125377330017
単語 : きれい,  cos類似度 : 0.4919284189701853
単語 : キレイ,  cos類似度 : 0.4748577966961148
単語 : 藍色,  cos類似度 : 0.47087567916401457
単語 : すてき,  cos類似度 : 0.470847092207013
-------------------------------
サンプル 144-------
単語 : 空色,  cos類似度 : 0.2776256164851407
単語 : きれい,  cos類似度 : 0.2775360011048888
単語 : 真っ白,  cos類似度 : 0.2555354828585871
単語 : 一色,  cos類似度 : 0.25475018202987143
単語 : 朱,  cos類似度 : 0.24372261494254738
-------------------------------
サンプル 145-------
単語 : よ,  cos類似度 : 0.5308585346943904
単語 : 実,  cos類似度 : 0.5167237074515164
単語 : きれい,  cos類似度 : 0.5144651190774677
単語 : 不思議,  cos類似度 : 0.5098518139256731
単語 : すてき,  cos類似度 : 0.5094277858686382
-------------------------------
サンプル 146-------
単語 : よ,  cos類似度 : 0.5957625487654263
単語 : 見え,  cos類似度 : 0.5956954984839887
単語 : 実,  cos類似度 : 0.5839991787536707
単語 : 水色,  cos類似度 : 0.5769706943269522
単語 : 緑色,  cos類似度 : 0.5733406599782089
-------------------------------
サンプル 147-------
単語 : 見え,  cos類似度 : 0.5727285866454449
単語 : した,  cos類似度 : 0.5575633943403973
単語 : 左側,  cos類似度 : 0.5569624732723935
単語 : 横,  cos類似度 : 0.5552761089135724
単語 : 右側,  cos類似度 : 0.5543781471318364
-------------------------------
サンプル 148-------
単語 : フォーム,  cos類似度 : -0.10077235355014914
単語 : ローン,  cos類似度 : -0.10091966133560112
単語 : 職務,  cos類似度 : -0.10120749979505271
単語 : 事項,  cos類似度 : -0.1030974759398036
単語 : 表,  cos類似度 : -0.10907582723062931
-------------------------------
サンプル 149-------
単語 : 建,  cos類似度 : -0.009100787210304696
単語 : 提出,  cos類似度 : -0.030078609063292783
単語 : 事項,  cos類似度 : -0.03748014673652144
単語 : 移籍,  cos類似度 : -0.038297282870703754
単語 : 表,  cos類似度 : -0.04853483635737626
-------------------------------
サンプル 150-------
単語 : 向う,  cos類似度 : 0.5776781752642903
単語 : 見え,  cos類似度 : 0.5754148044912427
単語 : 入り口,  cos類似度 : 0.5738302248865234
単語 : 周り,  cos類似度 : 0.5713498657174596
単語 : 隣,  cos類似度 : 0.5712416240469514
-------------------------------
サンプル 151-------
単語 : 緑色,  cos類似度 : 0.5718453803601045
単語 : 水色,  cos類似度 : 0.5708391199050917
単語 : 綺麗,  cos類似度 : 0.5595787481830278
単語 : 黄色,  cos類似度 : 0.5459597793665355
単語 : グラデーション,  cos類似度 : 0.5416328370549545
-------------------------------
サンプル 152-------
単語 : 見え,  cos類似度 : 0.5357798453149537
単語 : 実,  cos類似度 : 0.5274763015882291
単語 : 綺麗,  cos類似度 : 0.5263045863043778
単語 : 周り,  cos類似度 : 0.5203642125903827
単語 : きれい,  cos類似度 : 0.5197762941305416
-------------------------------
サンプル 153-------
単語 : よ,  cos類似度 : 0.5864466258404145
単語 : 実,  cos類似度 : 0.5834419412525929
単語 : 見え,  cos類似度 : 0.5830434224516504
単語 : 周り,  cos類似度 : 0.5803023152723104
単語 : 隣,  cos類似度 : 0.578218927920473
-------------------------------
サンプル 154-------
単語 : よ,  cos類似度 : 0.5856283751344313
単語 : 緑色,  cos類似度 : 0.5820329594346257
単語 : 実,  cos類似度 : 0.5818741808995703
単語 : 見え,  cos類似度 : 0.5762974643600288
単語 : 水色,  cos類似度 : 0.5728748589168623
-------------------------------
サンプル 155-------
単語 : 淹,  cos類似度 : 0.005307110173782328
単語 : おり,  cos類似度 : -0.003972763885868135
単語 : 中央,  cos類似度 : -0.019709838606533213
単語 : 傍ら,  cos類似度 : -0.021447993540238873
単語 : 一角,  cos類似度 : -0.041284555450178825
-------------------------------
サンプル 156-------
単語 : 見え,  cos類似度 : 0.5717912493275856
単語 : 入り口,  cos類似度 : 0.5572964542713897
単語 : 隣,  cos類似度 : 0.5363936203784372
単語 : 手前,  cos類似度 : 0.53555880696725
単語 : 向かい側,  cos類似度 : 0.5215313076881792
-------------------------------
サンプル 157-------
単語 : 緑色,  cos類似度 : 0.5574195555686502
単語 : 左側,  cos類似度 : 0.5562597842325402
単語 : 向う,  cos類似度 : 0.5554861947801449
単語 : 窓,  cos類似度 : 0.5532338950687508
単語 : 真上,  cos類似度 : 0.5519105260187899
-------------------------------
サンプル 158-------
単語 : 見え,  cos類似度 : 0.5916366198632292
単語 : よ,  cos類似度 : 0.5884296164271284
単語 : 景色,  cos類似度 : 0.5755834055580801
単語 : ん,  cos類似度 : 0.5695328099256348
単語 : 実,  cos類似度 : 0.5663077633752467
-------------------------------
サンプル 159-------
単語 : 登録,  cos類似度 : -0.10036290392725263
単語 : 免許,  cos類似度 : -0.11665835946123881
単語 : 道上,  cos類似度 : -0.13355866578509915
単語 : リスト,  cos類似度 : -0.13426328923155387
単語 : 無効,  cos類似度 : -0.13550974128416676
-------------------------------
サンプル 160-------
単語 : 静か,  cos類似度 : 0.4470808377544613
単語 : よ,  cos類似度 : 0.44679869569109076
単語 : せせらぎ,  cos類似度 : 0.44375717912479806
単語 : 奥,  cos類似度 : 0.4434584416915776
単語 : のどか,  cos類似度 : 0.4410651484363812
-------------------------------
サンプル 161-------
単語 : 無効,  cos類似度 : -0.16746740762957402
単語 : 報酬,  cos類似度 : -0.16920508086432406
単語 : 甲,  cos類似度 : -0.19232669305044184
単語 : 買,  cos類似度 : -0.19269472365562149
単語 : 売買,  cos類似度 : -0.19663440575458135
-------------------------------
サンプル 162-------
単語 : 入り口,  cos類似度 : 0.5983621983692886
単語 : 周り,  cos類似度 : 0.5980903833516333
単語 : 場所,  cos類似度 : 0.5916563242289963
単語 : 隣,  cos類似度 : 0.5916195221250535
単語 : 手前,  cos類似度 : 0.5904216937983976
-------------------------------
サンプル 163-------
単語 : 後ろ,  cos類似度 : 0.5787112883466549
単語 : 周り,  cos類似度 : 0.576657018629488
単語 : 真横,  cos類似度 : 0.5661322059655058
単語 : 頭上,  cos類似度 : 0.5568592581466534
単語 : 水色,  cos類似度 : 0.5547055922898498
-------------------------------
サンプル 164-------
単語 : 繊細,  cos類似度 : 0.5493672085414956
単語 : 鮮やか,  cos類似度 : 0.5463522053750471
単語 : 色合い,  cos類似度 : 0.5406663123298606
単語 : 華やか,  cos類似度 : 0.5350573591901214
単語 : モノトーン,  cos類似度 : 0.531736693122861
-------------------------------
サンプル 165-------
単語 : 緑色,  cos類似度 : 0.6173207394435007
単語 : 鮮やか,  cos類似度 : 0.607939145804771
単語 : 見え,  cos類似度 : 0.5979561931608569
単語 : 綺麗,  cos類似度 : 0.5777485788599505
単語 : 色,  cos類似度 : 0.5765384310446584
-------------------------------
サンプル 166-------
単語 : 見え,  cos類似度 : 0.6031583328006488
単語 : 緑色,  cos類似度 : 0.6010261810196464
単語 : 実,  cos類似度 : 0.5859212722326074
単語 : 水色,  cos類似度 : 0.5815904356124723
単語 : 木々,  cos類似度 : 0.5803562150508909
-------------------------------
サンプル 167-------
単語 : 男性,  cos類似度 : 0.20071736355828726
単語 : 女性,  cos類似度 : 0.17143226581314533
単語 : 石油,  cos類似度 : 0.15021881305285592
単語 : 構造,  cos類似度 : 0.14682422961204145
単語 : 米国,  cos類似度 : 0.14137863854583751
-------------------------------
サンプル 168-------
単語 : ポリオ,  cos類似度 : -0.17630534515499732
単語 : 報酬,  cos類似度 : -0.19832232763792593
単語 : 提出,  cos類似度 : -0.2028276859317647
単語 : 消化,  cos類似度 : -0.20782813072515682
単語 : 無効,  cos類似度 : -0.20914774000691275
-------------------------------
サンプル 169-------
単語 : 緑色,  cos類似度 : 0.5797192657944186
単語 : 灰色,  cos類似度 : 0.5665008205631002
単語 : 空,  cos類似度 : 0.5640552316681285
単語 : 頭上,  cos類似度 : 0.5451954497667217
単語 : 見え,  cos類似度 : 0.5436492962597539
-------------------------------
サンプル 170-------
単語 : 緑色,  cos類似度 : 0.5974672039023216
単語 : 空,  cos類似度 : 0.5862734820046313
単語 : 隣,  cos類似度 : 0.5820107706161934
単語 : 見え,  cos類似度 : 0.5812396187494315
単語 : 灰色,  cos類似度 : 0.5715590856198314
-------------------------------
サンプル 171-------
単語 : ポリオ,  cos類似度 : -0.14734135175111907
単語 : 損傷,  cos類似度 : -0.16123442442912336
単語 : 日数,  cos類似度 : -0.16683653237222132
単語 : 報酬,  cos類似度 : -0.1679418205536579
単語 : 変動,  cos類似度 : -0.17262256103564416
-------------------------------
サンプル 172-------
単語 : 報酬,  cos類似度 : -0.22435460607291255
単語 : ポリオ,  cos類似度 : -0.22865738702650912
単語 : 買,  cos類似度 : -0.23075451036768693
単語 : 価,  cos類似度 : -0.241092167025993
単語 : 無効,  cos類似度 : -0.2428697670151869
-------------------------------
サンプル 173-------
単語 : 配色,  cos類似度 : 0.4271227992918952
単語 : 色,  cos類似度 : 0.4179534942502741
単語 : グラデーション,  cos類似度 : 0.41368555097642296
単語 : 単色,  cos類似度 : 0.4126430925541917
単語 : ベージュ,  cos類似度 : 0.40806699518690837
-------------------------------
サンプル 174-------
単語 : よ,  cos類似度 : 0.5855096297342595
単語 : 入り口,  cos類似度 : 0.5814001427615364
単語 : 見え,  cos類似度 : 0.580260097710864
単語 : 隣,  cos類似度 : 0.5794489083189565
単語 : 向う,  cos類似度 : 0.5786623454687524
-------------------------------
サンプル 175-------
単語 : セロ,  cos類似度 : -0.16565307805045779
単語 : ディス,  cos類似度 : -0.17363342480776445
単語 : ピル,  cos類似度 : -0.17374719754240142
単語 : 菌,  cos類似度 : -0.18327812726994544
単語 : 在庫,  cos類似度 : -0.18492746118845615
-------------------------------
サンプル 176-------
単語 : 見え,  cos類似度 : 0.5946666430911252
単語 : よ,  cos類似度 : 0.577913560171808
単語 : 実,  cos類似度 : 0.5748863264266434
単語 : 不思議,  cos類似度 : 0.5706870953864622
単語 : 緑,  cos類似度 : 0.5699951329370551
-------------------------------
サンプル 177-------
単語 : 入り口,  cos類似度 : 0.6022718896552907
単語 : 手前,  cos類似度 : 0.588493521259942
単語 : 右側,  cos類似度 : 0.5841878822818515
単語 : 左側,  cos類似度 : 0.5828725972758968
単語 : 入口,  cos類似度 : 0.5644880725580583
-------------------------------
サンプル 178-------
単語 : 向う,  cos類似度 : 0.6009934197853389
単語 : 入り口,  cos類似度 : 0.5984146097275875
単語 : 隣,  cos類似度 : 0.5929873748430354
単語 : 手前,  cos類似度 : 0.5921885634700828
単語 : 見え,  cos類似度 : 0.5879596918915819
-------------------------------
サンプル 179-------
単語 : 手前,  cos類似度 : 0.5078354736124394
単語 : 見え,  cos類似度 : 0.49785749848100247
単語 : 山側,  cos類似度 : 0.4910603510240518
単語 : 左側,  cos類似度 : 0.4899255740539897
単語 : 緑色,  cos類似度 : 0.4880801479484209
-------------------------------
サンプル 180-------
単語 : 入り口,  cos類似度 : 0.6071921596822609
単語 : 手前,  cos類似度 : 0.6053424307462116
単語 : 見え,  cos類似度 : 0.5884569956315759
単語 : 向う,  cos類似度 : 0.5867678440089376
単語 : 緑色,  cos類似度 : 0.5840370243451101
-------------------------------
サンプル 181-------
単語 : 木々,  cos類似度 : 0.5897023860506072
単語 : 緑色,  cos類似度 : 0.5861210869856561
単語 : 入り口,  cos類似度 : 0.5832974126286002
単語 : 木立,  cos類似度 : 0.5796599748388442
単語 : 手前,  cos類似度 : 0.5752820338197657
-------------------------------
サンプル 182-------
単語 : よ,  cos類似度 : 0.5996380364832871
単語 : 実,  cos類似度 : 0.5923458475003855
単語 : ん,  cos類似度 : 0.5818233770735516
単語 : 場所,  cos類似度 : 0.5778046457556791
単語 : 見え,  cos類似度 : 0.5745742540037865
-------------------------------
サンプル 183-------
単語 : 中心,  cos類似度 : 0.48868799644681504
単語 : 街,  cos類似度 : 0.4806743189002555
単語 : 都会,  cos類似度 : 0.4782801002452426
単語 : 魅力,  cos類似度 : 0.4746368958704932
単語 : 独特,  cos類似度 : 0.47372507515336687
-------------------------------
サンプル 184-------
単語 : 接客,  cos類似度 : -0.17539308499051562
単語 : 残業,  cos類似度 : -0.18960147467395086
単語 : 定時,  cos類似度 : -0.19481364785524705
単語 : 買,  cos類似度 : -0.19675196115044102
単語 : 責任,  cos類似度 : -0.19768355687326705
-------------------------------
サンプル 185-------
単語 : よ,  cos類似度 : 0.5840274898293581
単語 : 普通,  cos類似度 : 0.5618047228660243
単語 : 後ろ,  cos類似度 : 0.554763614891433
単語 : 茶色,  cos類似度 : 0.5415460607338616
単語 : 顔,  cos類似度 : 0.5409602478822624
-------------------------------
サンプル 186-------
単語 : 入り口,  cos類似度 : 0.5701478782510331
単語 : 横,  cos類似度 : 0.5685713452669214
単語 : 向う,  cos類似度 : 0.5683216204393913
単語 : 実,  cos類似度 : 0.5660255305182251
単語 : 見え,  cos類似度 : 0.5615313782243431
-------------------------------
サンプル 187-------
単語 : ふもと,  cos類似度 : 0.5704440314061076
単語 : 向う,  cos類似度 : 0.5701399108979391
単語 : 小道,  cos類似度 : 0.5677245518115002
単語 : 場所,  cos類似度 : 0.5640099154119591
単語 : 横,  cos類似度 : 0.5601918038468315
-------------------------------
サンプル 188-------
単語 : 一望,  cos類似度 : 0.2929504683343144
単語 : 男性,  cos類似度 : 0.2872025006248962
単語 : 正座,  cos類似度 : 0.2837972564579424
単語 : 身長,  cos類似度 : 0.2755575116668142
単語 : 当時,  cos類似度 : 0.2730475436831705
-------------------------------
サンプル 189-------
単語 : 向う,  cos類似度 : 0.604481190127652
単語 : 入り口,  cos類似度 : 0.6016957115604009
単語 : 見え,  cos類似度 : 0.5930430611443408
単語 : 手前,  cos類似度 : 0.5888746595222604
単語 : 隣,  cos類似度 : 0.5869424908265601
-------------------------------
サンプル 190-------
単語 : 見え,  cos類似度 : 0.5975841854543965
単語 : 水色,  cos類似度 : 0.5947887547806572
単語 : よ,  cos類似度 : 0.5887410808547315
単語 : 緑色,  cos類似度 : 0.5881821867776182
単語 : 景色,  cos類似度 : 0.5870515331715633
-------------------------------
サンプル 191-------
単語 : 定時,  cos類似度 : -0.18970557056892348
単語 : 交渉,  cos類似度 : -0.19192212453661345
単語 : 願,  cos類似度 : -0.19264240433868418
単語 : 降伏,  cos類似度 : -0.19761265863589492
単語 : 手続き,  cos類似度 : -0.19779089935591282
-------------------------------
サンプル 192-------
単語 : 実家,  cos類似度 : 0.33229026006159007
単語 : 人物,  cos類似度 : 0.3254446208825775
単語 : 生き物,  cos類似度 : 0.32248338717903496
単語 : 妻,  cos類似度 : 0.3202196346861305
単語 : 母親,  cos類似度 : 0.3163740845527865
-------------------------------
サンプル 193-------
単語 : 痛感,  cos類似度 : -0.21462822466855264
単語 : 見方,  cos類似度 : -0.21556614932531873
単語 : 添削,  cos類似度 : -0.22312971703567555
単語 : 採点,  cos類似度 : -0.224218171510931
単語 : 買,  cos類似度 : -0.22431937683953118
-------------------------------
サンプル 194-------
単語 : 水色,  cos類似度 : 0.6020265329623393
単語 : カラフル,  cos類似度 : 0.5985156041729383
単語 : よ,  cos類似度 : 0.5960884241388473
単語 : 茶色,  cos類似度 : 0.5955851948418828
単語 : 緑色,  cos類似度 : 0.5948135583364244
-------------------------------
サンプル 195-------
単語 : キャリー,  cos類似度 : 0.07318149125047474
単語 : 晩,  cos類似度 : 0.06710341634641498
単語 : ケージ,  cos類似度 : 0.06521589331760724
単語 : 寝床,  cos類似度 : 0.05951589303941984
単語 : ドッグラン,  cos類似度 : 0.0583919020874635
-------------------------------
サンプル 196-------
単語 : 応対,  cos類似度 : -0.17350084120966017
単語 : エステティシャン,  cos類似度 : -0.17417421625617588
単語 : 音痴,  cos類似度 : -0.17872242061885507
単語 : 買,  cos類似度 : -0.17964637215312435
単語 : 作文,  cos類似度 : -0.18064869397845243
-------------------------------
サンプル 197-------
単語 : 景色,  cos類似度 : 0.5859098653298179
単語 : 夕暮れ,  cos類似度 : 0.5824331919971563
単語 : 水色,  cos類似度 : 0.5771267631077116
単語 : 土手,  cos類似度 : 0.5761655083977727
単語 : 周り,  cos類似度 : 0.5756292646868636
-------------------------------
サンプル 198-------
単語 : 向う,  cos類似度 : 0.6024966805283061
単語 : 入り口,  cos類似度 : 0.5936462789633151
単語 : 周り,  cos類似度 : 0.5933137040259591
単語 : 見え,  cos類似度 : 0.5876573967862779
単語 : 水色,  cos類似度 : 0.5876003432025209
-------------------------------
サンプル 199-------
単語 : 景色,  cos類似度 : 0.5483316670413072
単語 : 眺め,  cos類似度 : 0.541581976568069
単語 : 見え,  cos類似度 : 0.5371179669349554
単語 : 向う,  cos類似度 : 0.5185568547150119
単語 : 風景,  cos類似度 : 0.5185134101875647
-------------------------------
サンプル 200-------
単語 : 景色,  cos類似度 : 0.6006947858721865
単語 : 見え,  cos類似度 : 0.6001175835945828
単語 : 入り口,  cos類似度 : 0.5907796103988796
単語 : 綺麗,  cos類似度 : 0.5886206431076382
単語 : 周り,  cos類似度 : 0.5813773392047449
-------------------------------
サンプル 201-------
単語 : オブジェ,  cos類似度 : 0.5340217795122093
単語 : 脇,  cos類似度 : 0.5337205143279578
単語 : 背後,  cos類似度 : 0.5307690626684822
単語 : 斜め,  cos類似度 : 0.5198592225649973
単語 : 横,  cos類似度 : 0.519414627318877
-------------------------------
サンプル 202-------
単語 : 見え,  cos類似度 : 0.6082073815224264
単語 : 入り口,  cos類似度 : 0.5919744833785887
単語 : 向う,  cos類似度 : 0.5895829371516007
単語 : 隣,  cos類似度 : 0.5895057387404273
単語 : 周り,  cos類似度 : 0.5832818173132138
-------------------------------
サンプル 203-------
単語 : 綺麗,  cos類似度 : 0.4921612537733008
単語 : きれい,  cos類似度 : 0.4919284189701861
単語 : キレイ,  cos類似度 : 0.47485779669611533
単語 : 藍色,  cos類似度 : 0.47087567916401535
単語 : すてき,  cos類似度 : 0.4708470922070136
-------------------------------
サンプル 204-------
単語 : 空色,  cos類似度 : 0.27762561648514034
単語 : きれい,  cos類似度 : 0.2775360011048878
単語 : 真っ白,  cos類似度 : 0.2555354828585863
単語 : 一色,  cos類似度 : 0.25475018202987115
単語 : 朱,  cos類似度 : 0.24372261494254693
-------------------------------
サンプル 205-------
単語 : よ,  cos類似度 : 0.5308585346943904
単語 : 実,  cos類似度 : 0.5167237074515164
単語 : きれい,  cos類似度 : 0.5144651190774677
単語 : 不思議,  cos類似度 : 0.5098518139256731
単語 : すてき,  cos類似度 : 0.5094277858686382
-------------------------------
サンプル 206-------
単語 : よ,  cos類似度 : 0.5957625487654263
単語 : 見え,  cos類似度 : 0.5956954984839887
単語 : 実,  cos類似度 : 0.5839991787536707
単語 : 水色,  cos類似度 : 0.5769706943269522
単語 : 緑色,  cos類似度 : 0.5733406599782089
-------------------------------
サンプル 207-------
単語 : 見え,  cos類似度 : 0.5727285866454449
単語 : した,  cos類似度 : 0.5575633943403973
単語 : 左側,  cos類似度 : 0.5569624732723935
単語 : 横,  cos類似度 : 0.5552761089135724
単語 : 右側,  cos類似度 : 0.5543781471318364
-------------------------------
サンプル 208-------
単語 : フォーム,  cos類似度 : -0.10077235355014914
単語 : ローン,  cos類似度 : -0.10091966133560112
単語 : 職務,  cos類似度 : -0.10120749979505271
単語 : 事項,  cos類似度 : -0.1030974759398036
単語 : 表,  cos類似度 : -0.10907582723062931
-------------------------------
サンプル 209-------
単語 : 建,  cos類似度 : -0.009100787210305423
単語 : 提出,  cos類似度 : -0.03007860906329331
単語 : 事項,  cos類似度 : -0.03748014673652205
単語 : 移籍,  cos類似度 : -0.038297282870704275
単語 : 表,  cos類似度 : -0.048534836357376876
-------------------------------
サンプル 210-------
単語 : 向う,  cos類似度 : 0.5776781752642903
単語 : 見え,  cos類似度 : 0.5754148044912427
単語 : 入り口,  cos類似度 : 0.5738302248865234
単語 : 周り,  cos類似度 : 0.5713498657174596
単語 : 隣,  cos類似度 : 0.5712416240469514
-------------------------------
サンプル 211-------
単語 : 緑色,  cos類似度 : 0.5718453803601045
単語 : 水色,  cos類似度 : 0.5708391199050918
単語 : 綺麗,  cos類似度 : 0.5595787481830278
単語 : 黄色,  cos類似度 : 0.5459597793665355
単語 : グラデーション,  cos類似度 : 0.5416328370549545
-------------------------------
サンプル 212-------
単語 : 見え,  cos類似度 : 0.5357798453149537
単語 : 実,  cos類似度 : 0.5274763015882291
単語 : 綺麗,  cos類似度 : 0.5263045863043778
単語 : 周り,  cos類似度 : 0.5203642125903827
単語 : きれい,  cos類似度 : 0.5197762941305416
-------------------------------
サンプル 213-------
単語 : よ,  cos類似度 : 0.5864466258404145
単語 : 実,  cos類似度 : 0.5834419412525929
単語 : 見え,  cos類似度 : 0.5830434224516504
単語 : 周り,  cos類似度 : 0.5803023152723104
単語 : 隣,  cos類似度 : 0.578218927920473
-------------------------------
サンプル 214-------
単語 : よ,  cos類似度 : 0.5856283751344313
単語 : 緑色,  cos類似度 : 0.5820329594346257
単語 : 実,  cos類似度 : 0.5818741808995703
単語 : 見え,  cos類似度 : 0.5762974643600288
単語 : 水色,  cos類似度 : 0.5728748589168623
-------------------------------
サンプル 215-------
単語 : 淹,  cos類似度 : 0.005307110173782328
単語 : おり,  cos類似度 : -0.003972763885868135
単語 : 中央,  cos類似度 : -0.019709838606533213
単語 : 傍ら,  cos類似度 : -0.021447993540238873
単語 : 一角,  cos類似度 : -0.041284555450178825
-------------------------------
サンプル 216-------
単語 : 見え,  cos類似度 : 0.5717912493275855
単語 : 入り口,  cos類似度 : 0.5572964542713896
単語 : 隣,  cos類似度 : 0.5363936203784372
単語 : 手前,  cos類似度 : 0.5355588069672501
単語 : 向かい側,  cos類似度 : 0.5215313076881792
-------------------------------
サンプル 217-------
単語 : 緑色,  cos類似度 : 0.5574195555686503
単語 : 左側,  cos類似度 : 0.5562597842325402
単語 : 向う,  cos類似度 : 0.5554861947801453
単語 : 窓,  cos類似度 : 0.553233895068751
単語 : 真上,  cos類似度 : 0.5519105260187903
-------------------------------
サンプル 218-------
単語 : 見え,  cos類似度 : 0.5916366198632292
単語 : よ,  cos類似度 : 0.5884296164271284
単語 : 景色,  cos類似度 : 0.5755834055580801
単語 : ん,  cos類似度 : 0.5695328099256348
単語 : 実,  cos類似度 : 0.5663077633752467
-------------------------------
サンプル 219-------
単語 : 登録,  cos類似度 : -0.10036290392725263
単語 : 免許,  cos類似度 : -0.11665835946123881
単語 : 道上,  cos類似度 : -0.13355866578509915
単語 : リスト,  cos類似度 : -0.13426328923155387
単語 : 無効,  cos類似度 : -0.13550974128416676
-------------------------------
サンプル 220-------
単語 : 静か,  cos類似度 : 0.4470808377544613
単語 : よ,  cos類似度 : 0.44679869569109076
単語 : せせらぎ,  cos類似度 : 0.44375717912479806
単語 : 奥,  cos類似度 : 0.4434584416915776
単語 : のどか,  cos類似度 : 0.4410651484363812
-------------------------------
サンプル 221-------
単語 : 無効,  cos類似度 : -0.16746740762957402
単語 : 報酬,  cos類似度 : -0.16920508086432406
単語 : 甲,  cos類似度 : -0.19232669305044184
単語 : 買,  cos類似度 : -0.19269472365562149
単語 : 売買,  cos類似度 : -0.19663440575458135
-------------------------------
サンプル 222-------
単語 : 入り口,  cos類似度 : 0.5983621983692886
単語 : 周り,  cos類似度 : 0.5980903833516333
単語 : 場所,  cos類似度 : 0.5916563242289963
単語 : 隣,  cos類似度 : 0.5916195221250535
単語 : 手前,  cos類似度 : 0.5904216937983976
-------------------------------
サンプル 223-------
単語 : 後ろ,  cos類似度 : 0.5787112883466549
単語 : 周り,  cos類似度 : 0.5766570186294881
単語 : 真横,  cos類似度 : 0.566132205965506
単語 : 頭上,  cos類似度 : 0.5568592581466533
単語 : 水色,  cos類似度 : 0.55470559228985
-------------------------------
サンプル 224-------
単語 : 繊細,  cos類似度 : 0.5493672085414957
単語 : 鮮やか,  cos類似度 : 0.5463522053750471
単語 : 色合い,  cos類似度 : 0.5406663123298607
単語 : 華やか,  cos類似度 : 0.5350573591901214
単語 : モノトーン,  cos類似度 : 0.531736693122861
-------------------------------
サンプル 225-------
単語 : 緑色,  cos類似度 : 0.617320739443501
単語 : 鮮やか,  cos類似度 : 0.6079391458047709
単語 : 見え,  cos類似度 : 0.5979561931608568
単語 : 綺麗,  cos類似度 : 0.5777485788599505
単語 : 色,  cos類似度 : 0.5765384310446586
-------------------------------
サンプル 226-------
単語 : 見え,  cos類似度 : 0.6031583328006488
単語 : 緑色,  cos類似度 : 0.6010261810196464
単語 : 実,  cos類似度 : 0.5859212722326074
単語 : 水色,  cos類似度 : 0.5815904356124723
単語 : 木々,  cos類似度 : 0.5803562150508909
-------------------------------
サンプル 227-------
単語 : 男性,  cos類似度 : 0.20071736355828756
単語 : 女性,  cos類似度 : 0.17143226581314563
単語 : 石油,  cos類似度 : 0.15021881305285617
単語 : 構造,  cos類似度 : 0.14682422961204172
単語 : 米国,  cos類似度 : 0.14137863854583774
-------------------------------
サンプル 228-------
単語 : ポリオ,  cos類似度 : -0.17630534515499732
単語 : 報酬,  cos類似度 : -0.19832232763792593
単語 : 提出,  cos類似度 : -0.2028276859317647
単語 : 消化,  cos類似度 : -0.20782813072515682
単語 : 無効,  cos類似度 : -0.20914774000691275
-------------------------------
サンプル 229-------
単語 : 緑色,  cos類似度 : 0.5797192657944192
単語 : 灰色,  cos類似度 : 0.5665008205631007
単語 : 空,  cos類似度 : 0.5640552316681288
単語 : 頭上,  cos類似度 : 0.5451954497667221
単語 : 見え,  cos類似度 : 0.5436492962597544
-------------------------------
サンプル 230-------
単語 : 緑色,  cos類似度 : 0.5974672039023213
単語 : 空,  cos類似度 : 0.5862734820046314
単語 : 隣,  cos類似度 : 0.5820107706161934
単語 : 見え,  cos類似度 : 0.5812396187494315
単語 : 灰色,  cos類似度 : 0.5715590856198315
-------------------------------
サンプル 231-------
単語 : ポリオ,  cos類似度 : -0.14734135175111907
単語 : 損傷,  cos類似度 : -0.16123442442912336
単語 : 日数,  cos類似度 : -0.16683653237222132
単語 : 報酬,  cos類似度 : -0.1679418205536579
単語 : 変動,  cos類似度 : -0.17262256103564416
-------------------------------
サンプル 232-------
単語 : 報酬,  cos類似度 : -0.22435460607291252
単語 : ポリオ,  cos類似度 : -0.22865738702650915
単語 : 買,  cos類似度 : -0.23075451036768688
単語 : 価,  cos類似度 : -0.241092167025993
単語 : 無効,  cos類似度 : -0.24286976701518684
-------------------------------
サンプル 233-------
単語 : 配色,  cos類似度 : 0.4271227992918952
単語 : 色,  cos類似度 : 0.4179534942502741
単語 : グラデーション,  cos類似度 : 0.41368555097642296
単語 : 単色,  cos類似度 : 0.4126430925541917
単語 : ベージュ,  cos類似度 : 0.40806699518690837
-------------------------------
サンプル 234-------
単語 : よ,  cos類似度 : 0.5855096297342595
単語 : 入り口,  cos類似度 : 0.5814001427615364
単語 : 見え,  cos類似度 : 0.5802600977108641
単語 : 隣,  cos類似度 : 0.5794489083189566
単語 : 向う,  cos類似度 : 0.5786623454687524
-------------------------------
サンプル 235-------
単語 : セロ,  cos類似度 : -0.16565307805045804
単語 : ディス,  cos類似度 : -0.17363342480776472
単語 : ピル,  cos類似度 : -0.1737471975424017
単語 : 菌,  cos類似度 : -0.18327812726994586
単語 : 在庫,  cos類似度 : -0.18492746118845646
-------------------------------
サンプル 236-------
単語 : 見え,  cos類似度 : 0.5946666430911249
単語 : よ,  cos類似度 : 0.5779135601718078
単語 : 実,  cos類似度 : 0.5748863264266433
単語 : 不思議,  cos類似度 : 0.5706870953864622
単語 : 緑,  cos類似度 : 0.5699951329370551
-------------------------------
サンプル 237-------
単語 : 入り口,  cos類似度 : 0.6022718896552903
単語 : 手前,  cos類似度 : 0.5884935212599415
単語 : 右側,  cos類似度 : 0.5841878822818513
単語 : 左側,  cos類似度 : 0.5828725972758966
単語 : 入口,  cos類似度 : 0.5644880725580582
-------------------------------
サンプル 238-------
単語 : 向う,  cos類似度 : 0.6009934197853389
単語 : 入り口,  cos類似度 : 0.5984146097275875
単語 : 隣,  cos類似度 : 0.5929873748430354
単語 : 手前,  cos類似度 : 0.5921885634700828
単語 : 見え,  cos類似度 : 0.5879596918915819
-------------------------------
サンプル 239-------
単語 : 手前,  cos類似度 : 0.5078354736124394
単語 : 見え,  cos類似度 : 0.49785749848100247
単語 : 山側,  cos類似度 : 0.4910603510240518
単語 : 左側,  cos類似度 : 0.4899255740539897
単語 : 緑色,  cos類似度 : 0.4880801479484209
-------------------------------
サンプル 240-------
単語 : 入り口,  cos類似度 : 0.6071921596822609
単語 : 手前,  cos類似度 : 0.6053424307462116
単語 : 見え,  cos類似度 : 0.5884569956315759
単語 : 向う,  cos類似度 : 0.5867678440089376
単語 : 緑色,  cos類似度 : 0.5840370243451101
-------------------------------
サンプル 241-------
単語 : 木々,  cos類似度 : 0.5897023860506071
単語 : 緑色,  cos類似度 : 0.5861210869856562
単語 : 入り口,  cos類似度 : 0.5832974126286002
単語 : 木立,  cos類似度 : 0.5796599748388442
単語 : 手前,  cos類似度 : 0.575282033819766
-------------------------------
サンプル 242-------
単語 : よ,  cos類似度 : 0.5996380364832873
単語 : 実,  cos類似度 : 0.5923458475003855
単語 : ん,  cos類似度 : 0.5818233770735517
単語 : 場所,  cos類似度 : 0.5778046457556792
単語 : 見え,  cos類似度 : 0.5745742540037866
-------------------------------
サンプル 243-------
単語 : 中心,  cos類似度 : 0.48868799644681366
単語 : 街,  cos類似度 : 0.4806743189002535
単語 : 都会,  cos類似度 : 0.47828010024524065
単語 : 魅力,  cos類似度 : 0.47463689587049174
単語 : 独特,  cos類似度 : 0.47372507515336504
-------------------------------
サンプル 244-------
単語 : 接客,  cos類似度 : -0.17539308499051576
単語 : 残業,  cos類似度 : -0.18960147467394933
単語 : 定時,  cos類似度 : -0.19481364785524627
単語 : 買,  cos類似度 : -0.19675196115044155
単語 : 責任,  cos類似度 : -0.19768355687326644
-------------------------------
サンプル 245-------
単語 : よ,  cos類似度 : 0.5840274898293584
単語 : 普通,  cos類似度 : 0.5618047228660246
単語 : 後ろ,  cos類似度 : 0.5547636148914331
単語 : 茶色,  cos類似度 : 0.5415460607338617
単語 : 顔,  cos類似度 : 0.5409602478822625
-------------------------------
サンプル 246-------
単語 : 入り口,  cos類似度 : 0.570147878251033
単語 : 横,  cos類似度 : 0.5685713452669214
単語 : 向う,  cos類似度 : 0.5683216204393913
単語 : 実,  cos類似度 : 0.5660255305182251
単語 : 見え,  cos類似度 : 0.5615313782243431
-------------------------------
サンプル 247-------
単語 : ふもと,  cos類似度 : 0.5704440314061076
単語 : 向う,  cos類似度 : 0.5701399108979391
単語 : 小道,  cos類似度 : 0.5677245518115002
単語 : 場所,  cos類似度 : 0.5640099154119591
単語 : 横,  cos類似度 : 0.5601918038468315
-------------------------------
サンプル 248-------
単語 : 一望,  cos類似度 : 0.2929504683343127
単語 : 男性,  cos類似度 : 0.28720250062489483
単語 : 正座,  cos類似度 : 0.283797256457941
単語 : 身長,  cos類似度 : 0.27555751166681275
単語 : 当時,  cos類似度 : 0.27304754368316886
-------------------------------
サンプル 249-------
単語 : 向う,  cos類似度 : 0.604481190127652
単語 : 入り口,  cos類似度 : 0.6016957115604009
単語 : 見え,  cos類似度 : 0.593043061144341
単語 : 手前,  cos類似度 : 0.5888746595222604
単語 : 隣,  cos類似度 : 0.5869424908265601
-------------------------------
サンプル 250-------
単語 : 見え,  cos類似度 : 0.5975841854543966
単語 : 水色,  cos類似度 : 0.5947887547806572
単語 : よ,  cos類似度 : 0.5887410808547316
単語 : 緑色,  cos類似度 : 0.5881821867776184
単語 : 景色,  cos類似度 : 0.5870515331715634
-------------------------------
サンプル 251-------
単語 : 定時,  cos類似度 : -0.1897055705689235
単語 : 交渉,  cos類似度 : -0.19192212453661328
単語 : 願,  cos類似度 : -0.192642404338684
単語 : 降伏,  cos類似度 : -0.19761265863589486
単語 : 手続き,  cos類似度 : -0.19779089935591265
-------------------------------
サンプル 252-------
単語 : 実家,  cos類似度 : 0.33229026006159007
単語 : 人物,  cos類似度 : 0.3254446208825775
単語 : 生き物,  cos類似度 : 0.32248338717903496
単語 : 妻,  cos類似度 : 0.3202196346861306
単語 : 母親,  cos類似度 : 0.3163740845527865
-------------------------------
サンプル 253-------
単語 : 痛感,  cos類似度 : -0.21462822466855294
単語 : 見方,  cos類似度 : -0.21556614932531884
単語 : 添削,  cos類似度 : -0.22312971703567563
単語 : 採点,  cos類似度 : -0.22421817151093118
単語 : 買,  cos類似度 : -0.2243193768395311
-------------------------------
サンプル 254-------
単語 : 水色,  cos類似度 : 0.6020265329623393
単語 : カラフル,  cos類似度 : 0.5985156041729383
単語 : よ,  cos類似度 : 0.5960884241388473
単語 : 茶色,  cos類似度 : 0.5955851948418828
単語 : 緑色,  cos類似度 : 0.5948135583364244
-------------------------------
サンプル 255-------
単語 : キャリー,  cos類似度 : 0.07318149125047474
単語 : 晩,  cos類似度 : 0.06710341634641498
単語 : ケージ,  cos類似度 : 0.06521589331760724
単語 : 寝床,  cos類似度 : 0.059515893039419836
単語 : ドッグラン,  cos類似度 : 0.058391902087463504
-------------------------------
サンプル 256-------
単語 : 応対,  cos類似度 : -0.17350084120966
単語 : エステティシャン,  cos類似度 : -0.17417421625617566
単語 : 音痴,  cos類似度 : -0.17872242061885485
単語 : 買,  cos類似度 : -0.1796463721531242
単語 : 作文,  cos類似度 : -0.1806486939784523
-------------------------------
サンプル 257-------
単語 : 景色,  cos類似度 : 0.585909865329818
単語 : 夕暮れ,  cos類似度 : 0.5824331919971564
単語 : 水色,  cos類似度 : 0.5771267631077117
単語 : 土手,  cos類似度 : 0.5761655083977728
単語 : 周り,  cos類似度 : 0.5756292646868636
-------------------------------
サンプル 258-------
単語 : 向う,  cos類似度 : 0.6024966805283061
単語 : 入り口,  cos類似度 : 0.5936462789633151
単語 : 周り,  cos類似度 : 0.5933137040259591
単語 : 見え,  cos類似度 : 0.5876573967862779
単語 : 水色,  cos類似度 : 0.5876003432025209
-------------------------------
サンプル 259-------
単語 : 景色,  cos類似度 : 0.5483316670413072
単語 : 眺め,  cos類似度 : 0.5415819765680687
単語 : 見え,  cos類似度 : 0.5371179669349551
単語 : 向う,  cos類似度 : 0.5185568547150119
単語 : 風景,  cos類似度 : 0.5185134101875648
-------------------------------
サンプル 260-------
単語 : 景色,  cos類似度 : 0.6006947858721865
単語 : 見え,  cos類似度 : 0.6001175835945829
単語 : 入り口,  cos類似度 : 0.5907796103988796
単語 : 綺麗,  cos類似度 : 0.5886206431076382
単語 : 周り,  cos類似度 : 0.5813773392047448
-------------------------------
サンプル 261-------
単語 : オブジェ,  cos類似度 : 0.5340217795122093
単語 : 脇,  cos類似度 : 0.5337205143279578
単語 : 背後,  cos類似度 : 0.5307690626684822
単語 : 斜め,  cos類似度 : 0.5198592225649973
単語 : 横,  cos類似度 : 0.519414627318877
-------------------------------
サンプル 262-------
単語 : 見え,  cos類似度 : 0.6082073815224264
単語 : 入り口,  cos類似度 : 0.5919744833785887
単語 : 向う,  cos類似度 : 0.5895829371516007
単語 : 隣,  cos類似度 : 0.5895057387404273
単語 : 周り,  cos類似度 : 0.5832818173132137
-------------------------------
サンプル 263-------
単語 : 綺麗,  cos類似度 : 0.49216125377330017
単語 : きれい,  cos類似度 : 0.4919284189701853
単語 : キレイ,  cos類似度 : 0.4748577966961148
単語 : 藍色,  cos類似度 : 0.47087567916401457
単語 : すてき,  cos類似度 : 0.470847092207013
-------------------------------
サンプル 264-------
単語 : 空色,  cos類似度 : 0.2776256164851407
単語 : きれい,  cos類似度 : 0.2775360011048888
単語 : 真っ白,  cos類似度 : 0.2555354828585871
単語 : 一色,  cos類似度 : 0.25475018202987143
単語 : 朱,  cos類似度 : 0.24372261494254738
-------------------------------
サンプル 265-------
単語 : よ,  cos類似度 : 0.5308585346943905
単語 : 実,  cos類似度 : 0.5167237074515165
単語 : きれい,  cos類似度 : 0.5144651190774677
単語 : 不思議,  cos類似度 : 0.5098518139256731
単語 : すてき,  cos類似度 : 0.5094277858686385
-------------------------------
サンプル 266-------
単語 : よ,  cos類似度 : 0.5957625487654263
単語 : 見え,  cos類似度 : 0.5956954984839887
単語 : 実,  cos類似度 : 0.5839991787536707
単語 : 水色,  cos類似度 : 0.5769706943269522
単語 : 緑色,  cos類似度 : 0.5733406599782089
-------------------------------
サンプル 267-------
単語 : 見え,  cos類似度 : 0.5727285866454451
単語 : した,  cos類似度 : 0.5575633943403976
単語 : 左側,  cos類似度 : 0.5569624732723935
単語 : 横,  cos類似度 : 0.5552761089135724
単語 : 右側,  cos類似度 : 0.5543781471318365
-------------------------------
サンプル 268-------
単語 : フォーム,  cos類似度 : -0.10077235355014914
単語 : ローン,  cos類似度 : -0.10091966133560112
単語 : 職務,  cos類似度 : -0.10120749979505271
単語 : 事項,  cos類似度 : -0.1030974759398036
単語 : 表,  cos類似度 : -0.10907582723062931
-------------------------------
サンプル 269-------
単語 : 建,  cos類似度 : -0.009100787210304696
単語 : 提出,  cos類似度 : -0.030078609063292783
単語 : 事項,  cos類似度 : -0.03748014673652144
単語 : 移籍,  cos類似度 : -0.038297282870703754
単語 : 表,  cos類似度 : -0.04853483635737626
-------------------------------
サンプル 270-------
単語 : 向う,  cos類似度 : 0.5776781752642903
単語 : 見え,  cos類似度 : 0.5754148044912427
単語 : 入り口,  cos類似度 : 0.5738302248865234
単語 : 周り,  cos類似度 : 0.5713498657174596
単語 : 隣,  cos類似度 : 0.5712416240469514
-------------------------------
サンプル 271-------
単語 : 緑色,  cos類似度 : 0.5718453803601045
単語 : 水色,  cos類似度 : 0.5708391199050917
単語 : 綺麗,  cos類似度 : 0.5595787481830278
単語 : 黄色,  cos類似度 : 0.5459597793665355
単語 : グラデーション,  cos類似度 : 0.5416328370549545
-------------------------------
サンプル 272-------
単語 : 見え,  cos類似度 : 0.5357798453149543
単語 : 実,  cos類似度 : 0.5274763015882294
単語 : 綺麗,  cos類似度 : 0.5263045863043778
単語 : 周り,  cos類似度 : 0.5203642125903827
単語 : きれい,  cos類似度 : 0.5197762941305417
-------------------------------
サンプル 273-------
単語 : よ,  cos類似度 : 0.5864466258404145
単語 : 実,  cos類似度 : 0.5834419412525931
単語 : 見え,  cos類似度 : 0.5830434224516505
単語 : 周り,  cos類似度 : 0.5803023152723102
単語 : 隣,  cos類似度 : 0.5782189279204731
-------------------------------
サンプル 274-------
単語 : よ,  cos類似度 : 0.5856283751344313
単語 : 緑色,  cos類似度 : 0.5820329594346257
単語 : 実,  cos類似度 : 0.5818741808995701
単語 : 見え,  cos類似度 : 0.5762974643600287
単語 : 水色,  cos類似度 : 0.5728748589168623
-------------------------------
サンプル 275-------
単語 : 淹,  cos類似度 : 0.005307110173782328
単語 : おり,  cos類似度 : -0.003972763885868135
単語 : 中央,  cos類似度 : -0.019709838606533213
単語 : 傍ら,  cos類似度 : -0.021447993540238873
単語 : 一角,  cos類似度 : -0.041284555450178825
-------------------------------
サンプル 276-------
単語 : 見え,  cos類似度 : 0.5717912493275856
単語 : 入り口,  cos類似度 : 0.5572964542713897
単語 : 隣,  cos類似度 : 0.5363936203784372
単語 : 手前,  cos類似度 : 0.53555880696725
単語 : 向かい側,  cos類似度 : 0.5215313076881792
-------------------------------
サンプル 277-------
単語 : 緑色,  cos類似度 : 0.5574195555686502
単語 : 左側,  cos類似度 : 0.5562597842325402
単語 : 向う,  cos類似度 : 0.5554861947801449
単語 : 窓,  cos類似度 : 0.5532338950687508
単語 : 真上,  cos類似度 : 0.5519105260187899
-------------------------------
サンプル 278-------
単語 : 見え,  cos類似度 : 0.5916366198632292
単語 : よ,  cos類似度 : 0.5884296164271284
単語 : 景色,  cos類似度 : 0.5755834055580801
単語 : ん,  cos類似度 : 0.5695328099256348
単語 : 実,  cos類似度 : 0.5663077633752467
-------------------------------
サンプル 279-------
単語 : 登録,  cos類似度 : -0.10036290392725201
単語 : 免許,  cos類似度 : -0.11665835946123834
単語 : 道上,  cos類似度 : -0.13355866578509853
単語 : リスト,  cos類似度 : -0.1342632892315532
単語 : 無効,  cos類似度 : -0.13550974128416624
-------------------------------
サンプル 280-------
単語 : 静か,  cos類似度 : 0.4470808377544613
単語 : よ,  cos類似度 : 0.4467986956910907
単語 : せせらぎ,  cos類似度 : 0.44375717912479806
単語 : 奥,  cos類似度 : 0.4434584416915776
単語 : のどか,  cos類似度 : 0.4410651484363812
-------------------------------
サンプル 281-------
単語 : 無効,  cos類似度 : -0.16746740762957402
単語 : 報酬,  cos類似度 : -0.16920508086432406
単語 : 甲,  cos類似度 : -0.19232669305044184
単語 : 買,  cos類似度 : -0.19269472365562149
単語 : 売買,  cos類似度 : -0.19663440575458135
-------------------------------
サンプル 282-------
単語 : 入り口,  cos類似度 : 0.5983621983692886
単語 : 周り,  cos類似度 : 0.5980903833516333
単語 : 場所,  cos類似度 : 0.5916563242289963
単語 : 隣,  cos類似度 : 0.5916195221250535
単語 : 手前,  cos類似度 : 0.5904216937983976
-------------------------------
サンプル 283-------
単語 : 後ろ,  cos類似度 : 0.5787112883466549
単語 : 周り,  cos類似度 : 0.576657018629488
単語 : 真横,  cos類似度 : 0.5661322059655058
単語 : 頭上,  cos類似度 : 0.5568592581466534
単語 : 水色,  cos類似度 : 0.5547055922898498
-------------------------------
サンプル 284-------
単語 : 繊細,  cos類似度 : 0.5493672085414956
単語 : 鮮やか,  cos類似度 : 0.5463522053750471
単語 : 色合い,  cos類似度 : 0.5406663123298606
単語 : 華やか,  cos類似度 : 0.5350573591901214
単語 : モノトーン,  cos類似度 : 0.531736693122861
-------------------------------
サンプル 285-------
単語 : 緑色,  cos類似度 : 0.6173207394435007
単語 : 鮮やか,  cos類似度 : 0.607939145804771
単語 : 見え,  cos類似度 : 0.5979561931608569
単語 : 綺麗,  cos類似度 : 0.5777485788599505
単語 : 色,  cos類似度 : 0.5765384310446584
-------------------------------
サンプル 286-------
単語 : 見え,  cos類似度 : 0.6031583328006488
単語 : 緑色,  cos類似度 : 0.6010261810196464
単語 : 実,  cos類似度 : 0.5859212722326074
単語 : 水色,  cos類似度 : 0.5815904356124724
単語 : 木々,  cos類似度 : 0.580356215050891
-------------------------------
サンプル 287-------
単語 : 男性,  cos類似度 : 0.20071736355828726
単語 : 女性,  cos類似度 : 0.17143226581314533
単語 : 石油,  cos類似度 : 0.15021881305285592
単語 : 構造,  cos類似度 : 0.14682422961204145
単語 : 米国,  cos類似度 : 0.14137863854583751
-------------------------------
サンプル 288-------
単語 : ポリオ,  cos類似度 : -0.17630534515499732
単語 : 報酬,  cos類似度 : -0.19832232763792593
単語 : 提出,  cos類似度 : -0.2028276859317647
単語 : 消化,  cos類似度 : -0.20782813072515682
単語 : 無効,  cos類似度 : -0.20914774000691275
-------------------------------
サンプル 289-------
単語 : 緑色,  cos類似度 : 0.5797192657944192
単語 : 灰色,  cos類似度 : 0.5665008205631007
単語 : 空,  cos類似度 : 0.5640552316681288
単語 : 頭上,  cos類似度 : 0.5451954497667221
単語 : 見え,  cos類似度 : 0.5436492962597544
-------------------------------
サンプル 290-------
単語 : 緑色,  cos類似度 : 0.5974672039023216
単語 : 空,  cos類似度 : 0.5862734820046313
単語 : 隣,  cos類似度 : 0.5820107706161934
単語 : 見え,  cos類似度 : 0.5812396187494315
単語 : 灰色,  cos類似度 : 0.5715590856198314
-------------------------------
サンプル 291-------
単語 : ポリオ,  cos類似度 : -0.14734135175111907
単語 : 損傷,  cos類似度 : -0.16123442442912336
単語 : 日数,  cos類似度 : -0.16683653237222132
単語 : 報酬,  cos類似度 : -0.1679418205536579
単語 : 変動,  cos類似度 : -0.17262256103564416
-------------------------------
サンプル 292-------
単語 : 報酬,  cos類似度 : -0.22435460607291255
単語 : ポリオ,  cos類似度 : -0.22865738702650912
単語 : 買,  cos類似度 : -0.23075451036768693
単語 : 価,  cos類似度 : -0.241092167025993
単語 : 無効,  cos類似度 : -0.2428697670151869
-------------------------------
サンプル 293-------
単語 : 配色,  cos類似度 : 0.42712279929189534
単語 : 色,  cos類似度 : 0.4179534942502741
単語 : グラデーション,  cos類似度 : 0.41368555097642296
単語 : 単色,  cos類似度 : 0.4126430925541917
単語 : ベージュ,  cos類似度 : 0.40806699518690837
-------------------------------
サンプル 294-------
単語 : よ,  cos類似度 : 0.5855096297342595
単語 : 入り口,  cos類似度 : 0.5814001427615364
単語 : 見え,  cos類似度 : 0.580260097710864
単語 : 隣,  cos類似度 : 0.5794489083189565
単語 : 向う,  cos類似度 : 0.5786623454687524
-------------------------------
サンプル 295-------
単語 : セロ,  cos類似度 : -0.16565307805045779
単語 : ディス,  cos類似度 : -0.17363342480776445
単語 : ピル,  cos類似度 : -0.17374719754240142
単語 : 菌,  cos類似度 : -0.18327812726994544
単語 : 在庫,  cos類似度 : -0.18492746118845615
-------------------------------
サンプル 296-------
単語 : 見え,  cos類似度 : 0.5946666430911249
単語 : よ,  cos類似度 : 0.5779135601718078
単語 : 実,  cos類似度 : 0.5748863264266433
単語 : 不思議,  cos類似度 : 0.5706870953864622
単語 : 緑,  cos類似度 : 0.5699951329370551
-------------------------------
サンプル 297-------
単語 : 入り口,  cos類似度 : 0.6022718896552907
単語 : 手前,  cos類似度 : 0.588493521259942
単語 : 右側,  cos類似度 : 0.5841878822818515
単語 : 左側,  cos類似度 : 0.5828725972758968
単語 : 入口,  cos類似度 : 0.5644880725580583
-------------------------------
サンプル 298-------
単語 : 向う,  cos類似度 : 0.6009934197853389
単語 : 入り口,  cos類似度 : 0.5984146097275875
単語 : 隣,  cos類似度 : 0.5929873748430354
単語 : 手前,  cos類似度 : 0.5921885634700828
単語 : 見え,  cos類似度 : 0.5879596918915819
-------------------------------
サンプル 299-------
単語 : 手前,  cos類似度 : 0.5078354736124394
単語 : 見え,  cos類似度 : 0.49785749848100247
単語 : 山側,  cos類似度 : 0.4910603510240518
単語 : 左側,  cos類似度 : 0.4899255740539897
単語 : 緑色,  cos類似度 : 0.4880801479484209
-------------------------------
サンプル 300-------
単語 : 入り口,  cos類似度 : 0.6071921596822609
単語 : 手前,  cos類似度 : 0.6053424307462117
単語 : 見え,  cos類似度 : 0.5884569956315759
単語 : 向う,  cos類似度 : 0.5867678440089376
単語 : 緑色,  cos類似度 : 0.5840370243451101
-------------------------------
サンプル 301-------
単語 : 木々,  cos類似度 : 0.5897023860506072
単語 : 緑色,  cos類似度 : 0.5861210869856561
単語 : 入り口,  cos類似度 : 0.5832974126286002
単語 : 木立,  cos類似度 : 0.5796599748388442
単語 : 手前,  cos類似度 : 0.5752820338197657
-------------------------------
サンプル 302-------
単語 : よ,  cos類似度 : 0.5996380364832871
単語 : 実,  cos類似度 : 0.5923458475003855
単語 : ん,  cos類似度 : 0.5818233770735516
単語 : 場所,  cos類似度 : 0.5778046457556791
単語 : 見え,  cos類似度 : 0.5745742540037865
-------------------------------
