サンプル 2-------
単語 : 手前,  cos類似度 : 0.6274903641090663
単語 : 入り口,  cos類似度 : 0.6092980310404134
単語 : 横,  cos類似度 : 0.6045041520554428
単語 : 向う,  cos類似度 : 0.5971293597000763
単語 : 真ん中,  cos類似度 : 0.5905926228648286
-------------------------------
サンプル 3-------
単語 : 明かり,  cos類似度 : 0.5504430381136576
単語 : 風景,  cos類似度 : 0.5479359317836882
単語 : 綺麗,  cos類似度 : 0.5473751896589168
単語 : 遠景,  cos類似度 : 0.5472643375639625
単語 : 写真,  cos類似度 : 0.545823828951599
-------------------------------
サンプル 4-------
単語 : 木々,  cos類似度 : 0.5938750272088351
単語 : 緑色,  cos類似度 : 0.5885835993140929
単語 : 周り,  cos類似度 : 0.5844749428024771
単語 : 隣,  cos類似度 : 0.581427332061928
単語 : 入り口,  cos類似度 : 0.580873055539097
-------------------------------
サンプル 5-------
単語 : 水色,  cos類似度 : 0.597246964701127
単語 : 真ん中,  cos類似度 : 0.5835713036453174
単語 : 後ろ,  cos類似度 : 0.5792471672373383
単語 : 左端,  cos類似度 : 0.5704502786566794
単語 : 真中,  cos類似度 : 0.5701195006414459
-------------------------------
サンプル 6-------
単語 : 登録,  cos類似度 : -0.20612065752012895
単語 : 許可,  cos類似度 : -0.21181285199957356
単語 : レコーダー,  cos類似度 : -0.21375662057757008
単語 : 申請,  cos類似度 : -0.21633730129630718
単語 : 充実,  cos類似度 : -0.22346996600050054
-------------------------------
サンプル 7-------
単語 : 手前,  cos類似度 : 0.6041854174155656
単語 : 見え,  cos類似度 : 0.599317610633307
単語 : 入り口,  cos類似度 : 0.5967692584430506
単語 : 向う,  cos類似度 : 0.5924306676867267
単語 : 緑色,  cos類似度 : 0.5917146975007028
-------------------------------
サンプル 8-------
単語 : 手前,  cos類似度 : 0.5071763733507164
単語 : 入り口,  cos類似度 : 0.504246519654845
単語 : 沢山,  cos類似度 : 0.5021186858207055
単語 : きれい,  cos類似度 : 0.49541045051925564
単語 : 結構,  cos類似度 : 0.4887452606033757
-------------------------------
サンプル 9-------
単語 : 降伏,  cos類似度 : -0.12283079783264318
単語 : 報復,  cos類似度 : -0.13209392690017172
単語 : 弔い,  cos類似度 : -0.13322802185368154
単語 : スクランブル,  cos類似度 : -0.13865415331014744
単語 : フランダース,  cos類似度 : -0.13921351439756655
-------------------------------
サンプル 10-------
単語 : 見え,  cos類似度 : 0.5910331232142957
単語 : よ,  cos類似度 : 0.5846940744589945
単語 : 入り口,  cos類似度 : 0.580341105699385
単語 : 周り,  cos類似度 : 0.5765434367087633
単語 : 向う,  cos類似度 : 0.5736874321849115
-------------------------------
サンプル 11-------
単語 : 買,  cos類似度 : -0.2433646019642218
単語 : ポリオ,  cos類似度 : -0.24930902114382972
単語 : タイムリー,  cos類似度 : -0.2578609626581836
単語 : エラー,  cos類似度 : -0.25831790236756214
単語 : 見方,  cos類似度 : -0.25849287634174156
-------------------------------
サンプル 12-------
単語 : 買,  cos類似度 : -0.22029562350862228
単語 : 報酬,  cos類似度 : -0.23455846318037146
単語 : 育児,  cos類似度 : -0.23538285994216268
単語 : 見方,  cos類似度 : -0.23573405029144825
単語 : 責任,  cos類似度 : -0.24170360394831422
-------------------------------
サンプル 13-------
単語 : 入り口,  cos類似度 : 0.5897757502819958
単語 : 横,  cos類似度 : 0.5854632489984253
単語 : 隣,  cos類似度 : 0.5829361612753622
単語 : 向う,  cos類似度 : 0.5814705799142267
単語 : 手前,  cos類似度 : 0.5786546672410888
-------------------------------
サンプル 14-------
単語 : 綺麗,  cos類似度 : 0.5999685765798677
単語 : 景色,  cos類似度 : 0.5906068253384641
単語 : きれい,  cos類似度 : 0.5656391828136541
単語 : 見え,  cos類似度 : 0.5595401963702227
単語 : 周り,  cos類似度 : 0.5582567034968358
-------------------------------
サンプル 15-------
単語 : 見え,  cos類似度 : 0.6186870049046175
単語 : 右端,  cos類似度 : 0.5887442913288549
単語 : 遠景,  cos類似度 : 0.5886600792240855
単語 : 眼下,  cos類似度 : 0.5804616579508295
単語 : 左端,  cos類似度 : 0.5790348783839648
-------------------------------
サンプル 16-------
単語 : 周り,  cos類似度 : 0.6054885562664278
単語 : よ,  cos類似度 : 0.5912214690139688
単語 : 隣,  cos類似度 : 0.5896072247333792
単語 : 横,  cos類似度 : 0.5863022081261337
単語 : 緑色,  cos類似度 : 0.5851798021025704
-------------------------------
サンプル 17-------
単語 : 綺麗,  cos類似度 : 0.37121606469670776
単語 : キレイ,  cos類似度 : 0.35459360242387766
単語 : きれい,  cos類似度 : 0.34211008630888723
単語 : すっきり,  cos類似度 : 0.3097254743893831
単語 : 端正,  cos類似度 : 0.30752325301040595
-------------------------------
サンプル 18-------
単語 : 緑色,  cos類似度 : 0.5838798914703872
単語 : 綺麗,  cos類似度 : 0.5767486625817019
単語 : 紫色,  cos類似度 : 0.5741812466965236
単語 : カラフル,  cos類似度 : 0.5725470836406165
単語 : きれい,  cos類似度 : 0.5718223996219434
-------------------------------
サンプル 19-------
単語 : 水色,  cos類似度 : 0.5929087240715756
単語 : 緑色,  cos類似度 : 0.5909561180122398
単語 : よ,  cos類似度 : 0.5868542415526644
単語 : 隣,  cos類似度 : 0.5806795646084781
単語 : 実,  cos類似度 : 0.5745980431787684
-------------------------------
サンプル 20-------
単語 : 色,  cos類似度 : 0.34732182151973734
単語 : 色合い,  cos類似度 : 0.3385599896283936
単語 : 光沢,  cos類似度 : 0.3332770411030877
単語 : 濃淡,  cos類似度 : 0.3323134391648396
単語 : 色調,  cos類似度 : 0.3297304414507442
-------------------------------
サンプル 21-------
単語 : 比較,  cos類似度 : 0.1916313488943621
単語 : 想像,  cos類似度 : 0.19057759349215758
単語 : 造船,  cos類似度 : 0.1900720250726689
単語 : 詳細,  cos類似度 : 0.18299568604731178
単語 : 内科,  cos類似度 : 0.17331405843105713
-------------------------------
サンプル 22-------
単語 : よ,  cos類似度 : 0.603073993975852
単語 : 見え,  cos類似度 : 0.5845833451569641
単語 : 周り,  cos類似度 : 0.5793009191729656
単語 : 実,  cos類似度 : 0.5773525578698798
単語 : ん,  cos類似度 : 0.5765695457041115
-------------------------------
サンプル 23-------
単語 : 見え,  cos類似度 : 0.5160167607011407
単語 : 光景,  cos類似度 : 0.509190899050504
単語 : 様子,  cos類似度 : 0.5043165525660084
単語 : 姿,  cos類似度 : 0.5004401674953998
単語 : 眼,  cos類似度 : 0.49226776071579426
-------------------------------
サンプル 24-------
単語 : 人間,  cos類似度 : 0.45882535218968185
単語 : 老婆,  cos類似度 : 0.45822941643194354
単語 : 老女,  cos類似度 : 0.43036950949118186
単語 : 眼,  cos類似度 : 0.4276743266381867
単語 : 現実,  cos類似度 : 0.4246799723610469
-------------------------------
サンプル 25-------
単語 : よ,  cos類似度 : 0.5797898248880258
単語 : 小道,  cos類似度 : 0.572852239168164
単語 : 茂み,  cos類似度 : 0.5701668508246855
単語 : 向う,  cos類似度 : 0.5676957022389378
単語 : 入り口,  cos類似度 : 0.5668521992879201
-------------------------------
サンプル 26-------
単語 : 見方,  cos類似度 : -0.19649247218667096
単語 : 賭博,  cos類似度 : -0.22434894313013234
単語 : 報酬,  cos類似度 : -0.22559447978502303
単語 : 倒産,  cos類似度 : -0.23747155400921793
単語 : 移籍,  cos類似度 : -0.2392447429497534
-------------------------------
サンプル 27-------
単語 : 添削,  cos類似度 : -0.18195484998787728
単語 : 報酬,  cos類似度 : -0.18271651775212738
単語 : 放題,  cos類似度 : -0.19942393042611128
単語 : 必勝,  cos類似度 : -0.20039229602609943
単語 : 買,  cos類似度 : -0.20238068701773518
-------------------------------
サンプル 28-------
単語 : よ,  cos類似度 : 0.5857012930375841
単語 : 隣,  cos類似度 : 0.5801480708390904
単語 : 入り口,  cos類似度 : 0.5749300040921232
単語 : 向う,  cos類似度 : 0.5740622241648451
単語 : 水色,  cos類似度 : 0.5682598378594821
-------------------------------
サンプル 29-------
単語 : 必勝,  cos類似度 : -0.17505422350477792
単語 : ビス,  cos類似度 : -0.17692778784113292
単語 : 血統,  cos類似度 : -0.1841272796717046
単語 : スクランブル,  cos類似度 : -0.18461312841055538
単語 : 報酬,  cos類似度 : -0.18577163297853533
-------------------------------
サンプル 30-------
単語 : 花びら,  cos類似度 : 0.57190555073163
単語 : 水色,  cos類似度 : 0.5693683091619595
単語 : 見え,  cos類似度 : 0.5646158060057247
単語 : 葉っぱ,  cos類似度 : 0.5567086326357668
単語 : 手前,  cos類似度 : 0.5532673506819514
-------------------------------
サンプル 31-------
単語 : 緑色,  cos類似度 : 0.5963366217559756
単語 : 水色,  cos類似度 : 0.5929182559085445
単語 : 見え,  cos類似度 : 0.5926084480830266
単語 : 向う,  cos類似度 : 0.590690338513123
単語 : 茶色,  cos類似度 : 0.5891231412806789
-------------------------------
サンプル 32-------
単語 : よ,  cos類似度 : 0.5881937525778428
単語 : 見え,  cos類似度 : 0.5775189462034213
単語 : 実,  cos類似度 : 0.5730266377796183
単語 : 緑色,  cos類似度 : 0.5723459872465756
単語 : 水色,  cos類似度 : 0.5668666057584163
-------------------------------
サンプル 33-------
単語 : 人間,  cos類似度 : 0.5165601737042496
単語 : 遠く,  cos類似度 : 0.48932995949979613
単語 : 売り物,  cos類似度 : 0.48396568966841513
単語 : イヤ,  cos類似度 : 0.48379442123586175
単語 : ただ,  cos類似度 : 0.4770482227585282
-------------------------------
サンプル 34-------
単語 : よ,  cos類似度 : 0.5879407321066682
単語 : 隣,  cos類似度 : 0.5838525766199463
単語 : 場所,  cos類似度 : 0.5818419586378145
単語 : 入り口,  cos類似度 : 0.5794510464347411
単語 : ん,  cos類似度 : 0.5786300962566984
-------------------------------
サンプル 35-------
単語 : 森,  cos類似度 : 0.5149563658757121
単語 : 小道,  cos類似度 : 0.5063148780306495
単語 : 一帯,  cos類似度 : 0.5042370636862739
単語 : 明らか,  cos類似度 : 0.49681762276911373
単語 : 山,  cos類似度 : 0.4907629421503725
-------------------------------
サンプル 36-------
単語 : 緑色,  cos類似度 : 0.5786622430642466
単語 : 脇,  cos類似度 : 0.5765128256750532
単語 : 向う,  cos類似度 : 0.5739038662281225
単語 : 小道,  cos類似度 : 0.5732795134521176
単語 : 朱色,  cos類似度 : 0.5700365415213359
-------------------------------
サンプル 37-------
単語 : よ,  cos類似度 : 0.5824836672679562
単語 : 水色,  cos類似度 : 0.5788093937255582
単語 : 横,  cos類似度 : 0.5777670988891344
単語 : 隣,  cos類似度 : 0.575896059893616
単語 : 入り口,  cos類似度 : 0.5741061818691497
-------------------------------
サンプル 38-------
単語 : 保険,  cos類似度 : -0.20614065900694958
単語 : 買,  cos類似度 : -0.21098343586969695
単語 : 衛生,  cos類似度 : -0.21561424053735298
単語 : 入れ歯,  cos類似度 : -0.21855239263857348
単語 : ニキビ,  cos類似度 : -0.21957632547764175
-------------------------------
サンプル 39-------
単語 : ん,  cos類似度 : 0.6041599368252947
単語 : よ,  cos類似度 : 0.6018733185840508
単語 : 最初,  cos類似度 : 0.5846210985330027
単語 : とこ,  cos類似度 : 0.5607623884087239
単語 : 隣,  cos類似度 : 0.5501891358929601
-------------------------------
サンプル 40-------
単語 : よ,  cos類似度 : 0.5804994228207718
単語 : 隣,  cos類似度 : 0.5804749294628375
単語 : 周り,  cos類似度 : 0.577010627464185
単語 : 入り口,  cos類似度 : 0.5720208259219537
単語 : オブジェ,  cos類似度 : 0.5712289542687665
-------------------------------
サンプル 41-------
単語 : よ,  cos類似度 : 0.5613398116875762
単語 : 入り口,  cos類似度 : 0.5593821579206136
単語 : 小道,  cos類似度 : 0.5427050301504942
単語 : 町中,  cos類似度 : 0.5382143591711088
単語 : 周り,  cos類似度 : 0.5364922512067757
-------------------------------
サンプル 42-------
単語 : 水色,  cos類似度 : 0.6096131083885548
単語 : 緑色,  cos類似度 : 0.6095092697938084
単語 : 茶色,  cos類似度 : 0.6009587022665321
単語 : 色,  cos類似度 : 0.592839671799639
単語 : 見え,  cos類似度 : 0.5924462530823698
-------------------------------
サンプル 43-------
単語 : 見え,  cos類似度 : 0.6011766523916351
単語 : 水色,  cos類似度 : 0.5932582876994449
単語 : 緑色,  cos類似度 : 0.5852902336250673
単語 : 向う,  cos類似度 : 0.58084522368566
単語 : 茶色,  cos類似度 : 0.5800427949222469
-------------------------------
サンプル 44-------
単語 : 緑色,  cos類似度 : 0.6296038349473452
単語 : 茶色,  cos類似度 : 0.6285637655242488
単語 : 深緑,  cos類似度 : 0.6211445166795915
単語 : 水色,  cos類似度 : 0.6189535476465301
単語 : 紺色,  cos類似度 : 0.6041646698405202
-------------------------------
サンプル 45-------
単語 : ポリオ,  cos類似度 : -0.252401148854271
単語 : 買,  cos類似度 : -0.25531954990654787
単語 : ケロッグ,  cos類似度 : -0.2675354908083702
単語 : 報酬,  cos類似度 : -0.2738813576514043
単語 : 血統,  cos類似度 : -0.2749070847429881
-------------------------------
サンプル 46-------
単語 : よ,  cos類似度 : 0.5854702450836368
単語 : 実,  cos類似度 : 0.5695328186786967
単語 : ん,  cos類似度 : 0.5666884552657495
単語 : 見え,  cos類似度 : 0.5650110278235655
単語 : 場所,  cos類似度 : 0.5614180075508091
-------------------------------
サンプル 47-------
単語 : オブジェ,  cos類似度 : 0.5931206080978311
単語 : カラフル,  cos類似度 : 0.5631350926780724
単語 : 鮮やか,  cos類似度 : 0.5442983398872446
単語 : 壁面,  cos類似度 : 0.5418758224950336
単語 : お洒落,  cos類似度 : 0.541417120439855
-------------------------------
サンプル 48-------
単語 : 無数,  cos類似度 : 0.577204716658748
単語 : 真上,  cos類似度 : 0.5770564589171915
単語 : 見え,  cos類似度 : 0.5721098565684486
単語 : 横,  cos類似度 : 0.5705491453168352
単語 : 頭上,  cos類似度 : 0.5687251367938465
-------------------------------
サンプル 49-------
単語 : 水色,  cos類似度 : 0.5925345920512805
単語 : 見え,  cos類似度 : 0.5920864136099812
単語 : 緑色,  cos類似度 : 0.5842396932051656
単語 : 隣,  cos類似度 : 0.5794773950552619
単語 : 向う,  cos類似度 : 0.5785493325907621
-------------------------------
サンプル 50-------
単語 : 見方,  cos類似度 : -0.2085622788383314
単語 : タイムリー,  cos類似度 : -0.24703256138407007
単語 : 報酬,  cos類似度 : -0.25071500670213964
単語 : 淹,  cos類似度 : -0.25123957181893886
単語 : 高額,  cos類似度 : -0.2564899235103651
-------------------------------
サンプル 51-------
単語 : 庇,  cos類似度 : 0.2612986222985805
単語 : 七色,  cos類似度 : 0.23673872507008367
単語 : 金色,  cos類似度 : 0.23465881034319047
単語 : 濃紺,  cos類似度 : 0.22741022337214054
単語 : ラメ,  cos類似度 : 0.2265068190559939
-------------------------------
サンプル 52-------
単語 : 向う,  cos類似度 : 0.5955952407816408
単語 : 入り口,  cos類似度 : 0.5862157263819413
単語 : 周り,  cos類似度 : 0.5804374891593974
単語 : 横,  cos類似度 : 0.5775818854725452
単語 : 手前,  cos類似度 : 0.5770638606602935
-------------------------------
サンプル 53-------
単語 : 砂漠,  cos類似度 : 0.31878115205115376
単語 : スコール,  cos類似度 : 0.3179588349427103
単語 : 雨,  cos類似度 : 0.31667396455324387
単語 : 雷雨,  cos類似度 : 0.31299280710815025
単語 : 地すべり,  cos類似度 : 0.3053129318970401
-------------------------------
サンプル 54-------
単語 : 売り物,  cos類似度 : 0.5043476043121111
単語 : よ,  cos類似度 : 0.49769392998789935
単語 : 緑,  cos類似度 : 0.4936170418705156
単語 : ん,  cos類似度 : 0.48401732275439086
単語 : 緑色,  cos類似度 : 0.4777318167233045
-------------------------------
サンプル 55-------
単語 : よ,  cos類似度 : 0.5990504042510183
単語 : 見え,  cos類似度 : 0.5921943252495626
単語 : 水色,  cos類似度 : 0.584462166282288
単語 : 実,  cos類似度 : 0.5766256797363544
単語 : 緑色,  cos類似度 : 0.5746794913836529
-------------------------------
サンプル 56-------
単語 : 買,  cos類似度 : -0.21813388432201009
単語 : 保険,  cos類似度 : -0.22646305002248138
単語 : 家計,  cos類似度 : -0.22660986940869227
単語 : 倒産,  cos類似度 : -0.22909183995479
単語 : ポリオ,  cos類似度 : -0.23353600887675616
-------------------------------
サンプル 57-------
単語 : よ,  cos類似度 : 0.6217671036443809
単語 : ん,  cos類似度 : 0.6116927193845871
単語 : 最初,  cos類似度 : 0.5810049704845879
単語 : とこ,  cos類似度 : 0.5784801899607024
単語 : 入り口,  cos類似度 : 0.5780582643082873
-------------------------------
サンプル 58-------
単語 : よ,  cos類似度 : 0.6058320004422285
単語 : ん,  cos類似度 : 0.5890500113621175
単語 : 実,  cos類似度 : 0.5779382933126183
単語 : 周り,  cos類似度 : 0.5733421971498307
単語 : 隣,  cos類似度 : 0.5721789489499371
-------------------------------
サンプル 59-------
単語 : 食べ物,  cos類似度 : 0.5046142838020782
単語 : まばら,  cos類似度 : 0.49200583523583025
単語 : 静か,  cos類似度 : 0.48338786563106123
単語 : 冬場,  cos類似度 : 0.4828408342991171
単語 : 屋外,  cos類似度 : 0.4746333475776703
-------------------------------
サンプル 60-------
単語 : よ,  cos類似度 : 0.5919358026183493
単語 : ん,  cos類似度 : 0.5743644541604258
単語 : 実,  cos類似度 : 0.5728882690372185
単語 : 周り,  cos類似度 : 0.5720000499360574
単語 : 隣,  cos類似度 : 0.5677272382670592
-------------------------------
サンプル 61-------
単語 : 入り口,  cos類似度 : 0.5869112753293394
単語 : よ,  cos類似度 : 0.5866824695811664
単語 : 隣,  cos類似度 : 0.5835719175977927
単語 : 向う,  cos類似度 : 0.5805937909992852
単語 : 小道,  cos類似度 : 0.57452258802533
-------------------------------
サンプル 62-------
単語 : 手前,  cos類似度 : 0.6274903641090663
単語 : 入り口,  cos類似度 : 0.6092980310404134
単語 : 横,  cos類似度 : 0.6045041520554428
単語 : 向う,  cos類似度 : 0.5971293597000763
単語 : 真ん中,  cos類似度 : 0.5905926228648286
-------------------------------
サンプル 63-------
単語 : 明かり,  cos類似度 : 0.5504430381136576
単語 : 風景,  cos類似度 : 0.5479359317836882
単語 : 綺麗,  cos類似度 : 0.5473751896589168
単語 : 遠景,  cos類似度 : 0.5472643375639625
単語 : 写真,  cos類似度 : 0.545823828951599
-------------------------------
サンプル 64-------
単語 : 木々,  cos類似度 : 0.5938750272088351
単語 : 緑色,  cos類似度 : 0.5885835993140929
単語 : 周り,  cos類似度 : 0.5844749428024771
単語 : 隣,  cos類似度 : 0.581427332061928
単語 : 入り口,  cos類似度 : 0.580873055539097
-------------------------------
サンプル 65-------
単語 : 水色,  cos類似度 : 0.597246964701127
単語 : 真ん中,  cos類似度 : 0.5835713036453174
単語 : 後ろ,  cos類似度 : 0.5792471672373383
単語 : 左端,  cos類似度 : 0.5704502786566794
単語 : 真中,  cos類似度 : 0.5701195006414459
-------------------------------
サンプル 66-------
単語 : 登録,  cos類似度 : -0.20612065752012895
単語 : 許可,  cos類似度 : -0.21181285199957356
単語 : レコーダー,  cos類似度 : -0.21375662057757008
単語 : 申請,  cos類似度 : -0.21633730129630718
単語 : 充実,  cos類似度 : -0.22346996600050054
-------------------------------
サンプル 67-------
単語 : 手前,  cos類似度 : 0.6041854174155656
単語 : 見え,  cos類似度 : 0.599317610633307
単語 : 入り口,  cos類似度 : 0.5967692584430506
単語 : 向う,  cos類似度 : 0.5924306676867267
単語 : 緑色,  cos類似度 : 0.5917146975007028
-------------------------------
サンプル 68-------
単語 : 手前,  cos類似度 : 0.5071763733507164
単語 : 入り口,  cos類似度 : 0.504246519654845
単語 : 沢山,  cos類似度 : 0.5021186858207055
単語 : きれい,  cos類似度 : 0.49541045051925564
単語 : 結構,  cos類似度 : 0.4887452606033757
-------------------------------
サンプル 69-------
単語 : 降伏,  cos類似度 : -0.12283079783264318
単語 : 報復,  cos類似度 : -0.13209392690017172
単語 : 弔い,  cos類似度 : -0.13322802185368154
単語 : スクランブル,  cos類似度 : -0.13865415331014744
単語 : フランダース,  cos類似度 : -0.13921351439756655
-------------------------------
サンプル 70-------
単語 : 見え,  cos類似度 : 0.5910331232142957
単語 : よ,  cos類似度 : 0.5846940744589945
単語 : 入り口,  cos類似度 : 0.580341105699385
単語 : 周り,  cos類似度 : 0.5765434367087633
単語 : 向う,  cos類似度 : 0.5736874321849115
-------------------------------
サンプル 71-------
単語 : 買,  cos類似度 : -0.2433646019642218
単語 : ポリオ,  cos類似度 : -0.24930902114382972
単語 : タイムリー,  cos類似度 : -0.2578609626581836
単語 : エラー,  cos類似度 : -0.25831790236756214
単語 : 見方,  cos類似度 : -0.25849287634174156
-------------------------------
サンプル 72-------
単語 : 買,  cos類似度 : -0.22029562350862228
単語 : 報酬,  cos類似度 : -0.23455846318037146
単語 : 育児,  cos類似度 : -0.23538285994216268
単語 : 見方,  cos類似度 : -0.23573405029144825
単語 : 責任,  cos類似度 : -0.24170360394831422
-------------------------------
サンプル 73-------
単語 : 入り口,  cos類似度 : 0.5897757502819958
単語 : 横,  cos類似度 : 0.5854632489984253
単語 : 隣,  cos類似度 : 0.5829361612753622
単語 : 向う,  cos類似度 : 0.5814705799142267
単語 : 手前,  cos類似度 : 0.5786546672410888
-------------------------------
サンプル 74-------
単語 : 綺麗,  cos類似度 : 0.5999685765798677
単語 : 景色,  cos類似度 : 0.5906068253384641
単語 : きれい,  cos類似度 : 0.5656391828136541
単語 : 見え,  cos類似度 : 0.5595401963702227
単語 : 周り,  cos類似度 : 0.5582567034968358
-------------------------------
サンプル 75-------
単語 : 見え,  cos類似度 : 0.6186870049046175
単語 : 右端,  cos類似度 : 0.5887442913288549
単語 : 遠景,  cos類似度 : 0.5886600792240855
単語 : 眼下,  cos類似度 : 0.5804616579508295
単語 : 左端,  cos類似度 : 0.5790348783839648
-------------------------------
サンプル 76-------
単語 : 周り,  cos類似度 : 0.6054885562664278
単語 : よ,  cos類似度 : 0.5912214690139688
単語 : 隣,  cos類似度 : 0.5896072247333792
単語 : 横,  cos類似度 : 0.5863022081261337
単語 : 緑色,  cos類似度 : 0.5851798021025704
-------------------------------
サンプル 77-------
単語 : 綺麗,  cos類似度 : 0.37121606469670776
単語 : キレイ,  cos類似度 : 0.35459360242387766
単語 : きれい,  cos類似度 : 0.34211008630888723
単語 : すっきり,  cos類似度 : 0.3097254743893831
単語 : 端正,  cos類似度 : 0.30752325301040595
-------------------------------
サンプル 78-------
単語 : 緑色,  cos類似度 : 0.5838798914703872
単語 : 綺麗,  cos類似度 : 0.5767486625817019
単語 : 紫色,  cos類似度 : 0.5741812466965236
単語 : カラフル,  cos類似度 : 0.5725470836406165
単語 : きれい,  cos類似度 : 0.5718223996219434
-------------------------------
サンプル 79-------
単語 : 水色,  cos類似度 : 0.5929087240715756
単語 : 緑色,  cos類似度 : 0.5909561180122398
単語 : よ,  cos類似度 : 0.5868542415526644
単語 : 隣,  cos類似度 : 0.5806795646084781
単語 : 実,  cos類似度 : 0.5745980431787684
-------------------------------
サンプル 80-------
単語 : 色,  cos類似度 : 0.34732182151973734
単語 : 色合い,  cos類似度 : 0.3385599896283936
単語 : 光沢,  cos類似度 : 0.3332770411030877
単語 : 濃淡,  cos類似度 : 0.3323134391648396
単語 : 色調,  cos類似度 : 0.3297304414507442
-------------------------------
サンプル 81-------
単語 : 比較,  cos類似度 : 0.1916313488943621
単語 : 想像,  cos類似度 : 0.19057759349215758
単語 : 造船,  cos類似度 : 0.1900720250726689
単語 : 詳細,  cos類似度 : 0.18299568604731178
単語 : 内科,  cos類似度 : 0.17331405843105713
-------------------------------
サンプル 82-------
単語 : よ,  cos類似度 : 0.603073993975852
単語 : 見え,  cos類似度 : 0.5845833451569641
単語 : 周り,  cos類似度 : 0.5793009191729656
単語 : 実,  cos類似度 : 0.5773525578698798
単語 : ん,  cos類似度 : 0.5765695457041115
-------------------------------
サンプル 83-------
単語 : 見え,  cos類似度 : 0.5160167607011407
単語 : 光景,  cos類似度 : 0.509190899050504
単語 : 様子,  cos類似度 : 0.5043165525660084
単語 : 姿,  cos類似度 : 0.5004401674953998
単語 : 眼,  cos類似度 : 0.49226776071579426
-------------------------------
サンプル 84-------
単語 : 人間,  cos類似度 : 0.45882535218968185
単語 : 老婆,  cos類似度 : 0.45822941643194354
単語 : 老女,  cos類似度 : 0.43036950949118186
単語 : 眼,  cos類似度 : 0.4276743266381867
単語 : 現実,  cos類似度 : 0.4246799723610469
-------------------------------
サンプル 85-------
単語 : よ,  cos類似度 : 0.5797898248880258
単語 : 小道,  cos類似度 : 0.572852239168164
単語 : 茂み,  cos類似度 : 0.5701668508246855
単語 : 向う,  cos類似度 : 0.5676957022389378
単語 : 入り口,  cos類似度 : 0.5668521992879201
-------------------------------
サンプル 86-------
単語 : 見方,  cos類似度 : -0.19649247218667096
単語 : 賭博,  cos類似度 : -0.22434894313013234
単語 : 報酬,  cos類似度 : -0.22559447978502303
単語 : 倒産,  cos類似度 : -0.23747155400921793
単語 : 移籍,  cos類似度 : -0.2392447429497534
-------------------------------
サンプル 87-------
単語 : 添削,  cos類似度 : -0.18195484998787728
単語 : 報酬,  cos類似度 : -0.18271651775212738
単語 : 放題,  cos類似度 : -0.19942393042611128
単語 : 必勝,  cos類似度 : -0.20039229602609943
単語 : 買,  cos類似度 : -0.20238068701773518
-------------------------------
サンプル 88-------
単語 : よ,  cos類似度 : 0.5857012930375841
単語 : 隣,  cos類似度 : 0.5801480708390904
単語 : 入り口,  cos類似度 : 0.5749300040921232
単語 : 向う,  cos類似度 : 0.5740622241648451
単語 : 水色,  cos類似度 : 0.5682598378594821
-------------------------------
サンプル 89-------
単語 : 必勝,  cos類似度 : -0.17505422350477792
単語 : ビス,  cos類似度 : -0.17692778784113292
単語 : 血統,  cos類似度 : -0.1841272796717046
単語 : スクランブル,  cos類似度 : -0.18461312841055538
単語 : 報酬,  cos類似度 : -0.18577163297853533
-------------------------------
サンプル 90-------
単語 : 花びら,  cos類似度 : 0.57190555073163
単語 : 水色,  cos類似度 : 0.5693683091619595
単語 : 見え,  cos類似度 : 0.5646158060057247
単語 : 葉っぱ,  cos類似度 : 0.5567086326357668
単語 : 手前,  cos類似度 : 0.5532673506819514
-------------------------------
サンプル 91-------
単語 : 緑色,  cos類似度 : 0.5963366217559756
単語 : 水色,  cos類似度 : 0.5929182559085445
単語 : 見え,  cos類似度 : 0.5926084480830266
単語 : 向う,  cos類似度 : 0.590690338513123
単語 : 茶色,  cos類似度 : 0.5891231412806789
-------------------------------
サンプル 92-------
単語 : よ,  cos類似度 : 0.5881937525778428
単語 : 見え,  cos類似度 : 0.5775189462034213
単語 : 実,  cos類似度 : 0.5730266377796183
単語 : 緑色,  cos類似度 : 0.5723459872465756
単語 : 水色,  cos類似度 : 0.5668666057584163
-------------------------------
サンプル 93-------
単語 : 人間,  cos類似度 : 0.5165601737042496
単語 : 遠く,  cos類似度 : 0.48932995949979613
単語 : 売り物,  cos類似度 : 0.48396568966841513
単語 : イヤ,  cos類似度 : 0.48379442123586175
単語 : ただ,  cos類似度 : 0.4770482227585282
-------------------------------
サンプル 94-------
単語 : よ,  cos類似度 : 0.5879407321066682
単語 : 隣,  cos類似度 : 0.5838525766199463
単語 : 場所,  cos類似度 : 0.5818419586378145
単語 : 入り口,  cos類似度 : 0.5794510464347411
単語 : ん,  cos類似度 : 0.5786300962566984
-------------------------------
サンプル 95-------
単語 : 森,  cos類似度 : 0.5149563658757121
単語 : 小道,  cos類似度 : 0.5063148780306495
単語 : 一帯,  cos類似度 : 0.5042370636862739
単語 : 明らか,  cos類似度 : 0.49681762276911373
単語 : 山,  cos類似度 : 0.4907629421503725
-------------------------------
サンプル 96-------
単語 : 緑色,  cos類似度 : 0.5786622430642466
単語 : 脇,  cos類似度 : 0.5765128256750532
単語 : 向う,  cos類似度 : 0.5739038662281225
単語 : 小道,  cos類似度 : 0.5732795134521176
単語 : 朱色,  cos類似度 : 0.5700365415213359
-------------------------------
サンプル 97-------
単語 : よ,  cos類似度 : 0.5824836672679562
単語 : 水色,  cos類似度 : 0.5788093937255582
単語 : 横,  cos類似度 : 0.5777670988891344
単語 : 隣,  cos類似度 : 0.575896059893616
単語 : 入り口,  cos類似度 : 0.5741061818691497
-------------------------------
サンプル 98-------
単語 : 保険,  cos類似度 : -0.20614065900694958
単語 : 買,  cos類似度 : -0.21098343586969695
単語 : 衛生,  cos類似度 : -0.21561424053735298
単語 : 入れ歯,  cos類似度 : -0.21855239263857348
単語 : ニキビ,  cos類似度 : -0.21957632547764175
-------------------------------
サンプル 99-------
単語 : ん,  cos類似度 : 0.6041599368252947
単語 : よ,  cos類似度 : 0.6018733185840508
単語 : 最初,  cos類似度 : 0.5846210985330027
単語 : とこ,  cos類似度 : 0.5607623884087239
単語 : 隣,  cos類似度 : 0.5501891358929601
-------------------------------
サンプル 100-------
単語 : よ,  cos類似度 : 0.5804994228207718
単語 : 隣,  cos類似度 : 0.5804749294628375
単語 : 周り,  cos類似度 : 0.577010627464185
単語 : 入り口,  cos類似度 : 0.5720208259219537
単語 : オブジェ,  cos類似度 : 0.5712289542687665
-------------------------------
サンプル 101-------
単語 : よ,  cos類似度 : 0.5613398116875762
単語 : 入り口,  cos類似度 : 0.5593821579206136
単語 : 小道,  cos類似度 : 0.5427050301504942
単語 : 町中,  cos類似度 : 0.5382143591711088
単語 : 周り,  cos類似度 : 0.5364922512067757
-------------------------------
サンプル 102-------
単語 : 水色,  cos類似度 : 0.6096131083885548
単語 : 緑色,  cos類似度 : 0.6095092697938084
単語 : 茶色,  cos類似度 : 0.6009587022665321
単語 : 色,  cos類似度 : 0.592839671799639
単語 : 見え,  cos類似度 : 0.5924462530823698
-------------------------------
サンプル 103-------
単語 : 見え,  cos類似度 : 0.6011766523916351
単語 : 水色,  cos類似度 : 0.5932582876994449
単語 : 緑色,  cos類似度 : 0.5852902336250673
単語 : 向う,  cos類似度 : 0.58084522368566
単語 : 茶色,  cos類似度 : 0.5800427949222469
-------------------------------
サンプル 104-------
単語 : 緑色,  cos類似度 : 0.6296038349473452
単語 : 茶色,  cos類似度 : 0.6285637655242488
単語 : 深緑,  cos類似度 : 0.6211445166795915
単語 : 水色,  cos類似度 : 0.6189535476465301
単語 : 紺色,  cos類似度 : 0.6041646698405202
-------------------------------
サンプル 105-------
単語 : ポリオ,  cos類似度 : -0.252401148854271
単語 : 買,  cos類似度 : -0.25531954990654787
単語 : ケロッグ,  cos類似度 : -0.2675354908083702
単語 : 報酬,  cos類似度 : -0.2738813576514043
単語 : 血統,  cos類似度 : -0.2749070847429881
-------------------------------
サンプル 106-------
単語 : よ,  cos類似度 : 0.5854702450836368
単語 : 実,  cos類似度 : 0.5695328186786967
単語 : ん,  cos類似度 : 0.5666884552657495
単語 : 見え,  cos類似度 : 0.5650110278235655
単語 : 場所,  cos類似度 : 0.5614180075508091
-------------------------------
サンプル 107-------
単語 : オブジェ,  cos類似度 : 0.5931206080978311
単語 : カラフル,  cos類似度 : 0.5631350926780724
単語 : 鮮やか,  cos類似度 : 0.5442983398872446
単語 : 壁面,  cos類似度 : 0.5418758224950336
単語 : お洒落,  cos類似度 : 0.541417120439855
-------------------------------
サンプル 108-------
単語 : 無数,  cos類似度 : 0.577204716658748
単語 : 真上,  cos類似度 : 0.5770564589171915
単語 : 見え,  cos類似度 : 0.5721098565684486
単語 : 横,  cos類似度 : 0.5705491453168352
単語 : 頭上,  cos類似度 : 0.5687251367938465
-------------------------------
サンプル 109-------
単語 : 水色,  cos類似度 : 0.5925345920512805
単語 : 見え,  cos類似度 : 0.5920864136099812
単語 : 緑色,  cos類似度 : 0.5842396932051656
単語 : 隣,  cos類似度 : 0.5794773950552619
単語 : 向う,  cos類似度 : 0.5785493325907621
-------------------------------
サンプル 110-------
単語 : 見方,  cos類似度 : -0.2085622788383314
単語 : タイムリー,  cos類似度 : -0.24703256138407007
単語 : 報酬,  cos類似度 : -0.25071500670213964
単語 : 淹,  cos類似度 : -0.25123957181893886
単語 : 高額,  cos類似度 : -0.2564899235103651
-------------------------------
サンプル 111-------
単語 : 庇,  cos類似度 : 0.2612986222985805
単語 : 七色,  cos類似度 : 0.23673872507008367
単語 : 金色,  cos類似度 : 0.23465881034319047
単語 : 濃紺,  cos類似度 : 0.22741022337214054
単語 : ラメ,  cos類似度 : 0.2265068190559939
-------------------------------
サンプル 112-------
単語 : 向う,  cos類似度 : 0.5955952407816408
単語 : 入り口,  cos類似度 : 0.5862157263819413
単語 : 周り,  cos類似度 : 0.5804374891593974
単語 : 横,  cos類似度 : 0.5775818854725452
単語 : 手前,  cos類似度 : 0.5770638606602935
-------------------------------
サンプル 113-------
単語 : 砂漠,  cos類似度 : 0.31878115205115376
単語 : スコール,  cos類似度 : 0.3179588349427103
単語 : 雨,  cos類似度 : 0.31667396455324387
単語 : 雷雨,  cos類似度 : 0.31299280710815025
単語 : 地すべり,  cos類似度 : 0.3053129318970401
-------------------------------
サンプル 114-------
単語 : 売り物,  cos類似度 : 0.5043476043121111
単語 : よ,  cos類似度 : 0.49769392998789935
単語 : 緑,  cos類似度 : 0.4936170418705156
単語 : ん,  cos類似度 : 0.48401732275439086
単語 : 緑色,  cos類似度 : 0.4777318167233045
-------------------------------
サンプル 115-------
単語 : よ,  cos類似度 : 0.5990504042510183
単語 : 見え,  cos類似度 : 0.5921943252495626
単語 : 水色,  cos類似度 : 0.584462166282288
単語 : 実,  cos類似度 : 0.5766256797363544
単語 : 緑色,  cos類似度 : 0.5746794913836529
-------------------------------
サンプル 116-------
単語 : 買,  cos類似度 : -0.21813388432201009
単語 : 保険,  cos類似度 : -0.22646305002248138
単語 : 家計,  cos類似度 : -0.22660986940869227
単語 : 倒産,  cos類似度 : -0.22909183995479
単語 : ポリオ,  cos類似度 : -0.23353600887675616
-------------------------------
サンプル 117-------
単語 : よ,  cos類似度 : 0.6217671036443809
単語 : ん,  cos類似度 : 0.6116927193845871
単語 : 最初,  cos類似度 : 0.5810049704845879
単語 : とこ,  cos類似度 : 0.5784801899607024
単語 : 入り口,  cos類似度 : 0.5780582643082873
-------------------------------
サンプル 118-------
単語 : よ,  cos類似度 : 0.6058320004422285
単語 : ん,  cos類似度 : 0.5890500113621175
単語 : 実,  cos類似度 : 0.5779382933126183
単語 : 周り,  cos類似度 : 0.5733421971498307
単語 : 隣,  cos類似度 : 0.5721789489499371
-------------------------------
サンプル 119-------
単語 : 食べ物,  cos類似度 : 0.5046142838020782
単語 : まばら,  cos類似度 : 0.49200583523583025
単語 : 静か,  cos類似度 : 0.48338786563106123
単語 : 冬場,  cos類似度 : 0.4828408342991171
単語 : 屋外,  cos類似度 : 0.4746333475776703
-------------------------------
サンプル 120-------
単語 : よ,  cos類似度 : 0.5919358026183493
単語 : ん,  cos類似度 : 0.5743644541604258
単語 : 実,  cos類似度 : 0.5728882690372185
単語 : 周り,  cos類似度 : 0.5720000499360574
単語 : 隣,  cos類似度 : 0.5677272382670592
-------------------------------
サンプル 121-------
単語 : 入り口,  cos類似度 : 0.5869112753293394
単語 : よ,  cos類似度 : 0.5866824695811664
単語 : 隣,  cos類似度 : 0.5835719175977927
単語 : 向う,  cos類似度 : 0.5805937909992852
単語 : 小道,  cos類似度 : 0.57452258802533
-------------------------------
サンプル 122-------
単語 : 手前,  cos類似度 : 0.6274903641090663
単語 : 入り口,  cos類似度 : 0.6092980310404134
単語 : 横,  cos類似度 : 0.6045041520554428
単語 : 向う,  cos類似度 : 0.5971293597000763
単語 : 真ん中,  cos類似度 : 0.5905926228648286
-------------------------------
サンプル 123-------
単語 : 明かり,  cos類似度 : 0.5504430381136576
単語 : 風景,  cos類似度 : 0.5479359317836882
単語 : 綺麗,  cos類似度 : 0.5473751896589168
単語 : 遠景,  cos類似度 : 0.5472643375639625
単語 : 写真,  cos類似度 : 0.545823828951599
-------------------------------
サンプル 124-------
単語 : 木々,  cos類似度 : 0.5938750272088351
単語 : 緑色,  cos類似度 : 0.5885835993140929
単語 : 周り,  cos類似度 : 0.5844749428024771
単語 : 隣,  cos類似度 : 0.581427332061928
単語 : 入り口,  cos類似度 : 0.580873055539097
-------------------------------
サンプル 125-------
単語 : 水色,  cos類似度 : 0.597246964701127
単語 : 真ん中,  cos類似度 : 0.5835713036453174
単語 : 後ろ,  cos類似度 : 0.5792471672373383
単語 : 左端,  cos類似度 : 0.5704502786566794
単語 : 真中,  cos類似度 : 0.5701195006414459
-------------------------------
サンプル 126-------
単語 : 登録,  cos類似度 : -0.20612065752012895
単語 : 許可,  cos類似度 : -0.21181285199957356
単語 : レコーダー,  cos類似度 : -0.21375662057757008
単語 : 申請,  cos類似度 : -0.21633730129630718
単語 : 充実,  cos類似度 : -0.22346996600050054
-------------------------------
サンプル 127-------
単語 : 手前,  cos類似度 : 0.6041854174155656
単語 : 見え,  cos類似度 : 0.599317610633307
単語 : 入り口,  cos類似度 : 0.5967692584430506
単語 : 向う,  cos類似度 : 0.5924306676867267
単語 : 緑色,  cos類似度 : 0.5917146975007028
-------------------------------
サンプル 128-------
単語 : 手前,  cos類似度 : 0.5071763733507164
単語 : 入り口,  cos類似度 : 0.504246519654845
単語 : 沢山,  cos類似度 : 0.5021186858207055
単語 : きれい,  cos類似度 : 0.49541045051925564
単語 : 結構,  cos類似度 : 0.4887452606033757
-------------------------------
サンプル 129-------
単語 : 降伏,  cos類似度 : -0.12283079783264318
単語 : 報復,  cos類似度 : -0.13209392690017172
単語 : 弔い,  cos類似度 : -0.13322802185368154
単語 : スクランブル,  cos類似度 : -0.13865415331014744
単語 : フランダース,  cos類似度 : -0.13921351439756655
-------------------------------
サンプル 130-------
単語 : 見え,  cos類似度 : 0.5910331232142957
単語 : よ,  cos類似度 : 0.5846940744589945
単語 : 入り口,  cos類似度 : 0.580341105699385
単語 : 周り,  cos類似度 : 0.5765434367087633
単語 : 向う,  cos類似度 : 0.5736874321849115
-------------------------------
サンプル 131-------
単語 : 買,  cos類似度 : -0.2433646019642218
単語 : ポリオ,  cos類似度 : -0.24930902114382972
単語 : タイムリー,  cos類似度 : -0.2578609626581836
単語 : エラー,  cos類似度 : -0.25831790236756214
単語 : 見方,  cos類似度 : -0.25849287634174156
-------------------------------
サンプル 132-------
単語 : 買,  cos類似度 : -0.22029562350862228
単語 : 報酬,  cos類似度 : -0.23455846318037146
単語 : 育児,  cos類似度 : -0.23538285994216268
単語 : 見方,  cos類似度 : -0.23573405029144825
単語 : 責任,  cos類似度 : -0.24170360394831422
-------------------------------
サンプル 133-------
単語 : 入り口,  cos類似度 : 0.5897757502819958
単語 : 横,  cos類似度 : 0.5854632489984253
単語 : 隣,  cos類似度 : 0.5829361612753622
単語 : 向う,  cos類似度 : 0.5814705799142267
単語 : 手前,  cos類似度 : 0.5786546672410888
-------------------------------
サンプル 134-------
単語 : 綺麗,  cos類似度 : 0.5999685765798677
単語 : 景色,  cos類似度 : 0.5906068253384641
単語 : きれい,  cos類似度 : 0.5656391828136541
単語 : 見え,  cos類似度 : 0.5595401963702227
単語 : 周り,  cos類似度 : 0.5582567034968358
-------------------------------
サンプル 135-------
単語 : 見え,  cos類似度 : 0.6186870049046175
単語 : 右端,  cos類似度 : 0.5887442913288549
単語 : 遠景,  cos類似度 : 0.5886600792240855
単語 : 眼下,  cos類似度 : 0.5804616579508295
単語 : 左端,  cos類似度 : 0.5790348783839648
-------------------------------
サンプル 136-------
単語 : 周り,  cos類似度 : 0.6054885562664278
単語 : よ,  cos類似度 : 0.5912214690139688
単語 : 隣,  cos類似度 : 0.5896072247333792
単語 : 横,  cos類似度 : 0.5863022081261337
単語 : 緑色,  cos類似度 : 0.5851798021025704
-------------------------------
サンプル 137-------
単語 : 綺麗,  cos類似度 : 0.37121606469670776
単語 : キレイ,  cos類似度 : 0.35459360242387766
単語 : きれい,  cos類似度 : 0.34211008630888723
単語 : すっきり,  cos類似度 : 0.3097254743893831
単語 : 端正,  cos類似度 : 0.30752325301040595
-------------------------------
サンプル 138-------
単語 : 緑色,  cos類似度 : 0.5838798914703872
単語 : 綺麗,  cos類似度 : 0.5767486625817019
単語 : 紫色,  cos類似度 : 0.5741812466965236
単語 : カラフル,  cos類似度 : 0.5725470836406165
単語 : きれい,  cos類似度 : 0.5718223996219434
-------------------------------
サンプル 139-------
単語 : 水色,  cos類似度 : 0.5929087240715756
単語 : 緑色,  cos類似度 : 0.5909561180122398
単語 : よ,  cos類似度 : 0.5868542415526644
単語 : 隣,  cos類似度 : 0.5806795646084781
単語 : 実,  cos類似度 : 0.5745980431787684
-------------------------------
サンプル 140-------
単語 : 色,  cos類似度 : 0.34732182151973734
単語 : 色合い,  cos類似度 : 0.3385599896283936
単語 : 光沢,  cos類似度 : 0.3332770411030877
単語 : 濃淡,  cos類似度 : 0.3323134391648396
単語 : 色調,  cos類似度 : 0.3297304414507442
-------------------------------
サンプル 141-------
単語 : 比較,  cos類似度 : 0.1916313488943621
単語 : 想像,  cos類似度 : 0.19057759349215758
単語 : 造船,  cos類似度 : 0.1900720250726689
単語 : 詳細,  cos類似度 : 0.18299568604731178
単語 : 内科,  cos類似度 : 0.17331405843105713
-------------------------------
サンプル 142-------
単語 : よ,  cos類似度 : 0.603073993975852
単語 : 見え,  cos類似度 : 0.5845833451569641
単語 : 周り,  cos類似度 : 0.5793009191729656
単語 : 実,  cos類似度 : 0.5773525578698798
単語 : ん,  cos類似度 : 0.5765695457041115
-------------------------------
サンプル 143-------
単語 : 見え,  cos類似度 : 0.5160167607011407
単語 : 光景,  cos類似度 : 0.509190899050504
単語 : 様子,  cos類似度 : 0.5043165525660084
単語 : 姿,  cos類似度 : 0.5004401674953998
単語 : 眼,  cos類似度 : 0.49226776071579426
-------------------------------
サンプル 144-------
単語 : 人間,  cos類似度 : 0.45882535218968185
単語 : 老婆,  cos類似度 : 0.45822941643194354
単語 : 老女,  cos類似度 : 0.43036950949118186
単語 : 眼,  cos類似度 : 0.4276743266381867
単語 : 現実,  cos類似度 : 0.4246799723610469
-------------------------------
サンプル 145-------
単語 : よ,  cos類似度 : 0.5797898248880258
単語 : 小道,  cos類似度 : 0.572852239168164
単語 : 茂み,  cos類似度 : 0.5701668508246855
単語 : 向う,  cos類似度 : 0.5676957022389378
単語 : 入り口,  cos類似度 : 0.5668521992879201
-------------------------------
サンプル 146-------
単語 : 見方,  cos類似度 : -0.19649247218667096
単語 : 賭博,  cos類似度 : -0.22434894313013234
単語 : 報酬,  cos類似度 : -0.22559447978502303
単語 : 倒産,  cos類似度 : -0.23747155400921793
単語 : 移籍,  cos類似度 : -0.2392447429497534
-------------------------------
サンプル 147-------
単語 : 添削,  cos類似度 : -0.18195484998787728
単語 : 報酬,  cos類似度 : -0.18271651775212738
単語 : 放題,  cos類似度 : -0.19942393042611128
単語 : 必勝,  cos類似度 : -0.20039229602609943
単語 : 買,  cos類似度 : -0.20238068701773518
-------------------------------
サンプル 148-------
単語 : よ,  cos類似度 : 0.5857012930375841
単語 : 隣,  cos類似度 : 0.5801480708390904
単語 : 入り口,  cos類似度 : 0.5749300040921232
単語 : 向う,  cos類似度 : 0.5740622241648451
単語 : 水色,  cos類似度 : 0.5682598378594821
-------------------------------
サンプル 149-------
単語 : 必勝,  cos類似度 : -0.17505422350477792
単語 : ビス,  cos類似度 : -0.17692778784113292
単語 : 血統,  cos類似度 : -0.1841272796717046
単語 : スクランブル,  cos類似度 : -0.18461312841055538
単語 : 報酬,  cos類似度 : -0.18577163297853533
-------------------------------
サンプル 150-------
単語 : 花びら,  cos類似度 : 0.57190555073163
単語 : 水色,  cos類似度 : 0.5693683091619595
単語 : 見え,  cos類似度 : 0.5646158060057247
単語 : 葉っぱ,  cos類似度 : 0.5567086326357668
単語 : 手前,  cos類似度 : 0.5532673506819514
-------------------------------
サンプル 151-------
単語 : 緑色,  cos類似度 : 0.5963366217559756
単語 : 水色,  cos類似度 : 0.5929182559085445
単語 : 見え,  cos類似度 : 0.5926084480830266
単語 : 向う,  cos類似度 : 0.590690338513123
単語 : 茶色,  cos類似度 : 0.5891231412806789
-------------------------------
サンプル 152-------
単語 : よ,  cos類似度 : 0.5881937525778428
単語 : 見え,  cos類似度 : 0.5775189462034213
単語 : 実,  cos類似度 : 0.5730266377796183
単語 : 緑色,  cos類似度 : 0.5723459872465756
単語 : 水色,  cos類似度 : 0.5668666057584163
-------------------------------
サンプル 153-------
単語 : 人間,  cos類似度 : 0.5165601737042496
単語 : 遠く,  cos類似度 : 0.48932995949979613
単語 : 売り物,  cos類似度 : 0.48396568966841513
単語 : イヤ,  cos類似度 : 0.48379442123586175
単語 : ただ,  cos類似度 : 0.4770482227585282
-------------------------------
サンプル 154-------
単語 : よ,  cos類似度 : 0.5879407321066682
単語 : 隣,  cos類似度 : 0.5838525766199463
単語 : 場所,  cos類似度 : 0.5818419586378145
単語 : 入り口,  cos類似度 : 0.5794510464347411
単語 : ん,  cos類似度 : 0.5786300962566984
-------------------------------
サンプル 155-------
単語 : 森,  cos類似度 : 0.5149563658757121
単語 : 小道,  cos類似度 : 0.5063148780306495
単語 : 一帯,  cos類似度 : 0.5042370636862739
単語 : 明らか,  cos類似度 : 0.49681762276911373
単語 : 山,  cos類似度 : 0.4907629421503725
-------------------------------
サンプル 156-------
単語 : 緑色,  cos類似度 : 0.5786622430642466
単語 : 脇,  cos類似度 : 0.5765128256750532
単語 : 向う,  cos類似度 : 0.5739038662281225
単語 : 小道,  cos類似度 : 0.5732795134521176
単語 : 朱色,  cos類似度 : 0.5700365415213359
-------------------------------
サンプル 157-------
単語 : よ,  cos類似度 : 0.5824836672679562
単語 : 水色,  cos類似度 : 0.5788093937255582
単語 : 横,  cos類似度 : 0.5777670988891344
単語 : 隣,  cos類似度 : 0.575896059893616
単語 : 入り口,  cos類似度 : 0.5741061818691497
-------------------------------
サンプル 158-------
単語 : 保険,  cos類似度 : -0.20614065900694958
単語 : 買,  cos類似度 : -0.21098343586969695
単語 : 衛生,  cos類似度 : -0.21561424053735298
単語 : 入れ歯,  cos類似度 : -0.21855239263857348
単語 : ニキビ,  cos類似度 : -0.21957632547764175
-------------------------------
サンプル 159-------
単語 : ん,  cos類似度 : 0.6041599368252947
単語 : よ,  cos類似度 : 0.6018733185840508
単語 : 最初,  cos類似度 : 0.5846210985330027
単語 : とこ,  cos類似度 : 0.5607623884087239
単語 : 隣,  cos類似度 : 0.5501891358929601
-------------------------------
サンプル 160-------
単語 : よ,  cos類似度 : 0.5804994228207718
単語 : 隣,  cos類似度 : 0.5804749294628375
単語 : 周り,  cos類似度 : 0.577010627464185
単語 : 入り口,  cos類似度 : 0.5720208259219537
単語 : オブジェ,  cos類似度 : 0.5712289542687665
-------------------------------
サンプル 161-------
単語 : よ,  cos類似度 : 0.5613398116875762
単語 : 入り口,  cos類似度 : 0.5593821579206136
単語 : 小道,  cos類似度 : 0.5427050301504942
単語 : 町中,  cos類似度 : 0.5382143591711088
単語 : 周り,  cos類似度 : 0.5364922512067757
-------------------------------
サンプル 162-------
単語 : 水色,  cos類似度 : 0.6096131083885548
単語 : 緑色,  cos類似度 : 0.6095092697938084
単語 : 茶色,  cos類似度 : 0.6009587022665321
単語 : 色,  cos類似度 : 0.592839671799639
単語 : 見え,  cos類似度 : 0.5924462530823698
-------------------------------
サンプル 163-------
単語 : 見え,  cos類似度 : 0.6011766523916351
単語 : 水色,  cos類似度 : 0.5932582876994449
単語 : 緑色,  cos類似度 : 0.5852902336250673
単語 : 向う,  cos類似度 : 0.58084522368566
単語 : 茶色,  cos類似度 : 0.5800427949222469
-------------------------------
サンプル 164-------
単語 : 緑色,  cos類似度 : 0.6296038349473452
単語 : 茶色,  cos類似度 : 0.6285637655242488
単語 : 深緑,  cos類似度 : 0.6211445166795915
単語 : 水色,  cos類似度 : 0.6189535476465301
単語 : 紺色,  cos類似度 : 0.6041646698405202
-------------------------------
サンプル 165-------
単語 : ポリオ,  cos類似度 : -0.252401148854271
単語 : 買,  cos類似度 : -0.25531954990654787
単語 : ケロッグ,  cos類似度 : -0.2675354908083702
単語 : 報酬,  cos類似度 : -0.2738813576514043
単語 : 血統,  cos類似度 : -0.2749070847429881
-------------------------------
サンプル 166-------
単語 : よ,  cos類似度 : 0.5854702450836368
単語 : 実,  cos類似度 : 0.5695328186786968
単語 : ん,  cos類似度 : 0.5666884552657495
単語 : 見え,  cos類似度 : 0.5650110278235655
単語 : 場所,  cos類似度 : 0.5614180075508092
-------------------------------
サンプル 167-------
単語 : オブジェ,  cos類似度 : 0.5931206080978311
単語 : カラフル,  cos類似度 : 0.5631350926780725
単語 : 鮮やか,  cos類似度 : 0.5442983398872449
単語 : 壁面,  cos類似度 : 0.5418758224950335
単語 : お洒落,  cos類似度 : 0.541417120439855
-------------------------------
サンプル 168-------
単語 : 無数,  cos類似度 : 0.5772047166587477
単語 : 真上,  cos類似度 : 0.5770564589171915
単語 : 見え,  cos類似度 : 0.5721098565684485
単語 : 横,  cos類似度 : 0.5705491453168351
単語 : 頭上,  cos類似度 : 0.5687251367938466
-------------------------------
サンプル 169-------
単語 : 水色,  cos類似度 : 0.5925345920512805
単語 : 見え,  cos類似度 : 0.5920864136099812
単語 : 緑色,  cos類似度 : 0.5842396932051656
単語 : 隣,  cos類似度 : 0.5794773950552619
単語 : 向う,  cos類似度 : 0.5785493325907621
-------------------------------
サンプル 170-------
単語 : 見方,  cos類似度 : -0.2085622788383314
単語 : タイムリー,  cos類似度 : -0.24703256138407007
単語 : 報酬,  cos類似度 : -0.25071500670213964
単語 : 淹,  cos類似度 : -0.25123957181893886
単語 : 高額,  cos類似度 : -0.2564899235103651
-------------------------------
サンプル 171-------
単語 : 庇,  cos類似度 : 0.2612986222985805
単語 : 七色,  cos類似度 : 0.23673872507008367
単語 : 金色,  cos類似度 : 0.23465881034319047
単語 : 濃紺,  cos類似度 : 0.22741022337214054
単語 : ラメ,  cos類似度 : 0.2265068190559939
-------------------------------
サンプル 172-------
単語 : 向う,  cos類似度 : 0.5955952407816408
単語 : 入り口,  cos類似度 : 0.5862157263819413
単語 : 周り,  cos類似度 : 0.5804374891593974
単語 : 横,  cos類似度 : 0.5775818854725452
単語 : 手前,  cos類似度 : 0.5770638606602935
-------------------------------
サンプル 173-------
単語 : 砂漠,  cos類似度 : 0.31878115205115554
単語 : スコール,  cos類似度 : 0.3179588349427121
単語 : 雨,  cos類似度 : 0.3166739645532458
単語 : 雷雨,  cos類似度 : 0.31299280710815175
単語 : 地すべり,  cos類似度 : 0.30531293189704123
-------------------------------
サンプル 174-------
単語 : 売り物,  cos類似度 : 0.5043476043121106
単語 : よ,  cos類似度 : 0.4976939299878985
単語 : 緑,  cos類似度 : 0.49361704187051464
単語 : ん,  cos類似度 : 0.4840173227543903
単語 : 緑色,  cos類似度 : 0.47773181672330345
-------------------------------
サンプル 175-------
単語 : よ,  cos類似度 : 0.5990504042510184
単語 : 見え,  cos類似度 : 0.5921943252495626
単語 : 水色,  cos類似度 : 0.5844621662822881
単語 : 実,  cos類似度 : 0.5766256797363545
単語 : 緑色,  cos類似度 : 0.5746794913836529
-------------------------------
サンプル 176-------
単語 : 買,  cos類似度 : -0.21813388432201009
単語 : 保険,  cos類似度 : -0.22646305002248138
単語 : 家計,  cos類似度 : -0.22660986940869227
単語 : 倒産,  cos類似度 : -0.22909183995479
単語 : ポリオ,  cos類似度 : -0.23353600887675616
-------------------------------
サンプル 177-------
単語 : よ,  cos類似度 : 0.6217671036443809
単語 : ん,  cos類似度 : 0.6116927193845871
単語 : 最初,  cos類似度 : 0.5810049704845879
単語 : とこ,  cos類似度 : 0.5784801899607024
単語 : 入り口,  cos類似度 : 0.5780582643082873
-------------------------------
サンプル 178-------
単語 : よ,  cos類似度 : 0.6058320004422285
単語 : ん,  cos類似度 : 0.5890500113621175
単語 : 実,  cos類似度 : 0.5779382933126183
単語 : 周り,  cos類似度 : 0.5733421971498307
単語 : 隣,  cos類似度 : 0.5721789489499371
-------------------------------
サンプル 179-------
単語 : 食べ物,  cos類似度 : 0.5046142838020782
単語 : まばら,  cos類似度 : 0.49200583523583025
単語 : 静か,  cos類似度 : 0.48338786563106123
単語 : 冬場,  cos類似度 : 0.4828408342991171
単語 : 屋外,  cos類似度 : 0.4746333475776703
-------------------------------
サンプル 180-------
単語 : よ,  cos類似度 : 0.5919358026183494
単語 : ん,  cos類似度 : 0.574364454160426
単語 : 実,  cos類似度 : 0.5728882690372187
単語 : 周り,  cos類似度 : 0.5720000499360574
単語 : 隣,  cos類似度 : 0.5677272382670592
-------------------------------
サンプル 181-------
単語 : 入り口,  cos類似度 : 0.5869112753293394
単語 : よ,  cos類似度 : 0.5866824695811664
単語 : 隣,  cos類似度 : 0.5835719175977927
単語 : 向う,  cos類似度 : 0.5805937909992852
単語 : 小道,  cos類似度 : 0.57452258802533
-------------------------------
サンプル 182-------
単語 : 手前,  cos類似度 : 0.6274903641090664
単語 : 入り口,  cos類似度 : 0.6092980310404135
単語 : 横,  cos類似度 : 0.6045041520554428
単語 : 向う,  cos類似度 : 0.5971293597000764
単語 : 真ん中,  cos類似度 : 0.5905926228648285
-------------------------------
サンプル 183-------
単語 : 明かり,  cos類似度 : 0.5504430381136576
単語 : 風景,  cos類似度 : 0.5479359317836882
単語 : 綺麗,  cos類似度 : 0.5473751896589168
単語 : 遠景,  cos類似度 : 0.5472643375639625
単語 : 写真,  cos類似度 : 0.545823828951599
-------------------------------
サンプル 184-------
単語 : 木々,  cos類似度 : 0.5938750272088351
単語 : 緑色,  cos類似度 : 0.5885835993140929
単語 : 周り,  cos類似度 : 0.5844749428024771
単語 : 隣,  cos類似度 : 0.581427332061928
単語 : 入り口,  cos類似度 : 0.580873055539097
-------------------------------
サンプル 185-------
単語 : 水色,  cos類似度 : 0.597246964701127
単語 : 真ん中,  cos類似度 : 0.5835713036453174
単語 : 後ろ,  cos類似度 : 0.5792471672373383
単語 : 左端,  cos類似度 : 0.5704502786566794
単語 : 真中,  cos類似度 : 0.5701195006414459
-------------------------------
サンプル 186-------
単語 : 登録,  cos類似度 : -0.20612065752012895
単語 : 許可,  cos類似度 : -0.21181285199957356
単語 : レコーダー,  cos類似度 : -0.21375662057757008
単語 : 申請,  cos類似度 : -0.21633730129630718
単語 : 充実,  cos類似度 : -0.22346996600050054
-------------------------------
サンプル 187-------
単語 : 手前,  cos類似度 : 0.6041854174155655
単語 : 見え,  cos類似度 : 0.5993176106333071
単語 : 入り口,  cos類似度 : 0.5967692584430506
単語 : 向う,  cos類似度 : 0.5924306676867267
単語 : 緑色,  cos類似度 : 0.5917146975007028
-------------------------------
サンプル 188-------
単語 : 手前,  cos類似度 : 0.5071763733507151
単語 : 入り口,  cos類似度 : 0.5042465196548437
単語 : 沢山,  cos類似度 : 0.5021186858207051
単語 : きれい,  cos類似度 : 0.4954104505192543
単語 : 結構,  cos類似度 : 0.48874526060337453
-------------------------------
サンプル 189-------
単語 : 降伏,  cos類似度 : -0.1228307978326429
単語 : 報復,  cos類似度 : -0.1320939269001714
単語 : 弔い,  cos類似度 : -0.13322802185368124
単語 : スクランブル,  cos類似度 : -0.13865415331014722
単語 : フランダース,  cos類似度 : -0.13921351439756632
-------------------------------
サンプル 190-------
単語 : 見え,  cos類似度 : 0.5910331232142957
単語 : よ,  cos類似度 : 0.5846940744589945
単語 : 入り口,  cos類似度 : 0.580341105699385
単語 : 周り,  cos類似度 : 0.5765434367087633
単語 : 向う,  cos類似度 : 0.5736874321849115
-------------------------------
サンプル 191-------
単語 : 買,  cos類似度 : -0.2433646019642218
単語 : ポリオ,  cos類似度 : -0.24930902114382972
単語 : タイムリー,  cos類似度 : -0.2578609626581836
単語 : エラー,  cos類似度 : -0.25831790236756214
単語 : 見方,  cos類似度 : -0.25849287634174156
-------------------------------
サンプル 192-------
単語 : 買,  cos類似度 : -0.22029562350862228
単語 : 報酬,  cos類似度 : -0.23455846318037146
単語 : 育児,  cos類似度 : -0.23538285994216268
単語 : 見方,  cos類似度 : -0.23573405029144825
単語 : 責任,  cos類似度 : -0.24170360394831422
-------------------------------
サンプル 193-------
単語 : 入り口,  cos類似度 : 0.5897757502819958
単語 : 横,  cos類似度 : 0.5854632489984253
単語 : 隣,  cos類似度 : 0.5829361612753622
単語 : 向う,  cos類似度 : 0.5814705799142267
単語 : 手前,  cos類似度 : 0.5786546672410888
-------------------------------
サンプル 194-------
単語 : 綺麗,  cos類似度 : 0.5999685765798677
単語 : 景色,  cos類似度 : 0.5906068253384642
単語 : きれい,  cos類似度 : 0.5656391828136543
単語 : 見え,  cos類似度 : 0.5595401963702228
単語 : 周り,  cos類似度 : 0.558256703496836
-------------------------------
サンプル 195-------
単語 : 見え,  cos類似度 : 0.6186870049046175
単語 : 右端,  cos類似度 : 0.5887442913288549
単語 : 遠景,  cos類似度 : 0.5886600792240855
単語 : 眼下,  cos類似度 : 0.5804616579508295
単語 : 左端,  cos類似度 : 0.5790348783839648
-------------------------------
サンプル 196-------
単語 : 周り,  cos類似度 : 0.6054885562664276
単語 : よ,  cos類似度 : 0.5912214690139688
単語 : 隣,  cos類似度 : 0.5896072247333792
単語 : 横,  cos類似度 : 0.5863022081261337
単語 : 緑色,  cos類似度 : 0.5851798021025703
-------------------------------
サンプル 197-------
単語 : 綺麗,  cos類似度 : 0.37121606469670776
単語 : キレイ,  cos類似度 : 0.35459360242387766
単語 : きれい,  cos類似度 : 0.34211008630888723
単語 : すっきり,  cos類似度 : 0.3097254743893831
単語 : 端正,  cos類似度 : 0.30752325301040595
-------------------------------
サンプル 198-------
単語 : 緑色,  cos類似度 : 0.5838798914703872
単語 : 綺麗,  cos類似度 : 0.5767486625817019
単語 : 紫色,  cos類似度 : 0.5741812466965236
単語 : カラフル,  cos類似度 : 0.5725470836406165
単語 : きれい,  cos類似度 : 0.5718223996219434
-------------------------------
サンプル 199-------
単語 : 水色,  cos類似度 : 0.5929087240715756
単語 : 緑色,  cos類似度 : 0.5909561180122398
単語 : よ,  cos類似度 : 0.5868542415526644
単語 : 隣,  cos類似度 : 0.5806795646084781
単語 : 実,  cos類似度 : 0.5745980431787684
-------------------------------
サンプル 200-------
単語 : 色,  cos類似度 : 0.34732182151973734
単語 : 色合い,  cos類似度 : 0.3385599896283936
単語 : 光沢,  cos類似度 : 0.3332770411030877
単語 : 濃淡,  cos類似度 : 0.3323134391648396
単語 : 色調,  cos類似度 : 0.3297304414507442
-------------------------------
サンプル 201-------
単語 : 比較,  cos類似度 : 0.19163134889436245
単語 : 想像,  cos類似度 : 0.19057759349215814
単語 : 造船,  cos類似度 : 0.19007202507266927
単語 : 詳細,  cos類似度 : 0.18299568604731223
単語 : 内科,  cos類似度 : 0.1733140584310574
-------------------------------
サンプル 202-------
単語 : よ,  cos類似度 : 0.603073993975852
単語 : 見え,  cos類似度 : 0.5845833451569642
単語 : 周り,  cos類似度 : 0.5793009191729656
単語 : 実,  cos類似度 : 0.5773525578698798
単語 : ん,  cos類似度 : 0.5765695457041112
-------------------------------
サンプル 203-------
単語 : 見え,  cos類似度 : 0.5160167607011373
単語 : 光景,  cos類似度 : 0.509190899050501
単語 : 様子,  cos類似度 : 0.5043165525660055
単語 : 姿,  cos類似度 : 0.5004401674953971
単語 : 眼,  cos類似度 : 0.4922677607157925
-------------------------------
サンプル 204-------
単語 : 人間,  cos類似度 : 0.45882535218968185
単語 : 老婆,  cos類似度 : 0.45822941643194354
単語 : 老女,  cos類似度 : 0.43036950949118186
単語 : 眼,  cos類似度 : 0.4276743266381867
単語 : 現実,  cos類似度 : 0.4246799723610469
-------------------------------
サンプル 205-------
単語 : よ,  cos類似度 : 0.5797898248880258
単語 : 小道,  cos類似度 : 0.572852239168164
単語 : 茂み,  cos類似度 : 0.5701668508246855
単語 : 向う,  cos類似度 : 0.5676957022389378
単語 : 入り口,  cos類似度 : 0.5668521992879201
-------------------------------
サンプル 206-------
単語 : 見方,  cos類似度 : -0.19649247218667096
単語 : 賭博,  cos類似度 : -0.22434894313013234
単語 : 報酬,  cos類似度 : -0.22559447978502303
単語 : 倒産,  cos類似度 : -0.23747155400921793
単語 : 移籍,  cos類似度 : -0.2392447429497534
-------------------------------
サンプル 207-------
単語 : 添削,  cos類似度 : -0.18195484998787728
単語 : 報酬,  cos類似度 : -0.18271651775212738
単語 : 放題,  cos類似度 : -0.19942393042611128
単語 : 必勝,  cos類似度 : -0.20039229602609943
単語 : 買,  cos類似度 : -0.20238068701773518
-------------------------------
サンプル 208-------
単語 : よ,  cos類似度 : 0.5857012930375841
単語 : 隣,  cos類似度 : 0.5801480708390904
単語 : 入り口,  cos類似度 : 0.5749300040921232
単語 : 向う,  cos類似度 : 0.5740622241648451
単語 : 水色,  cos類似度 : 0.5682598378594819
-------------------------------
サンプル 209-------
単語 : 必勝,  cos類似度 : -0.17505422350477834
単語 : ビス,  cos類似度 : -0.1769277878411333
単語 : 血統,  cos類似度 : -0.18412727967170506
単語 : スクランブル,  cos類似度 : -0.1846131284105559
単語 : 報酬,  cos類似度 : -0.18577163297853583
-------------------------------
サンプル 210-------
単語 : 花びら,  cos類似度 : 0.5719055507316296
単語 : 水色,  cos類似度 : 0.5693683091619592
単語 : 見え,  cos類似度 : 0.5646158060057246
単語 : 葉っぱ,  cos類似度 : 0.5567086326357666
単語 : 手前,  cos類似度 : 0.5532673506819512
-------------------------------
サンプル 211-------
単語 : 緑色,  cos類似度 : 0.5963366217559756
単語 : 水色,  cos類似度 : 0.5929182559085445
単語 : 見え,  cos類似度 : 0.5926084480830266
単語 : 向う,  cos類似度 : 0.590690338513123
単語 : 茶色,  cos類似度 : 0.5891231412806789
-------------------------------
サンプル 212-------
単語 : よ,  cos類似度 : 0.5881937525778428
単語 : 見え,  cos類似度 : 0.5775189462034213
単語 : 実,  cos類似度 : 0.5730266377796183
単語 : 緑色,  cos類似度 : 0.5723459872465756
単語 : 水色,  cos類似度 : 0.5668666057584163
-------------------------------
サンプル 213-------
単語 : 人間,  cos類似度 : 0.5165601737042496
単語 : 遠く,  cos類似度 : 0.48932995949979613
単語 : 売り物,  cos類似度 : 0.48396568966841513
単語 : イヤ,  cos類似度 : 0.48379442123586175
単語 : ただ,  cos類似度 : 0.4770482227585282
-------------------------------
サンプル 214-------
単語 : よ,  cos類似度 : 0.5879407321066682
単語 : 隣,  cos類似度 : 0.5838525766199463
単語 : 場所,  cos類似度 : 0.5818419586378145
単語 : 入り口,  cos類似度 : 0.5794510464347411
単語 : ん,  cos類似度 : 0.5786300962566984
-------------------------------
サンプル 215-------
単語 : 森,  cos類似度 : 0.5149563658757124
単語 : 小道,  cos類似度 : 0.5063148780306497
単語 : 一帯,  cos類似度 : 0.5042370636862739
単語 : 明らか,  cos類似度 : 0.49681762276911384
単語 : 山,  cos類似度 : 0.49076294215037264
-------------------------------
サンプル 216-------
単語 : 緑色,  cos類似度 : 0.5786622430642465
単語 : 脇,  cos類似度 : 0.5765128256750531
単語 : 向う,  cos類似度 : 0.5739038662281224
単語 : 小道,  cos類似度 : 0.5732795134521176
単語 : 朱色,  cos類似度 : 0.5700365415213358
-------------------------------
サンプル 217-------
単語 : よ,  cos類似度 : 0.5824836672679562
単語 : 水色,  cos類似度 : 0.5788093937255582
単語 : 横,  cos類似度 : 0.5777670988891344
単語 : 隣,  cos類似度 : 0.575896059893616
単語 : 入り口,  cos類似度 : 0.5741061818691497
-------------------------------
サンプル 218-------
単語 : 保険,  cos類似度 : -0.20614065900694958
単語 : 買,  cos類似度 : -0.21098343586969695
単語 : 衛生,  cos類似度 : -0.21561424053735298
単語 : 入れ歯,  cos類似度 : -0.21855239263857348
単語 : ニキビ,  cos類似度 : -0.21957632547764175
-------------------------------
サンプル 219-------
単語 : ん,  cos類似度 : 0.6041599368252947
単語 : よ,  cos類似度 : 0.6018733185840508
単語 : 最初,  cos類似度 : 0.5846210985330027
単語 : とこ,  cos類似度 : 0.5607623884087239
単語 : 隣,  cos類似度 : 0.5501891358929601
-------------------------------
サンプル 220-------
単語 : よ,  cos類似度 : 0.5804994228207718
単語 : 隣,  cos類似度 : 0.5804749294628375
単語 : 周り,  cos類似度 : 0.577010627464185
単語 : 入り口,  cos類似度 : 0.5720208259219537
単語 : オブジェ,  cos類似度 : 0.5712289542687665
-------------------------------
サンプル 221-------
単語 : よ,  cos類似度 : 0.5613398116875762
単語 : 入り口,  cos類似度 : 0.5593821579206136
単語 : 小道,  cos類似度 : 0.5427050301504942
単語 : 町中,  cos類似度 : 0.5382143591711088
単語 : 周り,  cos類似度 : 0.5364922512067757
-------------------------------
サンプル 222-------
単語 : 水色,  cos類似度 : 0.6096131083885545
単語 : 緑色,  cos類似度 : 0.6095092697938085
単語 : 茶色,  cos類似度 : 0.600958702266532
単語 : 色,  cos類似度 : 0.5928396717996391
単語 : 見え,  cos類似度 : 0.5924462530823696
-------------------------------
サンプル 223-------
単語 : 見え,  cos類似度 : 0.6011766523916351
単語 : 水色,  cos類似度 : 0.5932582876994448
単語 : 緑色,  cos類似度 : 0.5852902336250672
単語 : 向う,  cos類似度 : 0.5808452236856599
単語 : 茶色,  cos類似度 : 0.5800427949222468
-------------------------------
サンプル 224-------
単語 : 緑色,  cos類似度 : 0.6296038349473451
単語 : 茶色,  cos類似度 : 0.6285637655242488
単語 : 深緑,  cos類似度 : 0.6211445166795915
単語 : 水色,  cos類似度 : 0.6189535476465301
単語 : 紺色,  cos類似度 : 0.6041646698405202
-------------------------------
サンプル 225-------
単語 : ポリオ,  cos類似度 : -0.252401148854271
単語 : 買,  cos類似度 : -0.25531954990654787
単語 : ケロッグ,  cos類似度 : -0.2675354908083702
単語 : 報酬,  cos類似度 : -0.2738813576514043
単語 : 血統,  cos類似度 : -0.2749070847429881
-------------------------------
サンプル 226-------
単語 : よ,  cos類似度 : 0.5854702450836368
単語 : 実,  cos類似度 : 0.5695328186786967
単語 : ん,  cos類似度 : 0.5666884552657495
単語 : 見え,  cos類似度 : 0.5650110278235655
単語 : 場所,  cos類似度 : 0.5614180075508091
-------------------------------
サンプル 227-------
単語 : オブジェ,  cos類似度 : 0.5931206080978311
単語 : カラフル,  cos類似度 : 0.5631350926780724
単語 : 鮮やか,  cos類似度 : 0.5442983398872446
単語 : 壁面,  cos類似度 : 0.5418758224950336
単語 : お洒落,  cos類似度 : 0.541417120439855
-------------------------------
サンプル 228-------
単語 : 無数,  cos類似度 : 0.577204716658748
単語 : 真上,  cos類似度 : 0.5770564589171915
単語 : 見え,  cos類似度 : 0.5721098565684486
単語 : 横,  cos類似度 : 0.5705491453168352
単語 : 頭上,  cos類似度 : 0.5687251367938465
-------------------------------
サンプル 229-------
単語 : 水色,  cos類似度 : 0.5925345920512805
単語 : 見え,  cos類似度 : 0.5920864136099812
単語 : 緑色,  cos類似度 : 0.5842396932051656
単語 : 隣,  cos類似度 : 0.5794773950552619
単語 : 向う,  cos類似度 : 0.5785493325907621
-------------------------------
サンプル 230-------
単語 : 見方,  cos類似度 : -0.20856227883833156
単語 : タイムリー,  cos類似度 : -0.24703256138407012
単語 : 報酬,  cos類似度 : -0.25071500670213953
単語 : 淹,  cos類似度 : -0.25123957181893886
単語 : 高額,  cos類似度 : -0.25648992351036515
-------------------------------
サンプル 231-------
単語 : 庇,  cos類似度 : 0.26129862229858186
単語 : 七色,  cos類似度 : 0.23673872507008514
単語 : 金色,  cos類似度 : 0.23465881034319205
単語 : 濃紺,  cos類似度 : 0.22741022337214195
単語 : ラメ,  cos類似度 : 0.2265068190559951
-------------------------------
サンプル 232-------
単語 : 向う,  cos類似度 : 0.5955952407816408
単語 : 入り口,  cos類似度 : 0.5862157263819413
単語 : 周り,  cos類似度 : 0.5804374891593974
単語 : 横,  cos類似度 : 0.5775818854725452
単語 : 手前,  cos類似度 : 0.5770638606602935
-------------------------------
サンプル 233-------
単語 : 砂漠,  cos類似度 : 0.31878115205115376
単語 : スコール,  cos類似度 : 0.3179588349427103
単語 : 雨,  cos類似度 : 0.31667396455324387
単語 : 雷雨,  cos類似度 : 0.31299280710815025
単語 : 地すべり,  cos類似度 : 0.3053129318970401
-------------------------------
サンプル 234-------
単語 : 売り物,  cos類似度 : 0.5043476043121111
単語 : よ,  cos類似度 : 0.49769392998789935
単語 : 緑,  cos類似度 : 0.4936170418705156
単語 : ん,  cos類似度 : 0.48401732275439086
単語 : 緑色,  cos類似度 : 0.4777318167233045
-------------------------------
サンプル 235-------
単語 : よ,  cos類似度 : 0.5990504042510183
単語 : 見え,  cos類似度 : 0.5921943252495626
単語 : 水色,  cos類似度 : 0.584462166282288
単語 : 実,  cos類似度 : 0.5766256797363544
単語 : 緑色,  cos類似度 : 0.5746794913836529
-------------------------------
サンプル 236-------
単語 : 買,  cos類似度 : -0.21813388432201017
単語 : 保険,  cos類似度 : -0.22646305002248143
単語 : 家計,  cos類似度 : -0.2266098694086923
単語 : 倒産,  cos類似度 : -0.22909183995479
単語 : ポリオ,  cos類似度 : -0.2335360088767561
-------------------------------
サンプル 237-------
単語 : よ,  cos類似度 : 0.621767103644381
単語 : ん,  cos類似度 : 0.6116927193845871
単語 : 最初,  cos類似度 : 0.5810049704845878
単語 : とこ,  cos類似度 : 0.5784801899607025
単語 : 入り口,  cos類似度 : 0.5780582643082871
-------------------------------
サンプル 238-------
単語 : よ,  cos類似度 : 0.6058320004422285
単語 : ん,  cos類似度 : 0.5890500113621175
単語 : 実,  cos類似度 : 0.5779382933126183
単語 : 周り,  cos類似度 : 0.5733421971498307
単語 : 隣,  cos類似度 : 0.5721789489499371
-------------------------------
サンプル 239-------
単語 : 食べ物,  cos類似度 : 0.5046142838020782
単語 : まばら,  cos類似度 : 0.49200583523583025
単語 : 静か,  cos類似度 : 0.48338786563106123
単語 : 冬場,  cos類似度 : 0.4828408342991171
単語 : 屋外,  cos類似度 : 0.4746333475776703
-------------------------------
サンプル 240-------
単語 : よ,  cos類似度 : 0.5919358026183493
単語 : ん,  cos類似度 : 0.5743644541604258
単語 : 実,  cos類似度 : 0.5728882690372185
単語 : 周り,  cos類似度 : 0.5720000499360574
単語 : 隣,  cos類似度 : 0.5677272382670592
-------------------------------
サンプル 241-------
単語 : 入り口,  cos類似度 : 0.5869112753293394
単語 : よ,  cos類似度 : 0.5866824695811664
単語 : 隣,  cos類似度 : 0.5835719175977927
単語 : 向う,  cos類似度 : 0.5805937909992852
単語 : 小道,  cos類似度 : 0.57452258802533
-------------------------------
サンプル 242-------
単語 : 手前,  cos類似度 : 0.6274903641090663
単語 : 入り口,  cos類似度 : 0.6092980310404134
単語 : 横,  cos類似度 : 0.6045041520554428
単語 : 向う,  cos類似度 : 0.5971293597000763
単語 : 真ん中,  cos類似度 : 0.5905926228648286
-------------------------------
サンプル 243-------
単語 : 明かり,  cos類似度 : 0.5504430381136576
単語 : 風景,  cos類似度 : 0.5479359317836883
単語 : 綺麗,  cos類似度 : 0.5473751896589168
単語 : 遠景,  cos類似度 : 0.5472643375639624
単語 : 写真,  cos類似度 : 0.5458238289515991
-------------------------------
サンプル 244-------
単語 : 木々,  cos類似度 : 0.5938750272088351
単語 : 緑色,  cos類似度 : 0.5885835993140929
単語 : 周り,  cos類似度 : 0.5844749428024771
単語 : 隣,  cos類似度 : 0.581427332061928
単語 : 入り口,  cos類似度 : 0.580873055539097
-------------------------------
サンプル 245-------
単語 : 水色,  cos類似度 : 0.597246964701127
単語 : 真ん中,  cos類似度 : 0.5835713036453174
単語 : 後ろ,  cos類似度 : 0.5792471672373383
単語 : 左端,  cos類似度 : 0.5704502786566794
単語 : 真中,  cos類似度 : 0.5701195006414459
-------------------------------
サンプル 246-------
単語 : 登録,  cos類似度 : -0.20612065752012895
単語 : 許可,  cos類似度 : -0.21181285199957356
単語 : レコーダー,  cos類似度 : -0.21375662057757008
単語 : 申請,  cos類似度 : -0.21633730129630718
単語 : 充実,  cos類似度 : -0.22346996600050054
-------------------------------
サンプル 247-------
単語 : 手前,  cos類似度 : 0.6041854174155656
単語 : 見え,  cos類似度 : 0.599317610633307
単語 : 入り口,  cos類似度 : 0.5967692584430506
単語 : 向う,  cos類似度 : 0.5924306676867267
単語 : 緑色,  cos類似度 : 0.5917146975007028
-------------------------------
サンプル 248-------
単語 : 手前,  cos類似度 : 0.5071763733507164
単語 : 入り口,  cos類似度 : 0.504246519654845
単語 : 沢山,  cos類似度 : 0.5021186858207055
単語 : きれい,  cos類似度 : 0.49541045051925564
単語 : 結構,  cos類似度 : 0.4887452606033757
-------------------------------
サンプル 249-------
単語 : 降伏,  cos類似度 : -0.12283079783264318
単語 : 報復,  cos類似度 : -0.13209392690017172
単語 : 弔い,  cos類似度 : -0.13322802185368154
単語 : スクランブル,  cos類似度 : -0.13865415331014744
単語 : フランダース,  cos類似度 : -0.13921351439756655
-------------------------------
サンプル 250-------
単語 : 見え,  cos類似度 : 0.5910331232142957
単語 : よ,  cos類似度 : 0.5846940744589945
単語 : 入り口,  cos類似度 : 0.580341105699385
単語 : 周り,  cos類似度 : 0.5765434367087633
単語 : 向う,  cos類似度 : 0.5736874321849115
-------------------------------
サンプル 251-------
単語 : 買,  cos類似度 : -0.24336460196422185
単語 : ポリオ,  cos類似度 : -0.24930902114382972
単語 : タイムリー,  cos類似度 : -0.2578609626581836
単語 : エラー,  cos類似度 : -0.25831790236756214
単語 : 見方,  cos類似度 : -0.2584928763417416
-------------------------------
サンプル 252-------
単語 : 買,  cos類似度 : -0.22029562350862228
単語 : 報酬,  cos類似度 : -0.23455846318037146
単語 : 育児,  cos類似度 : -0.23538285994216274
単語 : 見方,  cos類似度 : -0.23573405029144817
単語 : 責任,  cos類似度 : -0.24170360394831417
-------------------------------
サンプル 253-------
単語 : 入り口,  cos類似度 : 0.5897757502819958
単語 : 横,  cos類似度 : 0.5854632489984253
単語 : 隣,  cos類似度 : 0.5829361612753622
単語 : 向う,  cos類似度 : 0.5814705799142267
単語 : 手前,  cos類似度 : 0.5786546672410888
-------------------------------
サンプル 254-------
単語 : 綺麗,  cos類似度 : 0.5999685765798677
単語 : 景色,  cos類似度 : 0.5906068253384641
単語 : きれい,  cos類似度 : 0.5656391828136541
単語 : 見え,  cos類似度 : 0.5595401963702227
単語 : 周り,  cos類似度 : 0.5582567034968358
-------------------------------
サンプル 255-------
単語 : 見え,  cos類似度 : 0.6186870049046175
単語 : 右端,  cos類似度 : 0.5887442913288549
単語 : 遠景,  cos類似度 : 0.5886600792240855
単語 : 眼下,  cos類似度 : 0.5804616579508295
単語 : 左端,  cos類似度 : 0.5790348783839648
-------------------------------
サンプル 256-------
単語 : 周り,  cos類似度 : 0.6054885562664278
単語 : よ,  cos類似度 : 0.5912214690139688
単語 : 隣,  cos類似度 : 0.5896072247333792
単語 : 横,  cos類似度 : 0.5863022081261337
単語 : 緑色,  cos類似度 : 0.5851798021025704
-------------------------------
サンプル 257-------
単語 : 綺麗,  cos類似度 : 0.3712160646967077
単語 : キレイ,  cos類似度 : 0.35459360242387766
単語 : きれい,  cos類似度 : 0.34211008630888723
単語 : すっきり,  cos類似度 : 0.3097254743893831
単語 : 端正,  cos類似度 : 0.30752325301040595
-------------------------------
サンプル 258-------
単語 : 緑色,  cos類似度 : 0.5838798914703872
単語 : 綺麗,  cos類似度 : 0.5767486625817015
単語 : 紫色,  cos類似度 : 0.5741812466965234
単語 : カラフル,  cos類似度 : 0.5725470836406163
単語 : きれい,  cos類似度 : 0.5718223996219435
-------------------------------
サンプル 259-------
単語 : 水色,  cos類似度 : 0.5929087240715756
単語 : 緑色,  cos類似度 : 0.5909561180122398
単語 : よ,  cos類似度 : 0.5868542415526644
単語 : 隣,  cos類似度 : 0.5806795646084781
単語 : 実,  cos類似度 : 0.5745980431787684
-------------------------------
サンプル 260-------
単語 : 色,  cos類似度 : 0.34732182151973734
単語 : 色合い,  cos類似度 : 0.3385599896283936
単語 : 光沢,  cos類似度 : 0.3332770411030877
単語 : 濃淡,  cos類似度 : 0.3323134391648396
単語 : 色調,  cos類似度 : 0.3297304414507442
-------------------------------
サンプル 261-------
単語 : 比較,  cos類似度 : 0.1916313488943621
単語 : 想像,  cos類似度 : 0.19057759349215758
単語 : 造船,  cos類似度 : 0.1900720250726689
単語 : 詳細,  cos類似度 : 0.18299568604731178
単語 : 内科,  cos類似度 : 0.17331405843105713
-------------------------------
サンプル 262-------
単語 : よ,  cos類似度 : 0.603073993975852
単語 : 見え,  cos類似度 : 0.5845833451569641
単語 : 周り,  cos類似度 : 0.5793009191729656
単語 : 実,  cos類似度 : 0.5773525578698798
単語 : ん,  cos類似度 : 0.5765695457041115
-------------------------------
サンプル 263-------
単語 : 見え,  cos類似度 : 0.5160167607011407
単語 : 光景,  cos類似度 : 0.509190899050504
単語 : 様子,  cos類似度 : 0.5043165525660084
単語 : 姿,  cos類似度 : 0.5004401674953998
単語 : 眼,  cos類似度 : 0.49226776071579426
-------------------------------
サンプル 264-------
単語 : 人間,  cos類似度 : 0.458825352189683
単語 : 老婆,  cos類似度 : 0.4582294164319445
単語 : 老女,  cos類似度 : 0.430369509491183
単語 : 眼,  cos類似度 : 0.42767432663818755
単語 : 現実,  cos類似度 : 0.42467997236104776
-------------------------------
サンプル 265-------
単語 : よ,  cos類似度 : 0.5797898248880258
単語 : 小道,  cos類似度 : 0.572852239168164
単語 : 茂み,  cos類似度 : 0.5701668508246855
単語 : 向う,  cos類似度 : 0.5676957022389378
単語 : 入り口,  cos類似度 : 0.5668521992879201
-------------------------------
サンプル 266-------
単語 : 見方,  cos類似度 : -0.19649247218667104
単語 : 賭博,  cos類似度 : -0.22434894313013248
単語 : 報酬,  cos類似度 : -0.2255944797850231
単語 : 倒産,  cos類似度 : -0.23747155400921807
単語 : 移籍,  cos類似度 : -0.2392447429497536
-------------------------------
サンプル 267-------
単語 : 添削,  cos類似度 : -0.18195484998787728
単語 : 報酬,  cos類似度 : -0.18271651775212738
単語 : 放題,  cos類似度 : -0.19942393042611128
単語 : 必勝,  cos類似度 : -0.20039229602609943
単語 : 買,  cos類似度 : -0.20238068701773518
-------------------------------
サンプル 268-------
単語 : よ,  cos類似度 : 0.5857012930375841
単語 : 隣,  cos類似度 : 0.5801480708390904
単語 : 入り口,  cos類似度 : 0.5749300040921232
単語 : 向う,  cos類似度 : 0.5740622241648451
単語 : 水色,  cos類似度 : 0.5682598378594821
-------------------------------
サンプル 269-------
単語 : 必勝,  cos類似度 : -0.17505422350477792
単語 : ビス,  cos類似度 : -0.17692778784113292
単語 : 血統,  cos類似度 : -0.1841272796717046
単語 : スクランブル,  cos類似度 : -0.18461312841055538
単語 : 報酬,  cos類似度 : -0.18577163297853533
-------------------------------
サンプル 270-------
単語 : 花びら,  cos類似度 : 0.57190555073163
単語 : 水色,  cos類似度 : 0.5693683091619595
単語 : 見え,  cos類似度 : 0.5646158060057247
単語 : 葉っぱ,  cos類似度 : 0.5567086326357668
単語 : 手前,  cos類似度 : 0.5532673506819514
-------------------------------
サンプル 271-------
単語 : 緑色,  cos類似度 : 0.5963366217559756
単語 : 水色,  cos類似度 : 0.5929182559085445
単語 : 見え,  cos類似度 : 0.5926084480830268
単語 : 向う,  cos類似度 : 0.590690338513123
単語 : 茶色,  cos類似度 : 0.5891231412806788
-------------------------------
サンプル 272-------
単語 : よ,  cos類似度 : 0.5881937525778431
単語 : 見え,  cos類似度 : 0.5775189462034215
単語 : 実,  cos類似度 : 0.5730266377796184
単語 : 緑色,  cos類似度 : 0.5723459872465757
単語 : 水色,  cos類似度 : 0.5668666057584166
-------------------------------
サンプル 273-------
単語 : 人間,  cos類似度 : 0.5165601737042511
単語 : 遠く,  cos類似度 : 0.489329959499799
単語 : 売り物,  cos類似度 : 0.48396568966841785
単語 : イヤ,  cos類似度 : 0.48379442123586364
単語 : ただ,  cos類似度 : 0.4770482227585313
-------------------------------
サンプル 274-------
単語 : よ,  cos類似度 : 0.5879407321066682
単語 : 隣,  cos類似度 : 0.5838525766199463
単語 : 場所,  cos類似度 : 0.5818419586378145
単語 : 入り口,  cos類似度 : 0.5794510464347411
単語 : ん,  cos類似度 : 0.5786300962566984
-------------------------------
サンプル 275-------
単語 : 森,  cos類似度 : 0.5149563658757121
単語 : 小道,  cos類似度 : 0.5063148780306495
単語 : 一帯,  cos類似度 : 0.5042370636862739
単語 : 明らか,  cos類似度 : 0.49681762276911373
単語 : 山,  cos類似度 : 0.4907629421503725
-------------------------------
サンプル 276-------
単語 : 緑色,  cos類似度 : 0.5786622430642466
単語 : 脇,  cos類似度 : 0.5765128256750532
単語 : 向う,  cos類似度 : 0.5739038662281225
単語 : 小道,  cos類似度 : 0.5732795134521176
単語 : 朱色,  cos類似度 : 0.5700365415213359
-------------------------------
サンプル 277-------
単語 : よ,  cos類似度 : 0.5824836672679562
単語 : 水色,  cos類似度 : 0.5788093937255582
単語 : 横,  cos類似度 : 0.5777670988891344
単語 : 隣,  cos類似度 : 0.575896059893616
単語 : 入り口,  cos類似度 : 0.5741061818691497
-------------------------------
サンプル 278-------
単語 : 保険,  cos類似度 : -0.20614065900694956
単語 : 買,  cos類似度 : -0.21098343586969692
単語 : 衛生,  cos類似度 : -0.2156142405373528
単語 : 入れ歯,  cos類似度 : -0.21855239263857337
単語 : ニキビ,  cos類似度 : -0.2195763254776417
-------------------------------
サンプル 279-------
単語 : ん,  cos類似度 : 0.6041599368252946
単語 : よ,  cos類似度 : 0.6018733185840506
単語 : 最初,  cos類似度 : 0.5846210985330027
単語 : とこ,  cos類似度 : 0.5607623884087239
単語 : 隣,  cos類似度 : 0.5501891358929601
-------------------------------
サンプル 280-------
単語 : よ,  cos類似度 : 0.5804994228207718
単語 : 隣,  cos類似度 : 0.5804749294628375
単語 : 周り,  cos類似度 : 0.577010627464185
単語 : 入り口,  cos類似度 : 0.5720208259219537
単語 : オブジェ,  cos類似度 : 0.5712289542687665
-------------------------------
サンプル 281-------
単語 : よ,  cos類似度 : 0.5613398116875762
単語 : 入り口,  cos類似度 : 0.5593821579206136
単語 : 小道,  cos類似度 : 0.5427050301504942
単語 : 町中,  cos類似度 : 0.5382143591711088
単語 : 周り,  cos類似度 : 0.5364922512067757
-------------------------------
サンプル 282-------
単語 : 水色,  cos類似度 : 0.6096131083885548
単語 : 緑色,  cos類似度 : 0.6095092697938084
単語 : 茶色,  cos類似度 : 0.6009587022665321
単語 : 色,  cos類似度 : 0.592839671799639
単語 : 見え,  cos類似度 : 0.5924462530823698
-------------------------------
サンプル 283-------
単語 : 見え,  cos類似度 : 0.6011766523916351
単語 : 水色,  cos類似度 : 0.5932582876994449
単語 : 緑色,  cos類似度 : 0.5852902336250673
単語 : 向う,  cos類似度 : 0.58084522368566
単語 : 茶色,  cos類似度 : 0.5800427949222469
-------------------------------
サンプル 284-------
単語 : 緑色,  cos類似度 : 0.6296038349473452
単語 : 茶色,  cos類似度 : 0.6285637655242488
単語 : 深緑,  cos類似度 : 0.6211445166795915
単語 : 水色,  cos類似度 : 0.6189535476465301
単語 : 紺色,  cos類似度 : 0.6041646698405202
-------------------------------
サンプル 285-------
単語 : ポリオ,  cos類似度 : -0.25240114885427095
単語 : 買,  cos類似度 : -0.25531954990654787
単語 : ケロッグ,  cos類似度 : -0.26753549080837025
単語 : 報酬,  cos類似度 : -0.2738813576514043
単語 : 血統,  cos類似度 : -0.27490708474298814
-------------------------------
サンプル 286-------
単語 : よ,  cos類似度 : 0.5854702450836368
単語 : 実,  cos類似度 : 0.5695328186786968
単語 : ん,  cos類似度 : 0.5666884552657495
単語 : 見え,  cos類似度 : 0.5650110278235655
単語 : 場所,  cos類似度 : 0.5614180075508092
-------------------------------
サンプル 287-------
単語 : オブジェ,  cos類似度 : 0.5931206080978311
単語 : カラフル,  cos類似度 : 0.5631350926780725
単語 : 鮮やか,  cos類似度 : 0.5442983398872449
単語 : 壁面,  cos類似度 : 0.5418758224950335
単語 : お洒落,  cos類似度 : 0.541417120439855
-------------------------------
サンプル 288-------
単語 : 無数,  cos類似度 : 0.577204716658748
単語 : 真上,  cos類似度 : 0.5770564589171915
単語 : 見え,  cos類似度 : 0.5721098565684486
単語 : 横,  cos類似度 : 0.5705491453168352
単語 : 頭上,  cos類似度 : 0.5687251367938465
-------------------------------
サンプル 289-------
単語 : 水色,  cos類似度 : 0.5925345920512805
単語 : 見え,  cos類似度 : 0.5920864136099812
単語 : 緑色,  cos類似度 : 0.5842396932051656
単語 : 隣,  cos類似度 : 0.5794773950552619
単語 : 向う,  cos類似度 : 0.5785493325907621
-------------------------------
サンプル 290-------
単語 : 見方,  cos類似度 : -0.2085622788383314
単語 : タイムリー,  cos類似度 : -0.24703256138407007
単語 : 報酬,  cos類似度 : -0.25071500670213964
単語 : 淹,  cos類似度 : -0.25123957181893886
単語 : 高額,  cos類似度 : -0.2564899235103651
-------------------------------
サンプル 291-------
単語 : 庇,  cos類似度 : 0.2612986222985805
単語 : 七色,  cos類似度 : 0.23673872507008367
単語 : 金色,  cos類似度 : 0.23465881034319047
単語 : 濃紺,  cos類似度 : 0.22741022337214054
単語 : ラメ,  cos類似度 : 0.2265068190559939
-------------------------------
サンプル 292-------
単語 : 向う,  cos類似度 : 0.5955952407816408
単語 : 入り口,  cos類似度 : 0.5862157263819413
単語 : 周り,  cos類似度 : 0.5804374891593974
単語 : 横,  cos類似度 : 0.5775818854725452
単語 : 手前,  cos類似度 : 0.5770638606602935
-------------------------------
サンプル 293-------
単語 : 砂漠,  cos類似度 : 0.31878115205115554
単語 : スコール,  cos類似度 : 0.3179588349427121
単語 : 雨,  cos類似度 : 0.3166739645532458
単語 : 雷雨,  cos類似度 : 0.31299280710815175
単語 : 地すべり,  cos類似度 : 0.30531293189704123
-------------------------------
サンプル 294-------
単語 : 売り物,  cos類似度 : 0.5043476043121106
単語 : よ,  cos類似度 : 0.4976939299878985
単語 : 緑,  cos類似度 : 0.49361704187051464
単語 : ん,  cos類似度 : 0.4840173227543903
単語 : 緑色,  cos類似度 : 0.47773181672330345
-------------------------------
サンプル 295-------
単語 : よ,  cos類似度 : 0.5990504042510183
単語 : 見え,  cos類似度 : 0.5921943252495626
単語 : 水色,  cos類似度 : 0.584462166282288
単語 : 実,  cos類似度 : 0.5766256797363544
単語 : 緑色,  cos類似度 : 0.5746794913836529
-------------------------------
サンプル 296-------
単語 : 買,  cos類似度 : -0.21813388432201009
単語 : 保険,  cos類似度 : -0.22646305002248138
単語 : 家計,  cos類似度 : -0.22660986940869227
単語 : 倒産,  cos類似度 : -0.22909183995479
単語 : ポリオ,  cos類似度 : -0.23353600887675616
-------------------------------
サンプル 297-------
単語 : よ,  cos類似度 : 0.6217671036443809
単語 : ん,  cos類似度 : 0.6116927193845871
単語 : 最初,  cos類似度 : 0.5810049704845879
単語 : とこ,  cos類似度 : 0.5784801899607024
単語 : 入り口,  cos類似度 : 0.5780582643082873
-------------------------------
サンプル 298-------
単語 : よ,  cos類似度 : 0.6058320004422285
単語 : ん,  cos類似度 : 0.5890500113621175
単語 : 実,  cos類似度 : 0.5779382933126183
単語 : 周り,  cos類似度 : 0.5733421971498307
単語 : 隣,  cos類似度 : 0.5721789489499371
-------------------------------
サンプル 299-------
単語 : 食べ物,  cos類似度 : 0.5046142838020782
単語 : まばら,  cos類似度 : 0.49200583523583036
単語 : 静か,  cos類似度 : 0.48338786563106145
単語 : 冬場,  cos類似度 : 0.48284083429911706
単語 : 屋外,  cos類似度 : 0.4746333475776703
-------------------------------
サンプル 300-------
単語 : よ,  cos類似度 : 0.5919358026183494
単語 : ん,  cos類似度 : 0.574364454160426
単語 : 実,  cos類似度 : 0.5728882690372187
単語 : 周り,  cos類似度 : 0.5720000499360574
単語 : 隣,  cos類似度 : 0.5677272382670592
-------------------------------
サンプル 301-------
単語 : 入り口,  cos類似度 : 0.5869112753293394
単語 : よ,  cos類似度 : 0.5866824695811664
単語 : 隣,  cos類似度 : 0.5835719175977927
単語 : 向う,  cos類似度 : 0.5805937909992852
単語 : 小道,  cos類似度 : 0.57452258802533
-------------------------------
