サンプル 3-------
単語 : よ,  cos類似度 : 0.5997495228725226
単語 : 隣,  cos類似度 : 0.5877971541379998
単語 : 向う,  cos類似度 : 0.578705885311229
単語 : 入り口,  cos類似度 : 0.5771060814787734
単語 : 小道,  cos類似度 : 0.5719851157015797
-------------------------------
サンプル 4-------
単語 : ポリオ,  cos類似度 : -0.22907674684499235
単語 : 資格,  cos類似度 : -0.2309179283161083
単語 : 見方,  cos類似度 : -0.23192406543236385
単語 : 淹,  cos類似度 : -0.23760733660449151
単語 : 保険,  cos類似度 : -0.2444746050720179
-------------------------------
サンプル 5-------
単語 : よ,  cos類似度 : 0.5904781644521613
単語 : 入り口,  cos類似度 : 0.5773829497636408
単語 : 隣,  cos類似度 : 0.5733435691704103
単語 : 小道,  cos類似度 : 0.5724415520220767
単語 : 向う,  cos類似度 : 0.5715199138830312
-------------------------------
サンプル 6-------
単語 : 入り口,  cos類似度 : 0.5910283438830982
単語 : 隣,  cos類似度 : 0.5905451752431601
単語 : 見え,  cos類似度 : 0.5877834918446178
単語 : 周り,  cos類似度 : 0.5846285503653533
単語 : 緑色,  cos類似度 : 0.5813285121530114
-------------------------------
サンプル 7-------
単語 : 夕暮れ,  cos類似度 : 0.5955808085104303
単語 : 明かり,  cos類似度 : 0.5636108839767108
単語 : 真ん中,  cos類似度 : 0.5629129950203035
単語 : 小道,  cos類似度 : 0.5623808681164254
単語 : 辺り,  cos類似度 : 0.5605204523394227
-------------------------------
サンプル 8-------
単語 : 装飾,  cos類似度 : 0.4291440039124678
単語 : 精巧,  cos類似度 : 0.40281109836537377
単語 : 彫刻,  cos類似度 : 0.40136439685779013
単語 : 端正,  cos類似度 : 0.3846436635483133
単語 : 彩色,  cos類似度 : 0.3817260280191825
-------------------------------
サンプル 9-------
単語 : 入り口,  cos類似度 : 0.601374783577693
単語 : 隣,  cos類似度 : 0.592125389867315
単語 : 横,  cos類似度 : 0.5911093717177875
単語 : よ,  cos類似度 : 0.5862258521284259
単語 : 手前,  cos類似度 : 0.5776627658765445
-------------------------------
サンプル 10-------
単語 : 見方,  cos類似度 : -0.18458662157605135
単語 : 厘,  cos類似度 : -0.19337772006223092
単語 : 採点,  cos類似度 : -0.20669913449574384
単語 : 交渉,  cos類似度 : -0.20691780745175734
単語 : 視聴,  cos類似度 : -0.20887351986623257
-------------------------------
サンプル 11-------
単語 : 買,  cos類似度 : -0.2135171430950573
単語 : ケロッグ,  cos類似度 : -0.22533721783994923
単語 : 報酬,  cos類似度 : -0.22856359028471837
単語 : タイムリー,  cos類似度 : -0.23687504953492905
単語 : ポリオ,  cos類似度 : -0.2416332733693131
-------------------------------
サンプル 12-------
単語 : よ,  cos類似度 : 0.5917103222316279
単語 : 見え,  cos類似度 : 0.5876710661304851
単語 : 向う,  cos類似度 : 0.5755720724467007
単語 : 入り口,  cos類似度 : 0.5735308136351295
単語 : 隣,  cos類似度 : 0.5696673009916514
-------------------------------
サンプル 13-------
単語 : 唾液,  cos類似度 : 0.015055068411595826
単語 : パソコン,  cos類似度 : 0.007881588965242025
単語 : 添削,  cos類似度 : 0.004554903150883341
単語 : ファイル,  cos類似度 : 0.0033521412789919254
単語 : プリンター,  cos類似度 : 0.0020764287937921288
-------------------------------
サンプル 14-------
単語 : 横,  cos類似度 : 0.5551997149198354
単語 : 眺め,  cos類似度 : 0.5399403036517957
単語 : 隣,  cos類似度 : 0.5322865267765573
単語 : 向かい側,  cos類似度 : 0.5265411926645815
単語 : 後ろ,  cos類似度 : 0.5262195421126413
-------------------------------
サンプル 15-------
単語 : 入り口,  cos類似度 : 0.5853283794494568
単語 : 横,  cos類似度 : 0.5801479914262252
単語 : 隣,  cos類似度 : 0.5788215914015197
単語 : 向う,  cos類似度 : 0.575195268017511
単語 : 小道,  cos類似度 : 0.5658887841673177
-------------------------------
サンプル 16-------
単語 : よ,  cos類似度 : 0.5610924941658517
単語 : 小道,  cos類似度 : 0.5386079040860957
単語 : ん,  cos類似度 : 0.5375462873089196
単語 : 帰り道,  cos類似度 : 0.5315810213781323
単語 : 建物,  cos類似度 : 0.52676232318785
-------------------------------
サンプル 17-------
単語 : 買,  cos類似度 : -0.22267543899082984
単語 : 応対,  cos類似度 : -0.22846495882830564
単語 : 報酬,  cos類似度 : -0.23143408662094048
単語 : 残業,  cos類似度 : -0.23593035012103236
単語 : 定時,  cos類似度 : -0.2393627282941671
-------------------------------
サンプル 18-------
単語 : 周り,  cos類似度 : 0.5962559086790497
単語 : よ,  cos類似度 : 0.5909614037752549
単語 : 見え,  cos類似度 : 0.5897320420947814
単語 : 隣,  cos類似度 : 0.5832133840694894
単語 : 水色,  cos類似度 : 0.5823876806998226
-------------------------------
サンプル 19-------
単語 : よ,  cos類似度 : 0.6005201436563109
単語 : 景色,  cos類似度 : 0.5989421139142243
単語 : 周り,  cos類似度 : 0.5886066828055865
単語 : 綺麗,  cos類似度 : 0.5876230966487966
単語 : 隣,  cos類似度 : 0.5857441304001931
-------------------------------
サンプル 20-------
単語 : 景色,  cos類似度 : 0.6198731411960962
単語 : 隣,  cos類似度 : 0.6062107997129085
単語 : 入り口,  cos類似度 : 0.5961366385541854
単語 : 車窓,  cos類似度 : 0.5947335514261516
単語 : 周り,  cos類似度 : 0.5900990862304809
-------------------------------
サンプル 21-------
単語 : 緑色,  cos類似度 : 0.6036854682475951
単語 : 水色,  cos類似度 : 0.6017134678019067
単語 : 入り口,  cos類似度 : 0.5930979470770156
単語 : よ,  cos類似度 : 0.584982799475821
単語 : 朱色,  cos類似度 : 0.5839559857446055
-------------------------------
サンプル 22-------
単語 : 券,  cos類似度 : 0.04820143737175157
単語 : 接客,  cos類似度 : 0.02569460765115783
単語 : 運賃,  cos類似度 : 0.011091325788117687
単語 : 定員,  cos類似度 : 0.007042747470547144
単語 : ベーカリー,  cos類似度 : 0.0066294851043372325
-------------------------------
サンプル 23-------
単語 : オブジェ,  cos類似度 : 0.5626739552450722
単語 : 茶色,  cos類似度 : 0.5602567759969782
単語 : 壁面,  cos類似度 : 0.557238969464668
単語 : プラスティック,  cos類似度 : 0.5551871854402138
単語 : 葉っぱ,  cos類似度 : 0.5524369368710359
-------------------------------
サンプル 24-------
単語 : よ,  cos類似度 : 0.5970195504822727
単語 : 周り,  cos類似度 : 0.5924673513246984
単語 : 見え,  cos類似度 : 0.58685905596639
単語 : 実,  cos類似度 : 0.5820489379821008
単語 : 緑色,  cos類似度 : 0.5741814186559407
-------------------------------
サンプル 25-------
単語 : 人員,  cos類似度 : 0.10292437345248949
単語 : 衣類,  cos類似度 : 0.0989508540436421
単語 : 簡素,  cos類似度 : 0.09379964775416307
単語 : 寝具,  cos類似度 : 0.08958714390138518
単語 : 梱包,  cos類似度 : 0.08908464129922879
-------------------------------
サンプル 26-------
単語 : 買,  cos類似度 : -0.2164741878596216
単語 : ポリオ,  cos類似度 : -0.21902977520636133
単語 : ケロッグ,  cos類似度 : -0.22989205837889246
単語 : ディズニーシー,  cos類似度 : -0.23289716725748238
単語 : 育児,  cos類似度 : -0.23716859488338363
-------------------------------
サンプル 27-------
単語 : 手前,  cos類似度 : 0.58687490282163
単語 : 横,  cos類似度 : 0.5843700002923852
単語 : よ,  cos類似度 : 0.5833148836289429
単語 : 隣,  cos類似度 : 0.5753383106823704
単語 : 入り口,  cos類似度 : 0.5741557744219957
-------------------------------
サンプル 28-------
単語 : 淹,  cos類似度 : -0.17517366300217257
単語 : 見方,  cos類似度 : -0.187593741042159
単語 : 柔,  cos類似度 : -0.211529315614677
単語 : 沸騰,  cos類似度 : -0.2215512584487097
単語 : 創,  cos類似度 : -0.2288777621851097
-------------------------------
サンプル 29-------
単語 : 見方,  cos類似度 : -0.21084270821001885
単語 : 淹,  cos類似度 : -0.23094089318620628
単語 : 買,  cos類似度 : -0.23675393559857164
単語 : 沸騰,  cos類似度 : -0.23917744408895866
単語 : 欧,  cos類似度 : -0.25068792833110654
-------------------------------
サンプル 30-------
単語 : よ,  cos類似度 : 0.5882815558735358
単語 : 隣,  cos類似度 : 0.5791123404656267
単語 : 水色,  cos類似度 : 0.5733070745450332
単語 : 入り口,  cos類似度 : 0.5722923004812634
単語 : 実,  cos類似度 : 0.5713222891098465
-------------------------------
サンプル 31-------
単語 : 入り口,  cos類似度 : 0.5891483136513971
単語 : 水色,  cos類似度 : 0.5873939173203894
単語 : 緑色,  cos類似度 : 0.5865014649529209
単語 : 向う,  cos類似度 : 0.5856984745069889
単語 : よ,  cos類似度 : 0.5849467174257329
-------------------------------
サンプル 32-------
単語 : 定時,  cos類似度 : -0.14449594735280893
単語 : 応対,  cos類似度 : -0.16982729601437677
単語 : 残業,  cos類似度 : -0.1763377060941282
単語 : エラー,  cos類似度 : -0.18128523320501946
単語 : 相談,  cos類似度 : -0.18434705876796037
-------------------------------
サンプル 33-------
単語 : 入り口,  cos類似度 : 0.5893040138671612
単語 : 隣,  cos類似度 : 0.5879819663432697
単語 : 向う,  cos類似度 : 0.5862524007974472
単語 : 周り,  cos類似度 : 0.5831087041282266
単語 : 緑色,  cos類似度 : 0.5784567167537723
-------------------------------
サンプル 34-------
単語 : 見え,  cos類似度 : 0.5974135504195568
単語 : 茶色,  cos類似度 : 0.5910219456754853
単語 : 綺麗,  cos類似度 : 0.5902209539186134
単語 : 緑色,  cos類似度 : 0.584270608894533
単語 : 木々,  cos類似度 : 0.5834202869736098
-------------------------------
サンプル 35-------
単語 : 口髭,  cos類似度 : 0.23694459529198234
単語 : 風貌,  cos類似度 : 0.23328632583240408
単語 : 見え,  cos類似度 : 0.22452277675424354
単語 : 顔色,  cos類似度 : 0.2211411962045072
単語 : 顔つき,  cos類似度 : 0.22051863036452074
-------------------------------
サンプル 36-------
単語 : 場所,  cos類似度 : 0.5778112610912074
単語 : 入り口,  cos類似度 : 0.572348283743968
単語 : 隣,  cos類似度 : 0.5664833641805965
単語 : よ,  cos類似度 : 0.5648287445770815
単語 : 向う,  cos類似度 : 0.5604500214592079
-------------------------------
サンプル 37-------
単語 : 最初,  cos類似度 : 0.5141218946682155
単語 : 実,  cos類似度 : 0.5139655390082681
単語 : 茶色,  cos類似度 : 0.5039554495293109
単語 : 大きめ,  cos類似度 : 0.5023643909906025
単語 : あまり,  cos類似度 : 0.4999242931308973
-------------------------------
サンプル 38-------
単語 : 許可,  cos類似度 : -0.23126076296962753
単語 : 定時,  cos類似度 : -0.2347032429029794
単語 : 責任,  cos類似度 : -0.23687054324619788
単語 : 買,  cos類似度 : -0.2370603724993036
単語 : 無効,  cos類似度 : -0.24415515913296618
-------------------------------
サンプル 39-------
単語 : 水色,  cos類似度 : 0.5841200509138255
単語 : 横,  cos類似度 : 0.5828027724578563
単語 : 隣,  cos類似度 : 0.5796858703954081
単語 : よ,  cos類似度 : 0.5787838504139758
単語 : 緑色,  cos類似度 : 0.5746957326740881
-------------------------------
サンプル 40-------
単語 : 業種,  cos類似度 : -0.16257770765848123
単語 : 買,  cos類似度 : -0.16964823014856453
単語 : 家計,  cos類似度 : -0.17334406859071325
単語 : 親族,  cos類似度 : -0.1774095880787754
単語 : 無効,  cos類似度 : -0.18048133003442748
-------------------------------
サンプル 41-------
単語 : よ,  cos類似度 : 0.5778957744415032
単語 : 水色,  cos類似度 : 0.5759924508912861
単語 : 見え,  cos類似度 : 0.572117088420972
単語 : 緑色,  cos類似度 : 0.5702981465105236
単語 : 隣,  cos類似度 : 0.5701505989317718
-------------------------------
サンプル 42-------
単語 : 周り,  cos類似度 : 0.5802455365403225
単語 : 入り口,  cos類似度 : 0.5771321564766693
単語 : 隣,  cos類似度 : 0.5749819830314118
単語 : 水色,  cos類似度 : 0.5748580125286842
単語 : 見え,  cos類似度 : 0.5689912248229919
-------------------------------
サンプル 43-------
単語 : 水色,  cos類似度 : 0.5823869222682151
単語 : よ,  cos類似度 : 0.5716576564905561
単語 : 夕暮れ,  cos類似度 : 0.561367787977418
単語 : 緑色,  cos類似度 : 0.5603710576862179
単語 : カラフル,  cos類似度 : 0.5584835405472482
-------------------------------
サンプル 44-------
単語 : 隣,  cos類似度 : 0.600965065674495
単語 : 周り,  cos類似度 : 0.5919961084104783
単語 : 入り口,  cos類似度 : 0.5855981076353435
単語 : よ,  cos類似度 : 0.5814997373879347
単語 : 辺り,  cos類似度 : 0.5734317085727598
-------------------------------
サンプル 45-------
単語 : 見え,  cos類似度 : 0.5923623941002786
単語 : 水色,  cos類似度 : 0.5865400216728603
単語 : よ,  cos類似度 : 0.5835423443455506
単語 : 緑色,  cos類似度 : 0.5798072242362267
単語 : 茶色,  cos類似度 : 0.575208469826821
-------------------------------
サンプル 46-------
単語 : よ,  cos類似度 : 0.5849901444636985
単語 : 景色,  cos類似度 : 0.5808814840810944
単語 : 夕暮れ,  cos類似度 : 0.5808569154097332
単語 : 見え,  cos類似度 : 0.5802207747655738
単語 : 水色,  cos類似度 : 0.579538910101821
-------------------------------
サンプル 47-------
単語 : 木々,  cos類似度 : 0.5801687332469152
単語 : 実,  cos類似度 : 0.5617194345633241
単語 : 見え,  cos類似度 : 0.5590765810991426
単語 : 茂み,  cos類似度 : 0.55734280507811
単語 : てっぺん,  cos類似度 : 0.5551675397284952
-------------------------------
サンプル 48-------
単語 : よ,  cos類似度 : 0.5996446719683379
単語 : ん,  cos類似度 : 0.5834329453663417
単語 : 実,  cos類似度 : 0.5696071631986818
単語 : オブジェ,  cos類似度 : 0.5641319069484115
単語 : 見え,  cos類似度 : 0.5624081234352073
-------------------------------
サンプル 49-------
単語 : 緑色,  cos類似度 : 0.5852419057921414
単語 : 見え,  cos類似度 : 0.572583095312767
単語 : 紫色,  cos類似度 : 0.5662152889612957
単語 : 銀色,  cos類似度 : 0.5611375039473411
単語 : 水色,  cos類似度 : 0.5574703442269667
-------------------------------
サンプル 50-------
単語 : 買,  cos類似度 : -0.22597025049246283
単語 : 淹,  cos類似度 : -0.2330637753622498
単語 : ポリオ,  cos類似度 : -0.238099990140962
単語 : 報酬,  cos類似度 : -0.2449331101669403
単語 : 見方,  cos類似度 : -0.2510751809387807
-------------------------------
サンプル 51-------
単語 : 水色,  cos類似度 : 0.5880091415506719
単語 : よ,  cos類似度 : 0.5874851351454954
単語 : 見え,  cos類似度 : 0.5823365336326639
単語 : 緑色,  cos類似度 : 0.5790244753505773
単語 : 実,  cos類似度 : 0.5747742664854198
-------------------------------
サンプル 52-------
単語 : 外側,  cos類似度 : 0.5616933994520221
単語 : 内側,  cos類似度 : 0.5584295398746336
単語 : 無数,  cos類似度 : 0.5518198409688942
単語 : 実,  cos類似度 : 0.5475093018380551
単語 : 緑色,  cos類似度 : 0.5433299179039717
-------------------------------
サンプル 53-------
単語 : 買,  cos類似度 : -0.20319227810891824
単語 : 緊急,  cos類似度 : -0.21801896556387287
単語 : ポリオ,  cos類似度 : -0.22327902555567078
単語 : 報酬,  cos類似度 : -0.22669721881704627
単語 : タイムリー,  cos類似度 : -0.22828348196965131
-------------------------------
サンプル 54-------
単語 : よ,  cos類似度 : 0.5854763632223998
単語 : 周り,  cos類似度 : 0.5853152889990292
単語 : 向う,  cos類似度 : 0.5829301102353635
単語 : 入り口,  cos類似度 : 0.5811542961881112
単語 : 隣,  cos類似度 : 0.5764882617799689
-------------------------------
サンプル 55-------
単語 : 構造,  cos類似度 : 0.31046569108228456
単語 : 防火,  cos類似度 : 0.29597174719299996
単語 : 設置,  cos類似度 : 0.29117496193279235
単語 : 区分け,  cos類似度 : 0.27814556059400886
単語 : 用途,  cos類似度 : 0.27366139121693656
-------------------------------
サンプル 56-------
単語 : 定時,  cos類似度 : -0.23032219026654338
単語 : 定員,  cos類似度 : -0.23068038010415573
単語 : 買,  cos類似度 : -0.23081442654148576
単語 : ポリオ,  cos類似度 : -0.23824119050712747
単語 : 保険,  cos類似度 : -0.24167180680893224
-------------------------------
サンプル 57-------
単語 : 隣,  cos類似度 : 0.5931283588238637
単語 : よ,  cos類似度 : 0.591651321897552
単語 : 見え,  cos類似度 : 0.5909346245161946
単語 : 入り口,  cos類似度 : 0.5895156662201556
単語 : 周り,  cos類似度 : 0.5855540559985306
-------------------------------
サンプル 58-------
単語 : 茶色,  cos類似度 : 0.5719048891535109
単語 : 緑色,  cos類似度 : 0.5652225502607615
単語 : 色,  cos類似度 : 0.5565314871242646
単語 : 真っ白,  cos類似度 : 0.5491207594898253
単語 : 水色,  cos類似度 : 0.54241546183519
-------------------------------
サンプル 59-------
単語 : 茶色,  cos類似度 : 0.6204313419824602
単語 : 緑色,  cos類似度 : 0.6070603229064901
単語 : 色,  cos類似度 : 0.5960511925126586
単語 : 黄色,  cos類似度 : 0.5909477213446456
単語 : ピンク,  cos類似度 : 0.5783316469158881
-------------------------------
サンプル 60-------
単語 : 周り,  cos類似度 : 0.5864535100030722
単語 : 入り口,  cos類似度 : 0.5831881736762469
単語 : よ,  cos類似度 : 0.5811187478972357
単語 : 場所,  cos類似度 : 0.5798733023411372
単語 : 隣,  cos類似度 : 0.5769799152836321
-------------------------------
サンプル 61-------
単語 : 緑色,  cos類似度 : 0.5878699407258724
単語 : 綺麗,  cos類似度 : 0.5701161586206857
単語 : きれい,  cos類似度 : 0.5689225465152737
単語 : 茶色,  cos類似度 : 0.5631312725577815
単語 : 壁面,  cos類似度 : 0.5594962480027589
-------------------------------
サンプル 62-------
単語 : 実,  cos類似度 : 0.5431870150306994
単語 : 物体,  cos類似度 : 0.5322432955396438
単語 : 物,  cos類似度 : 0.5221493081335605
単語 : 場所,  cos類似度 : 0.5180789778906166
単語 : 球体,  cos類似度 : 0.5125764533978666
-------------------------------
サンプル 63-------
単語 : よ,  cos類似度 : 0.5997495228725226
単語 : 隣,  cos類似度 : 0.5877971541379998
単語 : 向う,  cos類似度 : 0.578705885311229
単語 : 入り口,  cos類似度 : 0.5771060814787734
単語 : 小道,  cos類似度 : 0.5719851157015797
-------------------------------
サンプル 64-------
単語 : ポリオ,  cos類似度 : -0.22907674684499235
単語 : 資格,  cos類似度 : -0.2309179283161083
単語 : 見方,  cos類似度 : -0.23192406543236385
単語 : 淹,  cos類似度 : -0.23760733660449151
単語 : 保険,  cos類似度 : -0.2444746050720179
-------------------------------
サンプル 65-------
単語 : よ,  cos類似度 : 0.5904781644521613
単語 : 入り口,  cos類似度 : 0.5773829497636408
単語 : 隣,  cos類似度 : 0.5733435691704103
単語 : 小道,  cos類似度 : 0.5724415520220767
単語 : 向う,  cos類似度 : 0.5715199138830312
-------------------------------
サンプル 66-------
単語 : 入り口,  cos類似度 : 0.5910283438830982
単語 : 隣,  cos類似度 : 0.5905451752431601
単語 : 見え,  cos類似度 : 0.5877834918446178
単語 : 周り,  cos類似度 : 0.5846285503653533
単語 : 緑色,  cos類似度 : 0.5813285121530114
-------------------------------
サンプル 67-------
単語 : 夕暮れ,  cos類似度 : 0.5955808085104303
単語 : 明かり,  cos類似度 : 0.5636108839767108
単語 : 真ん中,  cos類似度 : 0.5629129950203035
単語 : 小道,  cos類似度 : 0.5623808681164254
単語 : 辺り,  cos類似度 : 0.5605204523394227
-------------------------------
サンプル 68-------
単語 : 装飾,  cos類似度 : 0.4291440039124678
単語 : 精巧,  cos類似度 : 0.40281109836537377
単語 : 彫刻,  cos類似度 : 0.40136439685779013
単語 : 端正,  cos類似度 : 0.3846436635483133
単語 : 彩色,  cos類似度 : 0.3817260280191825
-------------------------------
サンプル 69-------
単語 : 入り口,  cos類似度 : 0.601374783577693
単語 : 隣,  cos類似度 : 0.592125389867315
単語 : 横,  cos類似度 : 0.5911093717177875
単語 : よ,  cos類似度 : 0.5862258521284259
単語 : 手前,  cos類似度 : 0.5776627658765445
-------------------------------
サンプル 70-------
単語 : 見方,  cos類似度 : -0.18458662157605135
単語 : 厘,  cos類似度 : -0.19337772006223092
単語 : 採点,  cos類似度 : -0.20669913449574384
単語 : 交渉,  cos類似度 : -0.20691780745175734
単語 : 視聴,  cos類似度 : -0.20887351986623257
-------------------------------
サンプル 71-------
単語 : 買,  cos類似度 : -0.2135171430950573
単語 : ケロッグ,  cos類似度 : -0.22533721783994923
単語 : 報酬,  cos類似度 : -0.22856359028471837
単語 : タイムリー,  cos類似度 : -0.23687504953492905
単語 : ポリオ,  cos類似度 : -0.2416332733693131
-------------------------------
サンプル 72-------
単語 : よ,  cos類似度 : 0.5917103222316279
単語 : 見え,  cos類似度 : 0.5876710661304851
単語 : 向う,  cos類似度 : 0.5755720724467007
単語 : 入り口,  cos類似度 : 0.5735308136351295
単語 : 隣,  cos類似度 : 0.5696673009916514
-------------------------------
サンプル 73-------
単語 : 唾液,  cos類似度 : 0.015055068411595826
単語 : パソコン,  cos類似度 : 0.007881588965242025
単語 : 添削,  cos類似度 : 0.004554903150883341
単語 : ファイル,  cos類似度 : 0.0033521412789919254
単語 : プリンター,  cos類似度 : 0.0020764287937921288
-------------------------------
サンプル 74-------
単語 : 横,  cos類似度 : 0.5551997149198354
単語 : 眺め,  cos類似度 : 0.5399403036517957
単語 : 隣,  cos類似度 : 0.5322865267765573
単語 : 向かい側,  cos類似度 : 0.5265411926645815
単語 : 後ろ,  cos類似度 : 0.5262195421126413
-------------------------------
サンプル 75-------
単語 : 入り口,  cos類似度 : 0.5853283794494568
単語 : 横,  cos類似度 : 0.5801479914262252
単語 : 隣,  cos類似度 : 0.5788215914015197
単語 : 向う,  cos類似度 : 0.575195268017511
単語 : 小道,  cos類似度 : 0.5658887841673177
-------------------------------
サンプル 76-------
単語 : よ,  cos類似度 : 0.5610924941658517
単語 : 小道,  cos類似度 : 0.5386079040860957
単語 : ん,  cos類似度 : 0.5375462873089196
単語 : 帰り道,  cos類似度 : 0.5315810213781323
単語 : 建物,  cos類似度 : 0.52676232318785
-------------------------------
サンプル 77-------
単語 : 買,  cos類似度 : -0.22267543899082984
単語 : 応対,  cos類似度 : -0.22846495882830564
単語 : 報酬,  cos類似度 : -0.23143408662094048
単語 : 残業,  cos類似度 : -0.23593035012103236
単語 : 定時,  cos類似度 : -0.2393627282941671
-------------------------------
サンプル 78-------
単語 : 周り,  cos類似度 : 0.5962559086790497
単語 : よ,  cos類似度 : 0.5909614037752549
単語 : 見え,  cos類似度 : 0.5897320420947814
単語 : 隣,  cos類似度 : 0.5832133840694894
単語 : 水色,  cos類似度 : 0.5823876806998226
-------------------------------
サンプル 79-------
単語 : よ,  cos類似度 : 0.6005201436563109
単語 : 景色,  cos類似度 : 0.5989421139142243
単語 : 周り,  cos類似度 : 0.5886066828055865
単語 : 綺麗,  cos類似度 : 0.5876230966487966
単語 : 隣,  cos類似度 : 0.5857441304001931
-------------------------------
サンプル 80-------
単語 : 景色,  cos類似度 : 0.6198731411960962
単語 : 隣,  cos類似度 : 0.6062107997129085
単語 : 入り口,  cos類似度 : 0.5961366385541854
単語 : 車窓,  cos類似度 : 0.5947335514261516
単語 : 周り,  cos類似度 : 0.5900990862304809
-------------------------------
サンプル 81-------
単語 : 緑色,  cos類似度 : 0.6036854682475951
単語 : 水色,  cos類似度 : 0.6017134678019067
単語 : 入り口,  cos類似度 : 0.5930979470770156
単語 : よ,  cos類似度 : 0.584982799475821
単語 : 朱色,  cos類似度 : 0.5839559857446055
-------------------------------
サンプル 82-------
単語 : 券,  cos類似度 : 0.04820143737175157
単語 : 接客,  cos類似度 : 0.02569460765115783
単語 : 運賃,  cos類似度 : 0.011091325788117687
単語 : 定員,  cos類似度 : 0.007042747470547144
単語 : ベーカリー,  cos類似度 : 0.0066294851043372325
-------------------------------
サンプル 83-------
単語 : オブジェ,  cos類似度 : 0.5626739552450722
単語 : 茶色,  cos類似度 : 0.5602567759969782
単語 : 壁面,  cos類似度 : 0.557238969464668
単語 : プラスティック,  cos類似度 : 0.5551871854402138
単語 : 葉っぱ,  cos類似度 : 0.5524369368710359
-------------------------------
サンプル 84-------
単語 : よ,  cos類似度 : 0.5970195504822727
単語 : 周り,  cos類似度 : 0.5924673513246984
単語 : 見え,  cos類似度 : 0.58685905596639
単語 : 実,  cos類似度 : 0.5820489379821008
単語 : 緑色,  cos類似度 : 0.5741814186559407
-------------------------------
サンプル 85-------
単語 : 人員,  cos類似度 : 0.10292437345248949
単語 : 衣類,  cos類似度 : 0.0989508540436421
単語 : 簡素,  cos類似度 : 0.09379964775416307
単語 : 寝具,  cos類似度 : 0.08958714390138518
単語 : 梱包,  cos類似度 : 0.08908464129922879
-------------------------------
サンプル 86-------
単語 : 買,  cos類似度 : -0.2164741878596216
単語 : ポリオ,  cos類似度 : -0.21902977520636133
単語 : ケロッグ,  cos類似度 : -0.22989205837889246
単語 : ディズニーシー,  cos類似度 : -0.23289716725748238
単語 : 育児,  cos類似度 : -0.23716859488338363
-------------------------------
サンプル 87-------
単語 : 手前,  cos類似度 : 0.58687490282163
単語 : 横,  cos類似度 : 0.5843700002923852
単語 : よ,  cos類似度 : 0.5833148836289429
単語 : 隣,  cos類似度 : 0.5753383106823704
単語 : 入り口,  cos類似度 : 0.5741557744219957
-------------------------------
サンプル 88-------
単語 : 淹,  cos類似度 : -0.17517366300217257
単語 : 見方,  cos類似度 : -0.187593741042159
単語 : 柔,  cos類似度 : -0.211529315614677
単語 : 沸騰,  cos類似度 : -0.2215512584487097
単語 : 創,  cos類似度 : -0.2288777621851097
-------------------------------
サンプル 89-------
単語 : 見方,  cos類似度 : -0.21084270821001885
単語 : 淹,  cos類似度 : -0.23094089318620628
単語 : 買,  cos類似度 : -0.23675393559857164
単語 : 沸騰,  cos類似度 : -0.23917744408895866
単語 : 欧,  cos類似度 : -0.25068792833110654
-------------------------------
サンプル 90-------
単語 : よ,  cos類似度 : 0.5882815558735358
単語 : 隣,  cos類似度 : 0.5791123404656267
単語 : 水色,  cos類似度 : 0.5733070745450332
単語 : 入り口,  cos類似度 : 0.5722923004812634
単語 : 実,  cos類似度 : 0.5713222891098465
-------------------------------
サンプル 91-------
単語 : 入り口,  cos類似度 : 0.5891483136513971
単語 : 水色,  cos類似度 : 0.5873939173203894
単語 : 緑色,  cos類似度 : 0.5865014649529209
単語 : 向う,  cos類似度 : 0.5856984745069889
単語 : よ,  cos類似度 : 0.5849467174257329
-------------------------------
サンプル 92-------
単語 : 定時,  cos類似度 : -0.14449594735280893
単語 : 応対,  cos類似度 : -0.16982729601437677
単語 : 残業,  cos類似度 : -0.1763377060941282
単語 : エラー,  cos類似度 : -0.18128523320501946
単語 : 相談,  cos類似度 : -0.18434705876796037
-------------------------------
サンプル 93-------
単語 : 入り口,  cos類似度 : 0.5893040138671612
単語 : 隣,  cos類似度 : 0.5879819663432697
単語 : 向う,  cos類似度 : 0.5862524007974472
単語 : 周り,  cos類似度 : 0.5831087041282266
単語 : 緑色,  cos類似度 : 0.5784567167537723
-------------------------------
サンプル 94-------
単語 : 見え,  cos類似度 : 0.5974135504195568
単語 : 茶色,  cos類似度 : 0.5910219456754853
単語 : 綺麗,  cos類似度 : 0.5902209539186134
単語 : 緑色,  cos類似度 : 0.584270608894533
単語 : 木々,  cos類似度 : 0.5834202869736098
-------------------------------
サンプル 95-------
単語 : 口髭,  cos類似度 : 0.23694459529198234
単語 : 風貌,  cos類似度 : 0.23328632583240408
単語 : 見え,  cos類似度 : 0.22452277675424354
単語 : 顔色,  cos類似度 : 0.2211411962045072
単語 : 顔つき,  cos類似度 : 0.22051863036452074
-------------------------------
サンプル 96-------
単語 : 場所,  cos類似度 : 0.5778112610912074
単語 : 入り口,  cos類似度 : 0.572348283743968
単語 : 隣,  cos類似度 : 0.5664833641805965
単語 : よ,  cos類似度 : 0.5648287445770815
単語 : 向う,  cos類似度 : 0.5604500214592079
-------------------------------
サンプル 97-------
単語 : 最初,  cos類似度 : 0.5141218946682155
単語 : 実,  cos類似度 : 0.5139655390082681
単語 : 茶色,  cos類似度 : 0.5039554495293109
単語 : 大きめ,  cos類似度 : 0.5023643909906025
単語 : あまり,  cos類似度 : 0.4999242931308973
-------------------------------
サンプル 98-------
単語 : 許可,  cos類似度 : -0.23126076296962753
単語 : 定時,  cos類似度 : -0.2347032429029794
単語 : 責任,  cos類似度 : -0.23687054324619788
単語 : 買,  cos類似度 : -0.2370603724993036
単語 : 無効,  cos類似度 : -0.24415515913296618
-------------------------------
サンプル 99-------
単語 : 水色,  cos類似度 : 0.5841200509138255
単語 : 横,  cos類似度 : 0.5828027724578563
単語 : 隣,  cos類似度 : 0.5796858703954081
単語 : よ,  cos類似度 : 0.5787838504139758
単語 : 緑色,  cos類似度 : 0.5746957326740881
-------------------------------
サンプル 100-------
単語 : 業種,  cos類似度 : -0.16257770765848123
単語 : 買,  cos類似度 : -0.16964823014856453
単語 : 家計,  cos類似度 : -0.17334406859071325
単語 : 親族,  cos類似度 : -0.1774095880787754
単語 : 無効,  cos類似度 : -0.18048133003442748
-------------------------------
サンプル 101-------
単語 : よ,  cos類似度 : 0.5778957744415032
単語 : 水色,  cos類似度 : 0.5759924508912861
単語 : 見え,  cos類似度 : 0.572117088420972
単語 : 緑色,  cos類似度 : 0.5702981465105236
単語 : 隣,  cos類似度 : 0.5701505989317718
-------------------------------
サンプル 102-------
単語 : 周り,  cos類似度 : 0.5802455365403225
単語 : 入り口,  cos類似度 : 0.5771321564766693
単語 : 隣,  cos類似度 : 0.5749819830314118
単語 : 水色,  cos類似度 : 0.5748580125286842
単語 : 見え,  cos類似度 : 0.5689912248229919
-------------------------------
サンプル 103-------
単語 : 水色,  cos類似度 : 0.5823869222682151
単語 : よ,  cos類似度 : 0.5716576564905561
単語 : 夕暮れ,  cos類似度 : 0.561367787977418
単語 : 緑色,  cos類似度 : 0.5603710576862179
単語 : カラフル,  cos類似度 : 0.5584835405472482
-------------------------------
サンプル 104-------
単語 : 隣,  cos類似度 : 0.600965065674495
単語 : 周り,  cos類似度 : 0.5919961084104783
単語 : 入り口,  cos類似度 : 0.5855981076353435
単語 : よ,  cos類似度 : 0.5814997373879347
単語 : 辺り,  cos類似度 : 0.5734317085727598
-------------------------------
サンプル 105-------
単語 : 見え,  cos類似度 : 0.5923623941002786
単語 : 水色,  cos類似度 : 0.5865400216728603
単語 : よ,  cos類似度 : 0.5835423443455506
単語 : 緑色,  cos類似度 : 0.5798072242362267
単語 : 茶色,  cos類似度 : 0.575208469826821
-------------------------------
サンプル 106-------
単語 : よ,  cos類似度 : 0.5849901444636985
単語 : 景色,  cos類似度 : 0.5808814840810944
単語 : 夕暮れ,  cos類似度 : 0.5808569154097332
単語 : 見え,  cos類似度 : 0.5802207747655738
単語 : 水色,  cos類似度 : 0.579538910101821
-------------------------------
サンプル 107-------
単語 : 木々,  cos類似度 : 0.5801687332469152
単語 : 実,  cos類似度 : 0.5617194345633241
単語 : 見え,  cos類似度 : 0.5590765810991426
単語 : 茂み,  cos類似度 : 0.55734280507811
単語 : てっぺん,  cos類似度 : 0.5551675397284952
-------------------------------
サンプル 108-------
単語 : よ,  cos類似度 : 0.5996446719683379
単語 : ん,  cos類似度 : 0.5834329453663417
単語 : 実,  cos類似度 : 0.5696071631986818
単語 : オブジェ,  cos類似度 : 0.5641319069484115
単語 : 見え,  cos類似度 : 0.5624081234352073
-------------------------------
サンプル 109-------
単語 : 緑色,  cos類似度 : 0.5852419057921414
単語 : 見え,  cos類似度 : 0.572583095312767
単語 : 紫色,  cos類似度 : 0.5662152889612957
単語 : 銀色,  cos類似度 : 0.5611375039473411
単語 : 水色,  cos類似度 : 0.5574703442269667
-------------------------------
サンプル 110-------
単語 : 買,  cos類似度 : -0.22597025049246283
単語 : 淹,  cos類似度 : -0.2330637753622498
単語 : ポリオ,  cos類似度 : -0.238099990140962
単語 : 報酬,  cos類似度 : -0.2449331101669403
単語 : 見方,  cos類似度 : -0.2510751809387807
-------------------------------
サンプル 111-------
単語 : 水色,  cos類似度 : 0.5880091415506719
単語 : よ,  cos類似度 : 0.5874851351454954
単語 : 見え,  cos類似度 : 0.5823365336326639
単語 : 緑色,  cos類似度 : 0.5790244753505773
単語 : 実,  cos類似度 : 0.5747742664854198
-------------------------------
サンプル 112-------
単語 : 外側,  cos類似度 : 0.5616933994520221
単語 : 内側,  cos類似度 : 0.5584295398746336
単語 : 無数,  cos類似度 : 0.5518198409688942
単語 : 実,  cos類似度 : 0.5475093018380551
単語 : 緑色,  cos類似度 : 0.5433299179039717
-------------------------------
サンプル 113-------
単語 : 買,  cos類似度 : -0.20319227810891824
単語 : 緊急,  cos類似度 : -0.21801896556387287
単語 : ポリオ,  cos類似度 : -0.22327902555567078
単語 : 報酬,  cos類似度 : -0.22669721881704627
単語 : タイムリー,  cos類似度 : -0.22828348196965131
-------------------------------
サンプル 114-------
単語 : よ,  cos類似度 : 0.5854763632223998
単語 : 周り,  cos類似度 : 0.5853152889990292
単語 : 向う,  cos類似度 : 0.5829301102353635
単語 : 入り口,  cos類似度 : 0.5811542961881112
単語 : 隣,  cos類似度 : 0.5764882617799689
-------------------------------
サンプル 115-------
単語 : 構造,  cos類似度 : 0.31046569108228456
単語 : 防火,  cos類似度 : 0.29597174719299996
単語 : 設置,  cos類似度 : 0.29117496193279235
単語 : 区分け,  cos類似度 : 0.27814556059400886
単語 : 用途,  cos類似度 : 0.27366139121693656
-------------------------------
サンプル 116-------
単語 : 定時,  cos類似度 : -0.23032219026654338
単語 : 定員,  cos類似度 : -0.23068038010415573
単語 : 買,  cos類似度 : -0.23081442654148576
単語 : ポリオ,  cos類似度 : -0.23824119050712747
単語 : 保険,  cos類似度 : -0.24167180680893224
-------------------------------
サンプル 117-------
単語 : 隣,  cos類似度 : 0.5931283588238637
単語 : よ,  cos類似度 : 0.591651321897552
単語 : 見え,  cos類似度 : 0.5909346245161946
単語 : 入り口,  cos類似度 : 0.5895156662201556
単語 : 周り,  cos類似度 : 0.5855540559985306
-------------------------------
サンプル 118-------
単語 : 茶色,  cos類似度 : 0.5719048891535109
単語 : 緑色,  cos類似度 : 0.5652225502607615
単語 : 色,  cos類似度 : 0.5565314871242646
単語 : 真っ白,  cos類似度 : 0.5491207594898253
単語 : 水色,  cos類似度 : 0.54241546183519
-------------------------------
サンプル 119-------
単語 : 茶色,  cos類似度 : 0.6204313419824602
単語 : 緑色,  cos類似度 : 0.6070603229064901
単語 : 色,  cos類似度 : 0.5960511925126586
単語 : 黄色,  cos類似度 : 0.5909477213446456
単語 : ピンク,  cos類似度 : 0.5783316469158881
-------------------------------
サンプル 120-------
単語 : 周り,  cos類似度 : 0.5864535100030722
単語 : 入り口,  cos類似度 : 0.5831881736762469
単語 : よ,  cos類似度 : 0.5811187478972357
単語 : 場所,  cos類似度 : 0.5798733023411372
単語 : 隣,  cos類似度 : 0.5769799152836321
-------------------------------
サンプル 121-------
単語 : 緑色,  cos類似度 : 0.5878699407258724
単語 : 綺麗,  cos類似度 : 0.5701161586206857
単語 : きれい,  cos類似度 : 0.5689225465152737
単語 : 茶色,  cos類似度 : 0.5631312725577815
単語 : 壁面,  cos類似度 : 0.5594962480027589
-------------------------------
サンプル 122-------
単語 : 実,  cos類似度 : 0.5431870150306994
単語 : 物体,  cos類似度 : 0.5322432955396438
単語 : 物,  cos類似度 : 0.5221493081335605
単語 : 場所,  cos類似度 : 0.5180789778906166
単語 : 球体,  cos類似度 : 0.5125764533978666
-------------------------------
サンプル 123-------
単語 : よ,  cos類似度 : 0.5997495228725226
単語 : 隣,  cos類似度 : 0.5877971541379998
単語 : 向う,  cos類似度 : 0.578705885311229
単語 : 入り口,  cos類似度 : 0.5771060814787734
単語 : 小道,  cos類似度 : 0.5719851157015797
-------------------------------
サンプル 124-------
単語 : ポリオ,  cos類似度 : -0.22907674684499235
単語 : 資格,  cos類似度 : -0.2309179283161083
単語 : 見方,  cos類似度 : -0.23192406543236385
単語 : 淹,  cos類似度 : -0.23760733660449151
単語 : 保険,  cos類似度 : -0.2444746050720179
-------------------------------
サンプル 125-------
単語 : よ,  cos類似度 : 0.5904781644521613
単語 : 入り口,  cos類似度 : 0.5773829497636408
単語 : 隣,  cos類似度 : 0.5733435691704103
単語 : 小道,  cos類似度 : 0.5724415520220767
単語 : 向う,  cos類似度 : 0.5715199138830312
-------------------------------
サンプル 126-------
単語 : 入り口,  cos類似度 : 0.5910283438830982
単語 : 隣,  cos類似度 : 0.5905451752431601
単語 : 見え,  cos類似度 : 0.5877834918446178
単語 : 周り,  cos類似度 : 0.5846285503653533
単語 : 緑色,  cos類似度 : 0.5813285121530114
-------------------------------
サンプル 127-------
単語 : 夕暮れ,  cos類似度 : 0.5955808085104303
単語 : 明かり,  cos類似度 : 0.5636108839767108
単語 : 真ん中,  cos類似度 : 0.5629129950203035
単語 : 小道,  cos類似度 : 0.5623808681164254
単語 : 辺り,  cos類似度 : 0.5605204523394227
-------------------------------
サンプル 128-------
単語 : 装飾,  cos類似度 : 0.4291440039124678
単語 : 精巧,  cos類似度 : 0.40281109836537377
単語 : 彫刻,  cos類似度 : 0.40136439685779013
単語 : 端正,  cos類似度 : 0.3846436635483133
単語 : 彩色,  cos類似度 : 0.3817260280191825
-------------------------------
サンプル 129-------
単語 : 入り口,  cos類似度 : 0.601374783577693
単語 : 隣,  cos類似度 : 0.592125389867315
単語 : 横,  cos類似度 : 0.5911093717177875
単語 : よ,  cos類似度 : 0.5862258521284259
単語 : 手前,  cos類似度 : 0.5776627658765445
-------------------------------
サンプル 130-------
単語 : 見方,  cos類似度 : -0.18458662157605135
単語 : 厘,  cos類似度 : -0.19337772006223092
単語 : 採点,  cos類似度 : -0.20669913449574384
単語 : 交渉,  cos類似度 : -0.20691780745175734
単語 : 視聴,  cos類似度 : -0.20887351986623257
-------------------------------
サンプル 131-------
単語 : 買,  cos類似度 : -0.2135171430950573
単語 : ケロッグ,  cos類似度 : -0.22533721783994923
単語 : 報酬,  cos類似度 : -0.22856359028471837
単語 : タイムリー,  cos類似度 : -0.23687504953492905
単語 : ポリオ,  cos類似度 : -0.2416332733693131
-------------------------------
サンプル 132-------
単語 : よ,  cos類似度 : 0.5917103222316279
単語 : 見え,  cos類似度 : 0.5876710661304851
単語 : 向う,  cos類似度 : 0.5755720724467007
単語 : 入り口,  cos類似度 : 0.5735308136351295
単語 : 隣,  cos類似度 : 0.5696673009916514
-------------------------------
サンプル 133-------
単語 : 唾液,  cos類似度 : 0.015055068411595826
単語 : パソコン,  cos類似度 : 0.007881588965242025
単語 : 添削,  cos類似度 : 0.004554903150883341
単語 : ファイル,  cos類似度 : 0.0033521412789919254
単語 : プリンター,  cos類似度 : 0.0020764287937921288
-------------------------------
サンプル 134-------
単語 : 横,  cos類似度 : 0.5551997149198354
単語 : 眺め,  cos類似度 : 0.5399403036517957
単語 : 隣,  cos類似度 : 0.5322865267765573
単語 : 向かい側,  cos類似度 : 0.5265411926645815
単語 : 後ろ,  cos類似度 : 0.5262195421126413
-------------------------------
サンプル 135-------
単語 : 入り口,  cos類似度 : 0.5853283794494568
単語 : 横,  cos類似度 : 0.5801479914262252
単語 : 隣,  cos類似度 : 0.5788215914015197
単語 : 向う,  cos類似度 : 0.575195268017511
単語 : 小道,  cos類似度 : 0.5658887841673177
-------------------------------
サンプル 136-------
単語 : よ,  cos類似度 : 0.5610924941658517
単語 : 小道,  cos類似度 : 0.5386079040860957
単語 : ん,  cos類似度 : 0.5375462873089196
単語 : 帰り道,  cos類似度 : 0.5315810213781323
単語 : 建物,  cos類似度 : 0.52676232318785
-------------------------------
サンプル 137-------
単語 : 買,  cos類似度 : -0.22267543899082984
単語 : 応対,  cos類似度 : -0.22846495882830564
単語 : 報酬,  cos類似度 : -0.23143408662094048
単語 : 残業,  cos類似度 : -0.23593035012103236
単語 : 定時,  cos類似度 : -0.2393627282941671
-------------------------------
サンプル 138-------
単語 : 周り,  cos類似度 : 0.5962559086790497
単語 : よ,  cos類似度 : 0.5909614037752549
単語 : 見え,  cos類似度 : 0.5897320420947814
単語 : 隣,  cos類似度 : 0.5832133840694894
単語 : 水色,  cos類似度 : 0.5823876806998226
-------------------------------
サンプル 139-------
単語 : よ,  cos類似度 : 0.6005201436563109
単語 : 景色,  cos類似度 : 0.5989421139142243
単語 : 周り,  cos類似度 : 0.5886066828055865
単語 : 綺麗,  cos類似度 : 0.5876230966487966
単語 : 隣,  cos類似度 : 0.5857441304001931
-------------------------------
サンプル 140-------
単語 : 景色,  cos類似度 : 0.6198731411960962
単語 : 隣,  cos類似度 : 0.6062107997129085
単語 : 入り口,  cos類似度 : 0.5961366385541854
単語 : 車窓,  cos類似度 : 0.5947335514261516
単語 : 周り,  cos類似度 : 0.5900990862304809
-------------------------------
サンプル 141-------
単語 : 緑色,  cos類似度 : 0.6036854682475951
単語 : 水色,  cos類似度 : 0.6017134678019067
単語 : 入り口,  cos類似度 : 0.5930979470770156
単語 : よ,  cos類似度 : 0.584982799475821
単語 : 朱色,  cos類似度 : 0.5839559857446055
-------------------------------
サンプル 142-------
単語 : 券,  cos類似度 : 0.04820143737175157
単語 : 接客,  cos類似度 : 0.02569460765115783
単語 : 運賃,  cos類似度 : 0.011091325788117687
単語 : 定員,  cos類似度 : 0.007042747470547144
単語 : ベーカリー,  cos類似度 : 0.0066294851043372325
-------------------------------
サンプル 143-------
単語 : オブジェ,  cos類似度 : 0.5626739552450722
単語 : 茶色,  cos類似度 : 0.5602567759969782
単語 : 壁面,  cos類似度 : 0.557238969464668
単語 : プラスティック,  cos類似度 : 0.5551871854402138
単語 : 葉っぱ,  cos類似度 : 0.5524369368710359
-------------------------------
サンプル 144-------
単語 : よ,  cos類似度 : 0.5970195504822727
単語 : 周り,  cos類似度 : 0.5924673513246984
単語 : 見え,  cos類似度 : 0.58685905596639
単語 : 実,  cos類似度 : 0.5820489379821008
単語 : 緑色,  cos類似度 : 0.5741814186559407
-------------------------------
サンプル 145-------
単語 : 人員,  cos類似度 : 0.10292437345248949
単語 : 衣類,  cos類似度 : 0.0989508540436421
単語 : 簡素,  cos類似度 : 0.09379964775416307
単語 : 寝具,  cos類似度 : 0.08958714390138518
単語 : 梱包,  cos類似度 : 0.08908464129922879
-------------------------------
サンプル 146-------
単語 : 買,  cos類似度 : -0.2164741878596216
単語 : ポリオ,  cos類似度 : -0.21902977520636133
単語 : ケロッグ,  cos類似度 : -0.22989205837889246
単語 : ディズニーシー,  cos類似度 : -0.23289716725748238
単語 : 育児,  cos類似度 : -0.23716859488338363
-------------------------------
サンプル 147-------
単語 : 手前,  cos類似度 : 0.58687490282163
単語 : 横,  cos類似度 : 0.5843700002923852
単語 : よ,  cos類似度 : 0.5833148836289429
単語 : 隣,  cos類似度 : 0.5753383106823704
単語 : 入り口,  cos類似度 : 0.5741557744219957
-------------------------------
サンプル 148-------
単語 : 淹,  cos類似度 : -0.17517366300217257
単語 : 見方,  cos類似度 : -0.187593741042159
単語 : 柔,  cos類似度 : -0.211529315614677
単語 : 沸騰,  cos類似度 : -0.2215512584487097
単語 : 創,  cos類似度 : -0.2288777621851097
-------------------------------
サンプル 149-------
単語 : 見方,  cos類似度 : -0.21084270821001885
単語 : 淹,  cos類似度 : -0.23094089318620628
単語 : 買,  cos類似度 : -0.23675393559857164
単語 : 沸騰,  cos類似度 : -0.23917744408895866
単語 : 欧,  cos類似度 : -0.25068792833110654
-------------------------------
サンプル 150-------
単語 : よ,  cos類似度 : 0.5882815558735358
単語 : 隣,  cos類似度 : 0.5791123404656267
単語 : 水色,  cos類似度 : 0.5733070745450332
単語 : 入り口,  cos類似度 : 0.5722923004812634
単語 : 実,  cos類似度 : 0.5713222891098465
-------------------------------
サンプル 151-------
単語 : 入り口,  cos類似度 : 0.5891483136513971
単語 : 水色,  cos類似度 : 0.5873939173203894
単語 : 緑色,  cos類似度 : 0.5865014649529209
単語 : 向う,  cos類似度 : 0.5856984745069889
単語 : よ,  cos類似度 : 0.5849467174257329
-------------------------------
サンプル 152-------
単語 : 定時,  cos類似度 : -0.14449594735280893
単語 : 応対,  cos類似度 : -0.16982729601437677
単語 : 残業,  cos類似度 : -0.1763377060941282
単語 : エラー,  cos類似度 : -0.18128523320501946
単語 : 相談,  cos類似度 : -0.18434705876796037
-------------------------------
サンプル 153-------
単語 : 入り口,  cos類似度 : 0.5893040138671612
単語 : 隣,  cos類似度 : 0.5879819663432697
単語 : 向う,  cos類似度 : 0.5862524007974472
単語 : 周り,  cos類似度 : 0.5831087041282266
単語 : 緑色,  cos類似度 : 0.5784567167537723
-------------------------------
サンプル 154-------
単語 : 見え,  cos類似度 : 0.5974135504195568
単語 : 茶色,  cos類似度 : 0.5910219456754853
単語 : 綺麗,  cos類似度 : 0.5902209539186134
単語 : 緑色,  cos類似度 : 0.584270608894533
単語 : 木々,  cos類似度 : 0.5834202869736098
-------------------------------
サンプル 155-------
単語 : 口髭,  cos類似度 : 0.23694459529198234
単語 : 風貌,  cos類似度 : 0.23328632583240408
単語 : 見え,  cos類似度 : 0.22452277675424354
単語 : 顔色,  cos類似度 : 0.2211411962045072
単語 : 顔つき,  cos類似度 : 0.22051863036452074
-------------------------------
サンプル 156-------
単語 : 場所,  cos類似度 : 0.5778112610912074
単語 : 入り口,  cos類似度 : 0.572348283743968
単語 : 隣,  cos類似度 : 0.5664833641805965
単語 : よ,  cos類似度 : 0.5648287445770815
単語 : 向う,  cos類似度 : 0.5604500214592079
-------------------------------
サンプル 157-------
単語 : 最初,  cos類似度 : 0.5141218946682155
単語 : 実,  cos類似度 : 0.5139655390082681
単語 : 茶色,  cos類似度 : 0.5039554495293109
単語 : 大きめ,  cos類似度 : 0.5023643909906025
単語 : あまり,  cos類似度 : 0.4999242931308973
-------------------------------
サンプル 158-------
単語 : 許可,  cos類似度 : -0.23126076296962753
単語 : 定時,  cos類似度 : -0.2347032429029794
単語 : 責任,  cos類似度 : -0.23687054324619788
単語 : 買,  cos類似度 : -0.2370603724993036
単語 : 無効,  cos類似度 : -0.24415515913296618
-------------------------------
サンプル 159-------
単語 : 水色,  cos類似度 : 0.5841200509138255
単語 : 横,  cos類似度 : 0.5828027724578563
単語 : 隣,  cos類似度 : 0.5796858703954081
単語 : よ,  cos類似度 : 0.5787838504139758
単語 : 緑色,  cos類似度 : 0.5746957326740881
-------------------------------
サンプル 160-------
単語 : 業種,  cos類似度 : -0.16257770765848123
単語 : 買,  cos類似度 : -0.16964823014856453
単語 : 家計,  cos類似度 : -0.17334406859071325
単語 : 親族,  cos類似度 : -0.1774095880787754
単語 : 無効,  cos類似度 : -0.18048133003442748
-------------------------------
サンプル 161-------
単語 : よ,  cos類似度 : 0.5778957744415032
単語 : 水色,  cos類似度 : 0.5759924508912861
単語 : 見え,  cos類似度 : 0.572117088420972
単語 : 緑色,  cos類似度 : 0.5702981465105236
単語 : 隣,  cos類似度 : 0.5701505989317718
-------------------------------
サンプル 162-------
単語 : 周り,  cos類似度 : 0.5802455365403225
単語 : 入り口,  cos類似度 : 0.5771321564766693
単語 : 隣,  cos類似度 : 0.5749819830314118
単語 : 水色,  cos類似度 : 0.5748580125286842
単語 : 見え,  cos類似度 : 0.5689912248229919
-------------------------------
サンプル 163-------
単語 : 水色,  cos類似度 : 0.5823869222682151
単語 : よ,  cos類似度 : 0.5716576564905561
単語 : 夕暮れ,  cos類似度 : 0.561367787977418
単語 : 緑色,  cos類似度 : 0.5603710576862179
単語 : カラフル,  cos類似度 : 0.5584835405472482
-------------------------------
サンプル 164-------
単語 : 隣,  cos類似度 : 0.600965065674495
単語 : 周り,  cos類似度 : 0.5919961084104783
単語 : 入り口,  cos類似度 : 0.5855981076353435
単語 : よ,  cos類似度 : 0.5814997373879347
単語 : 辺り,  cos類似度 : 0.5734317085727598
-------------------------------
サンプル 165-------
単語 : 見え,  cos類似度 : 0.5923623941002786
単語 : 水色,  cos類似度 : 0.5865400216728603
単語 : よ,  cos類似度 : 0.5835423443455506
単語 : 緑色,  cos類似度 : 0.5798072242362267
単語 : 茶色,  cos類似度 : 0.575208469826821
-------------------------------
サンプル 166-------
単語 : よ,  cos類似度 : 0.5849901444636985
単語 : 景色,  cos類似度 : 0.5808814840810944
単語 : 夕暮れ,  cos類似度 : 0.5808569154097332
単語 : 見え,  cos類似度 : 0.5802207747655738
単語 : 水色,  cos類似度 : 0.579538910101821
-------------------------------
サンプル 167-------
単語 : 木々,  cos類似度 : 0.5801687332469152
単語 : 実,  cos類似度 : 0.5617194345633242
単語 : 見え,  cos類似度 : 0.5590765810991427
単語 : 茂み,  cos類似度 : 0.55734280507811
単語 : てっぺん,  cos類似度 : 0.5551675397284953
-------------------------------
サンプル 168-------
単語 : よ,  cos類似度 : 0.5996446719683379
単語 : ん,  cos類似度 : 0.5834329453663417
単語 : 実,  cos類似度 : 0.5696071631986818
単語 : オブジェ,  cos類似度 : 0.5641319069484115
単語 : 見え,  cos類似度 : 0.5624081234352073
-------------------------------
サンプル 169-------
単語 : 緑色,  cos類似度 : 0.5852419057921412
単語 : 見え,  cos類似度 : 0.5725830953127667
単語 : 紫色,  cos類似度 : 0.5662152889612956
単語 : 銀色,  cos類似度 : 0.561137503947341
単語 : 水色,  cos類似度 : 0.5574703442269664
-------------------------------
サンプル 170-------
単語 : 買,  cos類似度 : -0.22597025049246283
単語 : 淹,  cos類似度 : -0.2330637753622498
単語 : ポリオ,  cos類似度 : -0.238099990140962
単語 : 報酬,  cos類似度 : -0.2449331101669403
単語 : 見方,  cos類似度 : -0.2510751809387807
-------------------------------
サンプル 171-------
単語 : 水色,  cos類似度 : 0.5880091415506719
単語 : よ,  cos類似度 : 0.5874851351454954
単語 : 見え,  cos類似度 : 0.5823365336326639
単語 : 緑色,  cos類似度 : 0.5790244753505773
単語 : 実,  cos類似度 : 0.5747742664854198
-------------------------------
サンプル 172-------
単語 : 外側,  cos類似度 : 0.5616933994520221
単語 : 内側,  cos類似度 : 0.5584295398746336
単語 : 無数,  cos類似度 : 0.5518198409688942
単語 : 実,  cos類似度 : 0.5475093018380551
単語 : 緑色,  cos類似度 : 0.5433299179039717
-------------------------------
サンプル 173-------
単語 : 買,  cos類似度 : -0.20319227810891824
単語 : 緊急,  cos類似度 : -0.21801896556387287
単語 : ポリオ,  cos類似度 : -0.22327902555567078
単語 : 報酬,  cos類似度 : -0.22669721881704627
単語 : タイムリー,  cos類似度 : -0.22828348196965131
-------------------------------
サンプル 174-------
単語 : よ,  cos類似度 : 0.5854763632223999
単語 : 周り,  cos類似度 : 0.5853152889990293
単語 : 向う,  cos類似度 : 0.5829301102353633
単語 : 入り口,  cos類似度 : 0.5811542961881112
単語 : 隣,  cos類似度 : 0.5764882617799687
-------------------------------
サンプル 175-------
単語 : 構造,  cos類似度 : 0.31046569108230626
単語 : 防火,  cos類似度 : 0.29597174719301894
単語 : 設置,  cos類似度 : 0.29117496193281495
単語 : 区分け,  cos類似度 : 0.2781455605940312
単語 : 用途,  cos類似度 : 0.27366139121695615
-------------------------------
サンプル 176-------
単語 : 定時,  cos類似度 : -0.2303221902665435
単語 : 定員,  cos類似度 : -0.2306803801041559
単語 : 買,  cos類似度 : -0.2308144265414857
単語 : ポリオ,  cos類似度 : -0.23824119050712766
単語 : 保険,  cos類似度 : -0.2416718068089324
-------------------------------
サンプル 177-------
単語 : 隣,  cos類似度 : 0.5931283588238637
単語 : よ,  cos類似度 : 0.591651321897552
単語 : 見え,  cos類似度 : 0.5909346245161946
単語 : 入り口,  cos類似度 : 0.5895156662201556
単語 : 周り,  cos類似度 : 0.5855540559985306
-------------------------------
サンプル 178-------
単語 : 茶色,  cos類似度 : 0.5719048891535109
単語 : 緑色,  cos類似度 : 0.5652225502607615
単語 : 色,  cos類似度 : 0.5565314871242646
単語 : 真っ白,  cos類似度 : 0.5491207594898253
単語 : 水色,  cos類似度 : 0.54241546183519
-------------------------------
サンプル 179-------
単語 : 茶色,  cos類似度 : 0.6204313419824602
単語 : 緑色,  cos類似度 : 0.6070603229064901
単語 : 色,  cos類似度 : 0.5960511925126586
単語 : 黄色,  cos類似度 : 0.5909477213446456
単語 : ピンク,  cos類似度 : 0.5783316469158881
-------------------------------
サンプル 180-------
単語 : 周り,  cos類似度 : 0.5864535100030722
単語 : 入り口,  cos類似度 : 0.5831881736762469
単語 : よ,  cos類似度 : 0.5811187478972357
単語 : 場所,  cos類似度 : 0.5798733023411372
単語 : 隣,  cos類似度 : 0.5769799152836321
-------------------------------
サンプル 181-------
単語 : 緑色,  cos類似度 : 0.5878699407258725
単語 : 綺麗,  cos類似度 : 0.5701161586206857
単語 : きれい,  cos類似度 : 0.5689225465152739
単語 : 茶色,  cos類似度 : 0.5631312725577815
単語 : 壁面,  cos類似度 : 0.559496248002759
-------------------------------
サンプル 182-------
単語 : 実,  cos類似度 : 0.5431870150306991
単語 : 物体,  cos類似度 : 0.5322432955396437
単語 : 物,  cos類似度 : 0.5221493081335605
単語 : 場所,  cos類似度 : 0.5180789778906164
単語 : 球体,  cos類似度 : 0.5125764533978663
-------------------------------
サンプル 183-------
単語 : よ,  cos類似度 : 0.5997495228725225
単語 : 隣,  cos類似度 : 0.5877971541379997
単語 : 向う,  cos類似度 : 0.5787058853112289
単語 : 入り口,  cos類似度 : 0.5771060814787735
単語 : 小道,  cos類似度 : 0.5719851157015796
-------------------------------
サンプル 184-------
単語 : ポリオ,  cos類似度 : -0.22907674684499235
単語 : 資格,  cos類似度 : -0.2309179283161083
単語 : 見方,  cos類似度 : -0.23192406543236385
単語 : 淹,  cos類似度 : -0.23760733660449151
単語 : 保険,  cos類似度 : -0.2444746050720179
-------------------------------
サンプル 185-------
単語 : よ,  cos類似度 : 0.5904781644521613
単語 : 入り口,  cos類似度 : 0.5773829497636408
単語 : 隣,  cos類似度 : 0.5733435691704103
単語 : 小道,  cos類似度 : 0.5724415520220767
単語 : 向う,  cos類似度 : 0.5715199138830312
-------------------------------
サンプル 186-------
単語 : 入り口,  cos類似度 : 0.5910283438830982
単語 : 隣,  cos類似度 : 0.5905451752431601
単語 : 見え,  cos類似度 : 0.5877834918446178
単語 : 周り,  cos類似度 : 0.5846285503653533
単語 : 緑色,  cos類似度 : 0.5813285121530114
-------------------------------
サンプル 187-------
単語 : 夕暮れ,  cos類似度 : 0.5955808085104303
単語 : 明かり,  cos類似度 : 0.5636108839767108
単語 : 真ん中,  cos類似度 : 0.5629129950203035
単語 : 小道,  cos類似度 : 0.5623808681164254
単語 : 辺り,  cos類似度 : 0.5605204523394227
-------------------------------
サンプル 188-------
単語 : 装飾,  cos類似度 : 0.42914400391247265
単語 : 精巧,  cos類似度 : 0.4028110983653782
単語 : 彫刻,  cos類似度 : 0.40136439685779507
単語 : 端正,  cos類似度 : 0.38464366354831886
単語 : 彩色,  cos類似度 : 0.3817260280191874
-------------------------------
サンプル 189-------
単語 : 入り口,  cos類似度 : 0.601374783577693
単語 : 隣,  cos類似度 : 0.5921253898673151
単語 : 横,  cos類似度 : 0.5911093717177877
単語 : よ,  cos類似度 : 0.5862258521284258
単語 : 手前,  cos類似度 : 0.5776627658765444
-------------------------------
サンプル 190-------
単語 : 見方,  cos類似度 : -0.18458662157605216
単語 : 厘,  cos類似度 : -0.1933777200622321
単語 : 採点,  cos類似度 : -0.2066991344957447
単語 : 交渉,  cos類似度 : -0.20691780745175808
単語 : 視聴,  cos類似度 : -0.20887351986623376
-------------------------------
サンプル 191-------
単語 : 買,  cos類似度 : -0.2135171430950573
単語 : ケロッグ,  cos類似度 : -0.22533721783994923
単語 : 報酬,  cos類似度 : -0.22856359028471837
単語 : タイムリー,  cos類似度 : -0.23687504953492905
単語 : ポリオ,  cos類似度 : -0.2416332733693131
-------------------------------
サンプル 192-------
単語 : よ,  cos類似度 : 0.5917103222316279
単語 : 見え,  cos類似度 : 0.5876710661304851
単語 : 向う,  cos類似度 : 0.5755720724467007
単語 : 入り口,  cos類似度 : 0.5735308136351295
単語 : 隣,  cos類似度 : 0.5696673009916514
-------------------------------
サンプル 193-------
単語 : 唾液,  cos類似度 : 0.015055068411595826
単語 : パソコン,  cos類似度 : 0.007881588965242025
単語 : 添削,  cos類似度 : 0.004554903150883341
単語 : ファイル,  cos類似度 : 0.0033521412789919254
単語 : プリンター,  cos類似度 : 0.0020764287937921288
-------------------------------
サンプル 194-------
単語 : 横,  cos類似度 : 0.5551997149198354
単語 : 眺め,  cos類似度 : 0.5399403036517957
単語 : 隣,  cos類似度 : 0.5322865267765573
単語 : 向かい側,  cos類似度 : 0.5265411926645815
単語 : 後ろ,  cos類似度 : 0.5262195421126413
-------------------------------
サンプル 195-------
単語 : 入り口,  cos類似度 : 0.5853283794494568
単語 : 横,  cos類似度 : 0.5801479914262252
単語 : 隣,  cos類似度 : 0.5788215914015197
単語 : 向う,  cos類似度 : 0.575195268017511
単語 : 小道,  cos類似度 : 0.5658887841673177
-------------------------------
サンプル 196-------
単語 : よ,  cos類似度 : 0.5610924941658517
単語 : 小道,  cos類似度 : 0.5386079040860958
単語 : ん,  cos類似度 : 0.5375462873089196
単語 : 帰り道,  cos類似度 : 0.5315810213781322
単語 : 建物,  cos類似度 : 0.5267623231878501
-------------------------------
サンプル 197-------
単語 : 買,  cos類似度 : -0.22267543899082984
単語 : 応対,  cos類似度 : -0.2284649588283056
単語 : 報酬,  cos類似度 : -0.2314340866209406
単語 : 残業,  cos類似度 : -0.2359303501210324
単語 : 定時,  cos類似度 : -0.2393627282941671
-------------------------------
サンプル 198-------
単語 : 周り,  cos類似度 : 0.5962559086790497
単語 : よ,  cos類似度 : 0.5909614037752549
単語 : 見え,  cos類似度 : 0.5897320420947814
単語 : 隣,  cos類似度 : 0.5832133840694894
単語 : 水色,  cos類似度 : 0.5823876806998226
-------------------------------
サンプル 199-------
単語 : よ,  cos類似度 : 0.6005201436563109
単語 : 景色,  cos類似度 : 0.5989421139142243
単語 : 周り,  cos類似度 : 0.5886066828055865
単語 : 綺麗,  cos類似度 : 0.5876230966487966
単語 : 隣,  cos類似度 : 0.5857441304001931
-------------------------------
サンプル 200-------
単語 : 景色,  cos類似度 : 0.6198731411960962
単語 : 隣,  cos類似度 : 0.6062107997129085
単語 : 入り口,  cos類似度 : 0.5961366385541854
単語 : 車窓,  cos類似度 : 0.5947335514261516
単語 : 周り,  cos類似度 : 0.5900990862304809
-------------------------------
サンプル 201-------
単語 : 緑色,  cos類似度 : 0.6036854682475951
単語 : 水色,  cos類似度 : 0.6017134678019067
単語 : 入り口,  cos類似度 : 0.5930979470770156
単語 : よ,  cos類似度 : 0.584982799475821
単語 : 朱色,  cos類似度 : 0.5839559857446055
-------------------------------
サンプル 202-------
単語 : 券,  cos類似度 : 0.04820143737175157
単語 : 接客,  cos類似度 : 0.025694607651157827
単語 : 運賃,  cos類似度 : 0.011091325788117683
単語 : 定員,  cos類似度 : 0.007042747470547137
単語 : ベーカリー,  cos類似度 : 0.006629485104337228
-------------------------------
サンプル 203-------
単語 : オブジェ,  cos類似度 : 0.5626739552450721
単語 : 茶色,  cos類似度 : 0.5602567759969782
単語 : 壁面,  cos類似度 : 0.5572389694646681
単語 : プラスティック,  cos類似度 : 0.555187185440214
単語 : 葉っぱ,  cos類似度 : 0.552436936871036
-------------------------------
サンプル 204-------
単語 : よ,  cos類似度 : 0.5970195504822727
単語 : 周り,  cos類似度 : 0.5924673513246985
単語 : 見え,  cos類似度 : 0.5868590559663901
単語 : 実,  cos類似度 : 0.5820489379821008
単語 : 緑色,  cos類似度 : 0.5741814186559407
-------------------------------
サンプル 205-------
単語 : 人員,  cos類似度 : 0.10292437345248949
単語 : 衣類,  cos類似度 : 0.0989508540436421
単語 : 簡素,  cos類似度 : 0.09379964775416307
単語 : 寝具,  cos類似度 : 0.08958714390138518
単語 : 梱包,  cos類似度 : 0.08908464129922879
-------------------------------
サンプル 206-------
単語 : 買,  cos類似度 : -0.2164741878596216
単語 : ポリオ,  cos類似度 : -0.21902977520636133
単語 : ケロッグ,  cos類似度 : -0.22989205837889246
単語 : ディズニーシー,  cos類似度 : -0.23289716725748238
単語 : 育児,  cos類似度 : -0.23716859488338363
-------------------------------
サンプル 207-------
単語 : 手前,  cos類似度 : 0.58687490282163
単語 : 横,  cos類似度 : 0.5843700002923852
単語 : よ,  cos類似度 : 0.5833148836289429
単語 : 隣,  cos類似度 : 0.5753383106823704
単語 : 入り口,  cos類似度 : 0.5741557744219957
-------------------------------
サンプル 208-------
単語 : 淹,  cos類似度 : -0.17517366300217257
単語 : 見方,  cos類似度 : -0.187593741042159
単語 : 柔,  cos類似度 : -0.211529315614677
単語 : 沸騰,  cos類似度 : -0.2215512584487097
単語 : 創,  cos類似度 : -0.2288777621851097
-------------------------------
サンプル 209-------
単語 : 見方,  cos類似度 : -0.21084270821001896
単語 : 淹,  cos類似度 : -0.23094089318620636
単語 : 買,  cos類似度 : -0.23675393559857166
単語 : 沸騰,  cos類似度 : -0.2391774440889588
単語 : 欧,  cos類似度 : -0.25068792833110654
-------------------------------
サンプル 210-------
単語 : よ,  cos類似度 : 0.5882815558735358
単語 : 隣,  cos類似度 : 0.5791123404656265
単語 : 水色,  cos類似度 : 0.5733070745450332
単語 : 入り口,  cos類似度 : 0.5722923004812633
単語 : 実,  cos類似度 : 0.5713222891098465
-------------------------------
サンプル 211-------
単語 : 入り口,  cos類似度 : 0.5891483136513971
単語 : 水色,  cos類似度 : 0.5873939173203893
単語 : 緑色,  cos類似度 : 0.5865014649529209
単語 : 向う,  cos類似度 : 0.5856984745069888
単語 : よ,  cos類似度 : 0.5849467174257327
-------------------------------
サンプル 212-------
単語 : 定時,  cos類似度 : -0.14449594735280893
単語 : 応対,  cos類似度 : -0.16982729601437677
単語 : 残業,  cos類似度 : -0.1763377060941282
単語 : エラー,  cos類似度 : -0.18128523320501946
単語 : 相談,  cos類似度 : -0.18434705876796037
-------------------------------
サンプル 213-------
単語 : 入り口,  cos類似度 : 0.5893040138671612
単語 : 隣,  cos類似度 : 0.5879819663432697
単語 : 向う,  cos類似度 : 0.5862524007974472
単語 : 周り,  cos類似度 : 0.5831087041282266
単語 : 緑色,  cos類似度 : 0.5784567167537723
-------------------------------
サンプル 214-------
単語 : 見え,  cos類似度 : 0.5974135504195568
単語 : 茶色,  cos類似度 : 0.5910219456754853
単語 : 綺麗,  cos類似度 : 0.5902209539186134
単語 : 緑色,  cos類似度 : 0.584270608894533
単語 : 木々,  cos類似度 : 0.5834202869736098
-------------------------------
サンプル 215-------
単語 : 口髭,  cos類似度 : 0.23694459529198234
単語 : 風貌,  cos類似度 : 0.23328632583240408
単語 : 見え,  cos類似度 : 0.22452277675424354
単語 : 顔色,  cos類似度 : 0.2211411962045072
単語 : 顔つき,  cos類似度 : 0.22051863036452074
-------------------------------
サンプル 216-------
単語 : 場所,  cos類似度 : 0.5778112610912074
単語 : 入り口,  cos類似度 : 0.572348283743968
単語 : 隣,  cos類似度 : 0.5664833641805965
単語 : よ,  cos類似度 : 0.5648287445770815
単語 : 向う,  cos類似度 : 0.5604500214592079
-------------------------------
サンプル 217-------
単語 : 最初,  cos類似度 : 0.5141218946682158
単語 : 実,  cos類似度 : 0.5139655390082685
単語 : 茶色,  cos類似度 : 0.5039554495293108
単語 : 大きめ,  cos類似度 : 0.5023643909906024
単語 : あまり,  cos類似度 : 0.49992429313089787
-------------------------------
サンプル 218-------
単語 : 許可,  cos類似度 : -0.23126076296962753
単語 : 定時,  cos類似度 : -0.2347032429029794
単語 : 責任,  cos類似度 : -0.23687054324619788
単語 : 買,  cos類似度 : -0.2370603724993036
単語 : 無効,  cos類似度 : -0.24415515913296618
-------------------------------
サンプル 219-------
単語 : 水色,  cos類似度 : 0.5841200509138255
単語 : 横,  cos類似度 : 0.5828027724578563
単語 : 隣,  cos類似度 : 0.5796858703954081
単語 : よ,  cos類似度 : 0.5787838504139758
単語 : 緑色,  cos類似度 : 0.5746957326740881
-------------------------------
サンプル 220-------
単語 : 業種,  cos類似度 : -0.16257770765848123
単語 : 買,  cos類似度 : -0.16964823014856453
単語 : 家計,  cos類似度 : -0.17334406859071325
単語 : 親族,  cos類似度 : -0.1774095880787754
単語 : 無効,  cos類似度 : -0.18048133003442748
-------------------------------
サンプル 221-------
単語 : よ,  cos類似度 : 0.5778957744415032
単語 : 水色,  cos類似度 : 0.5759924508912861
単語 : 見え,  cos類似度 : 0.572117088420972
単語 : 緑色,  cos類似度 : 0.5702981465105236
単語 : 隣,  cos類似度 : 0.5701505989317718
-------------------------------
サンプル 222-------
単語 : 周り,  cos類似度 : 0.5802455365403225
単語 : 入り口,  cos類似度 : 0.5771321564766693
単語 : 隣,  cos類似度 : 0.5749819830314118
単語 : 水色,  cos類似度 : 0.5748580125286842
単語 : 見え,  cos類似度 : 0.5689912248229919
-------------------------------
サンプル 223-------
単語 : 水色,  cos類似度 : 0.5823869222682153
単語 : よ,  cos類似度 : 0.571657656490556
単語 : 夕暮れ,  cos類似度 : 0.561367787977418
単語 : 緑色,  cos類似度 : 0.560371057686218
単語 : カラフル,  cos類似度 : 0.5584835405472481
-------------------------------
サンプル 224-------
単語 : 隣,  cos類似度 : 0.6009650656744949
単語 : 周り,  cos類似度 : 0.5919961084104782
単語 : 入り口,  cos類似度 : 0.5855981076353435
単語 : よ,  cos類似度 : 0.5814997373879347
単語 : 辺り,  cos類似度 : 0.5734317085727597
-------------------------------
サンプル 225-------
単語 : 見え,  cos類似度 : 0.5923623941002787
単語 : 水色,  cos類似度 : 0.5865400216728601
単語 : よ,  cos類似度 : 0.5835423443455507
単語 : 緑色,  cos類似度 : 0.5798072242362267
単語 : 茶色,  cos類似度 : 0.575208469826821
-------------------------------
サンプル 226-------
単語 : よ,  cos類似度 : 0.5849901444636985
単語 : 景色,  cos類似度 : 0.5808814840810944
単語 : 夕暮れ,  cos類似度 : 0.5808569154097332
単語 : 見え,  cos類似度 : 0.5802207747655738
単語 : 水色,  cos類似度 : 0.579538910101821
-------------------------------
サンプル 227-------
単語 : 木々,  cos類似度 : 0.5801687332469152
単語 : 実,  cos類似度 : 0.5617194345633241
単語 : 見え,  cos類似度 : 0.5590765810991426
単語 : 茂み,  cos類似度 : 0.55734280507811
単語 : てっぺん,  cos類似度 : 0.5551675397284952
-------------------------------
サンプル 228-------
単語 : よ,  cos類似度 : 0.5996446719683379
単語 : ん,  cos類似度 : 0.5834329453663417
単語 : 実,  cos類似度 : 0.5696071631986818
単語 : オブジェ,  cos類似度 : 0.5641319069484115
単語 : 見え,  cos類似度 : 0.5624081234352073
-------------------------------
サンプル 229-------
単語 : 緑色,  cos類似度 : 0.5852419057921414
単語 : 見え,  cos類似度 : 0.572583095312767
単語 : 紫色,  cos類似度 : 0.5662152889612957
単語 : 銀色,  cos類似度 : 0.5611375039473411
単語 : 水色,  cos類似度 : 0.5574703442269667
-------------------------------
サンプル 230-------
単語 : 買,  cos類似度 : -0.22597025049246286
単語 : 淹,  cos類似度 : -0.23306377536224954
単語 : ポリオ,  cos類似度 : -0.238099990140962
単語 : 報酬,  cos類似度 : -0.2449331101669402
単語 : 見方,  cos類似度 : -0.25107518093878045
-------------------------------
サンプル 231-------
単語 : 水色,  cos類似度 : 0.588009141550672
単語 : よ,  cos類似度 : 0.5874851351454954
単語 : 見え,  cos類似度 : 0.5823365336326639
単語 : 緑色,  cos類似度 : 0.5790244753505773
単語 : 実,  cos類似度 : 0.5747742664854197
-------------------------------
サンプル 232-------
単語 : 外側,  cos類似度 : 0.5616933994520225
単語 : 内側,  cos類似度 : 0.5584295398746343
単語 : 無数,  cos類似度 : 0.5518198409688949
単語 : 実,  cos類似度 : 0.5475093018380558
単語 : 緑色,  cos類似度 : 0.5433299179039722
-------------------------------
サンプル 233-------
単語 : 買,  cos類似度 : -0.20319227810891824
単語 : 緊急,  cos類似度 : -0.21801896556387287
単語 : ポリオ,  cos類似度 : -0.22327902555567078
単語 : 報酬,  cos類似度 : -0.22669721881704627
単語 : タイムリー,  cos類似度 : -0.22828348196965131
-------------------------------
サンプル 234-------
単語 : よ,  cos類似度 : 0.5854763632223998
単語 : 周り,  cos類似度 : 0.5853152889990292
単語 : 向う,  cos類似度 : 0.5829301102353635
単語 : 入り口,  cos類似度 : 0.5811542961881112
単語 : 隣,  cos類似度 : 0.5764882617799689
-------------------------------
サンプル 235-------
単語 : 構造,  cos類似度 : 0.31046569108228456
単語 : 防火,  cos類似度 : 0.29597174719299996
単語 : 設置,  cos類似度 : 0.29117496193279235
単語 : 区分け,  cos類似度 : 0.27814556059400886
単語 : 用途,  cos類似度 : 0.27366139121693656
-------------------------------
サンプル 236-------
単語 : 定時,  cos類似度 : -0.23032219026654338
単語 : 定員,  cos類似度 : -0.23068038010415573
単語 : 買,  cos類似度 : -0.23081442654148576
単語 : ポリオ,  cos類似度 : -0.23824119050712747
単語 : 保険,  cos類似度 : -0.24167180680893224
-------------------------------
サンプル 237-------
単語 : 隣,  cos類似度 : 0.5931283588238636
単語 : よ,  cos類似度 : 0.591651321897552
単語 : 見え,  cos類似度 : 0.5909346245161945
単語 : 入り口,  cos類似度 : 0.5895156662201554
単語 : 周り,  cos類似度 : 0.5855540559985304
-------------------------------
サンプル 238-------
単語 : 茶色,  cos類似度 : 0.5719048891535109
単語 : 緑色,  cos類似度 : 0.5652225502607617
単語 : 色,  cos類似度 : 0.5565314871242647
単語 : 真っ白,  cos類似度 : 0.5491207594898254
単語 : 水色,  cos類似度 : 0.5424154618351901
-------------------------------
サンプル 239-------
単語 : 茶色,  cos類似度 : 0.6204313419824603
単語 : 緑色,  cos類似度 : 0.60706032290649
単語 : 色,  cos類似度 : 0.5960511925126587
単語 : 黄色,  cos類似度 : 0.5909477213446456
単語 : ピンク,  cos類似度 : 0.5783316469158883
-------------------------------
サンプル 240-------
単語 : 周り,  cos類似度 : 0.5864535100030722
単語 : 入り口,  cos類似度 : 0.5831881736762469
単語 : よ,  cos類似度 : 0.5811187478972357
単語 : 場所,  cos類似度 : 0.5798733023411372
単語 : 隣,  cos類似度 : 0.5769799152836321
-------------------------------
サンプル 241-------
単語 : 緑色,  cos類似度 : 0.5878699407258724
単語 : 綺麗,  cos類似度 : 0.5701161586206857
単語 : きれい,  cos類似度 : 0.5689225465152737
単語 : 茶色,  cos類似度 : 0.5631312725577815
単語 : 壁面,  cos類似度 : 0.5594962480027589
-------------------------------
サンプル 242-------
単語 : 実,  cos類似度 : 0.5431870150306994
単語 : 物体,  cos類似度 : 0.5322432955396438
単語 : 物,  cos類似度 : 0.5221493081335605
単語 : 場所,  cos類似度 : 0.5180789778906166
単語 : 球体,  cos類似度 : 0.5125764533978666
-------------------------------
サンプル 243-------
単語 : よ,  cos類似度 : 0.5997495228725226
単語 : 隣,  cos類似度 : 0.5877971541379998
単語 : 向う,  cos類似度 : 0.578705885311229
単語 : 入り口,  cos類似度 : 0.5771060814787734
単語 : 小道,  cos類似度 : 0.5719851157015797
-------------------------------
サンプル 244-------
単語 : ポリオ,  cos類似度 : -0.22907674684499238
単語 : 資格,  cos類似度 : -0.23091792831610836
単語 : 見方,  cos類似度 : -0.2319240654323639
単語 : 淹,  cos類似度 : -0.23760733660449151
単語 : 保険,  cos類似度 : -0.24447460507201785
-------------------------------
サンプル 245-------
単語 : よ,  cos類似度 : 0.5904781644521613
単語 : 入り口,  cos類似度 : 0.5773829497636408
単語 : 隣,  cos類似度 : 0.5733435691704102
単語 : 小道,  cos類似度 : 0.5724415520220767
単語 : 向う,  cos類似度 : 0.5715199138830311
-------------------------------
サンプル 246-------
単語 : 入り口,  cos類似度 : 0.5910283438830982
単語 : 隣,  cos類似度 : 0.5905451752431601
単語 : 見え,  cos類似度 : 0.5877834918446178
単語 : 周り,  cos類似度 : 0.5846285503653533
単語 : 緑色,  cos類似度 : 0.5813285121530114
-------------------------------
サンプル 247-------
単語 : 夕暮れ,  cos類似度 : 0.5955808085104303
単語 : 明かり,  cos類似度 : 0.5636108839767108
単語 : 真ん中,  cos類似度 : 0.5629129950203035
単語 : 小道,  cos類似度 : 0.5623808681164254
単語 : 辺り,  cos類似度 : 0.5605204523394227
-------------------------------
サンプル 248-------
単語 : 装飾,  cos類似度 : 0.4291440039124678
単語 : 精巧,  cos類似度 : 0.40281109836537377
単語 : 彫刻,  cos類似度 : 0.40136439685779013
単語 : 端正,  cos類似度 : 0.3846436635483133
単語 : 彩色,  cos類似度 : 0.3817260280191825
-------------------------------
サンプル 249-------
単語 : 入り口,  cos類似度 : 0.601374783577693
単語 : 隣,  cos類似度 : 0.592125389867315
単語 : 横,  cos類似度 : 0.5911093717177875
単語 : よ,  cos類似度 : 0.5862258521284259
単語 : 手前,  cos類似度 : 0.5776627658765445
-------------------------------
サンプル 250-------
単語 : 見方,  cos類似度 : -0.18458662157605135
単語 : 厘,  cos類似度 : -0.19337772006223092
単語 : 採点,  cos類似度 : -0.20669913449574384
単語 : 交渉,  cos類似度 : -0.20691780745175734
単語 : 視聴,  cos類似度 : -0.20887351986623257
-------------------------------
サンプル 251-------
単語 : 買,  cos類似度 : -0.21351714309505737
単語 : ケロッグ,  cos類似度 : -0.2253372178399493
単語 : 報酬,  cos類似度 : -0.2285635902847184
単語 : タイムリー,  cos類似度 : -0.23687504953492894
単語 : ポリオ,  cos類似度 : -0.241633273369313
-------------------------------
サンプル 252-------
単語 : よ,  cos類似度 : 0.5917103222316279
単語 : 見え,  cos類似度 : 0.5876710661304851
単語 : 向う,  cos類似度 : 0.5755720724467007
単語 : 入り口,  cos類似度 : 0.5735308136351295
単語 : 隣,  cos類似度 : 0.5696673009916515
-------------------------------
サンプル 253-------
単語 : 唾液,  cos類似度 : 0.015055068411595837
単語 : パソコン,  cos類似度 : 0.007881588965242029
単語 : 添削,  cos類似度 : 0.004554903150883341
単語 : ファイル,  cos類似度 : 0.0033521412789919145
単語 : プリンター,  cos類似度 : 0.0020764287937921275
-------------------------------
サンプル 254-------
単語 : 横,  cos類似度 : 0.5551997149198354
単語 : 眺め,  cos類似度 : 0.5399403036517957
単語 : 隣,  cos類似度 : 0.5322865267765573
単語 : 向かい側,  cos類似度 : 0.5265411926645815
単語 : 後ろ,  cos類似度 : 0.5262195421126413
-------------------------------
サンプル 255-------
単語 : 入り口,  cos類似度 : 0.5853283794494568
単語 : 横,  cos類似度 : 0.5801479914262252
単語 : 隣,  cos類似度 : 0.5788215914015197
単語 : 向う,  cos類似度 : 0.575195268017511
単語 : 小道,  cos類似度 : 0.5658887841673177
-------------------------------
サンプル 256-------
単語 : よ,  cos類似度 : 0.5610924941658517
単語 : 小道,  cos類似度 : 0.5386079040860957
単語 : ん,  cos類似度 : 0.5375462873089196
単語 : 帰り道,  cos類似度 : 0.5315810213781323
単語 : 建物,  cos類似度 : 0.52676232318785
-------------------------------
サンプル 257-------
単語 : 買,  cos類似度 : -0.22267543899082984
単語 : 応対,  cos類似度 : -0.22846495882830564
単語 : 報酬,  cos類似度 : -0.23143408662094048
単語 : 残業,  cos類似度 : -0.23593035012103236
単語 : 定時,  cos類似度 : -0.2393627282941671
-------------------------------
サンプル 258-------
単語 : 周り,  cos類似度 : 0.5962559086790498
単語 : よ,  cos類似度 : 0.5909614037752551
単語 : 見え,  cos類似度 : 0.5897320420947816
単語 : 隣,  cos類似度 : 0.5832133840694896
単語 : 水色,  cos類似度 : 0.5823876806998228
-------------------------------
サンプル 259-------
単語 : よ,  cos類似度 : 0.6005201436563109
単語 : 景色,  cos類似度 : 0.5989421139142245
単語 : 周り,  cos類似度 : 0.5886066828055861
単語 : 綺麗,  cos類似度 : 0.5876230966487966
単語 : 隣,  cos類似度 : 0.585744130400193
-------------------------------
サンプル 260-------
単語 : 景色,  cos類似度 : 0.6198731411960966
単語 : 隣,  cos類似度 : 0.6062107997129087
単語 : 入り口,  cos類似度 : 0.5961366385541855
単語 : 車窓,  cos類似度 : 0.5947335514261519
単語 : 周り,  cos類似度 : 0.5900990862304812
-------------------------------
サンプル 261-------
単語 : 緑色,  cos類似度 : 0.6036854682475951
単語 : 水色,  cos類似度 : 0.6017134678019067
単語 : 入り口,  cos類似度 : 0.5930979470770156
単語 : よ,  cos類似度 : 0.584982799475821
単語 : 朱色,  cos類似度 : 0.5839559857446055
-------------------------------
サンプル 262-------
単語 : 券,  cos類似度 : 0.04820143737175157
単語 : 接客,  cos類似度 : 0.02569460765115783
単語 : 運賃,  cos類似度 : 0.011091325788117687
単語 : 定員,  cos類似度 : 0.007042747470547144
単語 : ベーカリー,  cos類似度 : 0.0066294851043372325
-------------------------------
サンプル 263-------
単語 : オブジェ,  cos類似度 : 0.5626739552450722
単語 : 茶色,  cos類似度 : 0.5602567759969782
単語 : 壁面,  cos類似度 : 0.557238969464668
単語 : プラスティック,  cos類似度 : 0.5551871854402138
単語 : 葉っぱ,  cos類似度 : 0.5524369368710359
-------------------------------
サンプル 264-------
単語 : よ,  cos類似度 : 0.5970195504822727
単語 : 周り,  cos類似度 : 0.5924673513246984
単語 : 見え,  cos類似度 : 0.58685905596639
単語 : 実,  cos類似度 : 0.5820489379821008
単語 : 緑色,  cos類似度 : 0.5741814186559407
-------------------------------
サンプル 265-------
単語 : 人員,  cos類似度 : 0.102924373452487
単語 : 衣類,  cos類似度 : 0.09895085404363879
単語 : 簡素,  cos類似度 : 0.09379964775416001
単語 : 寝具,  cos類似度 : 0.08958714390138219
単語 : 梱包,  cos類似度 : 0.08908464129922593
-------------------------------
サンプル 266-------
単語 : 買,  cos類似度 : -0.21647418785962164
単語 : ポリオ,  cos類似度 : -0.21902977520636127
単語 : ケロッグ,  cos類似度 : -0.22989205837889246
単語 : ディズニーシー,  cos類似度 : -0.23289716725748236
単語 : 育児,  cos類似度 : -0.23716859488338365
-------------------------------
サンプル 267-------
単語 : 手前,  cos類似度 : 0.58687490282163
単語 : 横,  cos類似度 : 0.5843700002923852
単語 : よ,  cos類似度 : 0.5833148836289429
単語 : 隣,  cos類似度 : 0.5753383106823704
単語 : 入り口,  cos類似度 : 0.5741557744219957
-------------------------------
サンプル 268-------
単語 : 淹,  cos類似度 : -0.17517366300217257
単語 : 見方,  cos類似度 : -0.187593741042159
単語 : 柔,  cos類似度 : -0.211529315614677
単語 : 沸騰,  cos類似度 : -0.2215512584487097
単語 : 創,  cos類似度 : -0.2288777621851097
-------------------------------
サンプル 269-------
単語 : 見方,  cos類似度 : -0.21084270821001885
単語 : 淹,  cos類似度 : -0.23094089318620628
単語 : 買,  cos類似度 : -0.23675393559857164
単語 : 沸騰,  cos類似度 : -0.23917744408895866
単語 : 欧,  cos類似度 : -0.25068792833110654
-------------------------------
サンプル 270-------
単語 : よ,  cos類似度 : 0.5882815558735358
単語 : 隣,  cos類似度 : 0.5791123404656267
単語 : 水色,  cos類似度 : 0.5733070745450332
単語 : 入り口,  cos類似度 : 0.5722923004812634
単語 : 実,  cos類似度 : 0.5713222891098465
-------------------------------
サンプル 271-------
単語 : 入り口,  cos類似度 : 0.5891483136513971
単語 : 水色,  cos類似度 : 0.5873939173203894
単語 : 緑色,  cos類似度 : 0.5865014649529209
単語 : 向う,  cos類似度 : 0.5856984745069889
単語 : よ,  cos類似度 : 0.5849467174257329
-------------------------------
サンプル 272-------
単語 : 定時,  cos類似度 : -0.14449594735280966
単語 : 応対,  cos類似度 : -0.16982729601437735
単語 : 残業,  cos類似度 : -0.1763377060941287
単語 : エラー,  cos類似度 : -0.18128523320502016
単語 : 相談,  cos類似度 : -0.18434705876796137
-------------------------------
サンプル 273-------
単語 : 入り口,  cos類似度 : 0.5893040138671612
単語 : 隣,  cos類似度 : 0.5879819663432697
単語 : 向う,  cos類似度 : 0.5862524007974472
単語 : 周り,  cos類似度 : 0.5831087041282267
単語 : 緑色,  cos類似度 : 0.5784567167537724
-------------------------------
サンプル 274-------
単語 : 見え,  cos類似度 : 0.5974135504195569
単語 : 茶色,  cos類似度 : 0.5910219456754854
単語 : 綺麗,  cos類似度 : 0.5902209539186134
単語 : 緑色,  cos類似度 : 0.5842706088945328
単語 : 木々,  cos類似度 : 0.5834202869736097
-------------------------------
サンプル 275-------
単語 : 口髭,  cos類似度 : 0.23694459529198234
単語 : 風貌,  cos類似度 : 0.23328632583240408
単語 : 見え,  cos類似度 : 0.22452277675424354
単語 : 顔色,  cos類似度 : 0.2211411962045072
単語 : 顔つき,  cos類似度 : 0.22051863036452074
-------------------------------
サンプル 276-------
単語 : 場所,  cos類似度 : 0.5778112610912074
単語 : 入り口,  cos類似度 : 0.572348283743968
単語 : 隣,  cos類似度 : 0.5664833641805965
単語 : よ,  cos類似度 : 0.5648287445770815
単語 : 向う,  cos類似度 : 0.5604500214592079
-------------------------------
サンプル 277-------
単語 : 最初,  cos類似度 : 0.5141218946682155
単語 : 実,  cos類似度 : 0.5139655390082681
単語 : 茶色,  cos類似度 : 0.5039554495293109
単語 : 大きめ,  cos類似度 : 0.5023643909906025
単語 : あまり,  cos類似度 : 0.4999242931308973
-------------------------------
サンプル 278-------
単語 : 許可,  cos類似度 : -0.23126076296962753
単語 : 定時,  cos類似度 : -0.2347032429029794
単語 : 責任,  cos類似度 : -0.23687054324619788
単語 : 買,  cos類似度 : -0.2370603724993036
単語 : 無効,  cos類似度 : -0.24415515913296618
-------------------------------
サンプル 279-------
単語 : 水色,  cos類似度 : 0.5841200509138254
単語 : 横,  cos類似度 : 0.5828027724578563
単語 : 隣,  cos類似度 : 0.5796858703954081
単語 : よ,  cos類似度 : 0.5787838504139757
単語 : 緑色,  cos類似度 : 0.574695732674088
-------------------------------
サンプル 280-------
単語 : 業種,  cos類似度 : -0.16257770765848112
単語 : 買,  cos類似度 : -0.16964823014856437
単語 : 家計,  cos類似度 : -0.1733440685907132
単語 : 親族,  cos類似度 : -0.1774095880787752
単語 : 無効,  cos類似度 : -0.18048133003442726
-------------------------------
サンプル 281-------
単語 : よ,  cos類似度 : 0.5778957744415032
単語 : 水色,  cos類似度 : 0.5759924508912861
単語 : 見え,  cos類似度 : 0.572117088420972
単語 : 緑色,  cos類似度 : 0.5702981465105236
単語 : 隣,  cos類似度 : 0.5701505989317718
-------------------------------
サンプル 282-------
単語 : 周り,  cos類似度 : 0.5802455365403225
単語 : 入り口,  cos類似度 : 0.5771321564766693
単語 : 隣,  cos類似度 : 0.5749819830314118
単語 : 水色,  cos類似度 : 0.5748580125286842
単語 : 見え,  cos類似度 : 0.5689912248229919
-------------------------------
サンプル 283-------
単語 : 水色,  cos類似度 : 0.5823869222682151
単語 : よ,  cos類似度 : 0.5716576564905561
単語 : 夕暮れ,  cos類似度 : 0.561367787977418
単語 : 緑色,  cos類似度 : 0.5603710576862179
単語 : カラフル,  cos類似度 : 0.5584835405472482
-------------------------------
サンプル 284-------
単語 : 隣,  cos類似度 : 0.600965065674495
単語 : 周り,  cos類似度 : 0.5919961084104783
単語 : 入り口,  cos類似度 : 0.5855981076353435
単語 : よ,  cos類似度 : 0.5814997373879347
単語 : 辺り,  cos類似度 : 0.5734317085727598
-------------------------------
サンプル 285-------
単語 : 見え,  cos類似度 : 0.5923623941002786
単語 : 水色,  cos類似度 : 0.5865400216728603
単語 : よ,  cos類似度 : 0.5835423443455506
単語 : 緑色,  cos類似度 : 0.5798072242362267
単語 : 茶色,  cos類似度 : 0.575208469826821
-------------------------------
サンプル 286-------
単語 : よ,  cos類似度 : 0.5849901444636983
単語 : 景色,  cos類似度 : 0.5808814840810942
単語 : 夕暮れ,  cos類似度 : 0.580856915409733
単語 : 見え,  cos類似度 : 0.5802207747655737
単語 : 水色,  cos類似度 : 0.5795389101018211
-------------------------------
サンプル 287-------
単語 : 木々,  cos類似度 : 0.5801687332469152
単語 : 実,  cos類似度 : 0.5617194345633242
単語 : 見え,  cos類似度 : 0.5590765810991427
単語 : 茂み,  cos類似度 : 0.55734280507811
単語 : てっぺん,  cos類似度 : 0.5551675397284953
-------------------------------
サンプル 288-------
単語 : よ,  cos類似度 : 0.5996446719683379
単語 : ん,  cos類似度 : 0.5834329453663417
単語 : 実,  cos類似度 : 0.5696071631986818
単語 : オブジェ,  cos類似度 : 0.5641319069484115
単語 : 見え,  cos類似度 : 0.5624081234352073
-------------------------------
サンプル 289-------
単語 : 緑色,  cos類似度 : 0.5852419057921414
単語 : 見え,  cos類似度 : 0.572583095312767
単語 : 紫色,  cos類似度 : 0.5662152889612957
単語 : 銀色,  cos類似度 : 0.5611375039473411
単語 : 水色,  cos類似度 : 0.5574703442269667
-------------------------------
サンプル 290-------
単語 : 買,  cos類似度 : -0.22597025049246283
単語 : 淹,  cos類似度 : -0.2330637753622498
単語 : ポリオ,  cos類似度 : -0.238099990140962
単語 : 報酬,  cos類似度 : -0.2449331101669403
単語 : 見方,  cos類似度 : -0.2510751809387807
-------------------------------
サンプル 291-------
単語 : 水色,  cos類似度 : 0.5880091415506719
単語 : よ,  cos類似度 : 0.5874851351454954
単語 : 見え,  cos類似度 : 0.5823365336326639
単語 : 緑色,  cos類似度 : 0.5790244753505773
単語 : 実,  cos類似度 : 0.5747742664854198
-------------------------------
サンプル 292-------
単語 : 外側,  cos類似度 : 0.5616933994520221
単語 : 内側,  cos類似度 : 0.5584295398746336
単語 : 無数,  cos類似度 : 0.5518198409688942
単語 : 実,  cos類似度 : 0.5475093018380551
単語 : 緑色,  cos類似度 : 0.5433299179039717
-------------------------------
サンプル 293-------
単語 : 買,  cos類似度 : -0.20319227810891824
単語 : 緊急,  cos類似度 : -0.2180189655638729
単語 : ポリオ,  cos類似度 : -0.22327902555567072
単語 : 報酬,  cos類似度 : -0.22669721881704624
単語 : タイムリー,  cos類似度 : -0.22828348196965126
-------------------------------
サンプル 294-------
単語 : よ,  cos類似度 : 0.5854763632223999
単語 : 周り,  cos類似度 : 0.5853152889990293
単語 : 向う,  cos類似度 : 0.5829301102353633
単語 : 入り口,  cos類似度 : 0.5811542961881112
単語 : 隣,  cos類似度 : 0.5764882617799687
-------------------------------
サンプル 295-------
単語 : 構造,  cos類似度 : 0.31046569108230626
単語 : 防火,  cos類似度 : 0.29597174719301894
単語 : 設置,  cos類似度 : 0.29117496193281495
単語 : 区分け,  cos類似度 : 0.2781455605940312
単語 : 用途,  cos類似度 : 0.27366139121695615
-------------------------------
サンプル 296-------
単語 : 定時,  cos類似度 : -0.23032219026654338
単語 : 定員,  cos類似度 : -0.23068038010415573
単語 : 買,  cos類似度 : -0.23081442654148576
単語 : ポリオ,  cos類似度 : -0.23824119050712747
単語 : 保険,  cos類似度 : -0.24167180680893224
-------------------------------
サンプル 297-------
単語 : 隣,  cos類似度 : 0.5931283588238637
単語 : よ,  cos類似度 : 0.591651321897552
単語 : 見え,  cos類似度 : 0.5909346245161946
単語 : 入り口,  cos類似度 : 0.5895156662201556
単語 : 周り,  cos類似度 : 0.5855540559985306
-------------------------------
サンプル 298-------
単語 : 茶色,  cos類似度 : 0.5719048891535109
単語 : 緑色,  cos類似度 : 0.5652225502607615
単語 : 色,  cos類似度 : 0.5565314871242646
単語 : 真っ白,  cos類似度 : 0.5491207594898253
単語 : 水色,  cos類似度 : 0.54241546183519
-------------------------------
サンプル 299-------
単語 : 茶色,  cos類似度 : 0.6204313419824602
単語 : 緑色,  cos類似度 : 0.6070603229064901
単語 : 色,  cos類似度 : 0.5960511925126586
単語 : 黄色,  cos類似度 : 0.5909477213446456
単語 : ピンク,  cos類似度 : 0.5783316469158881
-------------------------------
サンプル 300-------
単語 : 周り,  cos類似度 : 0.5864535100030722
単語 : 入り口,  cos類似度 : 0.5831881736762469
単語 : よ,  cos類似度 : 0.5811187478972357
単語 : 場所,  cos類似度 : 0.5798733023411372
単語 : 隣,  cos類似度 : 0.5769799152836321
-------------------------------
サンプル 301-------
単語 : 緑色,  cos類似度 : 0.5878699407258725
単語 : 綺麗,  cos類似度 : 0.5701161586206857
単語 : きれい,  cos類似度 : 0.5689225465152739
単語 : 茶色,  cos類似度 : 0.5631312725577815
単語 : 壁面,  cos類似度 : 0.559496248002759
-------------------------------
サンプル 302-------
単語 : 実,  cos類似度 : 0.5431870150306991
単語 : 物体,  cos類似度 : 0.5322432955396437
単語 : 物,  cos類似度 : 0.5221493081335605
単語 : 場所,  cos類似度 : 0.5180789778906164
単語 : 球体,  cos類似度 : 0.5125764533978663
-------------------------------
