サンプル 2-------
単語 : ふもと,  cos類似度 : 0.5889418580254655
単語 : 緑,  cos類似度 : 0.5861902024180243
単語 : 山側,  cos類似度 : 0.5782470621911132
単語 : 山,  cos類似度 : 0.5713858966948024
単語 : 景色,  cos類似度 : 0.5684657334396599
-------------------------------
サンプル 3-------
単語 : 小道,  cos類似度 : 0.5744277992551593
単語 : 散策,  cos類似度 : 0.564760483445032
単語 : 趣,  cos類似度 : 0.556351961296298
単語 : 風情,  cos類似度 : 0.5285075079187732
単語 : 湖畔,  cos類似度 : 0.5225300759043034
-------------------------------
サンプル 4-------
単語 : 景色,  cos類似度 : 0.5998440177209718
単語 : 木々,  cos類似度 : 0.5942587729466923
単語 : 小道,  cos類似度 : 0.5907165722441966
単語 : 夕暮れ,  cos類似度 : 0.5903728305497938
単語 : 入り口,  cos類似度 : 0.5881829245888268
-------------------------------
サンプル 5-------
単語 : 湖面,  cos類似度 : 0.6147886286726765
単語 : 川面,  cos類似度 : 0.60019770496718
単語 : 眼下,  cos類似度 : 0.5999211611523314
単語 : 夕暮れ,  cos類似度 : 0.5950740296537488
単語 : 夕闇,  cos類似度 : 0.5819620572622151
-------------------------------
サンプル 6-------
単語 : 向かい側,  cos類似度 : 0.323115032661858
単語 : 隣,  cos類似度 : 0.31603863671593824
単語 : 背丈,  cos類似度 : 0.30390019875560603
単語 : ふもと,  cos類似度 : 0.29957431672716717
単語 : 眺め,  cos類似度 : 0.2976030685153891
-------------------------------
サンプル 7-------
単語 : 見方,  cos類似度 : -0.17550612962485582
単語 : 語学,  cos類似度 : -0.18415496717966126
単語 : 責任,  cos類似度 : -0.19267034658610982
単語 : 国籍,  cos類似度 : -0.19388389807350795
単語 : 残業,  cos類似度 : -0.19710362848899213
-------------------------------
サンプル 8-------
単語 : 見え,  cos類似度 : 0.6076998831035016
単語 : よ,  cos類似度 : 0.5906596514551632
単語 : 隣,  cos類似度 : 0.5822542438837907
単語 : 実,  cos類似度 : 0.5821270151225455
単語 : 水色,  cos類似度 : 0.5755124286038733
-------------------------------
サンプル 9-------
単語 : 景色,  cos類似度 : 0.5768925890321714
単語 : 入り口,  cos類似度 : 0.5697277313968376
単語 : 木々,  cos類似度 : 0.5688390162399144
単語 : 小道,  cos類似度 : 0.5624467049363564
単語 : よ,  cos類似度 : 0.5553245218654737
-------------------------------
サンプル 10-------
単語 : 小道,  cos類似度 : 0.5941441344232201
単語 : 木々,  cos類似度 : 0.58738139047048
単語 : よ,  cos類似度 : 0.5791416418254539
単語 : 山,  cos類似度 : 0.5707969281121779
単語 : 入り口,  cos類似度 : 0.5696890950343789
-------------------------------
サンプル 11-------
単語 : ポリオ,  cos類似度 : -0.2325104361715448
単語 : 消化,  cos類似度 : -0.23863040637263863
単語 : 淹,  cos類似度 : -0.2391843007793401
単語 : 休暇,  cos類似度 : -0.2483702299204791
単語 : 買,  cos類似度 : -0.25384053997972467
-------------------------------
サンプル 12-------
単語 : よ,  cos類似度 : 0.5996941090380706
単語 : 周り,  cos類似度 : 0.5831027950735361
単語 : カラフル,  cos類似度 : 0.5815059124604697
単語 : 景色,  cos類似度 : 0.5769609013506081
単語 : 水色,  cos類似度 : 0.5762912524199985
-------------------------------
サンプル 13-------
単語 : 木々,  cos類似度 : 0.5951695667019516
単語 : 向う,  cos類似度 : 0.5903325047394998
単語 : 緑色,  cos類似度 : 0.5883722047310651
単語 : 夕暮れ,  cos類似度 : 0.5837865308656341
単語 : 小道,  cos類似度 : 0.5830150476390239
-------------------------------
サンプル 14-------
単語 : 淹,  cos類似度 : -0.23025249178934581
単語 : 買,  cos類似度 : -0.23493392262973356
単語 : ディス,  cos類似度 : -0.25927629028570154
単語 : 願,  cos類似度 : -0.25954545862748324
単語 : 栽,  cos類似度 : -0.2600142932296869
-------------------------------
サンプル 15-------
単語 : 再会,  cos類似度 : 0.11813000620799843
単語 : 独り,  cos類似度 : 0.11740900776440313
単語 : 行く末,  cos類似度 : 0.11409390182459861
単語 : 安らか,  cos類似度 : 0.10769989994659791
単語 : 戦慄,  cos類似度 : 0.1034627020501052
-------------------------------
サンプル 16-------
単語 : 緑色,  cos類似度 : 0.5912113937277205
単語 : 入り口,  cos類似度 : 0.5907437535816121
単語 : 隣,  cos類似度 : 0.5880751750588956
単語 : 向う,  cos類似度 : 0.5855893217893003
単語 : 水色,  cos類似度 : 0.5804278959227742
-------------------------------
サンプル 17-------
単語 : 栽,  cos類似度 : -0.1914039171561399
単語 : 淹,  cos類似度 : -0.20582893708478212
単語 : 衛生,  cos類似度 : -0.20632024667313786
単語 : 降伏,  cos類似度 : -0.21365635674539277
単語 : 許可,  cos類似度 : -0.2214660278326024
-------------------------------
サンプル 18-------
単語 : 景色,  cos類似度 : 0.5584390635476153
単語 : 隣,  cos類似度 : 0.53268702540139
単語 : 向う,  cos類似度 : 0.531823837635117
単語 : 風景,  cos類似度 : 0.530772342372754
単語 : 周り,  cos類似度 : 0.5299778736037296
-------------------------------
サンプル 19-------
単語 : 周り,  cos類似度 : 0.45226421822281376
単語 : まわり,  cos類似度 : 0.42290784625946304
単語 : 内側,  cos類似度 : 0.40743495167917504
単語 : 欄干,  cos類似度 : 0.39983308954296365
単語 : 端,  cos類似度 : 0.39261573497576174
-------------------------------
サンプル 20-------
単語 : 見え,  cos類似度 : 0.594634736724185
単語 : 隣,  cos類似度 : 0.5868128297094968
単語 : 入り口,  cos類似度 : 0.586077098136433
単語 : 向う,  cos類似度 : 0.5854794928758239
単語 : 周り,  cos類似度 : 0.5800080837030214
-------------------------------
サンプル 21-------
単語 : 灰色,  cos類似度 : 0.2320665534785945
単語 : 桃色,  cos類似度 : 0.21216103069694
単語 : 群青,  cos類似度 : 0.20254380590502938
単語 : 霧,  cos類似度 : 0.1993332382246927
単語 : 朝焼け,  cos類似度 : 0.19788854261196231
-------------------------------
サンプル 22-------
単語 : 向う,  cos類似度 : 0.5879707387471532
単語 : 辺り,  cos類似度 : 0.5831922901463721
単語 : 隣,  cos類似度 : 0.582309393374673
単語 : 見え,  cos類似度 : 0.5788178346597916
単語 : 真ん中,  cos類似度 : 0.5779809165874329
-------------------------------
サンプル 23-------
単語 : 雲,  cos類似度 : 0.05679627126242227
単語 : 不穏,  cos類似度 : 0.05142779743947973
単語 : 暗雲,  cos類似度 : 0.04881144548577824
単語 : 絶海,  cos類似度 : 0.048442846257773266
単語 : 寒気,  cos類似度 : 0.04721423726704719
-------------------------------
サンプル 24-------
単語 : 緑色,  cos類似度 : 0.5963230825461923
単語 : 見え,  cos類似度 : 0.5950464398146768
単語 : 茶色,  cos類似度 : 0.5783770916253045
単語 : 木々,  cos類似度 : 0.577406258076927
単語 : 周り,  cos類似度 : 0.5767000343561061
-------------------------------
サンプル 25-------
単語 : 割り,  cos類似度 : 0.22726512673154098
単語 : わり,  cos類似度 : 0.22447636781924193
単語 : 結構,  cos類似度 : 0.21432533471913698
単語 : せい,  cos類似度 : 0.19776130309663928
単語 : 讃,  cos類似度 : 0.19447487009461906
-------------------------------
サンプル 26-------
単語 : 男女,  cos類似度 : 0.2934778172167746
単語 : 高齢,  cos類似度 : 0.27976097632686797
単語 : 熟年,  cos類似度 : 0.2755793544112764
単語 : 突起,  cos類似度 : 0.27174789199329785
単語 : 角形,  cos類似度 : 0.27143647369834795
-------------------------------
サンプル 27-------
単語 : 女の子,  cos類似度 : 0.5477277610231667
単語 : よ,  cos類似度 : 0.5349813633782665
単語 : カラフル,  cos類似度 : 0.5265975061162018
単語 : 売り物,  cos類似度 : 0.5235006611969468
単語 : 水玉,  cos類似度 : 0.5145760895897353
-------------------------------
サンプル 28-------
単語 : よ,  cos類似度 : 0.6011663451791691
単語 : 入り口,  cos類似度 : 0.5816447793104778
単語 : ん,  cos類似度 : 0.574959582881807
単語 : 隣,  cos類似度 : 0.5733790977687897
単語 : 実,  cos類似度 : 0.5690842293712313
-------------------------------
サンプル 29-------
単語 : 買,  cos類似度 : -0.13759555180883928
単語 : 保険,  cos類似度 : -0.1470131580909857
単語 : 定員,  cos類似度 : -0.15267527317552895
単語 : 報酬,  cos類似度 : -0.15432602836925557
単語 : 景品,  cos類似度 : -0.15747460973118918
-------------------------------
サンプル 30-------
単語 : 周り,  cos類似度 : 0.5633499708894724
単語 : 小道,  cos類似度 : 0.5628689701441563
単語 : 水色,  cos類似度 : 0.5606422746338464
単語 : 手前,  cos類似度 : 0.5594610383628292
単語 : 緑色,  cos類似度 : 0.557644701407872
-------------------------------
サンプル 31-------
単語 : 胃,  cos類似度 : -0.18112286255307222
単語 : お腹,  cos類似度 : -0.1948717517408699
単語 : 腸,  cos類似度 : -0.1984857575026049
単語 : 耳鳴り,  cos類似度 : -0.2067012154308902
単語 : 腹部,  cos類似度 : -0.20743332448379173
-------------------------------
サンプル 32-------
単語 : 緑色,  cos類似度 : 0.601063629489355
単語 : 入り口,  cos類似度 : 0.594688520782587
単語 : 隣,  cos類似度 : 0.5909450406296564
単語 : 横,  cos類似度 : 0.5874171699224163
単語 : 緑,  cos類似度 : 0.5872880006091028
-------------------------------
サンプル 33-------
単語 : 音痴,  cos類似度 : 0.06942131014490781
単語 : どん,  cos類似度 : 0.05144518196354487
単語 : 遅れ,  cos類似度 : 0.051190853532122216
単語 : 北朝鮮,  cos類似度 : 0.04909746243531425
単語 : 戦後,  cos類似度 : 0.0460097032728798
-------------------------------
サンプル 34-------
単語 : カク,  cos類似度 : -0.1156767107315515
単語 : ナサ,  cos類似度 : -0.12925219591590512
単語 : ウルトラマン,  cos類似度 : -0.131834641127376
単語 : こうそく,  cos類似度 : -0.1359141454532214
単語 : 拝啓,  cos類似度 : -0.13672849028259268
-------------------------------
サンプル 35-------
単語 : 型,  cos類似度 : 0.027526803548433107
単語 : 保険,  cos類似度 : 0.017122430162885116
単語 : 緩和,  cos類似度 : 0.0061613678938081794
単語 : 食品,  cos類似度 : -1.32445818301376e-05
単語 : 略称,  cos類似度 : -0.008999705846523265
-------------------------------
サンプル 36-------
単語 : 入り口,  cos類似度 : 0.5889600817390093
単語 : 見え,  cos類似度 : 0.5852826497131364
単語 : 景色,  cos類似度 : 0.5800556676322757
単語 : 小道,  cos類似度 : 0.5787078950804616
単語 : 隣,  cos類似度 : 0.5785969460949663
-------------------------------
サンプル 37-------
単語 : 業種,  cos類似度 : -0.09990072274337936
単語 : 型,  cos類似度 : -0.11552497322878222
単語 : 事業,  cos類似度 : -0.12298554976005287
単語 : 保険,  cos類似度 : -0.12543586933060896
単語 : 科目,  cos類似度 : -0.12997553366561782
-------------------------------
サンプル 38-------
単語 : 小枝,  cos類似度 : 0.4808376266407347
単語 : おり,  cos類似度 : 0.47831291276818144
単語 : 小道,  cos類似度 : 0.4631410876149438
単語 : あちこち,  cos類似度 : 0.4625219243255062
単語 : 無数,  cos類似度 : 0.45868262921719366
-------------------------------
サンプル 39-------
単語 : 緑色,  cos類似度 : 0.6481251225513347
単語 : 水色,  cos類似度 : 0.6175333877991755
単語 : 深緑,  cos類似度 : 0.6102866869833788
単語 : 茶色,  cos類似度 : 0.6053775704907558
単語 : 影,  cos類似度 : 0.5956063664597303
-------------------------------
サンプル 40-------
単語 : 周り,  cos類似度 : 0.6043133125277063
単語 : よ,  cos類似度 : 0.5946239257462012
単語 : 隣,  cos類似度 : 0.5869255334502234
単語 : 横,  cos類似度 : 0.5813959135331264
単語 : 見え,  cos類似度 : 0.5778147644601764
-------------------------------
サンプル 41-------
単語 : よ,  cos類似度 : 0.553253617361287
単語 : 場所,  cos類似度 : 0.543121858782642
単語 : 地面,  cos類似度 : 0.5380523864094784
単語 : 椅子,  cos類似度 : 0.5315521983831315
単語 : 周り,  cos類似度 : 0.5283398850643228
-------------------------------
サンプル 42-------
単語 : 地面,  cos類似度 : 0.5998669751974003
単語 : 茂み,  cos類似度 : 0.5573103120101449
単語 : 緑色,  cos類似度 : 0.5524046881018929
単語 : 水色,  cos類似度 : 0.5501165290418805
単語 : 真横,  cos類似度 : 0.5499332979172139
-------------------------------
サンプル 43-------
単語 : 濡れ,  cos類似度 : 0.42347610960744403
単語 : 撮影,  cos類似度 : 0.4098582233592044
単語 : 水面,  cos類似度 : 0.4050990605960414
単語 : 肉眼,  cos類似度 : 0.3944883648343415
単語 : 真っ白,  cos類似度 : 0.3943962971581398
-------------------------------
サンプル 44-------
単語 : 見え,  cos類似度 : 0.6165947123013471
単語 : 緑色,  cos類似度 : 0.6102424522024283
単語 : 空,  cos類似度 : 0.6029112456931836
単語 : 水色,  cos類似度 : 0.6022666800591234
単語 : 夕暮れ,  cos類似度 : 0.5955596255059631
-------------------------------
サンプル 45-------
単語 : 見え,  cos類似度 : 0.6003382291752658
単語 : 緑色,  cos類似度 : 0.5807436641819405
単語 : 茶色,  cos類似度 : 0.5755361046145719
単語 : 木々,  cos類似度 : 0.5701639956089631
単語 : 綺麗,  cos類似度 : 0.5662593492544483
-------------------------------
サンプル 46-------
単語 : モニター,  cos類似度 : 0.20109528399634305
単語 : 傷,  cos類似度 : 0.19201931257225777
単語 : 赤ちゃん,  cos類似度 : 0.18439093284464989
単語 : しずく,  cos類似度 : 0.18318718002567214
単語 : 片方,  cos類似度 : 0.17835917748972063
-------------------------------
サンプル 47-------
単語 : グル,  cos類似度 : -0.034184225017664154
単語 : 機密,  cos類似度 : -0.04807901718631244
単語 : 要人,  cos類似度 : -0.05850073188442254
単語 : 発覚,  cos類似度 : -0.06034920175361116
単語 : 音痴,  cos類似度 : -0.061485081798441046
-------------------------------
サンプル 48-------
単語 : 緑色,  cos類似度 : 0.6208820704885041
単語 : 水色,  cos類似度 : 0.6043686321786901
単語 : 茶色,  cos類似度 : 0.5969913655388277
単語 : 実,  cos類似度 : 0.5891224591287936
単語 : 緑,  cos類似度 : 0.5868273417200089
-------------------------------
サンプル 49-------
単語 : 買,  cos類似度 : -0.20309402509526805
単語 : ポリオ,  cos類似度 : -0.2337545774260995
単語 : 報酬,  cos類似度 : -0.23431505843172495
単語 : 保険,  cos類似度 : -0.23531889506266737
単語 : 支払い,  cos類似度 : -0.2404288327835104
-------------------------------
サンプル 50-------
単語 : ベージュ,  cos類似度 : 0.3896139634199615
単語 : 同系,  cos類似度 : 0.37939304290999365
単語 : アイボリー,  cos類似度 : 0.36726612253805224
単語 : 同色,  cos類似度 : 0.3658704927335169
単語 : 着用,  cos類似度 : 0.3631094640739185
-------------------------------
サンプル 51-------
単語 : 水色,  cos類似度 : 0.6002564824547925
単語 : 緑色,  cos類似度 : 0.5913565254959429
単語 : よ,  cos類似度 : 0.5862390547385012
単語 : 茶色,  cos類似度 : 0.5837171422284027
単語 : カラフル,  cos類似度 : 0.5793289633343752
-------------------------------
サンプル 52-------
単語 : 緑色,  cos類似度 : 0.5929184613302289
単語 : 木々,  cos類似度 : 0.5894018107164897
単語 : 入り口,  cos類似度 : 0.5870565595524744
単語 : 向う,  cos類似度 : 0.5855113102769267
単語 : 夕暮れ,  cos類似度 : 0.583558765777575
-------------------------------
サンプル 53-------
単語 : 舗道,  cos類似度 : 0.24997499896148118
単語 : 銀色,  cos類似度 : 0.20882441027878135
単語 : 街灯,  cos類似度 : 0.1960772820569874
単語 : 夕闇,  cos類似度 : 0.1930364053709273
単語 : 三日月,  cos類似度 : 0.18634954788488756
-------------------------------
サンプル 54-------
単語 : 束の間,  cos類似度 : 0.1349763175606708
単語 : 雪解け,  cos類似度 : 0.12092320495938946
単語 : 急,  cos類似度 : 0.10470432037828013
単語 : 雨上がり,  cos類似度 : 0.10161666180418251
単語 : つかの間,  cos類似度 : 0.10127596819099034
-------------------------------
サンプル 55-------
単語 : 見え,  cos類似度 : 0.6002245607591175
単語 : 影,  cos類似度 : 0.5990616940203566
単語 : 緑色,  cos類似度 : 0.5936210726238929
単語 : 辺り,  cos類似度 : 0.5859478352433749
単語 : 手前,  cos類似度 : 0.5847501121712083
-------------------------------
サンプル 56-------
単語 : 緑色,  cos類似度 : 0.6091181844921736
単語 : 手前,  cos類似度 : 0.6025946584497297
単語 : 緑,  cos類似度 : 0.60182080341317
単語 : 見え,  cos類似度 : 0.5984515971125622
単語 : 隣,  cos類似度 : 0.5970209368037891
-------------------------------
サンプル 57-------
単語 : 保険,  cos類似度 : -0.07552997004297192
単語 : 入力,  cos類似度 : -0.08852004172070474
単語 : 業務,  cos類似度 : -0.09038856508844859
単語 : 報酬,  cos類似度 : -0.09191984949877453
単語 : 医療,  cos類似度 : -0.09697788197574071
-------------------------------
サンプル 58-------
単語 : 緑色,  cos類似度 : 0.5915303938349837
単語 : 色,  cos類似度 : 0.5839772974411584
単語 : 手前,  cos類似度 : 0.5788165476492754
単語 : 茶色,  cos類似度 : 0.574979890732298
単語 : 実,  cos類似度 : 0.5736125156833695
-------------------------------
サンプル 59-------
単語 : 場所,  cos類似度 : 0.5698442369788959
単語 : 手前,  cos類似度 : 0.5671760612795429
単語 : 実,  cos類似度 : 0.5665921329736349
単語 : よ,  cos類似度 : 0.5625181432434148
単語 : 綺麗,  cos類似度 : 0.5606501051660199
-------------------------------
サンプル 60-------
単語 : よ,  cos類似度 : 0.6054391424881651
単語 : 実,  cos類似度 : 0.588758644375572
単語 : 見え,  cos類似度 : 0.5870368295472393
単語 : 手前,  cos類似度 : 0.5835997657941229
単語 : 緑色,  cos類似度 : 0.5774826070299155
-------------------------------
サンプル 61-------
単語 : 間接,  cos類似度 : -0.14156866946760388
単語 : 破損,  cos類似度 : -0.1513461600105468
単語 : 交換,  cos類似度 : -0.1605793647120428
単語 : キット,  cos類似度 : -0.1614851947851471
単語 : グロス,  cos類似度 : -0.16371808184054532
-------------------------------
サンプル 62-------
単語 : ふもと,  cos類似度 : 0.5889418580254655
単語 : 緑,  cos類似度 : 0.5861902024180243
単語 : 山側,  cos類似度 : 0.5782470621911132
単語 : 山,  cos類似度 : 0.5713858966948024
単語 : 景色,  cos類似度 : 0.5684657334396599
-------------------------------
サンプル 63-------
単語 : 小道,  cos類似度 : 0.5744277992551593
単語 : 散策,  cos類似度 : 0.564760483445032
単語 : 趣,  cos類似度 : 0.556351961296298
単語 : 風情,  cos類似度 : 0.5285075079187732
単語 : 湖畔,  cos類似度 : 0.5225300759043034
-------------------------------
サンプル 64-------
単語 : 景色,  cos類似度 : 0.5998440177209718
単語 : 木々,  cos類似度 : 0.5942587729466923
単語 : 小道,  cos類似度 : 0.5907165722441966
単語 : 夕暮れ,  cos類似度 : 0.5903728305497938
単語 : 入り口,  cos類似度 : 0.5881829245888268
-------------------------------
サンプル 65-------
単語 : 湖面,  cos類似度 : 0.6147886286726765
単語 : 川面,  cos類似度 : 0.60019770496718
単語 : 眼下,  cos類似度 : 0.5999211611523314
単語 : 夕暮れ,  cos類似度 : 0.5950740296537488
単語 : 夕闇,  cos類似度 : 0.5819620572622151
-------------------------------
サンプル 66-------
単語 : 向かい側,  cos類似度 : 0.323115032661858
単語 : 隣,  cos類似度 : 0.31603863671593824
単語 : 背丈,  cos類似度 : 0.30390019875560603
単語 : ふもと,  cos類似度 : 0.29957431672716717
単語 : 眺め,  cos類似度 : 0.2976030685153891
-------------------------------
サンプル 67-------
単語 : 見方,  cos類似度 : -0.17550612962485582
単語 : 語学,  cos類似度 : -0.18415496717966126
単語 : 責任,  cos類似度 : -0.19267034658610982
単語 : 国籍,  cos類似度 : -0.19388389807350795
単語 : 残業,  cos類似度 : -0.19710362848899213
-------------------------------
サンプル 68-------
単語 : 見え,  cos類似度 : 0.6076998831035016
単語 : よ,  cos類似度 : 0.5906596514551632
単語 : 隣,  cos類似度 : 0.5822542438837907
単語 : 実,  cos類似度 : 0.5821270151225455
単語 : 水色,  cos類似度 : 0.5755124286038733
-------------------------------
サンプル 69-------
単語 : 景色,  cos類似度 : 0.5768925890321714
単語 : 入り口,  cos類似度 : 0.5697277313968376
単語 : 木々,  cos類似度 : 0.5688390162399144
単語 : 小道,  cos類似度 : 0.5624467049363564
単語 : よ,  cos類似度 : 0.5553245218654737
-------------------------------
サンプル 70-------
単語 : 小道,  cos類似度 : 0.5941441344232201
単語 : 木々,  cos類似度 : 0.58738139047048
単語 : よ,  cos類似度 : 0.5791416418254539
単語 : 山,  cos類似度 : 0.5707969281121779
単語 : 入り口,  cos類似度 : 0.5696890950343789
-------------------------------
サンプル 71-------
単語 : ポリオ,  cos類似度 : -0.2325104361715448
単語 : 消化,  cos類似度 : -0.23863040637263863
単語 : 淹,  cos類似度 : -0.2391843007793401
単語 : 休暇,  cos類似度 : -0.2483702299204791
単語 : 買,  cos類似度 : -0.25384053997972467
-------------------------------
サンプル 72-------
単語 : よ,  cos類似度 : 0.5996941090380706
単語 : 周り,  cos類似度 : 0.5831027950735361
単語 : カラフル,  cos類似度 : 0.5815059124604697
単語 : 景色,  cos類似度 : 0.5769609013506081
単語 : 水色,  cos類似度 : 0.5762912524199985
-------------------------------
サンプル 73-------
単語 : 木々,  cos類似度 : 0.5951695667019516
単語 : 向う,  cos類似度 : 0.5903325047394998
単語 : 緑色,  cos類似度 : 0.5883722047310651
単語 : 夕暮れ,  cos類似度 : 0.5837865308656341
単語 : 小道,  cos類似度 : 0.5830150476390239
-------------------------------
サンプル 74-------
単語 : 淹,  cos類似度 : -0.23025249178934581
単語 : 買,  cos類似度 : -0.23493392262973356
単語 : ディス,  cos類似度 : -0.25927629028570154
単語 : 願,  cos類似度 : -0.25954545862748324
単語 : 栽,  cos類似度 : -0.2600142932296869
-------------------------------
サンプル 75-------
単語 : 再会,  cos類似度 : 0.11813000620799843
単語 : 独り,  cos類似度 : 0.11740900776440313
単語 : 行く末,  cos類似度 : 0.11409390182459861
単語 : 安らか,  cos類似度 : 0.10769989994659791
単語 : 戦慄,  cos類似度 : 0.1034627020501052
-------------------------------
サンプル 76-------
単語 : 緑色,  cos類似度 : 0.5912113937277205
単語 : 入り口,  cos類似度 : 0.5907437535816121
単語 : 隣,  cos類似度 : 0.5880751750588956
単語 : 向う,  cos類似度 : 0.5855893217893003
単語 : 水色,  cos類似度 : 0.5804278959227742
-------------------------------
サンプル 77-------
単語 : 栽,  cos類似度 : -0.1914039171561399
単語 : 淹,  cos類似度 : -0.20582893708478212
単語 : 衛生,  cos類似度 : -0.20632024667313786
単語 : 降伏,  cos類似度 : -0.21365635674539277
単語 : 許可,  cos類似度 : -0.2214660278326024
-------------------------------
サンプル 78-------
単語 : 景色,  cos類似度 : 0.5584390635476153
単語 : 隣,  cos類似度 : 0.53268702540139
単語 : 向う,  cos類似度 : 0.531823837635117
単語 : 風景,  cos類似度 : 0.530772342372754
単語 : 周り,  cos類似度 : 0.5299778736037296
-------------------------------
サンプル 79-------
単語 : 周り,  cos類似度 : 0.45226421822281376
単語 : まわり,  cos類似度 : 0.42290784625946304
単語 : 内側,  cos類似度 : 0.40743495167917504
単語 : 欄干,  cos類似度 : 0.39983308954296365
単語 : 端,  cos類似度 : 0.39261573497576174
-------------------------------
サンプル 80-------
単語 : 見え,  cos類似度 : 0.594634736724185
単語 : 隣,  cos類似度 : 0.5868128297094968
単語 : 入り口,  cos類似度 : 0.586077098136433
単語 : 向う,  cos類似度 : 0.5854794928758239
単語 : 周り,  cos類似度 : 0.5800080837030214
-------------------------------
サンプル 81-------
単語 : 灰色,  cos類似度 : 0.2320665534785945
単語 : 桃色,  cos類似度 : 0.21216103069694
単語 : 群青,  cos類似度 : 0.20254380590502938
単語 : 霧,  cos類似度 : 0.1993332382246927
単語 : 朝焼け,  cos類似度 : 0.19788854261196231
-------------------------------
サンプル 82-------
単語 : 向う,  cos類似度 : 0.5879707387471532
単語 : 辺り,  cos類似度 : 0.5831922901463721
単語 : 隣,  cos類似度 : 0.582309393374673
単語 : 見え,  cos類似度 : 0.5788178346597916
単語 : 真ん中,  cos類似度 : 0.5779809165874329
-------------------------------
サンプル 83-------
単語 : 雲,  cos類似度 : 0.05679627126242227
単語 : 不穏,  cos類似度 : 0.05142779743947973
単語 : 暗雲,  cos類似度 : 0.04881144548577824
単語 : 絶海,  cos類似度 : 0.048442846257773266
単語 : 寒気,  cos類似度 : 0.04721423726704719
-------------------------------
サンプル 84-------
単語 : 緑色,  cos類似度 : 0.5963230825461923
単語 : 見え,  cos類似度 : 0.5950464398146768
単語 : 茶色,  cos類似度 : 0.5783770916253045
単語 : 木々,  cos類似度 : 0.577406258076927
単語 : 周り,  cos類似度 : 0.5767000343561061
-------------------------------
サンプル 85-------
単語 : 割り,  cos類似度 : 0.22726512673154098
単語 : わり,  cos類似度 : 0.22447636781924193
単語 : 結構,  cos類似度 : 0.21432533471913698
単語 : せい,  cos類似度 : 0.19776130309663928
単語 : 讃,  cos類似度 : 0.19447487009461906
-------------------------------
サンプル 86-------
単語 : 男女,  cos類似度 : 0.2934778172167746
単語 : 高齢,  cos類似度 : 0.27976097632686797
単語 : 熟年,  cos類似度 : 0.2755793544112764
単語 : 突起,  cos類似度 : 0.27174789199329785
単語 : 角形,  cos類似度 : 0.27143647369834795
-------------------------------
サンプル 87-------
単語 : 女の子,  cos類似度 : 0.5477277610231667
単語 : よ,  cos類似度 : 0.5349813633782665
単語 : カラフル,  cos類似度 : 0.5265975061162018
単語 : 売り物,  cos類似度 : 0.5235006611969468
単語 : 水玉,  cos類似度 : 0.5145760895897353
-------------------------------
サンプル 88-------
単語 : よ,  cos類似度 : 0.6011663451791691
単語 : 入り口,  cos類似度 : 0.5816447793104778
単語 : ん,  cos類似度 : 0.574959582881807
単語 : 隣,  cos類似度 : 0.5733790977687897
単語 : 実,  cos類似度 : 0.5690842293712313
-------------------------------
サンプル 89-------
単語 : 買,  cos類似度 : -0.13759555180883928
単語 : 保険,  cos類似度 : -0.1470131580909857
単語 : 定員,  cos類似度 : -0.15267527317552895
単語 : 報酬,  cos類似度 : -0.15432602836925557
単語 : 景品,  cos類似度 : -0.15747460973118918
-------------------------------
サンプル 90-------
単語 : 周り,  cos類似度 : 0.5633499708894724
単語 : 小道,  cos類似度 : 0.5628689701441563
単語 : 水色,  cos類似度 : 0.5606422746338464
単語 : 手前,  cos類似度 : 0.5594610383628292
単語 : 緑色,  cos類似度 : 0.557644701407872
-------------------------------
サンプル 91-------
単語 : 胃,  cos類似度 : -0.18112286255307222
単語 : お腹,  cos類似度 : -0.1948717517408699
単語 : 腸,  cos類似度 : -0.1984857575026049
単語 : 耳鳴り,  cos類似度 : -0.2067012154308902
単語 : 腹部,  cos類似度 : -0.20743332448379173
-------------------------------
サンプル 92-------
単語 : 緑色,  cos類似度 : 0.601063629489355
単語 : 入り口,  cos類似度 : 0.594688520782587
単語 : 隣,  cos類似度 : 0.5909450406296564
単語 : 横,  cos類似度 : 0.5874171699224163
単語 : 緑,  cos類似度 : 0.5872880006091028
-------------------------------
サンプル 93-------
単語 : 音痴,  cos類似度 : 0.06942131014490781
単語 : どん,  cos類似度 : 0.05144518196354487
単語 : 遅れ,  cos類似度 : 0.051190853532122216
単語 : 北朝鮮,  cos類似度 : 0.04909746243531425
単語 : 戦後,  cos類似度 : 0.0460097032728798
-------------------------------
サンプル 94-------
単語 : カク,  cos類似度 : -0.1156767107315515
単語 : ナサ,  cos類似度 : -0.12925219591590512
単語 : ウルトラマン,  cos類似度 : -0.131834641127376
単語 : こうそく,  cos類似度 : -0.1359141454532214
単語 : 拝啓,  cos類似度 : -0.13672849028259268
-------------------------------
サンプル 95-------
単語 : 型,  cos類似度 : 0.027526803548433107
単語 : 保険,  cos類似度 : 0.017122430162885116
単語 : 緩和,  cos類似度 : 0.0061613678938081794
単語 : 食品,  cos類似度 : -1.32445818301376e-05
単語 : 略称,  cos類似度 : -0.008999705846523265
-------------------------------
サンプル 96-------
単語 : 入り口,  cos類似度 : 0.5889600817390093
単語 : 見え,  cos類似度 : 0.5852826497131364
単語 : 景色,  cos類似度 : 0.5800556676322757
単語 : 小道,  cos類似度 : 0.5787078950804616
単語 : 隣,  cos類似度 : 0.5785969460949663
-------------------------------
サンプル 97-------
単語 : 業種,  cos類似度 : -0.09990072274337936
単語 : 型,  cos類似度 : -0.11552497322878222
単語 : 事業,  cos類似度 : -0.12298554976005287
単語 : 保険,  cos類似度 : -0.12543586933060896
単語 : 科目,  cos類似度 : -0.12997553366561782
-------------------------------
サンプル 98-------
単語 : 小枝,  cos類似度 : 0.4808376266407347
単語 : おり,  cos類似度 : 0.47831291276818144
単語 : 小道,  cos類似度 : 0.4631410876149438
単語 : あちこち,  cos類似度 : 0.4625219243255062
単語 : 無数,  cos類似度 : 0.45868262921719366
-------------------------------
サンプル 99-------
単語 : 緑色,  cos類似度 : 0.6481251225513347
単語 : 水色,  cos類似度 : 0.6175333877991755
単語 : 深緑,  cos類似度 : 0.6102866869833788
単語 : 茶色,  cos類似度 : 0.6053775704907558
単語 : 影,  cos類似度 : 0.5956063664597303
-------------------------------
サンプル 100-------
単語 : 周り,  cos類似度 : 0.6043133125277063
単語 : よ,  cos類似度 : 0.5946239257462012
単語 : 隣,  cos類似度 : 0.5869255334502234
単語 : 横,  cos類似度 : 0.5813959135331264
単語 : 見え,  cos類似度 : 0.5778147644601764
-------------------------------
サンプル 101-------
単語 : よ,  cos類似度 : 0.553253617361287
単語 : 場所,  cos類似度 : 0.543121858782642
単語 : 地面,  cos類似度 : 0.5380523864094784
単語 : 椅子,  cos類似度 : 0.5315521983831315
単語 : 周り,  cos類似度 : 0.5283398850643228
-------------------------------
サンプル 102-------
単語 : 地面,  cos類似度 : 0.5998669751974003
単語 : 茂み,  cos類似度 : 0.5573103120101449
単語 : 緑色,  cos類似度 : 0.5524046881018929
単語 : 水色,  cos類似度 : 0.5501165290418805
単語 : 真横,  cos類似度 : 0.5499332979172139
-------------------------------
サンプル 103-------
単語 : 濡れ,  cos類似度 : 0.42347610960744403
単語 : 撮影,  cos類似度 : 0.4098582233592044
単語 : 水面,  cos類似度 : 0.4050990605960414
単語 : 肉眼,  cos類似度 : 0.3944883648343415
単語 : 真っ白,  cos類似度 : 0.3943962971581398
-------------------------------
サンプル 104-------
単語 : 見え,  cos類似度 : 0.6165947123013471
単語 : 緑色,  cos類似度 : 0.6102424522024283
単語 : 空,  cos類似度 : 0.6029112456931836
単語 : 水色,  cos類似度 : 0.6022666800591234
単語 : 夕暮れ,  cos類似度 : 0.5955596255059631
-------------------------------
サンプル 105-------
単語 : 見え,  cos類似度 : 0.6003382291752658
単語 : 緑色,  cos類似度 : 0.5807436641819405
単語 : 茶色,  cos類似度 : 0.5755361046145719
単語 : 木々,  cos類似度 : 0.5701639956089631
単語 : 綺麗,  cos類似度 : 0.5662593492544483
-------------------------------
サンプル 106-------
単語 : モニター,  cos類似度 : 0.20109528399634305
単語 : 傷,  cos類似度 : 0.19201931257225777
単語 : 赤ちゃん,  cos類似度 : 0.18439093284464989
単語 : しずく,  cos類似度 : 0.18318718002567214
単語 : 片方,  cos類似度 : 0.17835917748972063
-------------------------------
サンプル 107-------
単語 : グル,  cos類似度 : -0.034184225017664154
単語 : 機密,  cos類似度 : -0.04807901718631244
単語 : 要人,  cos類似度 : -0.05850073188442254
単語 : 発覚,  cos類似度 : -0.06034920175361116
単語 : 音痴,  cos類似度 : -0.061485081798441046
-------------------------------
サンプル 108-------
単語 : 緑色,  cos類似度 : 0.6208820704885041
単語 : 水色,  cos類似度 : 0.6043686321786901
単語 : 茶色,  cos類似度 : 0.5969913655388277
単語 : 実,  cos類似度 : 0.5891224591287936
単語 : 緑,  cos類似度 : 0.5868273417200089
-------------------------------
サンプル 109-------
単語 : 買,  cos類似度 : -0.20309402509526805
単語 : ポリオ,  cos類似度 : -0.2337545774260995
単語 : 報酬,  cos類似度 : -0.23431505843172495
単語 : 保険,  cos類似度 : -0.23531889506266737
単語 : 支払い,  cos類似度 : -0.2404288327835104
-------------------------------
サンプル 110-------
単語 : ベージュ,  cos類似度 : 0.3896139634199615
単語 : 同系,  cos類似度 : 0.37939304290999365
単語 : アイボリー,  cos類似度 : 0.36726612253805224
単語 : 同色,  cos類似度 : 0.3658704927335169
単語 : 着用,  cos類似度 : 0.3631094640739185
-------------------------------
サンプル 111-------
単語 : 水色,  cos類似度 : 0.6002564824547925
単語 : 緑色,  cos類似度 : 0.5913565254959429
単語 : よ,  cos類似度 : 0.5862390547385012
単語 : 茶色,  cos類似度 : 0.5837171422284027
単語 : カラフル,  cos類似度 : 0.5793289633343752
-------------------------------
サンプル 112-------
単語 : 緑色,  cos類似度 : 0.5929184613302289
単語 : 木々,  cos類似度 : 0.5894018107164897
単語 : 入り口,  cos類似度 : 0.5870565595524744
単語 : 向う,  cos類似度 : 0.5855113102769267
単語 : 夕暮れ,  cos類似度 : 0.583558765777575
-------------------------------
サンプル 113-------
単語 : 舗道,  cos類似度 : 0.24997499896148118
単語 : 銀色,  cos類似度 : 0.20882441027878135
単語 : 街灯,  cos類似度 : 0.1960772820569874
単語 : 夕闇,  cos類似度 : 0.1930364053709273
単語 : 三日月,  cos類似度 : 0.18634954788488756
-------------------------------
サンプル 114-------
単語 : 束の間,  cos類似度 : 0.1349763175606708
単語 : 雪解け,  cos類似度 : 0.12092320495938946
単語 : 急,  cos類似度 : 0.10470432037828013
単語 : 雨上がり,  cos類似度 : 0.10161666180418251
単語 : つかの間,  cos類似度 : 0.10127596819099034
-------------------------------
サンプル 115-------
単語 : 見え,  cos類似度 : 0.6002245607591175
単語 : 影,  cos類似度 : 0.5990616940203566
単語 : 緑色,  cos類似度 : 0.5936210726238929
単語 : 辺り,  cos類似度 : 0.5859478352433749
単語 : 手前,  cos類似度 : 0.5847501121712083
-------------------------------
サンプル 116-------
単語 : 緑色,  cos類似度 : 0.6091181844921736
単語 : 手前,  cos類似度 : 0.6025946584497297
単語 : 緑,  cos類似度 : 0.60182080341317
単語 : 見え,  cos類似度 : 0.5984515971125622
単語 : 隣,  cos類似度 : 0.5970209368037891
-------------------------------
サンプル 117-------
単語 : 保険,  cos類似度 : -0.07552997004297192
単語 : 入力,  cos類似度 : -0.08852004172070474
単語 : 業務,  cos類似度 : -0.09038856508844859
単語 : 報酬,  cos類似度 : -0.09191984949877453
単語 : 医療,  cos類似度 : -0.09697788197574071
-------------------------------
サンプル 118-------
単語 : 緑色,  cos類似度 : 0.5915303938349837
単語 : 色,  cos類似度 : 0.5839772974411584
単語 : 手前,  cos類似度 : 0.5788165476492754
単語 : 茶色,  cos類似度 : 0.574979890732298
単語 : 実,  cos類似度 : 0.5736125156833695
-------------------------------
サンプル 119-------
単語 : 場所,  cos類似度 : 0.5698442369788959
単語 : 手前,  cos類似度 : 0.5671760612795429
単語 : 実,  cos類似度 : 0.5665921329736349
単語 : よ,  cos類似度 : 0.5625181432434148
単語 : 綺麗,  cos類似度 : 0.5606501051660199
-------------------------------
サンプル 120-------
単語 : よ,  cos類似度 : 0.6054391424881651
単語 : 実,  cos類似度 : 0.588758644375572
単語 : 見え,  cos類似度 : 0.5870368295472393
単語 : 手前,  cos類似度 : 0.5835997657941229
単語 : 緑色,  cos類似度 : 0.5774826070299155
-------------------------------
サンプル 121-------
単語 : 間接,  cos類似度 : -0.14156866946760388
単語 : 破損,  cos類似度 : -0.1513461600105468
単語 : 交換,  cos類似度 : -0.1605793647120428
単語 : キット,  cos類似度 : -0.1614851947851471
単語 : グロス,  cos類似度 : -0.16371808184054532
-------------------------------
サンプル 122-------
単語 : ふもと,  cos類似度 : 0.5889418580254655
単語 : 緑,  cos類似度 : 0.5861902024180243
単語 : 山側,  cos類似度 : 0.5782470621911132
単語 : 山,  cos類似度 : 0.5713858966948024
単語 : 景色,  cos類似度 : 0.5684657334396599
-------------------------------
サンプル 123-------
単語 : 小道,  cos類似度 : 0.5744277992551593
単語 : 散策,  cos類似度 : 0.564760483445032
単語 : 趣,  cos類似度 : 0.556351961296298
単語 : 風情,  cos類似度 : 0.5285075079187732
単語 : 湖畔,  cos類似度 : 0.5225300759043034
-------------------------------
サンプル 124-------
単語 : 景色,  cos類似度 : 0.5998440177209718
単語 : 木々,  cos類似度 : 0.5942587729466923
単語 : 小道,  cos類似度 : 0.5907165722441966
単語 : 夕暮れ,  cos類似度 : 0.5903728305497938
単語 : 入り口,  cos類似度 : 0.5881829245888268
-------------------------------
サンプル 125-------
単語 : 湖面,  cos類似度 : 0.6147886286726765
単語 : 川面,  cos類似度 : 0.60019770496718
単語 : 眼下,  cos類似度 : 0.5999211611523314
単語 : 夕暮れ,  cos類似度 : 0.5950740296537488
単語 : 夕闇,  cos類似度 : 0.5819620572622151
-------------------------------
サンプル 126-------
単語 : 向かい側,  cos類似度 : 0.323115032661858
単語 : 隣,  cos類似度 : 0.31603863671593824
単語 : 背丈,  cos類似度 : 0.30390019875560603
単語 : ふもと,  cos類似度 : 0.29957431672716717
単語 : 眺め,  cos類似度 : 0.2976030685153891
-------------------------------
サンプル 127-------
単語 : 見方,  cos類似度 : -0.17550612962485582
単語 : 語学,  cos類似度 : -0.18415496717966126
単語 : 責任,  cos類似度 : -0.19267034658610982
単語 : 国籍,  cos類似度 : -0.19388389807350795
単語 : 残業,  cos類似度 : -0.19710362848899213
-------------------------------
サンプル 128-------
単語 : 見え,  cos類似度 : 0.6076998831035016
単語 : よ,  cos類似度 : 0.5906596514551632
単語 : 隣,  cos類似度 : 0.5822542438837907
単語 : 実,  cos類似度 : 0.5821270151225455
単語 : 水色,  cos類似度 : 0.5755124286038733
-------------------------------
サンプル 129-------
単語 : 景色,  cos類似度 : 0.5768925890321714
単語 : 入り口,  cos類似度 : 0.5697277313968376
単語 : 木々,  cos類似度 : 0.5688390162399144
単語 : 小道,  cos類似度 : 0.5624467049363564
単語 : よ,  cos類似度 : 0.5553245218654737
-------------------------------
サンプル 130-------
単語 : 小道,  cos類似度 : 0.5941441344232201
単語 : 木々,  cos類似度 : 0.58738139047048
単語 : よ,  cos類似度 : 0.5791416418254539
単語 : 山,  cos類似度 : 0.5707969281121779
単語 : 入り口,  cos類似度 : 0.5696890950343789
-------------------------------
サンプル 131-------
単語 : ポリオ,  cos類似度 : -0.2325104361715448
単語 : 消化,  cos類似度 : -0.23863040637263863
単語 : 淹,  cos類似度 : -0.2391843007793401
単語 : 休暇,  cos類似度 : -0.2483702299204791
単語 : 買,  cos類似度 : -0.25384053997972467
-------------------------------
サンプル 132-------
単語 : よ,  cos類似度 : 0.5996941090380706
単語 : 周り,  cos類似度 : 0.5831027950735361
単語 : カラフル,  cos類似度 : 0.5815059124604697
単語 : 景色,  cos類似度 : 0.5769609013506081
単語 : 水色,  cos類似度 : 0.5762912524199985
-------------------------------
サンプル 133-------
単語 : 木々,  cos類似度 : 0.5951695667019516
単語 : 向う,  cos類似度 : 0.5903325047394998
単語 : 緑色,  cos類似度 : 0.5883722047310651
単語 : 夕暮れ,  cos類似度 : 0.5837865308656341
単語 : 小道,  cos類似度 : 0.5830150476390239
-------------------------------
サンプル 134-------
単語 : 淹,  cos類似度 : -0.23025249178934581
単語 : 買,  cos類似度 : -0.23493392262973356
単語 : ディス,  cos類似度 : -0.25927629028570154
単語 : 願,  cos類似度 : -0.25954545862748324
単語 : 栽,  cos類似度 : -0.2600142932296869
-------------------------------
サンプル 135-------
単語 : 再会,  cos類似度 : 0.11813000620799843
単語 : 独り,  cos類似度 : 0.11740900776440313
単語 : 行く末,  cos類似度 : 0.11409390182459861
単語 : 安らか,  cos類似度 : 0.10769989994659791
単語 : 戦慄,  cos類似度 : 0.1034627020501052
-------------------------------
サンプル 136-------
単語 : 緑色,  cos類似度 : 0.5912113937277205
単語 : 入り口,  cos類似度 : 0.5907437535816121
単語 : 隣,  cos類似度 : 0.5880751750588956
単語 : 向う,  cos類似度 : 0.5855893217893003
単語 : 水色,  cos類似度 : 0.5804278959227742
-------------------------------
サンプル 137-------
単語 : 栽,  cos類似度 : -0.1914039171561399
単語 : 淹,  cos類似度 : -0.20582893708478212
単語 : 衛生,  cos類似度 : -0.20632024667313786
単語 : 降伏,  cos類似度 : -0.21365635674539277
単語 : 許可,  cos類似度 : -0.2214660278326024
-------------------------------
サンプル 138-------
単語 : 景色,  cos類似度 : 0.5584390635476153
単語 : 隣,  cos類似度 : 0.53268702540139
単語 : 向う,  cos類似度 : 0.531823837635117
単語 : 風景,  cos類似度 : 0.530772342372754
単語 : 周り,  cos類似度 : 0.5299778736037296
-------------------------------
サンプル 139-------
単語 : 周り,  cos類似度 : 0.45226421822281376
単語 : まわり,  cos類似度 : 0.42290784625946304
単語 : 内側,  cos類似度 : 0.40743495167917504
単語 : 欄干,  cos類似度 : 0.39983308954296365
単語 : 端,  cos類似度 : 0.39261573497576174
-------------------------------
サンプル 140-------
単語 : 見え,  cos類似度 : 0.594634736724185
単語 : 隣,  cos類似度 : 0.5868128297094968
単語 : 入り口,  cos類似度 : 0.586077098136433
単語 : 向う,  cos類似度 : 0.5854794928758239
単語 : 周り,  cos類似度 : 0.5800080837030214
-------------------------------
サンプル 141-------
単語 : 灰色,  cos類似度 : 0.2320665534785945
単語 : 桃色,  cos類似度 : 0.21216103069694
単語 : 群青,  cos類似度 : 0.20254380590502938
単語 : 霧,  cos類似度 : 0.1993332382246927
単語 : 朝焼け,  cos類似度 : 0.19788854261196231
-------------------------------
サンプル 142-------
単語 : 向う,  cos類似度 : 0.5879707387471532
単語 : 辺り,  cos類似度 : 0.5831922901463721
単語 : 隣,  cos類似度 : 0.582309393374673
単語 : 見え,  cos類似度 : 0.5788178346597916
単語 : 真ん中,  cos類似度 : 0.5779809165874329
-------------------------------
サンプル 143-------
単語 : 雲,  cos類似度 : 0.05679627126242227
単語 : 不穏,  cos類似度 : 0.05142779743947973
単語 : 暗雲,  cos類似度 : 0.04881144548577824
単語 : 絶海,  cos類似度 : 0.048442846257773266
単語 : 寒気,  cos類似度 : 0.04721423726704719
-------------------------------
サンプル 144-------
単語 : 緑色,  cos類似度 : 0.5963230825461923
単語 : 見え,  cos類似度 : 0.5950464398146768
単語 : 茶色,  cos類似度 : 0.5783770916253045
単語 : 木々,  cos類似度 : 0.577406258076927
単語 : 周り,  cos類似度 : 0.5767000343561061
-------------------------------
サンプル 145-------
単語 : 割り,  cos類似度 : 0.22726512673154098
単語 : わり,  cos類似度 : 0.22447636781924193
単語 : 結構,  cos類似度 : 0.21432533471913698
単語 : せい,  cos類似度 : 0.19776130309663928
単語 : 讃,  cos類似度 : 0.19447487009461906
-------------------------------
サンプル 146-------
単語 : 男女,  cos類似度 : 0.2934778172167746
単語 : 高齢,  cos類似度 : 0.27976097632686797
単語 : 熟年,  cos類似度 : 0.2755793544112764
単語 : 突起,  cos類似度 : 0.27174789199329785
単語 : 角形,  cos類似度 : 0.27143647369834795
-------------------------------
サンプル 147-------
単語 : 女の子,  cos類似度 : 0.5477277610231667
単語 : よ,  cos類似度 : 0.5349813633782665
単語 : カラフル,  cos類似度 : 0.5265975061162018
単語 : 売り物,  cos類似度 : 0.5235006611969468
単語 : 水玉,  cos類似度 : 0.5145760895897353
-------------------------------
サンプル 148-------
単語 : よ,  cos類似度 : 0.6011663451791691
単語 : 入り口,  cos類似度 : 0.5816447793104778
単語 : ん,  cos類似度 : 0.574959582881807
単語 : 隣,  cos類似度 : 0.5733790977687897
単語 : 実,  cos類似度 : 0.5690842293712313
-------------------------------
サンプル 149-------
単語 : 買,  cos類似度 : -0.13759555180883928
単語 : 保険,  cos類似度 : -0.1470131580909857
単語 : 定員,  cos類似度 : -0.15267527317552895
単語 : 報酬,  cos類似度 : -0.15432602836925557
単語 : 景品,  cos類似度 : -0.15747460973118918
-------------------------------
サンプル 150-------
単語 : 周り,  cos類似度 : 0.5633499708894724
単語 : 小道,  cos類似度 : 0.5628689701441563
単語 : 水色,  cos類似度 : 0.5606422746338464
単語 : 手前,  cos類似度 : 0.5594610383628292
単語 : 緑色,  cos類似度 : 0.557644701407872
-------------------------------
サンプル 151-------
単語 : 胃,  cos類似度 : -0.18112286255307222
単語 : お腹,  cos類似度 : -0.1948717517408699
単語 : 腸,  cos類似度 : -0.1984857575026049
単語 : 耳鳴り,  cos類似度 : -0.2067012154308902
単語 : 腹部,  cos類似度 : -0.20743332448379173
-------------------------------
サンプル 152-------
単語 : 緑色,  cos類似度 : 0.601063629489355
単語 : 入り口,  cos類似度 : 0.594688520782587
単語 : 隣,  cos類似度 : 0.5909450406296564
単語 : 横,  cos類似度 : 0.5874171699224163
単語 : 緑,  cos類似度 : 0.5872880006091028
-------------------------------
サンプル 153-------
単語 : 音痴,  cos類似度 : 0.06942131014490781
単語 : どん,  cos類似度 : 0.05144518196354487
単語 : 遅れ,  cos類似度 : 0.051190853532122216
単語 : 北朝鮮,  cos類似度 : 0.04909746243531425
単語 : 戦後,  cos類似度 : 0.0460097032728798
-------------------------------
サンプル 154-------
単語 : カク,  cos類似度 : -0.1156767107315515
単語 : ナサ,  cos類似度 : -0.12925219591590512
単語 : ウルトラマン,  cos類似度 : -0.131834641127376
単語 : こうそく,  cos類似度 : -0.1359141454532214
単語 : 拝啓,  cos類似度 : -0.13672849028259268
-------------------------------
サンプル 155-------
単語 : 型,  cos類似度 : 0.027526803548433107
単語 : 保険,  cos類似度 : 0.017122430162885116
単語 : 緩和,  cos類似度 : 0.0061613678938081794
単語 : 食品,  cos類似度 : -1.32445818301376e-05
単語 : 略称,  cos類似度 : -0.008999705846523265
-------------------------------
サンプル 156-------
単語 : 入り口,  cos類似度 : 0.5889600817390093
単語 : 見え,  cos類似度 : 0.5852826497131364
単語 : 景色,  cos類似度 : 0.5800556676322757
単語 : 小道,  cos類似度 : 0.5787078950804616
単語 : 隣,  cos類似度 : 0.5785969460949663
-------------------------------
サンプル 157-------
単語 : 業種,  cos類似度 : -0.09990072274337936
単語 : 型,  cos類似度 : -0.11552497322878222
単語 : 事業,  cos類似度 : -0.12298554976005287
単語 : 保険,  cos類似度 : -0.12543586933060896
単語 : 科目,  cos類似度 : -0.12997553366561782
-------------------------------
サンプル 158-------
単語 : 小枝,  cos類似度 : 0.4808376266407347
単語 : おり,  cos類似度 : 0.47831291276818144
単語 : 小道,  cos類似度 : 0.4631410876149438
単語 : あちこち,  cos類似度 : 0.4625219243255062
単語 : 無数,  cos類似度 : 0.45868262921719366
-------------------------------
サンプル 159-------
単語 : 緑色,  cos類似度 : 0.6481251225513347
単語 : 水色,  cos類似度 : 0.6175333877991755
単語 : 深緑,  cos類似度 : 0.6102866869833788
単語 : 茶色,  cos類似度 : 0.6053775704907558
単語 : 影,  cos類似度 : 0.5956063664597303
-------------------------------
サンプル 160-------
単語 : 周り,  cos類似度 : 0.6043133125277063
単語 : よ,  cos類似度 : 0.5946239257462012
単語 : 隣,  cos類似度 : 0.5869255334502234
単語 : 横,  cos類似度 : 0.5813959135331264
単語 : 見え,  cos類似度 : 0.5778147644601764
-------------------------------
サンプル 161-------
単語 : よ,  cos類似度 : 0.553253617361287
単語 : 場所,  cos類似度 : 0.543121858782642
単語 : 地面,  cos類似度 : 0.5380523864094784
単語 : 椅子,  cos類似度 : 0.5315521983831315
単語 : 周り,  cos類似度 : 0.5283398850643228
-------------------------------
サンプル 162-------
単語 : 地面,  cos類似度 : 0.5998669751974003
単語 : 茂み,  cos類似度 : 0.5573103120101449
単語 : 緑色,  cos類似度 : 0.5524046881018929
単語 : 水色,  cos類似度 : 0.5501165290418805
単語 : 真横,  cos類似度 : 0.5499332979172139
-------------------------------
サンプル 163-------
単語 : 濡れ,  cos類似度 : 0.42347610960744403
単語 : 撮影,  cos類似度 : 0.4098582233592044
単語 : 水面,  cos類似度 : 0.4050990605960414
単語 : 肉眼,  cos類似度 : 0.3944883648343415
単語 : 真っ白,  cos類似度 : 0.3943962971581398
-------------------------------
サンプル 164-------
単語 : 見え,  cos類似度 : 0.6165947123013471
単語 : 緑色,  cos類似度 : 0.6102424522024283
単語 : 空,  cos類似度 : 0.6029112456931836
単語 : 水色,  cos類似度 : 0.6022666800591234
単語 : 夕暮れ,  cos類似度 : 0.5955596255059631
-------------------------------
サンプル 165-------
単語 : 見え,  cos類似度 : 0.6003382291752658
単語 : 緑色,  cos類似度 : 0.5807436641819405
単語 : 茶色,  cos類似度 : 0.5755361046145719
単語 : 木々,  cos類似度 : 0.5701639956089631
単語 : 綺麗,  cos類似度 : 0.5662593492544483
-------------------------------
サンプル 166-------
単語 : モニター,  cos類似度 : 0.20109528399634305
単語 : 傷,  cos類似度 : 0.19201931257225777
単語 : 赤ちゃん,  cos類似度 : 0.18439093284464994
単語 : しずく,  cos類似度 : 0.18318718002567214
単語 : 片方,  cos類似度 : 0.17835917748972063
-------------------------------
サンプル 167-------
単語 : グル,  cos類似度 : -0.034184225017664244
単語 : 機密,  cos類似度 : -0.048079017186312537
単語 : 要人,  cos類似度 : -0.05850073188442267
単語 : 発覚,  cos類似度 : -0.06034920175361127
単語 : 音痴,  cos類似度 : -0.06148508179844119
-------------------------------
サンプル 168-------
単語 : 緑色,  cos類似度 : 0.6208820704885042
単語 : 水色,  cos類似度 : 0.6043686321786903
単語 : 茶色,  cos類似度 : 0.5969913655388278
単語 : 実,  cos類似度 : 0.5891224591287937
単語 : 緑,  cos類似度 : 0.5868273417200089
-------------------------------
サンプル 169-------
単語 : 買,  cos類似度 : -0.20309402509526805
単語 : ポリオ,  cos類似度 : -0.2337545774260995
単語 : 報酬,  cos類似度 : -0.23431505843172495
単語 : 保険,  cos類似度 : -0.23531889506266737
単語 : 支払い,  cos類似度 : -0.2404288327835104
-------------------------------
サンプル 170-------
単語 : ベージュ,  cos類似度 : 0.3896139634199615
単語 : 同系,  cos類似度 : 0.37939304290999365
単語 : アイボリー,  cos類似度 : 0.36726612253805224
単語 : 同色,  cos類似度 : 0.3658704927335169
単語 : 着用,  cos類似度 : 0.3631094640739185
-------------------------------
サンプル 171-------
単語 : 水色,  cos類似度 : 0.6002564824547925
単語 : 緑色,  cos類似度 : 0.5913565254959429
単語 : よ,  cos類似度 : 0.5862390547385012
単語 : 茶色,  cos類似度 : 0.5837171422284027
単語 : カラフル,  cos類似度 : 0.5793289633343752
-------------------------------
サンプル 172-------
単語 : 緑色,  cos類似度 : 0.5929184613302289
単語 : 木々,  cos類似度 : 0.5894018107164897
単語 : 入り口,  cos類似度 : 0.5870565595524744
単語 : 向う,  cos類似度 : 0.5855113102769267
単語 : 夕暮れ,  cos類似度 : 0.583558765777575
-------------------------------
サンプル 173-------
単語 : 舗道,  cos類似度 : 0.2499749989614776
単語 : 銀色,  cos類似度 : 0.2088244102787775
単語 : 街灯,  cos類似度 : 0.19607728205698377
単語 : 夕闇,  cos類似度 : 0.19303640537092367
単語 : 三日月,  cos類似度 : 0.18634954788488417
-------------------------------
サンプル 174-------
単語 : 束の間,  cos類似度 : 0.13497631756067205
単語 : 雪解け,  cos類似度 : 0.12092320495939074
単語 : 急,  cos類似度 : 0.10470432037828149
単語 : 雨上がり,  cos類似度 : 0.1016166618041837
単語 : つかの間,  cos類似度 : 0.10127596819099152
-------------------------------
サンプル 175-------
単語 : 見え,  cos類似度 : 0.6002245607591175
単語 : 影,  cos類似度 : 0.5990616940203566
単語 : 緑色,  cos類似度 : 0.5936210726238929
単語 : 辺り,  cos類似度 : 0.5859478352433749
単語 : 手前,  cos類似度 : 0.5847501121712083
-------------------------------
サンプル 176-------
単語 : 緑色,  cos類似度 : 0.6091181844921736
単語 : 手前,  cos類似度 : 0.6025946584497297
単語 : 緑,  cos類似度 : 0.60182080341317
単語 : 見え,  cos類似度 : 0.5984515971125622
単語 : 隣,  cos類似度 : 0.5970209368037891
-------------------------------
サンプル 177-------
単語 : 保険,  cos類似度 : -0.07552997004297192
単語 : 入力,  cos類似度 : -0.08852004172070474
単語 : 業務,  cos類似度 : -0.09038856508844859
単語 : 報酬,  cos類似度 : -0.09191984949877453
単語 : 医療,  cos類似度 : -0.09697788197574071
-------------------------------
サンプル 178-------
単語 : 緑色,  cos類似度 : 0.5915303938349837
単語 : 色,  cos類似度 : 0.5839772974411584
単語 : 手前,  cos類似度 : 0.5788165476492754
単語 : 茶色,  cos類似度 : 0.574979890732298
単語 : 実,  cos類似度 : 0.5736125156833695
-------------------------------
サンプル 179-------
単語 : 場所,  cos類似度 : 0.5698442369788959
単語 : 手前,  cos類似度 : 0.5671760612795429
単語 : 実,  cos類似度 : 0.5665921329736349
単語 : よ,  cos類似度 : 0.5625181432434148
単語 : 綺麗,  cos類似度 : 0.5606501051660199
-------------------------------
サンプル 180-------
単語 : よ,  cos類似度 : 0.6054391424881651
単語 : 実,  cos類似度 : 0.588758644375572
単語 : 見え,  cos類似度 : 0.5870368295472393
単語 : 手前,  cos類似度 : 0.5835997657941229
単語 : 緑色,  cos類似度 : 0.5774826070299155
-------------------------------
サンプル 181-------
単語 : 間接,  cos類似度 : -0.14156866946760388
単語 : 破損,  cos類似度 : -0.15134616001054677
単語 : 交換,  cos類似度 : -0.1605793647120428
単語 : キット,  cos類似度 : -0.1614851947851471
単語 : グロス,  cos類似度 : -0.16371808184054532
-------------------------------
サンプル 182-------
単語 : ふもと,  cos類似度 : 0.5889418580254655
単語 : 緑,  cos類似度 : 0.5861902024180243
単語 : 山側,  cos類似度 : 0.5782470621911132
単語 : 山,  cos類似度 : 0.5713858966948024
単語 : 景色,  cos類似度 : 0.5684657334396599
-------------------------------
サンプル 183-------
単語 : 小道,  cos類似度 : 0.5744277992551593
単語 : 散策,  cos類似度 : 0.564760483445032
単語 : 趣,  cos類似度 : 0.556351961296298
単語 : 風情,  cos類似度 : 0.5285075079187732
単語 : 湖畔,  cos類似度 : 0.5225300759043034
-------------------------------
サンプル 184-------
単語 : 景色,  cos類似度 : 0.5998440177209718
単語 : 木々,  cos類似度 : 0.5942587729466923
単語 : 小道,  cos類似度 : 0.5907165722441966
単語 : 夕暮れ,  cos類似度 : 0.5903728305497938
単語 : 入り口,  cos類似度 : 0.5881829245888268
-------------------------------
サンプル 185-------
単語 : 湖面,  cos類似度 : 0.6147886286726765
単語 : 川面,  cos類似度 : 0.60019770496718
単語 : 眼下,  cos類似度 : 0.5999211611523314
単語 : 夕暮れ,  cos類似度 : 0.5950740296537488
単語 : 夕闇,  cos類似度 : 0.5819620572622151
-------------------------------
サンプル 186-------
単語 : 向かい側,  cos類似度 : 0.323115032661858
単語 : 隣,  cos類似度 : 0.31603863671593824
単語 : 背丈,  cos類似度 : 0.30390019875560603
単語 : ふもと,  cos類似度 : 0.29957431672716717
単語 : 眺め,  cos類似度 : 0.2976030685153891
-------------------------------
サンプル 187-------
単語 : 見方,  cos類似度 : -0.17550612962485582
単語 : 語学,  cos類似度 : -0.1841549671796613
単語 : 責任,  cos類似度 : -0.19267034658610985
単語 : 国籍,  cos類似度 : -0.19388389807350795
単語 : 残業,  cos類似度 : -0.19710362848899213
-------------------------------
サンプル 188-------
単語 : 見え,  cos類似度 : 0.6076998831035016
単語 : よ,  cos類似度 : 0.5906596514551632
単語 : 隣,  cos類似度 : 0.5822542438837907
単語 : 実,  cos類似度 : 0.5821270151225455
単語 : 水色,  cos類似度 : 0.5755124286038733
-------------------------------
サンプル 189-------
単語 : 景色,  cos類似度 : 0.5768925890321714
単語 : 入り口,  cos類似度 : 0.5697277313968375
単語 : 木々,  cos類似度 : 0.5688390162399144
単語 : 小道,  cos類似度 : 0.5624467049363565
単語 : よ,  cos類似度 : 0.5553245218654738
-------------------------------
サンプル 190-------
単語 : 小道,  cos類似度 : 0.5941441344232201
単語 : 木々,  cos類似度 : 0.58738139047048
単語 : よ,  cos類似度 : 0.5791416418254539
単語 : 山,  cos類似度 : 0.5707969281121779
単語 : 入り口,  cos類似度 : 0.5696890950343789
-------------------------------
サンプル 191-------
単語 : ポリオ,  cos類似度 : -0.2325104361715448
単語 : 消化,  cos類似度 : -0.23863040637263863
単語 : 淹,  cos類似度 : -0.2391843007793401
単語 : 休暇,  cos類似度 : -0.2483702299204791
単語 : 買,  cos類似度 : -0.25384053997972467
-------------------------------
サンプル 192-------
単語 : よ,  cos類似度 : 0.5996941090380706
単語 : 周り,  cos類似度 : 0.5831027950735361
単語 : カラフル,  cos類似度 : 0.5815059124604697
単語 : 景色,  cos類似度 : 0.5769609013506081
単語 : 水色,  cos類似度 : 0.5762912524199985
-------------------------------
サンプル 193-------
単語 : 木々,  cos類似度 : 0.5951695667019516
単語 : 向う,  cos類似度 : 0.5903325047394998
単語 : 緑色,  cos類似度 : 0.5883722047310651
単語 : 夕暮れ,  cos類似度 : 0.5837865308656341
単語 : 小道,  cos類似度 : 0.5830150476390239
-------------------------------
サンプル 194-------
単語 : 淹,  cos類似度 : -0.23025249178934581
単語 : 買,  cos類似度 : -0.23493392262973356
単語 : ディス,  cos類似度 : -0.25927629028570154
単語 : 願,  cos類似度 : -0.25954545862748324
単語 : 栽,  cos類似度 : -0.2600142932296869
-------------------------------
サンプル 195-------
単語 : 再会,  cos類似度 : 0.11813000620800088
単語 : 独り,  cos類似度 : 0.11740900776440576
単語 : 行く末,  cos類似度 : 0.11409390182460075
単語 : 安らか,  cos類似度 : 0.1076998999466001
単語 : 戦慄,  cos類似度 : 0.10346270205010732
-------------------------------
サンプル 196-------
単語 : 緑色,  cos類似度 : 0.5912113937277205
単語 : 入り口,  cos類似度 : 0.5907437535816121
単語 : 隣,  cos類似度 : 0.5880751750588956
単語 : 向う,  cos類似度 : 0.5855893217893003
単語 : 水色,  cos類似度 : 0.5804278959227742
-------------------------------
サンプル 197-------
単語 : 栽,  cos類似度 : -0.1914039171561399
単語 : 淹,  cos類似度 : -0.20582893708478212
単語 : 衛生,  cos類似度 : -0.20632024667313786
単語 : 降伏,  cos類似度 : -0.21365635674539277
単語 : 許可,  cos類似度 : -0.2214660278326024
-------------------------------
サンプル 198-------
単語 : 景色,  cos類似度 : 0.5584390635476153
単語 : 隣,  cos類似度 : 0.53268702540139
単語 : 向う,  cos類似度 : 0.531823837635117
単語 : 風景,  cos類似度 : 0.530772342372754
単語 : 周り,  cos類似度 : 0.5299778736037296
-------------------------------
サンプル 199-------
単語 : 周り,  cos類似度 : 0.45226421822281376
単語 : まわり,  cos類似度 : 0.42290784625946304
単語 : 内側,  cos類似度 : 0.40743495167917504
単語 : 欄干,  cos類似度 : 0.39983308954296365
単語 : 端,  cos類似度 : 0.39261573497576174
-------------------------------
サンプル 200-------
単語 : 見え,  cos類似度 : 0.594634736724185
単語 : 隣,  cos類似度 : 0.5868128297094968
単語 : 入り口,  cos類似度 : 0.586077098136433
単語 : 向う,  cos類似度 : 0.5854794928758239
単語 : 周り,  cos類似度 : 0.5800080837030214
-------------------------------
サンプル 201-------
単語 : 灰色,  cos類似度 : 0.2320665534785976
単語 : 桃色,  cos類似度 : 0.21216103069694286
単語 : 群青,  cos類似度 : 0.20254380590503182
単語 : 霧,  cos類似度 : 0.19933323822469537
単語 : 朝焼け,  cos類似度 : 0.1978885426119651
-------------------------------
サンプル 202-------
単語 : 向う,  cos類似度 : 0.5879707387471533
単語 : 辺り,  cos類似度 : 0.5831922901463721
単語 : 隣,  cos類似度 : 0.5823093933746728
単語 : 見え,  cos類似度 : 0.5788178346597918
単語 : 真ん中,  cos類似度 : 0.5779809165874328
-------------------------------
サンプル 203-------
単語 : 雲,  cos類似度 : 0.05679627126242227
単語 : 不穏,  cos類似度 : 0.05142779743947973
単語 : 暗雲,  cos類似度 : 0.048811445485778225
単語 : 絶海,  cos類似度 : 0.048442846257773266
単語 : 寒気,  cos類似度 : 0.047214237267047196
-------------------------------
サンプル 204-------
単語 : 緑色,  cos類似度 : 0.5963230825461923
単語 : 見え,  cos類似度 : 0.5950464398146768
単語 : 茶色,  cos類似度 : 0.5783770916253045
単語 : 木々,  cos類似度 : 0.577406258076927
単語 : 周り,  cos類似度 : 0.5767000343561061
-------------------------------
サンプル 205-------
単語 : 割り,  cos類似度 : 0.22726512673154098
単語 : わり,  cos類似度 : 0.22447636781924193
単語 : 結構,  cos類似度 : 0.21432533471913698
単語 : せい,  cos類似度 : 0.19776130309663928
単語 : 讃,  cos類似度 : 0.19447487009461906
-------------------------------
サンプル 206-------
単語 : 男女,  cos類似度 : 0.2934778172167746
単語 : 高齢,  cos類似度 : 0.27976097632686797
単語 : 熟年,  cos類似度 : 0.2755793544112764
単語 : 突起,  cos類似度 : 0.27174789199329785
単語 : 角形,  cos類似度 : 0.27143647369834795
-------------------------------
サンプル 207-------
単語 : 女の子,  cos類似度 : 0.5477277610231667
単語 : よ,  cos類似度 : 0.5349813633782665
単語 : カラフル,  cos類似度 : 0.5265975061162018
単語 : 売り物,  cos類似度 : 0.5235006611969468
単語 : 水玉,  cos類似度 : 0.5145760895897353
-------------------------------
サンプル 208-------
単語 : よ,  cos類似度 : 0.6011663451791691
単語 : 入り口,  cos類似度 : 0.5816447793104778
単語 : ん,  cos類似度 : 0.574959582881807
単語 : 隣,  cos類似度 : 0.5733790977687897
単語 : 実,  cos類似度 : 0.5690842293712313
-------------------------------
サンプル 209-------
単語 : 買,  cos類似度 : -0.13759555180883926
単語 : 保険,  cos類似度 : -0.14701315809098567
単語 : 定員,  cos類似度 : -0.1526752731755289
単語 : 報酬,  cos類似度 : -0.15432602836925546
単語 : 景品,  cos類似度 : -0.15747460973118915
-------------------------------
サンプル 210-------
単語 : 周り,  cos類似度 : 0.5633499708894724
単語 : 小道,  cos類似度 : 0.5628689701441563
単語 : 水色,  cos類似度 : 0.5606422746338464
単語 : 手前,  cos類似度 : 0.5594610383628292
単語 : 緑色,  cos類似度 : 0.557644701407872
-------------------------------
サンプル 211-------
単語 : 胃,  cos類似度 : -0.18112286255307222
単語 : お腹,  cos類似度 : -0.1948717517408699
単語 : 腸,  cos類似度 : -0.1984857575026049
単語 : 耳鳴り,  cos類似度 : -0.2067012154308902
単語 : 腹部,  cos類似度 : -0.20743332448379173
-------------------------------
サンプル 212-------
単語 : 緑色,  cos類似度 : 0.601063629489355
単語 : 入り口,  cos類似度 : 0.594688520782587
単語 : 隣,  cos類似度 : 0.5909450406296564
単語 : 横,  cos類似度 : 0.5874171699224163
単語 : 緑,  cos類似度 : 0.5872880006091028
-------------------------------
サンプル 213-------
単語 : 音痴,  cos類似度 : 0.06942131014490781
単語 : どん,  cos類似度 : 0.05144518196354487
単語 : 遅れ,  cos類似度 : 0.051190853532122216
単語 : 北朝鮮,  cos類似度 : 0.04909746243531425
単語 : 戦後,  cos類似度 : 0.0460097032728798
-------------------------------
サンプル 214-------
単語 : カク,  cos類似度 : -0.1156767107315515
単語 : ナサ,  cos類似度 : -0.12925219591590512
単語 : ウルトラマン,  cos類似度 : -0.131834641127376
単語 : こうそく,  cos類似度 : -0.1359141454532214
単語 : 拝啓,  cos類似度 : -0.13672849028259268
-------------------------------
サンプル 215-------
単語 : 型,  cos類似度 : 0.027526803548431917
単語 : 保険,  cos類似度 : 0.017122430162884415
単語 : 緩和,  cos類似度 : 0.0061613678938072305
単語 : 食品,  cos類似度 : -1.3244581831091858e-05
単語 : 略称,  cos類似度 : -0.008999705846524052
-------------------------------
サンプル 216-------
単語 : 入り口,  cos類似度 : 0.5889600817390093
単語 : 見え,  cos類似度 : 0.5852826497131364
単語 : 景色,  cos類似度 : 0.5800556676322757
単語 : 小道,  cos類似度 : 0.5787078950804616
単語 : 隣,  cos類似度 : 0.5785969460949663
-------------------------------
サンプル 217-------
単語 : 業種,  cos類似度 : -0.09990072274337855
単語 : 型,  cos類似度 : -0.11552497322878105
単語 : 事業,  cos類似度 : -0.12298554976005197
単語 : 保険,  cos類似度 : -0.12543586933060827
単語 : 科目,  cos類似度 : -0.12997553366561707
-------------------------------
サンプル 218-------
単語 : 小枝,  cos類似度 : 0.4808376266407347
単語 : おり,  cos類似度 : 0.47831291276818144
単語 : 小道,  cos類似度 : 0.4631410876149438
単語 : あちこち,  cos類似度 : 0.4625219243255062
単語 : 無数,  cos類似度 : 0.45868262921719366
-------------------------------
サンプル 219-------
単語 : 緑色,  cos類似度 : 0.6481251225513347
単語 : 水色,  cos類似度 : 0.6175333877991755
単語 : 深緑,  cos類似度 : 0.6102866869833788
単語 : 茶色,  cos類似度 : 0.6053775704907558
単語 : 影,  cos類似度 : 0.5956063664597303
-------------------------------
サンプル 220-------
単語 : 周り,  cos類似度 : 0.6043133125277063
単語 : よ,  cos類似度 : 0.5946239257462012
単語 : 隣,  cos類似度 : 0.5869255334502234
単語 : 横,  cos類似度 : 0.5813959135331264
単語 : 見え,  cos類似度 : 0.5778147644601764
-------------------------------
サンプル 221-------
単語 : よ,  cos類似度 : 0.553253617361287
単語 : 場所,  cos類似度 : 0.543121858782642
単語 : 地面,  cos類似度 : 0.5380523864094784
単語 : 椅子,  cos類似度 : 0.5315521983831315
単語 : 周り,  cos類似度 : 0.5283398850643228
-------------------------------
サンプル 222-------
単語 : 地面,  cos類似度 : 0.5998669751974003
単語 : 茂み,  cos類似度 : 0.5573103120101449
単語 : 緑色,  cos類似度 : 0.5524046881018929
単語 : 水色,  cos類似度 : 0.5501165290418805
単語 : 真横,  cos類似度 : 0.5499332979172139
-------------------------------
サンプル 223-------
単語 : 濡れ,  cos類似度 : 0.4234761096074418
単語 : 撮影,  cos類似度 : 0.40985822335920186
単語 : 水面,  cos類似度 : 0.40509906059603895
単語 : 肉眼,  cos類似度 : 0.394488364834339
単語 : 真っ白,  cos類似度 : 0.3943962971581368
-------------------------------
サンプル 224-------
単語 : 見え,  cos類似度 : 0.6165947123013471
単語 : 緑色,  cos類似度 : 0.6102424522024283
単語 : 空,  cos類似度 : 0.6029112456931836
単語 : 水色,  cos類似度 : 0.6022666800591234
単語 : 夕暮れ,  cos類似度 : 0.5955596255059631
-------------------------------
サンプル 225-------
単語 : 見え,  cos類似度 : 0.6003382291752658
単語 : 緑色,  cos類似度 : 0.5807436641819405
単語 : 茶色,  cos類似度 : 0.5755361046145719
単語 : 木々,  cos類似度 : 0.5701639956089631
単語 : 綺麗,  cos類似度 : 0.5662593492544483
-------------------------------
サンプル 226-------
単語 : モニター,  cos類似度 : 0.20109528399634305
単語 : 傷,  cos類似度 : 0.19201931257225777
単語 : 赤ちゃん,  cos類似度 : 0.18439093284464989
単語 : しずく,  cos類似度 : 0.18318718002567214
単語 : 片方,  cos類似度 : 0.17835917748972063
-------------------------------
サンプル 227-------
単語 : グル,  cos類似度 : -0.034184225017664154
単語 : 機密,  cos類似度 : -0.04807901718631244
単語 : 要人,  cos類似度 : -0.05850073188442254
単語 : 発覚,  cos類似度 : -0.06034920175361116
単語 : 音痴,  cos類似度 : -0.061485081798441046
-------------------------------
サンプル 228-------
単語 : 緑色,  cos類似度 : 0.6208820704885041
単語 : 水色,  cos類似度 : 0.6043686321786901
単語 : 茶色,  cos類似度 : 0.5969913655388277
単語 : 実,  cos類似度 : 0.5891224591287936
単語 : 緑,  cos類似度 : 0.5868273417200089
-------------------------------
サンプル 229-------
単語 : 買,  cos類似度 : -0.2030940250952681
単語 : ポリオ,  cos類似度 : -0.2337545774260995
単語 : 報酬,  cos類似度 : -0.23431505843172498
単語 : 保険,  cos類似度 : -0.23531889506266748
単語 : 支払い,  cos類似度 : -0.24042883278351046
-------------------------------
サンプル 230-------
単語 : ベージュ,  cos類似度 : 0.3896139634199624
単語 : 同系,  cos類似度 : 0.37939304290999465
単語 : アイボリー,  cos類似度 : 0.3672661225380533
単語 : 同色,  cos類似度 : 0.3658704927335176
単語 : 着用,  cos類似度 : 0.36310946407391953
-------------------------------
サンプル 231-------
単語 : 水色,  cos類似度 : 0.6002564824547925
単語 : 緑色,  cos類似度 : 0.5913565254959426
単語 : よ,  cos類似度 : 0.5862390547385011
単語 : 茶色,  cos類似度 : 0.5837171422284025
単語 : カラフル,  cos類似度 : 0.5793289633343751
-------------------------------
サンプル 232-------
単語 : 緑色,  cos類似度 : 0.5929184613302289
単語 : 木々,  cos類似度 : 0.5894018107164897
単語 : 入り口,  cos類似度 : 0.5870565595524744
単語 : 向う,  cos類似度 : 0.5855113102769267
単語 : 夕暮れ,  cos類似度 : 0.583558765777575
-------------------------------
サンプル 233-------
単語 : 舗道,  cos類似度 : 0.24997499896148118
単語 : 銀色,  cos類似度 : 0.20882441027878135
単語 : 街灯,  cos類似度 : 0.1960772820569874
単語 : 夕闇,  cos類似度 : 0.1930364053709273
単語 : 三日月,  cos類似度 : 0.18634954788488756
-------------------------------
サンプル 234-------
単語 : 束の間,  cos類似度 : 0.1349763175606708
単語 : 雪解け,  cos類似度 : 0.12092320495938946
単語 : 急,  cos類似度 : 0.10470432037828013
単語 : 雨上がり,  cos類似度 : 0.10161666180418251
単語 : つかの間,  cos類似度 : 0.10127596819099034
-------------------------------
サンプル 235-------
単語 : 見え,  cos類似度 : 0.6002245607591175
単語 : 影,  cos類似度 : 0.5990616940203566
単語 : 緑色,  cos類似度 : 0.5936210726238929
単語 : 辺り,  cos類似度 : 0.5859478352433749
単語 : 手前,  cos類似度 : 0.5847501121712083
-------------------------------
サンプル 236-------
単語 : 緑色,  cos類似度 : 0.6091181844921736
単語 : 手前,  cos類似度 : 0.6025946584497297
単語 : 緑,  cos類似度 : 0.60182080341317
単語 : 見え,  cos類似度 : 0.5984515971125622
単語 : 隣,  cos類似度 : 0.5970209368037891
-------------------------------
サンプル 237-------
単語 : 保険,  cos類似度 : -0.07552997004297167
単語 : 入力,  cos類似度 : -0.08852004172070449
単語 : 業務,  cos類似度 : -0.09038856508844832
単語 : 報酬,  cos類似度 : -0.09191984949877433
単語 : 医療,  cos類似度 : -0.09697788197574048
-------------------------------
サンプル 238-------
単語 : 緑色,  cos類似度 : 0.5915303938349837
単語 : 色,  cos類似度 : 0.5839772974411584
単語 : 手前,  cos類似度 : 0.5788165476492754
単語 : 茶色,  cos類似度 : 0.574979890732298
単語 : 実,  cos類似度 : 0.5736125156833695
-------------------------------
サンプル 239-------
単語 : 場所,  cos類似度 : 0.5698442369788959
単語 : 手前,  cos類似度 : 0.5671760612795429
単語 : 実,  cos類似度 : 0.5665921329736349
単語 : よ,  cos類似度 : 0.5625181432434148
単語 : 綺麗,  cos類似度 : 0.5606501051660199
-------------------------------
サンプル 240-------
単語 : よ,  cos類似度 : 0.6054391424881651
単語 : 実,  cos類似度 : 0.588758644375572
単語 : 見え,  cos類似度 : 0.5870368295472393
単語 : 手前,  cos類似度 : 0.5835997657941229
単語 : 緑色,  cos類似度 : 0.5774826070299155
-------------------------------
サンプル 241-------
単語 : 間接,  cos類似度 : -0.14156866946760388
単語 : 破損,  cos類似度 : -0.1513461600105468
単語 : 交換,  cos類似度 : -0.1605793647120428
単語 : キット,  cos類似度 : -0.1614851947851471
単語 : グロス,  cos類似度 : -0.16371808184054532
-------------------------------
サンプル 242-------
単語 : ふもと,  cos類似度 : 0.5889418580254655
単語 : 緑,  cos類似度 : 0.5861902024180243
単語 : 山側,  cos類似度 : 0.5782470621911132
単語 : 山,  cos類似度 : 0.5713858966948024
単語 : 景色,  cos類似度 : 0.5684657334396599
-------------------------------
サンプル 243-------
単語 : 小道,  cos類似度 : 0.5744277992551594
単語 : 散策,  cos類似度 : 0.5647604834450322
単語 : 趣,  cos類似度 : 0.556351961296298
単語 : 風情,  cos類似度 : 0.5285075079187732
単語 : 湖畔,  cos類似度 : 0.5225300759043034
-------------------------------
サンプル 244-------
単語 : 景色,  cos類似度 : 0.5998440177209718
単語 : 木々,  cos類似度 : 0.5942587729466922
単語 : 小道,  cos類似度 : 0.5907165722441965
単語 : 夕暮れ,  cos類似度 : 0.5903728305497938
単語 : 入り口,  cos類似度 : 0.5881829245888268
-------------------------------
サンプル 245-------
単語 : 湖面,  cos類似度 : 0.6147886286726794
単語 : 川面,  cos類似度 : 0.6001977049671826
単語 : 眼下,  cos類似度 : 0.599921161152334
単語 : 夕暮れ,  cos類似度 : 0.5950740296537501
単語 : 夕闇,  cos類似度 : 0.5819620572622164
-------------------------------
サンプル 246-------
単語 : 向かい側,  cos類似度 : 0.323115032661858
単語 : 隣,  cos類似度 : 0.31603863671593824
単語 : 背丈,  cos類似度 : 0.30390019875560603
単語 : ふもと,  cos類似度 : 0.29957431672716717
単語 : 眺め,  cos類似度 : 0.2976030685153891
-------------------------------
サンプル 247-------
単語 : 見方,  cos類似度 : -0.17550612962485582
単語 : 語学,  cos類似度 : -0.18415496717966126
単語 : 責任,  cos類似度 : -0.19267034658610982
単語 : 国籍,  cos類似度 : -0.19388389807350795
単語 : 残業,  cos類似度 : -0.19710362848899213
-------------------------------
サンプル 248-------
単語 : 見え,  cos類似度 : 0.6076998831035016
単語 : よ,  cos類似度 : 0.5906596514551632
単語 : 隣,  cos類似度 : 0.5822542438837907
単語 : 実,  cos類似度 : 0.5821270151225455
単語 : 水色,  cos類似度 : 0.5755124286038733
-------------------------------
サンプル 249-------
単語 : 景色,  cos類似度 : 0.5768925890321714
単語 : 入り口,  cos類似度 : 0.5697277313968376
単語 : 木々,  cos類似度 : 0.5688390162399144
単語 : 小道,  cos類似度 : 0.5624467049363564
単語 : よ,  cos類似度 : 0.5553245218654737
-------------------------------
サンプル 250-------
単語 : 小道,  cos類似度 : 0.5941441344232201
単語 : 木々,  cos類似度 : 0.58738139047048
単語 : よ,  cos類似度 : 0.5791416418254539
単語 : 山,  cos類似度 : 0.5707969281121779
単語 : 入り口,  cos類似度 : 0.5696890950343789
-------------------------------
サンプル 251-------
単語 : ポリオ,  cos類似度 : -0.23251043617154468
単語 : 消化,  cos類似度 : -0.23863040637263863
単語 : 淹,  cos類似度 : -0.23918430077934008
単語 : 休暇,  cos類似度 : -0.2483702299204791
単語 : 買,  cos類似度 : -0.2538405399797246
-------------------------------
サンプル 252-------
単語 : よ,  cos類似度 : 0.5996941090380706
単語 : 周り,  cos類似度 : 0.5831027950735361
単語 : カラフル,  cos類似度 : 0.5815059124604697
単語 : 景色,  cos類似度 : 0.5769609013506081
単語 : 水色,  cos類似度 : 0.5762912524199985
-------------------------------
サンプル 253-------
単語 : 木々,  cos類似度 : 0.5951695667019516
単語 : 向う,  cos類似度 : 0.5903325047394998
単語 : 緑色,  cos類似度 : 0.5883722047310651
単語 : 夕暮れ,  cos類似度 : 0.5837865308656341
単語 : 小道,  cos類似度 : 0.5830150476390239
-------------------------------
サンプル 254-------
単語 : 淹,  cos類似度 : -0.23025249178934581
単語 : 買,  cos類似度 : -0.23493392262973356
単語 : ディス,  cos類似度 : -0.25927629028570154
単語 : 願,  cos類似度 : -0.25954545862748324
単語 : 栽,  cos類似度 : -0.2600142932296869
-------------------------------
サンプル 255-------
単語 : 再会,  cos類似度 : 0.11813000620799843
単語 : 独り,  cos類似度 : 0.11740900776440313
単語 : 行く末,  cos類似度 : 0.11409390182459861
単語 : 安らか,  cos類似度 : 0.10769989994659791
単語 : 戦慄,  cos類似度 : 0.1034627020501052
-------------------------------
サンプル 256-------
単語 : 緑色,  cos類似度 : 0.5912113937277205
単語 : 入り口,  cos類似度 : 0.5907437535816121
単語 : 隣,  cos類似度 : 0.5880751750588956
単語 : 向う,  cos類似度 : 0.5855893217893003
単語 : 水色,  cos類似度 : 0.5804278959227742
-------------------------------
サンプル 257-------
単語 : 栽,  cos類似度 : -0.1914039171561401
単語 : 淹,  cos類似度 : -0.20582893708478214
単語 : 衛生,  cos類似度 : -0.20632024667313795
単語 : 降伏,  cos類似度 : -0.21365635674539288
単語 : 許可,  cos類似度 : -0.22146602783260264
-------------------------------
サンプル 258-------
単語 : 景色,  cos類似度 : 0.5584390635476151
単語 : 隣,  cos類似度 : 0.5326870254013897
単語 : 向う,  cos類似度 : 0.5318238376351165
単語 : 風景,  cos類似度 : 0.5307723423727538
単語 : 周り,  cos類似度 : 0.5299778736037294
-------------------------------
サンプル 259-------
単語 : 周り,  cos類似度 : 0.45226421822281254
単語 : まわり,  cos類似度 : 0.422907846259462
単語 : 内側,  cos類似度 : 0.4074349516791739
単語 : 欄干,  cos類似度 : 0.39983308954296254
単語 : 端,  cos類似度 : 0.3926157349757606
-------------------------------
サンプル 260-------
単語 : 見え,  cos類似度 : 0.594634736724185
単語 : 隣,  cos類似度 : 0.5868128297094968
単語 : 入り口,  cos類似度 : 0.586077098136433
単語 : 向う,  cos類似度 : 0.5854794928758239
単語 : 周り,  cos類似度 : 0.5800080837030214
-------------------------------
サンプル 261-------
単語 : 灰色,  cos類似度 : 0.2320665534785945
単語 : 桃色,  cos類似度 : 0.21216103069694
単語 : 群青,  cos類似度 : 0.20254380590502938
単語 : 霧,  cos類似度 : 0.1993332382246927
単語 : 朝焼け,  cos類似度 : 0.19788854261196231
-------------------------------
サンプル 262-------
単語 : 向う,  cos類似度 : 0.5879707387471532
単語 : 辺り,  cos類似度 : 0.5831922901463721
単語 : 隣,  cos類似度 : 0.582309393374673
単語 : 見え,  cos類似度 : 0.5788178346597916
単語 : 真ん中,  cos類似度 : 0.5779809165874329
-------------------------------
サンプル 263-------
単語 : 雲,  cos類似度 : 0.05679627126242227
単語 : 不穏,  cos類似度 : 0.05142779743947973
単語 : 暗雲,  cos類似度 : 0.04881144548577824
単語 : 絶海,  cos類似度 : 0.048442846257773266
単語 : 寒気,  cos類似度 : 0.04721423726704719
-------------------------------
サンプル 264-------
単語 : 緑色,  cos類似度 : 0.5963230825461924
単語 : 見え,  cos類似度 : 0.5950464398146768
単語 : 茶色,  cos類似度 : 0.5783770916253044
単語 : 木々,  cos類似度 : 0.577406258076927
単語 : 周り,  cos類似度 : 0.5767000343561061
-------------------------------
サンプル 265-------
単語 : 割り,  cos類似度 : 0.22726512673154103
単語 : わり,  cos類似度 : 0.22447636781924202
単語 : 結構,  cos類似度 : 0.2143253347191369
単語 : せい,  cos類似度 : 0.19776130309663933
単語 : 讃,  cos類似度 : 0.19447487009461906
-------------------------------
サンプル 266-------
単語 : 男女,  cos類似度 : 0.29347781721677485
単語 : 高齢,  cos類似度 : 0.27976097632686814
単語 : 熟年,  cos類似度 : 0.2755793544112767
単語 : 突起,  cos類似度 : 0.271747891993298
単語 : 角形,  cos類似度 : 0.27143647369834806
-------------------------------
サンプル 267-------
単語 : 女の子,  cos類似度 : 0.5477277610231667
単語 : よ,  cos類似度 : 0.5349813633782665
単語 : カラフル,  cos類似度 : 0.5265975061162018
単語 : 売り物,  cos類似度 : 0.5235006611969468
単語 : 水玉,  cos類似度 : 0.5145760895897353
-------------------------------
サンプル 268-------
単語 : よ,  cos類似度 : 0.6011663451791691
単語 : 入り口,  cos類似度 : 0.5816447793104778
単語 : ん,  cos類似度 : 0.574959582881807
単語 : 隣,  cos類似度 : 0.5733790977687897
単語 : 実,  cos類似度 : 0.5690842293712313
-------------------------------
サンプル 269-------
単語 : 買,  cos類似度 : -0.13759555180883928
単語 : 保険,  cos類似度 : -0.1470131580909857
単語 : 定員,  cos類似度 : -0.15267527317552895
単語 : 報酬,  cos類似度 : -0.15432602836925557
単語 : 景品,  cos類似度 : -0.15747460973118918
-------------------------------
サンプル 270-------
単語 : 周り,  cos類似度 : 0.5633499708894724
単語 : 小道,  cos類似度 : 0.5628689701441563
単語 : 水色,  cos類似度 : 0.5606422746338464
単語 : 手前,  cos類似度 : 0.5594610383628292
単語 : 緑色,  cos類似度 : 0.557644701407872
-------------------------------
サンプル 271-------
単語 : 胃,  cos類似度 : -0.18112286255307247
単語 : お腹,  cos類似度 : -0.19487175174087035
単語 : 腸,  cos類似度 : -0.1984857575026052
単語 : 耳鳴り,  cos類似度 : -0.20670121543089037
単語 : 腹部,  cos類似度 : -0.20743332448379204
-------------------------------
サンプル 272-------
単語 : 緑色,  cos類似度 : 0.601063629489355
単語 : 入り口,  cos類似度 : 0.594688520782587
単語 : 隣,  cos類似度 : 0.5909450406296565
単語 : 横,  cos類似度 : 0.5874171699224165
単語 : 緑,  cos類似度 : 0.5872880006091029
-------------------------------
サンプル 273-------
単語 : 音痴,  cos類似度 : 0.06942131014490878
単語 : どん,  cos類似度 : 0.05144518196354626
単語 : 遅れ,  cos類似度 : 0.05119085353212315
単語 : 北朝鮮,  cos類似度 : 0.04909746243531515
単語 : 戦後,  cos類似度 : 0.046009703272880766
-------------------------------
サンプル 274-------
単語 : カク,  cos類似度 : -0.1156767107315515
単語 : ナサ,  cos類似度 : -0.12925219591590512
単語 : ウルトラマン,  cos類似度 : -0.131834641127376
単語 : こうそく,  cos類似度 : -0.1359141454532214
単語 : 拝啓,  cos類似度 : -0.13672849028259268
-------------------------------
サンプル 275-------
単語 : 型,  cos類似度 : 0.027526803548433107
単語 : 保険,  cos類似度 : 0.017122430162885116
単語 : 緩和,  cos類似度 : 0.0061613678938081794
単語 : 食品,  cos類似度 : -1.32445818301376e-05
単語 : 略称,  cos類似度 : -0.008999705846523265
-------------------------------
サンプル 276-------
単語 : 入り口,  cos類似度 : 0.5889600817390093
単語 : 見え,  cos類似度 : 0.5852826497131364
単語 : 景色,  cos類似度 : 0.5800556676322757
単語 : 小道,  cos類似度 : 0.5787078950804616
単語 : 隣,  cos類似度 : 0.5785969460949663
-------------------------------
サンプル 277-------
単語 : 業種,  cos類似度 : -0.09990072274337936
単語 : 型,  cos類似度 : -0.11552497322878222
単語 : 事業,  cos類似度 : -0.12298554976005287
単語 : 保険,  cos類似度 : -0.12543586933060896
単語 : 科目,  cos類似度 : -0.12997553366561782
-------------------------------
サンプル 278-------
単語 : 小枝,  cos類似度 : 0.4808376266407347
単語 : おり,  cos類似度 : 0.47831291276818155
単語 : 小道,  cos類似度 : 0.46314108761494405
単語 : あちこち,  cos類似度 : 0.46252192432550643
単語 : 無数,  cos類似度 : 0.45868262921719394
-------------------------------
サンプル 279-------
単語 : 緑色,  cos類似度 : 0.6481251225513347
単語 : 水色,  cos類似度 : 0.6175333877991757
単語 : 深緑,  cos類似度 : 0.610286686983379
単語 : 茶色,  cos類似度 : 0.6053775704907557
単語 : 影,  cos類似度 : 0.5956063664597305
-------------------------------
サンプル 280-------
単語 : 周り,  cos類似度 : 0.6043133125277063
単語 : よ,  cos類似度 : 0.5946239257462012
単語 : 隣,  cos類似度 : 0.5869255334502234
単語 : 横,  cos類似度 : 0.5813959135331264
単語 : 見え,  cos類似度 : 0.5778147644601764
-------------------------------
サンプル 281-------
単語 : よ,  cos類似度 : 0.553253617361287
単語 : 場所,  cos類似度 : 0.543121858782642
単語 : 地面,  cos類似度 : 0.5380523864094784
単語 : 椅子,  cos類似度 : 0.5315521983831315
単語 : 周り,  cos類似度 : 0.5283398850643228
-------------------------------
サンプル 282-------
単語 : 地面,  cos類似度 : 0.5998669751974003
単語 : 茂み,  cos類似度 : 0.5573103120101449
単語 : 緑色,  cos類似度 : 0.5524046881018929
単語 : 水色,  cos類似度 : 0.5501165290418805
単語 : 真横,  cos類似度 : 0.5499332979172139
-------------------------------
サンプル 283-------
単語 : 濡れ,  cos類似度 : 0.42347610960744403
単語 : 撮影,  cos類似度 : 0.4098582233592044
単語 : 水面,  cos類似度 : 0.4050990605960414
単語 : 肉眼,  cos類似度 : 0.3944883648343415
単語 : 真っ白,  cos類似度 : 0.3943962971581398
-------------------------------
サンプル 284-------
単語 : 見え,  cos類似度 : 0.6165947123013471
単語 : 緑色,  cos類似度 : 0.6102424522024283
単語 : 空,  cos類似度 : 0.6029112456931836
単語 : 水色,  cos類似度 : 0.6022666800591234
単語 : 夕暮れ,  cos類似度 : 0.5955596255059631
-------------------------------
サンプル 285-------
単語 : 見え,  cos類似度 : 0.6003382291752657
単語 : 緑色,  cos類似度 : 0.5807436641819403
単語 : 茶色,  cos類似度 : 0.5755361046145719
単語 : 木々,  cos類似度 : 0.570163995608963
単語 : 綺麗,  cos類似度 : 0.5662593492544482
-------------------------------
サンプル 286-------
単語 : モニター,  cos類似度 : 0.20109528399634305
単語 : 傷,  cos類似度 : 0.19201931257225777
単語 : 赤ちゃん,  cos類似度 : 0.18439093284464994
単語 : しずく,  cos類似度 : 0.18318718002567214
単語 : 片方,  cos類似度 : 0.17835917748972063
-------------------------------
サンプル 287-------
単語 : グル,  cos類似度 : -0.034184225017664244
単語 : 機密,  cos類似度 : -0.048079017186312537
単語 : 要人,  cos類似度 : -0.05850073188442267
単語 : 発覚,  cos類似度 : -0.06034920175361127
単語 : 音痴,  cos類似度 : -0.06148508179844119
-------------------------------
サンプル 288-------
単語 : 緑色,  cos類似度 : 0.6208820704885041
単語 : 水色,  cos類似度 : 0.6043686321786901
単語 : 茶色,  cos類似度 : 0.5969913655388277
単語 : 実,  cos類似度 : 0.5891224591287936
単語 : 緑,  cos類似度 : 0.5868273417200089
-------------------------------
サンプル 289-------
単語 : 買,  cos類似度 : -0.20309402509526805
単語 : ポリオ,  cos類似度 : -0.2337545774260995
単語 : 報酬,  cos類似度 : -0.23431505843172495
単語 : 保険,  cos類似度 : -0.23531889506266737
単語 : 支払い,  cos類似度 : -0.2404288327835104
-------------------------------
サンプル 290-------
単語 : ベージュ,  cos類似度 : 0.3896139634199615
単語 : 同系,  cos類似度 : 0.37939304290999365
単語 : アイボリー,  cos類似度 : 0.36726612253805224
単語 : 同色,  cos類似度 : 0.3658704927335169
単語 : 着用,  cos類似度 : 0.3631094640739185
-------------------------------
サンプル 291-------
単語 : 水色,  cos類似度 : 0.6002564824547925
単語 : 緑色,  cos類似度 : 0.5913565254959429
単語 : よ,  cos類似度 : 0.5862390547385012
単語 : 茶色,  cos類似度 : 0.5837171422284027
単語 : カラフル,  cos類似度 : 0.5793289633343752
-------------------------------
サンプル 292-------
単語 : 緑色,  cos類似度 : 0.5929184613302289
単語 : 木々,  cos類似度 : 0.5894018107164897
単語 : 入り口,  cos類似度 : 0.5870565595524744
単語 : 向う,  cos類似度 : 0.5855113102769267
単語 : 夕暮れ,  cos類似度 : 0.583558765777575
-------------------------------
サンプル 293-------
単語 : 舗道,  cos類似度 : 0.2499749989614776
単語 : 銀色,  cos類似度 : 0.2088244102787775
単語 : 街灯,  cos類似度 : 0.19607728205698377
単語 : 夕闇,  cos類似度 : 0.19303640537092367
単語 : 三日月,  cos類似度 : 0.18634954788488417
-------------------------------
サンプル 294-------
単語 : 束の間,  cos類似度 : 0.13497631756067205
単語 : 雪解け,  cos類似度 : 0.12092320495939074
単語 : 急,  cos類似度 : 0.10470432037828149
単語 : 雨上がり,  cos類似度 : 0.1016166618041837
単語 : つかの間,  cos類似度 : 0.10127596819099152
-------------------------------
サンプル 295-------
単語 : 見え,  cos類似度 : 0.6002245607591175
単語 : 影,  cos類似度 : 0.5990616940203566
単語 : 緑色,  cos類似度 : 0.5936210726238929
単語 : 辺り,  cos類似度 : 0.5859478352433749
単語 : 手前,  cos類似度 : 0.5847501121712083
-------------------------------
サンプル 296-------
単語 : 緑色,  cos類似度 : 0.6091181844921736
単語 : 手前,  cos類似度 : 0.6025946584497297
単語 : 緑,  cos類似度 : 0.60182080341317
単語 : 見え,  cos類似度 : 0.5984515971125622
単語 : 隣,  cos類似度 : 0.5970209368037891
-------------------------------
サンプル 297-------
単語 : 保険,  cos類似度 : -0.07552997004297192
単語 : 入力,  cos類似度 : -0.08852004172070474
単語 : 業務,  cos類似度 : -0.09038856508844859
単語 : 報酬,  cos類似度 : -0.09191984949877453
単語 : 医療,  cos類似度 : -0.09697788197574071
-------------------------------
サンプル 298-------
単語 : 緑色,  cos類似度 : 0.5915303938349837
単語 : 色,  cos類似度 : 0.5839772974411584
単語 : 手前,  cos類似度 : 0.5788165476492754
単語 : 茶色,  cos類似度 : 0.574979890732298
単語 : 実,  cos類似度 : 0.5736125156833695
-------------------------------
サンプル 299-------
単語 : 場所,  cos類似度 : 0.5698442369788959
単語 : 手前,  cos類似度 : 0.5671760612795429
単語 : 実,  cos類似度 : 0.5665921329736348
単語 : よ,  cos類似度 : 0.5625181432434148
単語 : 綺麗,  cos類似度 : 0.5606501051660199
-------------------------------
サンプル 300-------
単語 : よ,  cos類似度 : 0.6054391424881651
単語 : 実,  cos類似度 : 0.588758644375572
単語 : 見え,  cos類似度 : 0.5870368295472393
単語 : 手前,  cos類似度 : 0.5835997657941229
単語 : 緑色,  cos類似度 : 0.5774826070299155
-------------------------------
サンプル 301-------
単語 : 間接,  cos類似度 : -0.14156866946760388
単語 : 破損,  cos類似度 : -0.15134616001054677
単語 : 交換,  cos類似度 : -0.1605793647120428
単語 : キット,  cos類似度 : -0.1614851947851471
単語 : グロス,  cos類似度 : -0.16371808184054532
-------------------------------
