サンプル 0-------
n の:0.6110779047012329
n は:0.5465810298919678
v いる:0.5438841581344604
n から:0.5331107378005981
n い:0.53300940990448
n それ:0.5325487852096558
-------------------------------
サンプル 1-------
-------------------------------
サンプル 2-------
n それ:0.609110951423645
n の:0.604183554649353
n か:0.5893648862838745
n よ:0.5840275287628174
n は:0.5826001167297363
-------------------------------
サンプル 3-------
n の:0.7525476217269897
v いる:0.6822530031204224
n は:0.6795733571052551
n それ:0.6520928144454956
n い:0.6405773758888245
n て:0.6380127668380737
n から:0.6271480321884155
v 見える:0.6193398833274841
n もの:0.6170170903205872
-------------------------------
サンプル 4-------
n の:0.7565200328826904
n は:0.6785070896148682
v いる:0.6555522680282593
v ある:0.6542108654975891
n それ:0.636959969997406
n から:0.6186883449554443
n そこ:0.616236686706543
n もの:0.6121162176132202
n い:0.611510694026947
-------------------------------
サンプル 5-------
v 座る:0.3204612135887146
n 長身:0.2985479235649109
n 一望:0.29295048117637634
v 見下ろす:0.29012686014175415
n 男性:0.28720250725746155
n 正座:0.2837972640991211
-------------------------------
サンプル 6-------
n の:0.7410327196121216
n は:0.6841844320297241
n から:0.6658799648284912
v 見える:0.6463252902030945
n ところ:0.6451582312583923
n 向こう:0.6320369243621826
n そこ:0.6307753324508667
n それ:0.6277491450309753
n 向こう側:0.6219538450241089
v ある:0.6209578514099121
v よう:0.620032548904419
-------------------------------
サンプル 7-------
n の:0.7442200183868408
n は:0.6813886761665344
v 見える:0.660552978515625
n から:0.6470879316329956
n それ:0.6450883150100708
v いる:0.6322854161262512
a 青い:0.6234239935874939
v ある:0.6211115121841431
n もの:0.6199836134910583
-------------------------------
サンプル 8-------
-------------------------------
サンプル 9-------
n 中:0.42119550704956055
v いる:0.38971251249313354
v ある:0.3580859899520874
n もの:0.35249173641204834
n なか:0.3373870849609375
v いく:0.3344755470752716
-------------------------------
サンプル 10-------
-------------------------------
サンプル 11-------
n の:0.741059422492981
n は:0.6813170313835144
v いる:0.6579180955886841
n それ:0.6556352376937866
a 白い:0.6468850374221802
n から:0.6425979733467102
n て:0.6353434324264526
n もの:0.6319555044174194
-------------------------------
サンプル 12-------
-------------------------------
サンプル 13-------
n udp:-0.060036491602659225
-------------------------------
サンプル 14-------
n の:0.6376843452453613
v いる:0.6330832242965698
n い:0.6100072860717773
a 白い:0.6083438992500305
a 茶色い:0.5981582999229431
n 街中:0.5971194505691528
n 景色:0.5859098434448242
v 通り過ぎる:0.5837293267250061
n 夕暮れ:0.5824332237243652
-------------------------------
サンプル 15-------
n の:0.7352265119552612
v いる:0.6937175393104553
n は:0.6662665605545044
n い:0.6561451554298401
n て:0.6456043720245361
v 見える:0.6445639729499817
n から:0.6426458358764648
v よう:0.6354183554649353
a 白い:0.6350900530815125
n それ:0.6324658393859863
n 向こう側:0.6263376474380493
n ところ:0.6227255463600159
-------------------------------
サンプル 16-------
v いる:0.6826311349868774
v 見える:0.6263468265533447
n い:0.5995999574661255
v 見る:0.5938030481338501
v みえる:0.5889115333557129
v 眺める:0.5818874835968018
v 見渡す:0.5707305073738098
n てる:0.5667839646339417
v 見下ろす:0.5651450753211975
v そびえる:0.5484293103218079
n 景色:0.5483316779136658
n の:0.5474351644515991
v 見渡せる:0.5458022356033325
v 映る:0.5443782806396484
n 見:0.5432445406913757
n 眺め:0.5415819883346558
-------------------------------
サンプル 17-------
n の:0.7295020818710327
v いる:0.6886011362075806
v 見える:0.6705714464187622
n は:0.6689966917037964
n ところ:0.6461676359176636
n い:0.6398254036903381
n もの:0.6363158226013184
n て:0.6352261304855347
v ある:0.6305718421936035
n それ:0.6263097524642944
n から:0.6233861446380615
v みえる:0.6226286888122559
n そこ:0.6195310354232788
-------------------------------
サンプル 18-------
v いる:0.575823187828064
n オブジェ:0.53402179479599
n 脇:0.5337204933166504
n 背後:0.5307691097259521
v 取り囲む:0.5295953154563904
n て:0.5229198336601257
n い:0.5200823545455933
n 斜め:0.5198591947555542
n 横:0.5194146633148193
n 構図:0.5173438787460327
n 入り口:0.5147501826286316
v 寄り添う:0.513148844242096
n 彫像:0.5088545680046082
n の:0.5077545642852783
-------------------------------
サンプル 19-------
n の:0.7589916586875916
v いる:0.687441349029541
n は:0.685702919960022
v 見える:0.6752292513847351
n から:0.6540130972862244
n い:0.6417974233627319
n それ:0.639406681060791
n て:0.636375904083252
v よう:0.6325092911720276
n ところ:0.6316123008728027
v みえる:0.6279765367507935
-------------------------------
サンプル 20-------
n の:0.5317130088806152
v みえる:0.49679115414619446
n 綺麗:0.49216124415397644
n きれい:0.49192845821380615
a うつくしい:0.4914694130420685
a 美しい:0.48901426792144775
-------------------------------
サンプル 21-------
n 空色:0.2776256203651428
n きれい:0.277536004781723
n 矢木:0.2590487003326416
n 真っ白:0.2555354833602905
n みずいろ:0.2549479007720947
-------------------------------
サンプル 22-------
n の:0.6971327066421509
v いる:0.6686497330665588
n い:0.6122020483016968
n は:0.6058427095413208
n てる:0.5742847919464111
n から:0.5735592842102051
n て:0.5591886043548584
-------------------------------
サンプル 23-------
n の:0.7463210225105286
v いる:0.6927899122238159
n は:0.6819769740104675
n それ:0.676609992980957
v よう:0.6601243019104004
v 見える:0.6588290929794312
n もの:0.6527708768844604
n て:0.6496042013168335
n い:0.6462247371673584
n から:0.644754946231842
n ところ:0.6349297761917114
-------------------------------
サンプル 24-------
n の:0.6847359538078308
a 黒い:0.6441093683242798
v 見える:0.6314996480941772
a 白い:0.6242507696151733
v よう:0.6169822812080383
n は:0.6114983558654785
v いる:0.6100400686264038
a 青い:0.6056796312332153
a 赤い:0.6042594909667969
a 茶色い:0.5964895486831665
n 確か:0.5906107425689697
-------------------------------
サンプル 25-------
-------------------------------
サンプル 26-------
n 起算:0.029320675879716873
n 準用:0.025613676756620407
-------------------------------
サンプル 27-------
n の:0.7547347545623779
n は:0.700596272945404
v いる:0.6833713054656982
n それ:0.656831681728363
v ある:0.6465765237808228
v 見える:0.6464467644691467
n もの:0.6386866569519043
n から:0.6372083425521851
n い:0.6316341757774353
n て:0.6308979392051697
v よう:0.6269848346710205
-------------------------------
サンプル 28-------
v 見える:0.6128215789794922
n の:0.5914349555969238
n 緑色:0.5718454122543335
n 水色:0.5708390474319458
n 黄緑:0.5662416815757751
v よう:0.5654925107955933
a 青い:0.5647717714309692
v みえる:0.5619864463806152
n 綺麗:0.5595787763595581
n もの:0.5591263771057129
a 丸い:0.5582133531570435
n は:0.5547434091567993
a 黒い:0.5517457127571106
v ある:0.5502886772155762
-------------------------------
サンプル 29-------
v いる:0.7357224822044373
n の:0.6843841671943665
n い:0.6467621326446533
n てる:0.6336788535118103
v 見える:0.623379111289978
n て:0.6096524596214294
n は:0.608056902885437
v みえる:0.6031489372253418
n 中:0.5966365337371826
v 映る:0.5963846445083618
n もの:0.5819993615150452
v よう:0.5792883634567261
v 写る:0.5769829750061035
n それ:0.5728408098220825
-------------------------------
サンプル 30-------
n の:0.7658342123031616
v いる:0.7449451684951782
n は:0.6954381465911865
n い:0.6779121160507202
v 見える:0.656835675239563
n それ:0.6514021754264832
n てる:0.6475765705108643
n て:0.6453613042831421
v ある:0.6421682834625244
n 確か:0.6371734738349915
n から:0.6370173692703247
-------------------------------
サンプル 31-------
n の:0.7774337530136108
v いる:0.7028837203979492
n は:0.7009569406509399
n それ:0.668552041053772
n から:0.6617125272750854
n い:0.6528765559196472
v ある:0.6489146947860718
n て:0.6485074758529663
n もの:0.6408037543296814
v 見える:0.6396926045417786
-------------------------------
サンプル 32-------
n ノキ:0.031192565336823463
-------------------------------
サンプル 33-------
n の:0.6299859285354614
v 見える:0.6101250648498535
n それ:0.5791770815849304
n 向こう側:0.5789222121238708
n は:0.5770610570907593
n から:0.5756087899208069
n そこ:0.5737118721008301
n 見え:0.5717912912368774
v 言う:0.5661659240722656
n 向こう:0.563784122467041
v みえる:0.5625481605529785
n 人:0.5622588992118835
-------------------------------
サンプル 34-------
n の:0.6329994797706604
v 横切る:0.5918627977371216
v いる:0.5910305380821228
a 青い:0.5826860070228577
n は:0.5806202292442322
n から:0.5795652866363525
a 白い:0.5722885131835938
n 向こう側:0.5719818472862244
v 見える:0.5696690678596497
a 黒い:0.5682506561279297
v する:0.5660738945007324
a 細長い:0.5644447803497314
n 向こう:0.563576877117157
n 南側:0.5598229169845581
-------------------------------
サンプル 35-------
n の:0.7667834758758545
n は:0.7001484632492065
v いる:0.6781759858131409
n それ:0.6700922250747681
n から:0.665855884552002
n て:0.6512145400047302
v 見える:0.6445456147193909
n い:0.6443005204200745
n もの:0.6400104761123657
-------------------------------
サンプル 36-------
-------------------------------
サンプル 37-------
v いる:0.575057327747345
n の:0.5391899347305298
n い:0.5137413740158081
v ある:0.49726924300193787
n それ:0.49255532026290894
n 今:0.4907079339027405
n は:0.48007965087890625
n 中:0.47764450311660767
n てる:0.4775155782699585
-------------------------------
サンプル 38-------
-------------------------------
サンプル 39-------
n の:0.7412863969802856
n は:0.6832018494606018
n それ:0.6697313785552979
v いる:0.6677625775337219
v 見える:0.6525956988334656
n て:0.638066828250885
n から:0.6359338760375977
v よう:0.6346969604492188
n 向こう側:0.6335771083831787
n もの:0.6322501301765442
n い:0.6321680545806885
n ところ:0.629185676574707
-------------------------------
サンプル 40-------
n の:0.6462385654449463
v いる:0.6290829181671143
n は:0.624443769454956
n それ:0.6182197332382202
n て:0.5944987535476685
n い:0.5892271995544434
n 実際:0.5822551250457764
v 通り過ぎる:0.5820882320404053
-------------------------------
サンプル 41-------
n の:0.6560186147689819
n それ:0.6195272207260132
n は:0.6113222241401672
v いる:0.5967956781387329
n て:0.5837116241455078
-------------------------------
サンプル 42-------
n の:0.7041934728622437
v いる:0.6728265881538391
n は:0.649303674697876
v 見える:0.6439034342765808
n い:0.6340671181678772
n て:0.6192936897277832
n 緑色:0.6173207759857178
n もの:0.6166485548019409
v よう:0.6124022006988525
n それ:0.6123300194740295
a 白い:0.6091325879096985
a 青い:0.6079683899879456
n 鮮やか:0.6079391837120056
n から:0.6047531366348267
-------------------------------
サンプル 43-------
n の:0.7628241777420044
n は:0.6923822164535522
v いる:0.6824367046356201
v 見える:0.6649534106254578
n それ:0.6627464890480042
n もの:0.646804690361023
v よう:0.6463232040405273
v ある:0.645889163017273
n から:0.6456966996192932
n て:0.6359427571296692
n い:0.6352927088737488
n 確か:0.6340051293373108
-------------------------------
サンプル 44-------
n 男性:0.20071735978126526
n スレーター:0.19107753038406372
n 依拠:0.18654100596904755
n フォーブス:0.18232962489128113
-------------------------------
サンプル 45-------
-------------------------------
サンプル 46-------
a 青い:0.6484429240226746
a 白い:0.63787841796875
a 黒い:0.6279295086860657
v いる:0.6225032210350037
n の:0.6020305156707764
v 見上げる:0.5995949506759644
a 赤い:0.5990579724311829
a 茶色い:0.595064640045166
v 見える:0.5874015092849731
v 見る:0.5802280902862549
n 緑色:0.5797193050384521
n 向こう側:0.5669559836387634
n 灰色:0.5665008425712585
a 黄色い:0.5641682147979736
n 空:0.5640552043914795
a 青白い:0.5631381869316101
-------------------------------
サンプル 47-------
n の:0.7520803213119507
v いる:0.7034246325492859
n は:0.6752386093139648
n い:0.6574945449829102
a 白い:0.6518216133117676
a 青い:0.646056592464447
n それ:0.6437852382659912
a 黒い:0.6410056352615356
n から:0.6406311988830566
v よう:0.6374982595443726
n て:0.6335684061050415
v 見える:0.6326548457145691
-------------------------------
サンプル 48-------
-------------------------------
サンプル 49-------
-------------------------------
サンプル 50-------
n 配色:0.4271227717399597
n 色:0.4179534912109375
n グラデーション:0.41368553042411804
n 単色:0.4126431345939636
n エナメル:0.4108615815639496
n ベージュ:0.408066987991333
n グリッター:0.4038294553756714
n ラメ:0.40110015869140625
n 同色:0.3938501477241516
n フラップ:0.39358270168304443
-------------------------------
サンプル 51-------
n の:0.7626394033432007
n は:0.6874436736106873
v いる:0.6602213382720947
n それ:0.6586910486221313
n から:0.6516134142875671
v ある:0.6424799561500549
v 見える:0.6402406096458435
n て:0.6305809020996094
n もの:0.6252838373184204
-------------------------------
サンプル 52-------
-------------------------------
サンプル 53-------
n の:0.7600847482681274
n は:0.6845020651817322
v いる:0.6840997934341431
v 見える:0.6517056226730347
n それ:0.6488171815872192
n から:0.6374058723449707
v ある:0.6373542547225952
n て:0.6353058815002441
n い:0.6290425658226013
n もの:0.6263127326965332
n 確か:0.6258596181869507
-------------------------------
サンプル 54-------
n の:0.6531797647476196
v 見える:0.6083842515945435
n 入り口:0.6022719144821167
n 手前:0.5884934663772583
n 右側:0.584187924861908
v 写る:0.5834710597991943
n 左側:0.5828726291656494
n 裏手:0.5773528814315796
n 近く:0.5725647807121277
n 入口:0.5644880533218384
n 小道:0.5604236125946045
v 通り過ぎる:0.5594062805175781
v いる:0.5589636564254761
-------------------------------
サンプル 55-------
n の:0.7430596947669983
v いる:0.6997323036193848
n は:0.6750168204307556
n い:0.6486753225326538
v 見える:0.6460925340652466
n から:0.6459916830062866
n それ:0.6381585597991943
n て:0.6330546736717224
n 向こう側:0.6216518878936768
n ところ:0.6203749775886536
n 確か:0.6190575957298279
-------------------------------
サンプル 56-------
v 見える:0.5253067016601562
n 張り出し:0.5140997767448425
n 手前:0.5078355073928833
n 向こう側:0.505063533782959
v 遠ざかる:0.5049784779548645
n 見え:0.4978575110435486
n 中程:0.4972987174987793
a 丸い:0.4932008683681488
a 細長い:0.49245357513427734
n 前側:0.4922446608543396
n 南側:0.4922029674053192
v 沈む:0.49127358198165894
-------------------------------
サンプル 57-------
n の:0.7454888820648193
n は:0.6831325888633728
n それ:0.6517505645751953
v いる:0.6504634022712708
n から:0.6451438665390015
v 見える:0.6420599222183228
n て:0.6292872428894043
n もの:0.6280102729797363
n ところ:0.6249854564666748
v よう:0.6221916675567627
-------------------------------
サンプル 58-------
n の:0.738703727722168
n は:0.6648615598678589
v いる:0.6503866910934448
n から:0.6340093612670898
v 見える:0.6216660737991333
n もの:0.6212787628173828
n それ:0.6204414963722229
n て:0.6148878335952759
n い:0.6141752004623413
n ところ:0.608883798122406
v ある:0.607987642288208
n そこ:0.6064075827598572
-------------------------------
サンプル 59-------
n の:0.7741923928260803
n は:0.711331844329834
n それ:0.6762771606445312
v いる:0.6703575253486633
n から:0.6613490581512451
n もの:0.6590189933776855
n て:0.6513930559158325
n ところ:0.6500616073608398
-------------------------------
サンプル 60-------
n の:0.6110779047012329
n は:0.5465810298919678
v いる:0.5438841581344604
n から:0.5331107378005981
n い:0.53300940990448
n それ:0.5325487852096558
-------------------------------
サンプル 61-------
-------------------------------
サンプル 62-------
n それ:0.609110951423645
n の:0.604183554649353
n か:0.5893648862838745
n よ:0.5840275287628174
n は:0.5826001167297363
-------------------------------
サンプル 63-------
n の:0.7525476217269897
v いる:0.6822530031204224
n は:0.6795733571052551
n それ:0.6520928144454956
n い:0.6405773758888245
n て:0.6380127668380737
n から:0.6271480321884155
v 見える:0.6193398833274841
n もの:0.6170170903205872
-------------------------------
サンプル 64-------
n の:0.7565200328826904
n は:0.6785070896148682
v いる:0.6555522680282593
v ある:0.6542108654975891
n それ:0.636959969997406
n から:0.6186883449554443
n そこ:0.616236686706543
n もの:0.6121162176132202
n い:0.611510694026947
-------------------------------
サンプル 65-------
v 座る:0.3204612135887146
n 長身:0.2985479235649109
n 一望:0.29295048117637634
v 見下ろす:0.29012686014175415
n 男性:0.28720250725746155
n 正座:0.2837972640991211
-------------------------------
サンプル 66-------
n の:0.7410327196121216
n は:0.6841844320297241
n から:0.6658799648284912
v 見える:0.6463252902030945
n ところ:0.6451582312583923
n 向こう:0.6320369243621826
n そこ:0.6307753324508667
n それ:0.6277491450309753
n 向こう側:0.6219538450241089
v ある:0.6209578514099121
v よう:0.620032548904419
-------------------------------
サンプル 67-------
n の:0.7442200183868408
n は:0.6813886761665344
v 見える:0.660552978515625
n から:0.6470879316329956
n それ:0.6450883150100708
v いる:0.6322854161262512
a 青い:0.6234239935874939
v ある:0.6211115121841431
n もの:0.6199836134910583
-------------------------------
サンプル 68-------
-------------------------------
サンプル 69-------
n 中:0.42119550704956055
v いる:0.38971251249313354
v ある:0.3580859899520874
n もの:0.35249173641204834
n なか:0.3373870849609375
v いく:0.3344755470752716
-------------------------------
サンプル 70-------
-------------------------------
サンプル 71-------
n の:0.741059422492981
n は:0.6813170313835144
v いる:0.6579180955886841
n それ:0.6556352376937866
a 白い:0.6468850374221802
n から:0.6425979733467102
n て:0.6353434324264526
n もの:0.6319555044174194
-------------------------------
サンプル 72-------
-------------------------------
サンプル 73-------
n udp:-0.060036491602659225
-------------------------------
サンプル 74-------
n の:0.6376843452453613
v いる:0.6330832242965698
n い:0.6100072860717773
a 白い:0.6083438992500305
a 茶色い:0.5981582999229431
n 街中:0.5971194505691528
n 景色:0.5859098434448242
v 通り過ぎる:0.5837293267250061
n 夕暮れ:0.5824332237243652
-------------------------------
サンプル 75-------
n の:0.7352265119552612
v いる:0.6937175393104553
n は:0.6662665605545044
n い:0.6561451554298401
n て:0.6456043720245361
v 見える:0.6445639729499817
n から:0.6426458358764648
v よう:0.6354183554649353
a 白い:0.6350900530815125
n それ:0.6324658393859863
n 向こう側:0.6263376474380493
n ところ:0.6227255463600159
-------------------------------
サンプル 76-------
v いる:0.6826311349868774
v 見える:0.6263468265533447
n い:0.5995999574661255
v 見る:0.5938030481338501
v みえる:0.5889115333557129
v 眺める:0.5818874835968018
v 見渡す:0.5707305073738098
n てる:0.5667839646339417
v 見下ろす:0.5651450753211975
v そびえる:0.5484293103218079
n 景色:0.5483316779136658
n の:0.5474351644515991
v 見渡せる:0.5458022356033325
v 映る:0.5443782806396484
n 見:0.5432445406913757
n 眺め:0.5415819883346558
-------------------------------
サンプル 77-------
n の:0.7295020818710327
v いる:0.6886011362075806
v 見える:0.6705714464187622
n は:0.6689966917037964
n ところ:0.6461676359176636
n い:0.6398254036903381
n もの:0.6363158226013184
n て:0.6352261304855347
v ある:0.6305718421936035
n それ:0.6263097524642944
n から:0.6233861446380615
v みえる:0.6226286888122559
n そこ:0.6195310354232788
-------------------------------
サンプル 78-------
v いる:0.575823187828064
n オブジェ:0.53402179479599
n 脇:0.5337204933166504
n 背後:0.5307691097259521
v 取り囲む:0.5295953154563904
n て:0.5229198336601257
n い:0.5200823545455933
n 斜め:0.5198591947555542
n 横:0.5194146633148193
n 構図:0.5173438787460327
n 入り口:0.5147501826286316
v 寄り添う:0.513148844242096
n 彫像:0.5088545680046082
n の:0.5077545642852783
-------------------------------
サンプル 79-------
n の:0.7589916586875916
v いる:0.687441349029541
n は:0.685702919960022
v 見える:0.6752292513847351
n から:0.6540130972862244
n い:0.6417974233627319
n それ:0.639406681060791
n て:0.636375904083252
v よう:0.6325092911720276
n ところ:0.6316123008728027
v みえる:0.6279765367507935
-------------------------------
サンプル 80-------
n の:0.5317130088806152
v みえる:0.49679115414619446
n 綺麗:0.49216124415397644
n きれい:0.49192845821380615
a うつくしい:0.4914694130420685
a 美しい:0.48901426792144775
-------------------------------
サンプル 81-------
n 空色:0.2776256203651428
n きれい:0.277536004781723
n 矢木:0.2590487003326416
n 真っ白:0.2555354833602905
n みずいろ:0.2549479007720947
-------------------------------
サンプル 82-------
n の:0.6971327066421509
v いる:0.6686497330665588
n い:0.6122020483016968
n は:0.6058427095413208
n てる:0.5742847919464111
n から:0.5735592842102051
n て:0.5591886043548584
-------------------------------
サンプル 83-------
n の:0.7463210225105286
v いる:0.6927899122238159
n は:0.6819769740104675
n それ:0.676609992980957
v よう:0.6601243019104004
v 見える:0.6588290929794312
n もの:0.6527708768844604
n て:0.6496042013168335
n い:0.6462247371673584
n から:0.644754946231842
n ところ:0.6349297761917114
-------------------------------
サンプル 84-------
n の:0.6847359538078308
a 黒い:0.6441093683242798
v 見える:0.6314996480941772
a 白い:0.6242507696151733
v よう:0.6169822812080383
n は:0.6114983558654785
v いる:0.6100400686264038
a 青い:0.6056796312332153
a 赤い:0.6042594909667969
a 茶色い:0.5964895486831665
n 確か:0.5906107425689697
-------------------------------
サンプル 85-------
-------------------------------
サンプル 86-------
n 起算:0.029320675879716873
n 準用:0.025613676756620407
-------------------------------
サンプル 87-------
n の:0.7547347545623779
n は:0.700596272945404
v いる:0.6833713054656982
n それ:0.656831681728363
v ある:0.6465765237808228
v 見える:0.6464467644691467
n もの:0.6386866569519043
n から:0.6372083425521851
n い:0.6316341757774353
n て:0.6308979392051697
v よう:0.6269848346710205
-------------------------------
サンプル 88-------
v 見える:0.6128215789794922
n の:0.5914349555969238
n 緑色:0.5718454122543335
n 水色:0.5708390474319458
n 黄緑:0.5662416815757751
v よう:0.5654925107955933
a 青い:0.5647717714309692
v みえる:0.5619864463806152
n 綺麗:0.5595787763595581
n もの:0.5591263771057129
a 丸い:0.5582133531570435
n は:0.5547434091567993
a 黒い:0.5517457127571106
v ある:0.5502886772155762
-------------------------------
サンプル 89-------
v いる:0.7357224822044373
n の:0.6843841671943665
n い:0.6467621326446533
n てる:0.6336788535118103
v 見える:0.623379111289978
n て:0.6096524596214294
n は:0.608056902885437
v みえる:0.6031489372253418
n 中:0.5966365337371826
v 映る:0.5963846445083618
n もの:0.5819993615150452
v よう:0.5792883634567261
v 写る:0.5769829750061035
n それ:0.5728408098220825
-------------------------------
サンプル 90-------
n の:0.7658342123031616
v いる:0.7449451684951782
n は:0.6954381465911865
n い:0.6779121160507202
v 見える:0.656835675239563
n それ:0.6514021754264832
n てる:0.6475765705108643
n て:0.6453613042831421
v ある:0.6421682834625244
n 確か:0.6371734738349915
n から:0.6370173692703247
-------------------------------
サンプル 91-------
n の:0.7774337530136108
v いる:0.7028837203979492
n は:0.7009569406509399
n それ:0.668552041053772
n から:0.6617125272750854
n い:0.6528765559196472
v ある:0.6489146947860718
n て:0.6485074758529663
n もの:0.6408037543296814
v 見える:0.6396926045417786
-------------------------------
サンプル 92-------
n ノキ:0.031192565336823463
-------------------------------
サンプル 93-------
n の:0.6299859285354614
v 見える:0.6101250648498535
n それ:0.5791770815849304
n 向こう側:0.5789222121238708
n は:0.5770610570907593
n から:0.5756087899208069
n そこ:0.5737118721008301
n 見え:0.5717912912368774
v 言う:0.5661659240722656
n 向こう:0.563784122467041
v みえる:0.5625481605529785
n 人:0.5622588992118835
-------------------------------
サンプル 94-------
n の:0.6329994797706604
v 横切る:0.5918627977371216
v いる:0.5910305380821228
a 青い:0.5826860070228577
n は:0.5806202292442322
n から:0.5795652866363525
a 白い:0.5722885131835938
n 向こう側:0.5719818472862244
v 見える:0.5696690678596497
a 黒い:0.5682506561279297
v する:0.5660738945007324
a 細長い:0.5644447803497314
n 向こう:0.563576877117157
n 南側:0.5598229169845581
-------------------------------
サンプル 95-------
n の:0.7667834758758545
n は:0.7001484632492065
v いる:0.6781759858131409
n それ:0.6700922250747681
n から:0.665855884552002
n て:0.6512145400047302
v 見える:0.6445456147193909
n い:0.6443005204200745
n もの:0.6400104761123657
-------------------------------
サンプル 96-------
-------------------------------
サンプル 97-------
v いる:0.575057327747345
n の:0.5391899347305298
n い:0.5137413740158081
v ある:0.49726924300193787
n それ:0.49255532026290894
n 今:0.4907079339027405
n は:0.48007965087890625
n 中:0.47764450311660767
n てる:0.4775155782699585
-------------------------------
サンプル 98-------
-------------------------------
サンプル 99-------
n の:0.7412863969802856
n は:0.6832018494606018
n それ:0.6697313785552979
v いる:0.6677625775337219
v 見える:0.6525956988334656
n て:0.638066828250885
n から:0.6359338760375977
v よう:0.6346969604492188
n 向こう側:0.6335771083831787
n もの:0.6322501301765442
n い:0.6321680545806885
n ところ:0.629185676574707
-------------------------------
サンプル 100-------
n の:0.6462385654449463
v いる:0.6290829181671143
n は:0.624443769454956
n それ:0.6182197332382202
n て:0.5944987535476685
n い:0.5892271995544434
n 実際:0.5822551250457764
v 通り過ぎる:0.5820882320404053
-------------------------------
サンプル 101-------
n の:0.6560186147689819
n それ:0.6195272207260132
n は:0.6113222241401672
v いる:0.5967956781387329
n て:0.5837116241455078
-------------------------------
サンプル 102-------
n の:0.7041934728622437
v いる:0.6728265881538391
n は:0.649303674697876
v 見える:0.6439034342765808
n い:0.6340671181678772
n て:0.6192936897277832
n 緑色:0.6173207759857178
n もの:0.6166485548019409
v よう:0.6124022006988525
n それ:0.6123300194740295
a 白い:0.6091325879096985
a 青い:0.6079683899879456
n 鮮やか:0.6079391837120056
n から:0.6047531366348267
-------------------------------
サンプル 103-------
n の:0.7628241777420044
n は:0.6923822164535522
v いる:0.6824367046356201
v 見える:0.6649534106254578
n それ:0.6627464890480042
n もの:0.646804690361023
v よう:0.6463232040405273
v ある:0.645889163017273
n から:0.6456966996192932
n て:0.6359427571296692
n い:0.6352927088737488
n 確か:0.6340051293373108
-------------------------------
サンプル 104-------
n 男性:0.20071735978126526
n スレーター:0.19107753038406372
n 依拠:0.18654100596904755
n フォーブス:0.18232962489128113
-------------------------------
サンプル 105-------
-------------------------------
サンプル 106-------
a 青い:0.6484429240226746
a 白い:0.63787841796875
a 黒い:0.6279295086860657
v いる:0.6225032210350037
n の:0.6020305156707764
v 見上げる:0.5995949506759644
a 赤い:0.5990579724311829
a 茶色い:0.595064640045166
v 見える:0.5874015092849731
v 見る:0.5802280902862549
n 緑色:0.5797193050384521
n 向こう側:0.5669559836387634
n 灰色:0.5665008425712585
a 黄色い:0.5641682147979736
n 空:0.5640552043914795
a 青白い:0.5631381869316101
-------------------------------
サンプル 107-------
n の:0.7520803213119507
v いる:0.7034246325492859
n は:0.6752386093139648
n い:0.6574945449829102
a 白い:0.6518216133117676
a 青い:0.646056592464447
n それ:0.6437852382659912
a 黒い:0.6410056352615356
n から:0.6406311988830566
v よう:0.6374982595443726
n て:0.6335684061050415
v 見える:0.6326548457145691
-------------------------------
サンプル 108-------
-------------------------------
サンプル 109-------
-------------------------------
サンプル 110-------
n 配色:0.4271227717399597
n 色:0.4179534912109375
n グラデーション:0.41368553042411804
n 単色:0.4126431345939636
n エナメル:0.4108615815639496
n ベージュ:0.408066987991333
n グリッター:0.4038294553756714
n ラメ:0.40110015869140625
n 同色:0.3938501477241516
n フラップ:0.39358270168304443
-------------------------------
サンプル 111-------
n の:0.7626394033432007
n は:0.6874436736106873
v いる:0.6602213382720947
n それ:0.6586910486221313
n から:0.6516134142875671
v ある:0.6424799561500549
v 見える:0.6402406096458435
n て:0.6305809020996094
n もの:0.6252838373184204
-------------------------------
サンプル 112-------
-------------------------------
サンプル 113-------
n の:0.7600847482681274
n は:0.6845020651817322
v いる:0.6840997934341431
v 見える:0.6517056226730347
n それ:0.6488171815872192
n から:0.6374058723449707
v ある:0.6373542547225952
n て:0.6353058815002441
n い:0.6290425658226013
n もの:0.6263127326965332
n 確か:0.6258596181869507
-------------------------------
サンプル 114-------
n の:0.6531797647476196
v 見える:0.6083842515945435
n 入り口:0.6022719144821167
n 手前:0.5884934663772583
n 右側:0.584187924861908
v 写る:0.5834710597991943
n 左側:0.5828726291656494
n 裏手:0.5773528814315796
n 近く:0.5725647807121277
n 入口:0.5644880533218384
n 小道:0.5604236125946045
v 通り過ぎる:0.5594062805175781
v いる:0.5589636564254761
-------------------------------
サンプル 115-------
n の:0.7430596947669983
v いる:0.6997323036193848
n は:0.6750168204307556
n い:0.6486753225326538
v 見える:0.6460925340652466
n から:0.6459916830062866
n それ:0.6381585597991943
n て:0.6330546736717224
n 向こう側:0.6216518878936768
n ところ:0.6203749775886536
n 確か:0.6190575957298279
-------------------------------
サンプル 116-------
v 見える:0.5253067016601562
n 張り出し:0.5140997767448425
n 手前:0.5078355073928833
n 向こう側:0.505063533782959
v 遠ざかる:0.5049784779548645
n 見え:0.4978575110435486
n 中程:0.4972987174987793
a 丸い:0.4932008683681488
a 細長い:0.49245357513427734
n 前側:0.4922446608543396
n 南側:0.4922029674053192
v 沈む:0.49127358198165894
-------------------------------
サンプル 117-------
n の:0.7454888820648193
n は:0.6831325888633728
n それ:0.6517505645751953
v いる:0.6504634022712708
n から:0.6451438665390015
v 見える:0.6420599222183228
n て:0.6292872428894043
n もの:0.6280102729797363
n ところ:0.6249854564666748
v よう:0.6221916675567627
-------------------------------
サンプル 118-------
n の:0.738703727722168
n は:0.6648615598678589
v いる:0.6503866910934448
n から:0.6340093612670898
v 見える:0.6216660737991333
n もの:0.6212787628173828
n それ:0.6204414963722229
n て:0.6148878335952759
n い:0.6141752004623413
n ところ:0.608883798122406
v ある:0.607987642288208
n そこ:0.6064075827598572
-------------------------------
サンプル 119-------
n の:0.7741923928260803
n は:0.711331844329834
n それ:0.6762771606445312
v いる:0.6703575253486633
n から:0.6613490581512451
n もの:0.6590189933776855
n て:0.6513930559158325
n ところ:0.6500616073608398
-------------------------------
サンプル 120-------
n の:0.6110779047012329
n は:0.5465810298919678
v いる:0.5438841581344604
n から:0.5331107378005981
n い:0.53300940990448
n それ:0.5325487852096558
-------------------------------
サンプル 121-------
-------------------------------
サンプル 122-------
n それ:0.609110951423645
n の:0.604183554649353
n か:0.5893648862838745
n よ:0.5840275287628174
n は:0.5826001167297363
-------------------------------
サンプル 123-------
n の:0.7525476217269897
v いる:0.6822530031204224
n は:0.6795733571052551
n それ:0.6520928144454956
n い:0.6405773758888245
n て:0.6380127668380737
n から:0.6271480321884155
v 見える:0.6193398833274841
n もの:0.6170170903205872
-------------------------------
サンプル 124-------
n の:0.7565200328826904
n は:0.6785070896148682
v いる:0.6555522680282593
v ある:0.6542108654975891
n それ:0.636959969997406
n から:0.6186883449554443
n そこ:0.616236686706543
n もの:0.6121162176132202
n い:0.611510694026947
-------------------------------
サンプル 125-------
v 座る:0.3204612135887146
n 長身:0.2985479235649109
n 一望:0.29295048117637634
v 見下ろす:0.29012686014175415
n 男性:0.28720250725746155
n 正座:0.2837972640991211
-------------------------------
サンプル 126-------
n の:0.7410327196121216
n は:0.6841844320297241
n から:0.6658799648284912
v 見える:0.6463252902030945
n ところ:0.6451582312583923
n 向こう:0.6320369243621826
n そこ:0.6307753324508667
n それ:0.6277491450309753
n 向こう側:0.6219538450241089
v ある:0.6209578514099121
v よう:0.620032548904419
-------------------------------
サンプル 127-------
n の:0.7442200183868408
n は:0.6813886761665344
v 見える:0.660552978515625
n から:0.6470879316329956
n それ:0.6450883150100708
v いる:0.6322854161262512
a 青い:0.6234239935874939
v ある:0.6211115121841431
n もの:0.6199836134910583
-------------------------------
サンプル 128-------
-------------------------------
サンプル 129-------
n 中:0.42119550704956055
v いる:0.38971251249313354
v ある:0.3580859899520874
n もの:0.35249173641204834
n なか:0.3373870849609375
v いく:0.3344755470752716
-------------------------------
サンプル 130-------
-------------------------------
サンプル 131-------
n の:0.741059422492981
n は:0.6813170313835144
v いる:0.6579180955886841
n それ:0.6556352376937866
a 白い:0.6468850374221802
n から:0.6425979733467102
n て:0.6353434324264526
n もの:0.6319555044174194
-------------------------------
サンプル 132-------
-------------------------------
サンプル 133-------
n udp:-0.060036491602659225
-------------------------------
サンプル 134-------
n の:0.6376843452453613
v いる:0.6330832242965698
n い:0.6100072860717773
a 白い:0.6083438992500305
a 茶色い:0.5981582999229431
n 街中:0.5971194505691528
n 景色:0.5859098434448242
v 通り過ぎる:0.5837293267250061
n 夕暮れ:0.5824332237243652
-------------------------------
サンプル 135-------
n の:0.7352265119552612
v いる:0.6937175393104553
n は:0.6662665605545044
n い:0.6561451554298401
n て:0.6456043720245361
v 見える:0.6445639729499817
n から:0.6426458358764648
v よう:0.6354183554649353
a 白い:0.6350900530815125
n それ:0.6324658393859863
n 向こう側:0.6263376474380493
n ところ:0.6227255463600159
-------------------------------
サンプル 136-------
v いる:0.6826311349868774
v 見える:0.6263468265533447
n い:0.5995999574661255
v 見る:0.5938030481338501
v みえる:0.5889115333557129
v 眺める:0.5818874835968018
v 見渡す:0.5707305073738098
n てる:0.5667839646339417
v 見下ろす:0.5651450753211975
v そびえる:0.5484293103218079
n 景色:0.5483316779136658
n の:0.5474351644515991
v 見渡せる:0.5458022356033325
v 映る:0.5443782806396484
n 見:0.5432445406913757
n 眺め:0.5415819883346558
-------------------------------
サンプル 137-------
n の:0.7295020818710327
v いる:0.6886011362075806
v 見える:0.6705714464187622
n は:0.6689966917037964
n ところ:0.6461676359176636
n い:0.6398254036903381
n もの:0.6363158226013184
n て:0.6352261304855347
v ある:0.6305718421936035
n それ:0.6263097524642944
n から:0.6233861446380615
v みえる:0.6226286888122559
n そこ:0.6195310354232788
-------------------------------
サンプル 138-------
v いる:0.575823187828064
n オブジェ:0.53402179479599
n 脇:0.5337204933166504
n 背後:0.5307691097259521
v 取り囲む:0.5295953154563904
n て:0.5229198336601257
n い:0.5200823545455933
n 斜め:0.5198591947555542
n 横:0.5194146633148193
n 構図:0.5173438787460327
n 入り口:0.5147501826286316
v 寄り添う:0.513148844242096
n 彫像:0.5088545680046082
n の:0.5077545642852783
-------------------------------
サンプル 139-------
n の:0.7589916586875916
v いる:0.687441349029541
n は:0.685702919960022
v 見える:0.6752292513847351
n から:0.6540130972862244
n い:0.6417974233627319
n それ:0.639406681060791
n て:0.636375904083252
v よう:0.6325092911720276
n ところ:0.6316123008728027
v みえる:0.6279765367507935
-------------------------------
サンプル 140-------
n の:0.5317130088806152
v みえる:0.49679115414619446
n 綺麗:0.49216124415397644
n きれい:0.49192845821380615
a うつくしい:0.4914694130420685
a 美しい:0.48901426792144775
-------------------------------
サンプル 141-------
n 空色:0.2776256203651428
n きれい:0.277536004781723
n 矢木:0.2590487003326416
n 真っ白:0.2555354833602905
n みずいろ:0.2549479007720947
-------------------------------
サンプル 142-------
n の:0.6971327066421509
v いる:0.6686497330665588
n い:0.6122020483016968
n は:0.6058427095413208
n てる:0.5742847919464111
n から:0.5735592842102051
n て:0.5591886043548584
-------------------------------
サンプル 143-------
n の:0.7463210225105286
v いる:0.6927899122238159
n は:0.6819769740104675
n それ:0.676609992980957
v よう:0.6601243019104004
v 見える:0.6588290929794312
n もの:0.6527708768844604
n て:0.6496042013168335
n い:0.6462247371673584
n から:0.644754946231842
n ところ:0.6349297761917114
-------------------------------
サンプル 144-------
n の:0.6847359538078308
a 黒い:0.6441093683242798
v 見える:0.6314996480941772
a 白い:0.6242507696151733
v よう:0.6169822812080383
n は:0.6114983558654785
v いる:0.6100400686264038
a 青い:0.6056796312332153
a 赤い:0.6042594909667969
a 茶色い:0.5964895486831665
n 確か:0.5906107425689697
-------------------------------
サンプル 145-------
-------------------------------
サンプル 146-------
n 起算:0.029320675879716873
n 準用:0.025613676756620407
-------------------------------
サンプル 147-------
n の:0.7547347545623779
n は:0.700596272945404
v いる:0.6833713054656982
n それ:0.656831681728363
v ある:0.6465765237808228
v 見える:0.6464467644691467
n もの:0.6386866569519043
n から:0.6372083425521851
n い:0.6316341757774353
n て:0.6308979392051697
v よう:0.6269848346710205
-------------------------------
サンプル 148-------
v 見える:0.6128215789794922
n の:0.5914349555969238
n 緑色:0.5718454122543335
n 水色:0.5708390474319458
n 黄緑:0.5662416815757751
v よう:0.5654925107955933
a 青い:0.5647717714309692
v みえる:0.5619864463806152
n 綺麗:0.5595787763595581
n もの:0.5591263771057129
a 丸い:0.5582133531570435
n は:0.5547434091567993
a 黒い:0.5517457127571106
v ある:0.5502886772155762
-------------------------------
サンプル 149-------
v いる:0.7357224822044373
n の:0.6843841671943665
n い:0.6467621326446533
n てる:0.6336788535118103
v 見える:0.623379111289978
n て:0.6096524596214294
n は:0.608056902885437
v みえる:0.6031489372253418
n 中:0.5966365337371826
v 映る:0.5963846445083618
n もの:0.5819993615150452
v よう:0.5792883634567261
v 写る:0.5769829750061035
n それ:0.5728408098220825
-------------------------------
サンプル 150-------
n の:0.7658342123031616
v いる:0.7449451684951782
n は:0.6954381465911865
n い:0.6779121160507202
v 見える:0.656835675239563
n それ:0.6514021754264832
n てる:0.6475765705108643
n て:0.6453613042831421
v ある:0.6421682834625244
n 確か:0.6371734738349915
n から:0.6370173692703247
-------------------------------
サンプル 151-------
n の:0.7774337530136108
v いる:0.7028837203979492
n は:0.7009569406509399
n それ:0.668552041053772
n から:0.6617125272750854
n い:0.6528765559196472
v ある:0.6489146947860718
n て:0.6485074758529663
n もの:0.6408037543296814
v 見える:0.6396926045417786
-------------------------------
サンプル 152-------
n ノキ:0.031192565336823463
-------------------------------
サンプル 153-------
n の:0.6299859285354614
v 見える:0.6101250648498535
n それ:0.5791770815849304
n 向こう側:0.5789222121238708
n は:0.5770610570907593
n から:0.5756087899208069
n そこ:0.5737118721008301
n 見え:0.5717912912368774
v 言う:0.5661659240722656
n 向こう:0.563784122467041
v みえる:0.5625481605529785
n 人:0.5622588992118835
-------------------------------
サンプル 154-------
n の:0.6329994797706604
v 横切る:0.5918627977371216
v いる:0.5910305380821228
a 青い:0.5826860070228577
n は:0.5806202292442322
n から:0.5795652866363525
a 白い:0.5722885131835938
n 向こう側:0.5719818472862244
v 見える:0.5696690678596497
a 黒い:0.5682506561279297
v する:0.5660738945007324
a 細長い:0.5644447803497314
n 向こう:0.563576877117157
n 南側:0.5598229169845581
-------------------------------
サンプル 155-------
n の:0.7667834758758545
n は:0.7001484632492065
v いる:0.6781759858131409
n それ:0.6700922250747681
n から:0.665855884552002
n て:0.6512145400047302
v 見える:0.6445456147193909
n い:0.6443005204200745
n もの:0.6400104761123657
-------------------------------
サンプル 156-------
-------------------------------
サンプル 157-------
v いる:0.575057327747345
n の:0.5391899347305298
n い:0.5137413740158081
v ある:0.49726924300193787
n それ:0.49255532026290894
n 今:0.4907079339027405
n は:0.48007965087890625
n 中:0.47764450311660767
n てる:0.4775155782699585
-------------------------------
サンプル 158-------
-------------------------------
サンプル 159-------
n の:0.7412863969802856
n は:0.6832018494606018
n それ:0.6697313785552979
v いる:0.6677625775337219
v 見える:0.6525956988334656
n て:0.638066828250885
n から:0.6359338760375977
v よう:0.6346969604492188
n 向こう側:0.6335771083831787
n もの:0.6322501301765442
n い:0.6321680545806885
n ところ:0.629185676574707
-------------------------------
サンプル 160-------
n の:0.6462385654449463
v いる:0.6290829181671143
n は:0.624443769454956
n それ:0.6182197332382202
n て:0.5944987535476685
n い:0.5892271995544434
n 実際:0.5822551250457764
v 通り過ぎる:0.5820882320404053
-------------------------------
サンプル 161-------
n の:0.6560186147689819
n それ:0.6195272207260132
n は:0.6113222241401672
v いる:0.5967956781387329
n て:0.5837116241455078
-------------------------------
サンプル 162-------
n の:0.7041934728622437
v いる:0.6728265881538391
n は:0.649303674697876
v 見える:0.6439034342765808
n い:0.6340671181678772
n て:0.6192936897277832
n 緑色:0.6173207759857178
n もの:0.6166485548019409
v よう:0.6124022006988525
n それ:0.6123300194740295
a 白い:0.6091325879096985
a 青い:0.6079683899879456
n 鮮やか:0.6079391837120056
n から:0.6047531366348267
-------------------------------
サンプル 163-------
n の:0.7628241777420044
n は:0.6923822164535522
v いる:0.6824367046356201
v 見える:0.6649534106254578
n それ:0.6627464890480042
n もの:0.646804690361023
v よう:0.6463232040405273
v ある:0.645889163017273
n から:0.6456966996192932
n て:0.6359427571296692
n い:0.6352927088737488
n 確か:0.6340051293373108
-------------------------------
サンプル 164-------
n 男性:0.20071735978126526
n スレーター:0.19107753038406372
n 依拠:0.18654100596904755
n フォーブス:0.18232962489128113
-------------------------------
サンプル 165-------
-------------------------------
サンプル 166-------
a 青い:0.6484429240226746
a 白い:0.63787841796875
a 黒い:0.6279295086860657
v いる:0.6225032210350037
n の:0.6020305156707764
v 見上げる:0.5995949506759644
a 赤い:0.5990579724311829
a 茶色い:0.595064640045166
v 見える:0.5874015092849731
v 見る:0.5802280902862549
n 緑色:0.5797193050384521
n 向こう側:0.5669559836387634
n 灰色:0.5665008425712585
a 黄色い:0.5641682147979736
n 空:0.5640552043914795
a 青白い:0.5631381869316101
-------------------------------
サンプル 167-------
n の:0.7520803213119507
v いる:0.7034246325492859
n は:0.6752386093139648
n い:0.6574945449829102
a 白い:0.6518216133117676
a 青い:0.646056592464447
n それ:0.6437852382659912
a 黒い:0.6410056352615356
n から:0.6406311988830566
v よう:0.6374982595443726
n て:0.6335684061050415
v 見える:0.6326548457145691
-------------------------------
サンプル 168-------
-------------------------------
サンプル 169-------
-------------------------------
サンプル 170-------
n 配色:0.4271227717399597
n 色:0.4179534912109375
n グラデーション:0.41368553042411804
n 単色:0.4126431345939636
n エナメル:0.4108615815639496
n ベージュ:0.408066987991333
n グリッター:0.4038294553756714
n ラメ:0.40110015869140625
n 同色:0.3938501477241516
n フラップ:0.39358270168304443
-------------------------------
サンプル 171-------
n の:0.7626394033432007
n は:0.6874436736106873
v いる:0.6602213382720947
n それ:0.6586910486221313
n から:0.6516134142875671
v ある:0.6424799561500549
v 見える:0.6402406096458435
n て:0.6305809020996094
n もの:0.6252838373184204
-------------------------------
サンプル 172-------
-------------------------------
サンプル 173-------
n の:0.7600847482681274
n は:0.6845020651817322
v いる:0.6840997934341431
v 見える:0.6517056226730347
n それ:0.6488171815872192
n から:0.6374058723449707
v ある:0.6373542547225952
n て:0.6353058815002441
n い:0.6290425658226013
n もの:0.6263127326965332
n 確か:0.6258596181869507
-------------------------------
サンプル 174-------
n の:0.6531797647476196
v 見える:0.6083842515945435
n 入り口:0.6022719144821167
n 手前:0.5884934663772583
n 右側:0.584187924861908
v 写る:0.5834710597991943
n 左側:0.5828726291656494
n 裏手:0.5773528814315796
n 近く:0.5725647807121277
n 入口:0.5644880533218384
n 小道:0.5604236125946045
v 通り過ぎる:0.5594062805175781
v いる:0.5589636564254761
-------------------------------
サンプル 175-------
n の:0.7430596947669983
v いる:0.6997323036193848
n は:0.6750168204307556
n い:0.6486753225326538
v 見える:0.6460925340652466
n から:0.6459916830062866
n それ:0.6381585597991943
n て:0.6330546736717224
n 向こう側:0.6216518878936768
n ところ:0.6203749775886536
n 確か:0.6190575957298279
-------------------------------
サンプル 176-------
v 見える:0.5253067016601562
n 張り出し:0.5140997767448425
n 手前:0.5078355073928833
n 向こう側:0.505063533782959
v 遠ざかる:0.5049784779548645
n 見え:0.4978575110435486
n 中程:0.4972987174987793
a 丸い:0.4932008683681488
a 細長い:0.49245357513427734
n 前側:0.4922446608543396
n 南側:0.4922029674053192
v 沈む:0.49127358198165894
-------------------------------
サンプル 177-------
n の:0.7454888820648193
n は:0.6831325888633728
n それ:0.6517505645751953
v いる:0.6504634022712708
n から:0.6451438665390015
v 見える:0.6420599222183228
n て:0.6292872428894043
n もの:0.6280102729797363
n ところ:0.6249854564666748
v よう:0.6221916675567627
-------------------------------
サンプル 178-------
n の:0.738703727722168
n は:0.6648615598678589
v いる:0.6503866910934448
n から:0.6340093612670898
v 見える:0.6216660737991333
n もの:0.6212787628173828
n それ:0.6204414963722229
n て:0.6148878335952759
n い:0.6141752004623413
n ところ:0.608883798122406
v ある:0.607987642288208
n そこ:0.6064075827598572
-------------------------------
サンプル 179-------
n の:0.7741923928260803
n は:0.711331844329834
n それ:0.6762771606445312
v いる:0.6703575253486633
n から:0.6613490581512451
n もの:0.6590189933776855
n て:0.6513930559158325
n ところ:0.6500616073608398
-------------------------------
サンプル 180-------
n の:0.6110779047012329
n は:0.5465810298919678
v いる:0.5438841581344604
n から:0.5331107378005981
n い:0.53300940990448
n それ:0.5325487852096558
-------------------------------
サンプル 181-------
-------------------------------
サンプル 182-------
n それ:0.609110951423645
n の:0.604183554649353
n か:0.5893648862838745
n よ:0.5840275287628174
n は:0.5826001167297363
-------------------------------
サンプル 183-------
n の:0.7525476217269897
v いる:0.6822530031204224
n は:0.6795733571052551
n それ:0.6520928144454956
n い:0.6405773758888245
n て:0.6380127668380737
n から:0.6271480321884155
v 見える:0.6193398833274841
n もの:0.6170170903205872
-------------------------------
サンプル 184-------
n の:0.7565200328826904
n は:0.6785070896148682
v いる:0.6555522680282593
v ある:0.6542108654975891
n それ:0.636959969997406
n から:0.6186883449554443
n そこ:0.616236686706543
n もの:0.6121162176132202
n い:0.611510694026947
-------------------------------
サンプル 185-------
v 座る:0.3204612135887146
n 長身:0.2985479235649109
n 一望:0.29295048117637634
v 見下ろす:0.29012686014175415
n 男性:0.28720250725746155
n 正座:0.2837972640991211
-------------------------------
サンプル 186-------
n の:0.7410327196121216
n は:0.6841844320297241
n から:0.6658799648284912
v 見える:0.6463252902030945
n ところ:0.6451582312583923
n 向こう:0.6320369243621826
n そこ:0.6307753324508667
n それ:0.6277491450309753
n 向こう側:0.6219538450241089
v ある:0.6209578514099121
v よう:0.620032548904419
-------------------------------
サンプル 187-------
n の:0.7442200183868408
n は:0.6813886761665344
v 見える:0.660552978515625
n から:0.6470879316329956
n それ:0.6450883150100708
v いる:0.6322854161262512
a 青い:0.6234239935874939
v ある:0.6211115121841431
n もの:0.6199836134910583
-------------------------------
サンプル 188-------
-------------------------------
サンプル 189-------
n 中:0.42119550704956055
v いる:0.38971251249313354
v ある:0.3580859899520874
n もの:0.35249173641204834
n なか:0.3373870849609375
v いく:0.3344755470752716
-------------------------------
サンプル 190-------
-------------------------------
サンプル 191-------
n の:0.741059422492981
n は:0.6813170313835144
v いる:0.6579180955886841
n それ:0.6556352376937866
a 白い:0.6468850374221802
n から:0.6425979733467102
n て:0.6353434324264526
n もの:0.6319555044174194
-------------------------------
サンプル 192-------
-------------------------------
サンプル 193-------
n udp:-0.060036491602659225
-------------------------------
サンプル 194-------
n の:0.6376843452453613
v いる:0.6330832242965698
n い:0.6100072860717773
a 白い:0.6083438992500305
a 茶色い:0.5981582999229431
n 街中:0.5971194505691528
n 景色:0.5859098434448242
v 通り過ぎる:0.5837293267250061
n 夕暮れ:0.5824332237243652
-------------------------------
サンプル 195-------
n の:0.7352265119552612
v いる:0.6937175393104553
n は:0.6662665605545044
n い:0.6561451554298401
n て:0.6456043720245361
v 見える:0.6445639729499817
n から:0.6426458358764648
v よう:0.6354183554649353
a 白い:0.6350900530815125
n それ:0.6324658393859863
n 向こう側:0.6263376474380493
n ところ:0.6227255463600159
-------------------------------
サンプル 196-------
v いる:0.6826311349868774
v 見える:0.6263468265533447
n い:0.5995999574661255
v 見る:0.5938030481338501
v みえる:0.5889115333557129
v 眺める:0.5818874835968018
v 見渡す:0.5707305073738098
n てる:0.5667839646339417
v 見下ろす:0.5651450753211975
v そびえる:0.5484293103218079
n 景色:0.5483316779136658
n の:0.5474351644515991
v 見渡せる:0.5458022356033325
v 映る:0.5443782806396484
n 見:0.5432445406913757
n 眺め:0.5415819883346558
-------------------------------
サンプル 197-------
n の:0.7295020818710327
v いる:0.6886011362075806
v 見える:0.6705714464187622
n は:0.6689966917037964
n ところ:0.6461676359176636
n い:0.6398254036903381
n もの:0.6363158226013184
n て:0.6352261304855347
v ある:0.6305718421936035
n それ:0.6263097524642944
n から:0.6233861446380615
v みえる:0.6226286888122559
n そこ:0.6195310354232788
-------------------------------
サンプル 198-------
v いる:0.575823187828064
n オブジェ:0.53402179479599
n 脇:0.5337204933166504
n 背後:0.5307691097259521
v 取り囲む:0.5295953154563904
n て:0.5229198336601257
n い:0.5200823545455933
n 斜め:0.5198591947555542
n 横:0.5194146633148193
n 構図:0.5173438787460327
n 入り口:0.5147501826286316
v 寄り添う:0.513148844242096
n 彫像:0.5088545680046082
n の:0.5077545642852783
-------------------------------
サンプル 199-------
n の:0.7589916586875916
v いる:0.687441349029541
n は:0.685702919960022
v 見える:0.6752292513847351
n から:0.6540130972862244
n い:0.6417974233627319
n それ:0.639406681060791
n て:0.636375904083252
v よう:0.6325092911720276
n ところ:0.6316123008728027
v みえる:0.6279765367507935
-------------------------------
サンプル 200-------
n の:0.5317130088806152
v みえる:0.49679115414619446
n 綺麗:0.49216124415397644
n きれい:0.49192845821380615
a うつくしい:0.4914694130420685
a 美しい:0.48901426792144775
-------------------------------
サンプル 201-------
n 空色:0.2776256203651428
n きれい:0.277536004781723
n 矢木:0.2590487003326416
n 真っ白:0.2555354833602905
n みずいろ:0.2549479007720947
-------------------------------
サンプル 202-------
n の:0.6971327066421509
v いる:0.6686497330665588
n い:0.6122020483016968
n は:0.6058427095413208
n てる:0.5742847919464111
n から:0.5735592842102051
n て:0.5591886043548584
-------------------------------
サンプル 203-------
n の:0.7463210225105286
v いる:0.6927899122238159
n は:0.6819769740104675
n それ:0.676609992980957
v よう:0.6601243019104004
v 見える:0.6588290929794312
n もの:0.6527708768844604
n て:0.6496042013168335
n い:0.6462247371673584
n から:0.644754946231842
n ところ:0.6349297761917114
-------------------------------
サンプル 204-------
n の:0.6847359538078308
a 黒い:0.6441093683242798
v 見える:0.6314996480941772
a 白い:0.6242507696151733
v よう:0.6169822812080383
n は:0.6114983558654785
v いる:0.6100400686264038
a 青い:0.6056796312332153
a 赤い:0.6042594909667969
a 茶色い:0.5964895486831665
n 確か:0.5906107425689697
-------------------------------
サンプル 205-------
-------------------------------
サンプル 206-------
n 起算:0.029320675879716873
n 準用:0.025613676756620407
-------------------------------
サンプル 207-------
n の:0.7547347545623779
n は:0.700596272945404
v いる:0.6833713054656982
n それ:0.656831681728363
v ある:0.6465765237808228
v 見える:0.6464467644691467
n もの:0.6386866569519043
n から:0.6372083425521851
n い:0.6316341757774353
n て:0.6308979392051697
v よう:0.6269848346710205
-------------------------------
サンプル 208-------
v 見える:0.6128215789794922
n の:0.5914349555969238
n 緑色:0.5718454122543335
n 水色:0.5708390474319458
n 黄緑:0.5662416815757751
v よう:0.5654925107955933
a 青い:0.5647717714309692
v みえる:0.5619864463806152
n 綺麗:0.5595787763595581
n もの:0.5591263771057129
a 丸い:0.5582133531570435
n は:0.5547434091567993
a 黒い:0.5517457127571106
v ある:0.5502886772155762
-------------------------------
サンプル 209-------
v いる:0.7357224822044373
n の:0.6843841671943665
n い:0.6467621326446533
n てる:0.6336788535118103
v 見える:0.623379111289978
n て:0.6096524596214294
n は:0.608056902885437
v みえる:0.6031489372253418
n 中:0.5966365337371826
v 映る:0.5963846445083618
n もの:0.5819993615150452
v よう:0.5792883634567261
v 写る:0.5769829750061035
n それ:0.5728408098220825
-------------------------------
サンプル 210-------
n の:0.7658342123031616
v いる:0.7449451684951782
n は:0.6954381465911865
n い:0.6779121160507202
v 見える:0.656835675239563
n それ:0.6514021754264832
n てる:0.6475765705108643
n て:0.6453613042831421
v ある:0.6421682834625244
n 確か:0.6371734738349915
n から:0.6370173692703247
-------------------------------
サンプル 211-------
n の:0.7774337530136108
v いる:0.7028837203979492
n は:0.7009569406509399
n それ:0.668552041053772
n から:0.6617125272750854
n い:0.6528765559196472
v ある:0.6489146947860718
n て:0.6485074758529663
n もの:0.6408037543296814
v 見える:0.6396926045417786
-------------------------------
サンプル 212-------
n ノキ:0.031192565336823463
-------------------------------
サンプル 213-------
n の:0.6299859285354614
v 見える:0.6101250648498535
n それ:0.5791770815849304
n 向こう側:0.5789222121238708
n は:0.5770610570907593
n から:0.5756087899208069
n そこ:0.5737118721008301
n 見え:0.5717912912368774
v 言う:0.5661659240722656
n 向こう:0.563784122467041
v みえる:0.5625481605529785
n 人:0.5622588992118835
-------------------------------
サンプル 214-------
n の:0.6329994797706604
v 横切る:0.5918627977371216
v いる:0.5910305380821228
a 青い:0.5826860070228577
n は:0.5806202292442322
n から:0.5795652866363525
a 白い:0.5722885131835938
n 向こう側:0.5719818472862244
v 見える:0.5696690678596497
a 黒い:0.5682506561279297
v する:0.5660738945007324
a 細長い:0.5644447803497314
n 向こう:0.563576877117157
n 南側:0.5598229169845581
-------------------------------
サンプル 215-------
n の:0.7667834758758545
n は:0.7001484632492065
v いる:0.6781759858131409
n それ:0.6700922250747681
n から:0.665855884552002
n て:0.6512145400047302
v 見える:0.6445456147193909
n い:0.6443005204200745
n もの:0.6400104761123657
-------------------------------
サンプル 216-------
-------------------------------
サンプル 217-------
v いる:0.575057327747345
n の:0.5391899347305298
n い:0.5137413740158081
v ある:0.49726924300193787
n それ:0.49255532026290894
n 今:0.4907079339027405
n は:0.48007965087890625
n 中:0.47764450311660767
n てる:0.4775155782699585
-------------------------------
サンプル 218-------
-------------------------------
サンプル 219-------
n の:0.7412863969802856
n は:0.6832018494606018
n それ:0.6697313785552979
v いる:0.6677625775337219
v 見える:0.6525956988334656
n て:0.638066828250885
n から:0.6359338760375977
v よう:0.6346969604492188
n 向こう側:0.6335771083831787
n もの:0.6322501301765442
n い:0.6321680545806885
n ところ:0.629185676574707
-------------------------------
サンプル 220-------
n の:0.6462385654449463
v いる:0.6290829181671143
n は:0.624443769454956
n それ:0.6182197332382202
n て:0.5944987535476685
n い:0.5892271995544434
n 実際:0.5822551250457764
v 通り過ぎる:0.5820882320404053
-------------------------------
サンプル 221-------
n の:0.6560186147689819
n それ:0.6195272207260132
n は:0.6113222241401672
v いる:0.5967956781387329
n て:0.5837116241455078
-------------------------------
サンプル 222-------
n の:0.7041934728622437
v いる:0.6728265881538391
n は:0.649303674697876
v 見える:0.6439034342765808
n い:0.6340671181678772
n て:0.6192936897277832
n 緑色:0.6173207759857178
n もの:0.6166485548019409
v よう:0.6124022006988525
n それ:0.6123300194740295
a 白い:0.6091325879096985
a 青い:0.6079683899879456
n 鮮やか:0.6079391837120056
n から:0.6047531366348267
-------------------------------
サンプル 223-------
n の:0.7628241777420044
n は:0.6923822164535522
v いる:0.6824367046356201
v 見える:0.6649534106254578
n それ:0.6627464890480042
n もの:0.646804690361023
v よう:0.6463232040405273
v ある:0.645889163017273
n から:0.6456966996192932
n て:0.6359427571296692
n い:0.6352927088737488
n 確か:0.6340051293373108
-------------------------------
サンプル 224-------
n 男性:0.20071735978126526
n スレーター:0.19107753038406372
n 依拠:0.18654100596904755
n フォーブス:0.18232962489128113
-------------------------------
サンプル 225-------
-------------------------------
サンプル 226-------
a 青い:0.6484429240226746
a 白い:0.63787841796875
a 黒い:0.6279295086860657
v いる:0.6225032210350037
n の:0.6020305156707764
v 見上げる:0.5995949506759644
a 赤い:0.5990579724311829
a 茶色い:0.595064640045166
v 見える:0.5874015092849731
v 見る:0.5802280902862549
n 緑色:0.5797193050384521
n 向こう側:0.5669559836387634
n 灰色:0.5665008425712585
a 黄色い:0.5641682147979736
n 空:0.5640552043914795
a 青白い:0.5631381869316101
-------------------------------
サンプル 227-------
n の:0.7520803213119507
v いる:0.7034246325492859
n は:0.6752386093139648
n い:0.6574945449829102
a 白い:0.6518216133117676
a 青い:0.646056592464447
n それ:0.6437852382659912
a 黒い:0.6410056352615356
n から:0.6406311988830566
v よう:0.6374982595443726
n て:0.6335684061050415
v 見える:0.6326548457145691
-------------------------------
サンプル 228-------
-------------------------------
サンプル 229-------
-------------------------------
サンプル 230-------
n 配色:0.4271227717399597
n 色:0.4179534912109375
n グラデーション:0.41368553042411804
n 単色:0.4126431345939636
n エナメル:0.4108615815639496
n ベージュ:0.408066987991333
n グリッター:0.4038294553756714
n ラメ:0.40110015869140625
n 同色:0.3938501477241516
n フラップ:0.39358270168304443
-------------------------------
サンプル 231-------
n の:0.7626394033432007
n は:0.6874436736106873
v いる:0.6602213382720947
n それ:0.6586910486221313
n から:0.6516134142875671
v ある:0.6424799561500549
v 見える:0.6402406096458435
n て:0.6305809020996094
n もの:0.6252838373184204
-------------------------------
サンプル 232-------
-------------------------------
サンプル 233-------
n の:0.7600847482681274
n は:0.6845020651817322
v いる:0.6840997934341431
v 見える:0.6517056226730347
n それ:0.6488171815872192
n から:0.6374058723449707
v ある:0.6373542547225952
n て:0.6353058815002441
n い:0.6290425658226013
n もの:0.6263127326965332
n 確か:0.6258596181869507
-------------------------------
サンプル 234-------
n の:0.6531797647476196
v 見える:0.6083842515945435
n 入り口:0.6022719144821167
n 手前:0.5884934663772583
n 右側:0.584187924861908
v 写る:0.5834710597991943
n 左側:0.5828726291656494
n 裏手:0.5773528814315796
n 近く:0.5725647807121277
n 入口:0.5644880533218384
n 小道:0.5604236125946045
v 通り過ぎる:0.5594062805175781
v いる:0.5589636564254761
-------------------------------
サンプル 235-------
n の:0.7430596947669983
v いる:0.6997323036193848
n は:0.6750168204307556
n い:0.6486753225326538
v 見える:0.6460925340652466
n から:0.6459916830062866
n それ:0.6381585597991943
n て:0.6330546736717224
n 向こう側:0.6216518878936768
n ところ:0.6203749775886536
n 確か:0.6190575957298279
-------------------------------
サンプル 236-------
v 見える:0.5253067016601562
n 張り出し:0.5140997767448425
n 手前:0.5078355073928833
n 向こう側:0.505063533782959
v 遠ざかる:0.5049784779548645
n 見え:0.4978575110435486
n 中程:0.4972987174987793
a 丸い:0.4932008683681488
a 細長い:0.49245357513427734
n 前側:0.4922446608543396
n 南側:0.4922029674053192
v 沈む:0.49127358198165894
-------------------------------
サンプル 237-------
n の:0.7454888820648193
n は:0.6831325888633728
n それ:0.6517505645751953
v いる:0.6504634022712708
n から:0.6451438665390015
v 見える:0.6420599222183228
n て:0.6292872428894043
n もの:0.6280102729797363
n ところ:0.6249854564666748
v よう:0.6221916675567627
-------------------------------
サンプル 238-------
n の:0.738703727722168
n は:0.6648615598678589
v いる:0.6503866910934448
n から:0.6340093612670898
v 見える:0.6216660737991333
n もの:0.6212787628173828
n それ:0.6204414963722229
n て:0.6148878335952759
n い:0.6141752004623413
n ところ:0.608883798122406
v ある:0.607987642288208
n そこ:0.6064075827598572
-------------------------------
サンプル 239-------
n の:0.7741923928260803
n は:0.711331844329834
n それ:0.6762771606445312
v いる:0.6703575253486633
n から:0.6613490581512451
n もの:0.6590189933776855
n て:0.6513930559158325
n ところ:0.6500616073608398
-------------------------------
サンプル 240-------
n の:0.6110779047012329
n は:0.5465810298919678
v いる:0.5438841581344604
n から:0.5331107378005981
n い:0.53300940990448
n それ:0.5325487852096558
-------------------------------
サンプル 241-------
-------------------------------
サンプル 242-------
n それ:0.609110951423645
n の:0.604183554649353
n か:0.5893648862838745
n よ:0.5840275287628174
n は:0.5826001167297363
-------------------------------
サンプル 243-------
n の:0.7525476217269897
v いる:0.6822530031204224
n は:0.6795733571052551
n それ:0.6520928144454956
n い:0.6405773758888245
n て:0.6380127668380737
n から:0.6271480321884155
v 見える:0.6193398833274841
n もの:0.6170170903205872
-------------------------------
サンプル 244-------
n の:0.7565200328826904
n は:0.6785070896148682
v いる:0.6555522680282593
v ある:0.6542108654975891
n それ:0.636959969997406
n から:0.6186883449554443
n そこ:0.616236686706543
n もの:0.6121162176132202
n い:0.611510694026947
-------------------------------
サンプル 245-------
v 座る:0.3204612135887146
n 長身:0.2985479235649109
n 一望:0.29295048117637634
v 見下ろす:0.29012686014175415
n 男性:0.28720250725746155
n 正座:0.2837972640991211
-------------------------------
サンプル 246-------
n の:0.7410327196121216
n は:0.6841844320297241
n から:0.6658799648284912
v 見える:0.6463252902030945
n ところ:0.6451582312583923
n 向こう:0.6320369243621826
n そこ:0.6307753324508667
n それ:0.6277491450309753
n 向こう側:0.6219538450241089
v ある:0.6209578514099121
v よう:0.620032548904419
-------------------------------
サンプル 247-------
n の:0.7442200183868408
n は:0.6813886761665344
v 見える:0.660552978515625
n から:0.6470879316329956
n それ:0.6450883150100708
v いる:0.6322854161262512
a 青い:0.6234239935874939
v ある:0.6211115121841431
n もの:0.6199836134910583
-------------------------------
サンプル 248-------
-------------------------------
サンプル 249-------
n 中:0.42119550704956055
v いる:0.38971251249313354
v ある:0.3580859899520874
n もの:0.35249173641204834
n なか:0.3373870849609375
v いく:0.3344755470752716
-------------------------------
サンプル 250-------
-------------------------------
サンプル 251-------
n の:0.741059422492981
n は:0.6813170313835144
v いる:0.6579180955886841
n それ:0.6556352376937866
a 白い:0.6468850374221802
n から:0.6425979733467102
n て:0.6353434324264526
n もの:0.6319555044174194
-------------------------------
サンプル 252-------
-------------------------------
サンプル 253-------
n udp:-0.060036491602659225
-------------------------------
サンプル 254-------
n の:0.6376843452453613
v いる:0.6330832242965698
n い:0.6100072860717773
a 白い:0.6083438992500305
a 茶色い:0.5981582999229431
n 街中:0.5971194505691528
n 景色:0.5859098434448242
v 通り過ぎる:0.5837293267250061
n 夕暮れ:0.5824332237243652
-------------------------------
サンプル 255-------
n の:0.7352265119552612
v いる:0.6937175393104553
n は:0.6662665605545044
n い:0.6561451554298401
n て:0.6456043720245361
v 見える:0.6445639729499817
n から:0.6426458358764648
v よう:0.6354183554649353
a 白い:0.6350900530815125
n それ:0.6324658393859863
n 向こう側:0.6263376474380493
n ところ:0.6227255463600159
-------------------------------
サンプル 256-------
v いる:0.6826311349868774
v 見える:0.6263468265533447
n い:0.5995999574661255
v 見る:0.5938030481338501
v みえる:0.5889115333557129
v 眺める:0.5818874835968018
v 見渡す:0.5707305073738098
n てる:0.5667839646339417
v 見下ろす:0.5651450753211975
v そびえる:0.5484293103218079
n 景色:0.5483316779136658
n の:0.5474351644515991
v 見渡せる:0.5458022356033325
v 映る:0.5443782806396484
n 見:0.5432445406913757
n 眺め:0.5415819883346558
-------------------------------
サンプル 257-------
n の:0.7295020818710327
v いる:0.6886011362075806
v 見える:0.6705714464187622
n は:0.6689966917037964
n ところ:0.6461676359176636
n い:0.6398254036903381
n もの:0.6363158226013184
n て:0.6352261304855347
v ある:0.6305718421936035
n それ:0.6263097524642944
n から:0.6233861446380615
v みえる:0.6226286888122559
n そこ:0.6195310354232788
-------------------------------
サンプル 258-------
v いる:0.575823187828064
n オブジェ:0.53402179479599
n 脇:0.5337204933166504
n 背後:0.5307691097259521
v 取り囲む:0.5295953154563904
n て:0.5229198336601257
n い:0.5200823545455933
n 斜め:0.5198591947555542
n 横:0.5194146633148193
n 構図:0.5173438787460327
n 入り口:0.5147501826286316
v 寄り添う:0.513148844242096
n 彫像:0.5088545680046082
n の:0.5077545642852783
-------------------------------
サンプル 259-------
n の:0.7589916586875916
v いる:0.687441349029541
n は:0.685702919960022
v 見える:0.6752292513847351
n から:0.6540130972862244
n い:0.6417974233627319
n それ:0.639406681060791
n て:0.636375904083252
v よう:0.6325092911720276
n ところ:0.6316123008728027
v みえる:0.6279765367507935
-------------------------------
サンプル 260-------
n の:0.5317130088806152
v みえる:0.49679115414619446
n 綺麗:0.49216124415397644
n きれい:0.49192845821380615
a うつくしい:0.4914694130420685
a 美しい:0.48901426792144775
-------------------------------
サンプル 261-------
n 空色:0.2776256203651428
n きれい:0.277536004781723
n 矢木:0.2590487003326416
n 真っ白:0.2555354833602905
n みずいろ:0.2549479007720947
-------------------------------
サンプル 262-------
n の:0.6971327066421509
v いる:0.6686497330665588
n い:0.6122020483016968
n は:0.6058427095413208
n てる:0.5742847919464111
n から:0.5735592842102051
n て:0.5591886043548584
-------------------------------
サンプル 263-------
n の:0.7463210225105286
v いる:0.6927899122238159
n は:0.6819769740104675
n それ:0.676609992980957
v よう:0.6601243019104004
v 見える:0.6588290929794312
n もの:0.6527708768844604
n て:0.6496042013168335
n い:0.6462247371673584
n から:0.644754946231842
n ところ:0.6349297761917114
-------------------------------
サンプル 264-------
n の:0.6847359538078308
a 黒い:0.6441093683242798
v 見える:0.6314996480941772
a 白い:0.6242507696151733
v よう:0.6169822812080383
n は:0.6114983558654785
v いる:0.6100400686264038
a 青い:0.6056796312332153
a 赤い:0.6042594909667969
a 茶色い:0.5964895486831665
n 確か:0.5906107425689697
-------------------------------
サンプル 265-------
-------------------------------
サンプル 266-------
n 起算:0.029320675879716873
n 準用:0.025613676756620407
-------------------------------
サンプル 267-------
n の:0.7547347545623779
n は:0.700596272945404
v いる:0.6833713054656982
n それ:0.656831681728363
v ある:0.6465765237808228
v 見える:0.6464467644691467
n もの:0.6386866569519043
n から:0.6372083425521851
n い:0.6316341757774353
n て:0.6308979392051697
v よう:0.6269848346710205
-------------------------------
サンプル 268-------
v 見える:0.6128215789794922
n の:0.5914349555969238
n 緑色:0.5718454122543335
n 水色:0.5708390474319458
n 黄緑:0.5662416815757751
v よう:0.5654925107955933
a 青い:0.5647717714309692
v みえる:0.5619864463806152
n 綺麗:0.5595787763595581
n もの:0.5591263771057129
a 丸い:0.5582133531570435
n は:0.5547434091567993
a 黒い:0.5517457127571106
v ある:0.5502886772155762
-------------------------------
サンプル 269-------
v いる:0.7357224822044373
n の:0.6843841671943665
n い:0.6467621326446533
n てる:0.6336788535118103
v 見える:0.623379111289978
n て:0.6096524596214294
n は:0.608056902885437
v みえる:0.6031489372253418
n 中:0.5966365337371826
v 映る:0.5963846445083618
n もの:0.5819993615150452
v よう:0.5792883634567261
v 写る:0.5769829750061035
n それ:0.5728408098220825
-------------------------------
サンプル 270-------
n の:0.7658342123031616
v いる:0.7449451684951782
n は:0.6954381465911865
n い:0.6779121160507202
v 見える:0.656835675239563
n それ:0.6514021754264832
n てる:0.6475765705108643
n て:0.6453613042831421
v ある:0.6421682834625244
n 確か:0.6371734738349915
n から:0.6370173692703247
-------------------------------
サンプル 271-------
n の:0.7774337530136108
v いる:0.7028837203979492
n は:0.7009569406509399
n それ:0.668552041053772
n から:0.6617125272750854
n い:0.6528765559196472
v ある:0.6489146947860718
n て:0.6485074758529663
n もの:0.6408037543296814
v 見える:0.6396926045417786
-------------------------------
サンプル 272-------
n ノキ:0.031192565336823463
-------------------------------
サンプル 273-------
n の:0.6299859285354614
v 見える:0.6101250648498535
n それ:0.5791770815849304
n 向こう側:0.5789222121238708
n は:0.5770610570907593
n から:0.5756087899208069
n そこ:0.5737118721008301
n 見え:0.5717912912368774
v 言う:0.5661659240722656
n 向こう:0.563784122467041
v みえる:0.5625481605529785
n 人:0.5622588992118835
-------------------------------
サンプル 274-------
n の:0.6329994797706604
v 横切る:0.5918627977371216
v いる:0.5910305380821228
a 青い:0.5826860070228577
n は:0.5806202292442322
n から:0.5795652866363525
a 白い:0.5722885131835938
n 向こう側:0.5719818472862244
v 見える:0.5696690678596497
a 黒い:0.5682506561279297
v する:0.5660738945007324
a 細長い:0.5644447803497314
n 向こう:0.563576877117157
n 南側:0.5598229169845581
-------------------------------
サンプル 275-------
n の:0.7667834758758545
n は:0.7001484632492065
v いる:0.6781759858131409
n それ:0.6700922250747681
n から:0.665855884552002
n て:0.6512145400047302
v 見える:0.6445456147193909
n い:0.6443005204200745
n もの:0.6400104761123657
-------------------------------
サンプル 276-------
-------------------------------
サンプル 277-------
v いる:0.575057327747345
n の:0.5391899347305298
n い:0.5137413740158081
v ある:0.49726924300193787
n それ:0.49255532026290894
n 今:0.4907079339027405
n は:0.48007965087890625
n 中:0.47764450311660767
n てる:0.4775155782699585
-------------------------------
サンプル 278-------
-------------------------------
サンプル 279-------
n の:0.7412863969802856
n は:0.6832018494606018
n それ:0.6697313785552979
v いる:0.6677625775337219
v 見える:0.6525956988334656
n て:0.638066828250885
n から:0.6359338760375977
v よう:0.6346969604492188
n 向こう側:0.6335771083831787
n もの:0.6322501301765442
n い:0.6321680545806885
n ところ:0.629185676574707
-------------------------------
サンプル 280-------
n の:0.6462385654449463
v いる:0.6290829181671143
n は:0.624443769454956
n それ:0.6182197332382202
n て:0.5944987535476685
n い:0.5892271995544434
n 実際:0.5822551250457764
v 通り過ぎる:0.5820882320404053
-------------------------------
サンプル 281-------
n の:0.6560186147689819
n それ:0.6195272207260132
n は:0.6113222241401672
v いる:0.5967956781387329
n て:0.5837116241455078
-------------------------------
サンプル 282-------
n の:0.7041934728622437
v いる:0.6728265881538391
n は:0.649303674697876
v 見える:0.6439034342765808
n い:0.6340671181678772
n て:0.6192936897277832
n 緑色:0.6173207759857178
n もの:0.6166485548019409
v よう:0.6124022006988525
n それ:0.6123300194740295
a 白い:0.6091325879096985
a 青い:0.6079683899879456
n 鮮やか:0.6079391837120056
n から:0.6047531366348267
-------------------------------
サンプル 283-------
n の:0.7628241777420044
n は:0.6923822164535522
v いる:0.6824367046356201
v 見える:0.6649534106254578
n それ:0.6627464890480042
n もの:0.646804690361023
v よう:0.6463232040405273
v ある:0.645889163017273
n から:0.6456966996192932
n て:0.6359427571296692
n い:0.6352927088737488
n 確か:0.6340051293373108
-------------------------------
サンプル 284-------
n 男性:0.20071735978126526
n スレーター:0.19107753038406372
n 依拠:0.18654100596904755
n フォーブス:0.18232962489128113
-------------------------------
サンプル 285-------
-------------------------------
サンプル 286-------
a 青い:0.6484429240226746
a 白い:0.63787841796875
a 黒い:0.6279295086860657
v いる:0.6225032210350037
n の:0.6020305156707764
v 見上げる:0.5995949506759644
a 赤い:0.5990579724311829
a 茶色い:0.595064640045166
v 見える:0.5874015092849731
v 見る:0.5802280902862549
n 緑色:0.5797193050384521
n 向こう側:0.5669559836387634
n 灰色:0.5665008425712585
a 黄色い:0.5641682147979736
n 空:0.5640552043914795
a 青白い:0.5631381869316101
-------------------------------
サンプル 287-------
n の:0.7520803213119507
v いる:0.7034246325492859
n は:0.6752386093139648
n い:0.6574945449829102
a 白い:0.6518216133117676
a 青い:0.646056592464447
n それ:0.6437852382659912
a 黒い:0.6410056352615356
n から:0.6406311988830566
v よう:0.6374982595443726
n て:0.6335684061050415
v 見える:0.6326548457145691
-------------------------------
サンプル 288-------
-------------------------------
サンプル 289-------
-------------------------------
サンプル 290-------
n 配色:0.4271227717399597
n 色:0.4179534912109375
n グラデーション:0.41368553042411804
n 単色:0.4126431345939636
n エナメル:0.4108615815639496
n ベージュ:0.408066987991333
n グリッター:0.4038294553756714
n ラメ:0.40110015869140625
n 同色:0.3938501477241516
n フラップ:0.39358270168304443
-------------------------------
サンプル 291-------
n の:0.7626394033432007
n は:0.6874436736106873
v いる:0.6602213382720947
n それ:0.6586910486221313
n から:0.6516134142875671
v ある:0.6424799561500549
v 見える:0.6402406096458435
n て:0.6305809020996094
n もの:0.6252838373184204
-------------------------------
サンプル 292-------
-------------------------------
サンプル 293-------
n の:0.7600847482681274
n は:0.6845020651817322
v いる:0.6840997934341431
v 見える:0.6517056226730347
n それ:0.6488171815872192
n から:0.6374058723449707
v ある:0.6373542547225952
n て:0.6353058815002441
n い:0.6290425658226013
n もの:0.6263127326965332
n 確か:0.6258596181869507
-------------------------------
サンプル 294-------
n の:0.6531797647476196
v 見える:0.6083842515945435
n 入り口:0.6022719144821167
n 手前:0.5884934663772583
n 右側:0.584187924861908
v 写る:0.5834710597991943
n 左側:0.5828726291656494
n 裏手:0.5773528814315796
n 近く:0.5725647807121277
n 入口:0.5644880533218384
n 小道:0.5604236125946045
v 通り過ぎる:0.5594062805175781
v いる:0.5589636564254761
-------------------------------
サンプル 295-------
n の:0.7430596947669983
v いる:0.6997323036193848
n は:0.6750168204307556
n い:0.6486753225326538
v 見える:0.6460925340652466
n から:0.6459916830062866
n それ:0.6381585597991943
n て:0.6330546736717224
n 向こう側:0.6216518878936768
n ところ:0.6203749775886536
n 確か:0.6190575957298279
-------------------------------
サンプル 296-------
v 見える:0.5253067016601562
n 張り出し:0.5140997767448425
n 手前:0.5078355073928833
n 向こう側:0.505063533782959
v 遠ざかる:0.5049784779548645
n 見え:0.4978575110435486
n 中程:0.4972987174987793
a 丸い:0.4932008683681488
a 細長い:0.49245357513427734
n 前側:0.4922446608543396
n 南側:0.4922029674053192
v 沈む:0.49127358198165894
-------------------------------
サンプル 297-------
n の:0.7454888820648193
n は:0.6831325888633728
n それ:0.6517505645751953
v いる:0.6504634022712708
n から:0.6451438665390015
v 見える:0.6420599222183228
n て:0.6292872428894043
n もの:0.6280102729797363
n ところ:0.6249854564666748
v よう:0.6221916675567627
-------------------------------
サンプル 298-------
n の:0.738703727722168
n は:0.6648615598678589
v いる:0.6503866910934448
n から:0.6340093612670898
v 見える:0.6216660737991333
n もの:0.6212787628173828
n それ:0.6204414963722229
n て:0.6148878335952759
n い:0.6141752004623413
n ところ:0.608883798122406
v ある:0.607987642288208
n そこ:0.6064075827598572
-------------------------------
サンプル 299-------
n の:0.7741923928260803
n は:0.711331844329834
n それ:0.6762771606445312
v いる:0.6703575253486633
n から:0.6613490581512451
n もの:0.6590189933776855
n て:0.6513930559158325
n ところ:0.6500616073608398
-------------------------------
