サンプル 0-------
n の:0.7213885188102722
n は:0.6612743735313416
v いる:0.6534582376480103
v 見える:0.6493666172027588
n ところ:0.6456072330474854
n 向こう側:0.6453048586845398
n それ:0.6377386450767517
n から:0.6347191333770752
n そこ:0.6347006559371948
n 向こう:0.6286107897758484
n 手前:0.6274904012680054
n て:0.616417646408081
-------------------------------
サンプル 1-------
n の:0.6947145462036133
n は:0.6275655031204224
v いる:0.624055027961731
v 見上げる:0.5927338600158691
n い:0.5806483030319214
n から:0.5781768560409546
-------------------------------
サンプル 2-------
n の:0.7478154897689819
v いる:0.6794233918190002
n は:0.6765196323394775
n から:0.6431459188461304
n い:0.6412121057510376
n それ:0.6383234858512878
v 見える:0.6379824876785278
n て:0.6356326341629028
a 白い:0.6196328401565552
-------------------------------
サンプル 3-------
n の:0.6694177985191345
n は:0.6250117421150208
n 向こう側:0.6107372045516968
v いる:0.5988313555717468
n 水色:0.5972469449043274
a 青い:0.5890238881111145
n から:0.5871902704238892
n い:0.5869721174240112
n 真ん中:0.5835713148117065
n 黄緑:0.5816630721092224
n 向こう:0.5815469026565552
-------------------------------
サンプル 4-------
-------------------------------
サンプル 5-------
n の:0.7436918020248413
n は:0.6842862367630005
v 見える:0.6686509847640991
v いる:0.6605287194252014
n それ:0.6515055894851685
n から:0.6508002281188965
n もの:0.6435248851776123
n ところ:0.6360063552856445
a 丸い:0.6305164098739624
n て:0.6252400875091553
n い:0.6251306533813477
n 向こう側:0.6237878799438477
-------------------------------
サンプル 6-------
n の:0.579521656036377
n 向こう側:0.5708163976669312
n ところ:0.5570712089538574
n そこ:0.5543144345283508
n たくさん:0.5431820154190063
n は:0.5421342849731445
n 向こう:0.5416218638420105
n それ:0.5404232740402222
v よう:0.5391908288002014
n から:0.5279114246368408
n はず:0.5259780883789062
n みたい:0.5258758068084717
-------------------------------
サンプル 7-------
-------------------------------
サンプル 8-------
n の:0.7468754053115845
v いる:0.6916371583938599
n は:0.6891963481903076
n それ:0.672519326210022
v 見える:0.6547559499740601
n から:0.6473068594932556
n て:0.6448548436164856
n い:0.6398160457611084
v よう:0.6371908187866211
v いう:0.6347804069519043
n もの:0.6316694021224976
-------------------------------
サンプル 9-------
-------------------------------
サンプル 10-------
-------------------------------
サンプル 11-------
n の:0.7383017539978027
v いる:0.6798795461654663
n は:0.6625386476516724
n い:0.6431182026863098
n それ:0.6373635530471802
n て:0.637050986289978
n から:0.6341836452484131
v ある:0.6180170774459839
-------------------------------
サンプル 12-------
v いる:0.685676097869873
n てる:0.6462273597717285
n い:0.6347206830978394
v 見える:0.6345269083976746
v 映る:0.6269271373748779
v 写る:0.6170867681503296
n の:0.6042232513427734
n て:0.6007150411605835
n 綺麗:0.5999685525894165
n 景色:0.5906068086624146
v みえる:0.5881831049919128
v 見上げる:0.584023118019104
n 見:0.5768835544586182
-------------------------------
サンプル 13-------
v 見える:0.6933596134185791
v いる:0.638552188873291
v 写る:0.6378531455993652
n の:0.6301150321960449
v 映る:0.6263841390609741
n 見え:0.618687093257904
n 向こう側:0.6147567629814148
v みえる:0.607431173324585
v 見上げる:0.6012486219406128
n 右端:0.5887442827224731
n 遠景:0.5886601209640503
-------------------------------
サンプル 14-------
n の:0.7433193922042847
n は:0.6816539764404297
v いる:0.6608095169067383
n それ:0.652522623538971
v 見える:0.6482444405555725
a 白い:0.6463796496391296
n から:0.6406784653663635
a 黒い:0.6324361562728882
a 丸い:0.6317622661590576
-------------------------------
サンプル 15-------
n 綺麗:0.3712160587310791
n キレイ:0.3545936048030853
n きれい:0.3421100974082947
a 美しい:0.34204867482185364
a 優しい:0.32538264989852905
-------------------------------
サンプル 16-------
n の:0.7084697484970093
n は:0.6365455985069275
a 白い:0.6308969855308533
a 青い:0.6173697113990784
a 丸い:0.6108632683753967
a 赤い:0.5997772216796875
a 黒い:0.5987318754196167
a 黄色い:0.5936331152915955
v ある:0.5907124280929565
n から:0.5896461009979248
-------------------------------
サンプル 17-------
n の:0.7603675127029419
n は:0.6860111951828003
n それ:0.6611841320991516
v いる:0.6557213068008423
n もの:0.6456314325332642
n から:0.643883466720581
v よう:0.6353573799133301
v 見える:0.6332502961158752
n 確か:0.630180299282074
a 白い:0.6299480199813843
n て:0.6257020235061646
n い:0.62503981590271
-------------------------------
サンプル 18-------
n 色:0.3473218083381653
n 色合い:0.3385600447654724
n 地色:0.3360084295272827
n 光沢:0.33327704668045044
n 濃淡:0.3323134183883667
n 黄緑:0.3305237889289856
n 色調:0.32973042130470276
-------------------------------
サンプル 19-------
n 推察:0.20537662506103516
n 化工:0.19541096687316895
-------------------------------
サンプル 20-------
n の:0.7621380090713501
n は:0.6997761726379395
v いる:0.6906166076660156
n それ:0.6905350685119629
n もの:0.6798674464225769
v よう:0.6790676116943359
n から:0.6634730696678162
n て:0.6598802804946899
n い:0.655347466468811
-------------------------------
サンプル 21-------
v よう:0.5420465469360352
v 写る:0.5418652296066284
v 見える:0.5238514542579651
v 撮る:0.5191991925239563
n 見え:0.5160167813301086
n 光景:0.5091909170150757
v 見つめる:0.5065299272537231
v 見上げる:0.5050783753395081
n 様子:0.5043165683746338
v 映る:0.5005548000335693
n 姿:0.5004401803016663
v 撮れる:0.4998219907283783
v 写す:0.4982611835002899
-------------------------------
サンプル 22-------
n もの:0.5229315757751465
n の:0.5083450078964233
v よう:0.47531402111053467
n か:0.47406381368637085
v ある:0.47204118967056274
v いる:0.46666067838668823
n は:0.46426427364349365
n 人間:0.45882534980773926
n 老婆:0.4582294225692749
-------------------------------
サンプル 23-------
n の:0.7563718557357788
v いる:0.6862233877182007
n は:0.6851887702941895
n それ:0.6678652763366699
n から:0.6557421684265137
v ある:0.6470940113067627
n い:0.6417180299758911
n て:0.637157142162323
-------------------------------
サンプル 24-------
-------------------------------
サンプル 25-------
-------------------------------
サンプル 26-------
n の:0.7530849575996399
n は:0.6903153657913208
v いる:0.6743823289871216
n それ:0.6495057344436646
n から:0.6468576192855835
n い:0.6422706842422485
n て:0.6325755715370178
-------------------------------
サンプル 27-------
-------------------------------
サンプル 28-------
a 白い:0.6623319983482361
v 見える:0.6338374614715576
n の:0.6249992847442627
a 丸い:0.6122034788131714
a 黒い:0.5954426527023315
a 茶色い:0.5889599323272705
v 通り過ぎる:0.5845992565155029
v 見上げる:0.581224799156189
a 青い:0.5786615610122681
v みえる:0.5786373615264893
v すべる:0.5780432820320129
a 赤い:0.5742322206497192
-------------------------------
サンプル 29-------
n の:0.7322918176651001
v いる:0.6787711381912231
v 見える:0.6606335639953613
n は:0.6591707468032837
n い:0.6420755982398987
n それ:0.6385483145713806
a 白い:0.6359021067619324
n から:0.6351814866065979
v よう:0.6320868134498596
n て:0.6272695064544678
a 丸い:0.6216436624526978
-------------------------------
サンプル 30-------
n の:0.7564113736152649
n は:0.691813588142395
v いる:0.6877914667129517
n それ:0.6708073616027832
n から:0.652524471282959
n もの:0.6523332595825195
n て:0.6488320827484131
n い:0.6477203965187073
v 見える:0.6397310495376587
-------------------------------
サンプル 31-------
n の:0.604996919631958
n もの:0.5875484943389893
n それ:0.5722010731697083
v よう:0.5709947347640991
n は:0.557837963104248
-------------------------------
サンプル 32-------
n の:0.7622749209403992
n は:0.7011913061141968
v いる:0.6945306062698364
n それ:0.6776982545852661
n て:0.6517823934555054
n い:0.6505333781242371
n から:0.6492778062820435
v いう:0.6441025733947754
n もの:0.6439743041992188
v ある:0.6385093927383423
-------------------------------
サンプル 33-------
n の:0.6801834106445312
v ある:0.6401416063308716
v いる:0.616652250289917
v いう:0.5967502593994141
n は:0.5949217677116394
n それ:0.5756900906562805
n もの:0.5672426223754883
n から:0.5574907660484314
v よう:0.5552433729171753
v する:0.5548644661903381
-------------------------------
サンプル 34-------
n の:0.6730219125747681
v いる:0.6455545425415039
a 黒い:0.6111742258071899
a 白い:0.6098629236221313
n 向こう側:0.6085800528526306
n い:0.6072737574577332
a 青い:0.605134904384613
n もの:0.5989521741867065
a 赤い:0.5946158766746521
n から:0.5943202972412109
n 向こう:0.5909285545349121
n ところ:0.5904866456985474
n は:0.5860022306442261
n そこ:0.5843679308891296
-------------------------------
サンプル 35-------
n の:0.7658510208129883
n は:0.6852056980133057
v いる:0.6841764450073242
n から:0.6546549797058105
n それ:0.6450160145759583
n て:0.6419313549995422
n い:0.6416964530944824
v よう:0.63791424036026
a 白い:0.6267402172088623
n もの:0.6243656873703003
-------------------------------
サンプル 36-------
-------------------------------
サンプル 37-------
n の:0.7337480783462524
v いる:0.724560022354126
n は:0.6940444111824036
n て:0.6772398948669434
n い:0.6756302118301392
n ところ:0.6503718495368958
n てる:0.647742509841919
n か:0.6451245546340942
n から:0.6409573554992676
-------------------------------
サンプル 38-------
n の:0.7493102550506592
v いる:0.688388466835022
n は:0.6802962422370911
n それ:0.6590274572372437
n い:0.6446611881256104
n て:0.6419811844825745
v 見える:0.6387487649917603
n から:0.6367290616035461
n もの:0.6296870112419128
-------------------------------
サンプル 39-------
n の:0.691513180732727
v いる:0.6149071455001831
n は:0.6125824451446533
n それ:0.6030025482177734
n そこ:0.5950586199760437
n て:0.5920575261116028
n から:0.5854045152664185
n い:0.5814119577407837
-------------------------------
サンプル 40-------
n の:0.7262083888053894
v いる:0.6922139525413513
v 見える:0.6691224575042725
n は:0.6648803949356079
n それ:0.6469203233718872
n い:0.641322135925293
a 丸い:0.6355316638946533
a 白い:0.6334835886955261
v みえる:0.6229332089424133
a 黒い:0.6217730641365051
-------------------------------
サンプル 41-------
n の:0.7466117143630981
n は:0.6777472496032715
v 見える:0.6707133054733276
v いる:0.6668215990066528
n それ:0.6414357423782349
n から:0.6383247375488281
a 白い:0.6324505805969238
a 青い:0.6245068311691284
-------------------------------
サンプル 42-------
n 黄緑:0.6564005613327026
n の:0.6549557447433472
a 白い:0.6547637581825256
a 黒い:0.6478610038757324
n 薄緑:0.6366388201713562
a 茶色い:0.6324448585510254
n 緑色:0.6296038031578064
n 茶色:0.6285638213157654
n 深緑:0.6211445331573486
a 丸い:0.6199042201042175
n 水色:0.61895352602005
v いる:0.6188598275184631
v 見える:0.6178116798400879
n は:0.6144365072250366
a 青い:0.6130355000495911
-------------------------------
サンプル 43-------
-------------------------------
サンプル 44-------
n の:0.7734509110450745
n は:0.7060155868530273
v いる:0.6815361380577087
n それ:0.6665914058685303
v よう:0.6606926918029785
n もの:0.6524984836578369
n から:0.6494767069816589
v ある:0.6458678245544434
n い:0.6437298059463501
n て:0.6385371685028076
-------------------------------
サンプル 45-------
n の:0.688255786895752
v よう:0.6402439475059509
n もの:0.6291682720184326
v 見える:0.6119269132614136
n は:0.6057354211807251
v ある:0.5967440009117126
n オブジェ:0.5931206941604614
a 白い:0.5877273678779602
a 丸い:0.5702744722366333
n から:0.5686616897583008
-------------------------------
サンプル 46-------
n の:0.6726176738739014
v いる:0.6658611297607422
v よう:0.6348626613616943
v 見える:0.6254605054855347
n そこ:0.6233465671539307
n て:0.622148871421814
n から:0.6219712495803833
n 向こう側:0.6178101897239685
n い:0.6176050305366516
a 白い:0.6166942119598389
n それ:0.6132786870002747
n 向こう:0.6117329597473145
n は:0.6100772619247437
a 青い:0.6043006181716919
-------------------------------
サンプル 47-------
n の:0.7540789246559143
v いる:0.7062117457389832
n は:0.6770402193069458
v 見える:0.6618274450302124
n い:0.6588121652603149
a 白い:0.6541604995727539
n て:0.6478307247161865
n から:0.647269606590271
a 青い:0.6470688581466675
a 黒い:0.6470107436180115
n それ:0.6367784142494202
-------------------------------
サンプル 48-------
-------------------------------
サンプル 49-------
a 赤い:0.2797844409942627
a 白い:0.27620670199394226
v 光る:0.27331647276878357
a 円い:0.2731386721134186
a 黒い:0.26876431703567505
n 庇:0.26129862666130066
v 輝く:0.2555178999900818
v すべる:0.2527513802051544
v 光り輝く:0.24712421000003815
-------------------------------
サンプル 50-------
n の:0.753862738609314
n は:0.6829475164413452
v いる:0.6809486150741577
n から:0.6522763967514038
n い:0.6440226435661316
n それ:0.6379013061523438
n て:0.6352066993713379
v 見える:0.6255633234977722
n ところ:0.6232866644859314
n もの:0.619741678237915
-------------------------------
サンプル 51-------
-------------------------------
サンプル 52-------
n の:0.6335148811340332
v いる:0.5921178460121155
n は:0.5893990397453308
n もの:0.5772373676300049
v する:0.5595169067382812
n か:0.5591815710067749
v ある:0.5565253496170044
n い:0.5528976917266846
n それ:0.5518991947174072
-------------------------------
サンプル 53-------
n の:0.7482423782348633
n は:0.6938650608062744
v いる:0.6931807994842529
n それ:0.667017936706543
n い:0.6550434827804565
n て:0.6528391242027283
v 見える:0.651056170463562
n から:0.649804949760437
-------------------------------
サンプル 54-------
-------------------------------
サンプル 55-------
n の:0.7472060322761536
n は:0.7153679132461548
n それ:0.6991638541221619
n もの:0.6827132701873779
v いる:0.678949236869812
n ところ:0.6782348155975342
n から:0.674940824508667
v いう:0.6697911620140076
n て:0.6643223762512207
n そこ:0.6574633121490479
-------------------------------
サンプル 56-------
n の:0.7638310194015503
v いる:0.715474009513855
n は:0.706195592880249
n それ:0.6810492277145386
n い:0.6702715158462524
n て:0.6662503480911255
n から:0.6583660840988159
n もの:0.6530964374542236
n ところ:0.6497926712036133
v いう:0.6467675566673279
-------------------------------
サンプル 57-------
n の:0.5361480116844177
n 近く:0.5154680013656616
v 歩く:0.5120329856872559
n 食べ物:0.5046142339706421
-------------------------------
サンプル 58-------
n の:0.7352465987205505
v いる:0.7101882100105286
n は:0.6749770641326904
n それ:0.6682153344154358
n て:0.6655333042144775
n い:0.6649911999702454
n から:0.6490481495857239
-------------------------------
サンプル 59-------
n の:0.7648149728775024
n は:0.6957234740257263
v いる:0.6855787038803101
n それ:0.6616562604904175
n から:0.6559062004089355
n い:0.6443976759910583
n て:0.6423352956771851
-------------------------------
サンプル 60-------
n の:0.7213885188102722
n は:0.6612743735313416
v いる:0.6534582376480103
v 見える:0.6493666172027588
n ところ:0.6456072330474854
n 向こう側:0.6453048586845398
n それ:0.6377386450767517
n から:0.6347191333770752
n そこ:0.6347006559371948
n 向こう:0.6286107897758484
n 手前:0.6274904012680054
n て:0.616417646408081
-------------------------------
サンプル 61-------
n の:0.6947145462036133
n は:0.6275655031204224
v いる:0.624055027961731
v 見上げる:0.5927338600158691
n い:0.5806483030319214
n から:0.5781768560409546
-------------------------------
サンプル 62-------
n の:0.7478154897689819
v いる:0.6794233918190002
n は:0.6765196323394775
n から:0.6431459188461304
n い:0.6412121057510376
n それ:0.6383234858512878
v 見える:0.6379824876785278
n て:0.6356326341629028
a 白い:0.6196328401565552
-------------------------------
サンプル 63-------
n の:0.6694177985191345
n は:0.6250117421150208
n 向こう側:0.6107372045516968
v いる:0.5988313555717468
n 水色:0.5972469449043274
a 青い:0.5890238881111145
n から:0.5871902704238892
n い:0.5869721174240112
n 真ん中:0.5835713148117065
n 黄緑:0.5816630721092224
n 向こう:0.5815469026565552
-------------------------------
サンプル 64-------
-------------------------------
サンプル 65-------
n の:0.7436918020248413
n は:0.6842862367630005
v 見える:0.6686509847640991
v いる:0.6605287194252014
n それ:0.6515055894851685
n から:0.6508002281188965
n もの:0.6435248851776123
n ところ:0.6360063552856445
a 丸い:0.6305164098739624
n て:0.6252400875091553
n い:0.6251306533813477
n 向こう側:0.6237878799438477
-------------------------------
サンプル 66-------
n の:0.579521656036377
n 向こう側:0.5708163976669312
n ところ:0.5570712089538574
n そこ:0.5543144345283508
n たくさん:0.5431820154190063
n は:0.5421342849731445
n 向こう:0.5416218638420105
n それ:0.5404232740402222
v よう:0.5391908288002014
n から:0.5279114246368408
n はず:0.5259780883789062
n みたい:0.5258758068084717
-------------------------------
サンプル 67-------
-------------------------------
サンプル 68-------
n の:0.7468754053115845
v いる:0.6916371583938599
n は:0.6891963481903076
n それ:0.672519326210022
v 見える:0.6547559499740601
n から:0.6473068594932556
n て:0.6448548436164856
n い:0.6398160457611084
v よう:0.6371908187866211
v いう:0.6347804069519043
n もの:0.6316694021224976
-------------------------------
サンプル 69-------
-------------------------------
サンプル 70-------
-------------------------------
サンプル 71-------
n の:0.7383017539978027
v いる:0.6798795461654663
n は:0.6625386476516724
n い:0.6431182026863098
n それ:0.6373635530471802
n て:0.637050986289978
n から:0.6341836452484131
v ある:0.6180170774459839
-------------------------------
サンプル 72-------
v いる:0.685676097869873
n てる:0.6462273597717285
n い:0.6347206830978394
v 見える:0.6345269083976746
v 映る:0.6269271373748779
v 写る:0.6170867681503296
n の:0.6042232513427734
n て:0.6007150411605835
n 綺麗:0.5999685525894165
n 景色:0.5906068086624146
v みえる:0.5881831049919128
v 見上げる:0.584023118019104
n 見:0.5768835544586182
-------------------------------
サンプル 73-------
v 見える:0.6933596134185791
v いる:0.638552188873291
v 写る:0.6378531455993652
n の:0.6301150321960449
v 映る:0.6263841390609741
n 見え:0.618687093257904
n 向こう側:0.6147567629814148
v みえる:0.607431173324585
v 見上げる:0.6012486219406128
n 右端:0.5887442827224731
n 遠景:0.5886601209640503
-------------------------------
サンプル 74-------
n の:0.7433193922042847
n は:0.6816539764404297
v いる:0.6608095169067383
n それ:0.652522623538971
v 見える:0.6482444405555725
a 白い:0.6463796496391296
n から:0.6406784653663635
a 黒い:0.6324361562728882
a 丸い:0.6317622661590576
-------------------------------
サンプル 75-------
n 綺麗:0.3712160587310791
n キレイ:0.3545936048030853
n きれい:0.3421100974082947
a 美しい:0.34204867482185364
a 優しい:0.32538264989852905
-------------------------------
サンプル 76-------
n の:0.7084697484970093
n は:0.6365455985069275
a 白い:0.6308969855308533
a 青い:0.6173697113990784
a 丸い:0.6108632683753967
a 赤い:0.5997772216796875
a 黒い:0.5987318754196167
a 黄色い:0.5936331152915955
v ある:0.5907124280929565
n から:0.5896461009979248
-------------------------------
サンプル 77-------
n の:0.7603675127029419
n は:0.6860111951828003
n それ:0.6611841320991516
v いる:0.6557213068008423
n もの:0.6456314325332642
n から:0.643883466720581
v よう:0.6353573799133301
v 見える:0.6332502961158752
n 確か:0.630180299282074
a 白い:0.6299480199813843
n て:0.6257020235061646
n い:0.62503981590271
-------------------------------
サンプル 78-------
n 色:0.3473218083381653
n 色合い:0.3385600447654724
n 地色:0.3360084295272827
n 光沢:0.33327704668045044
n 濃淡:0.3323134183883667
n 黄緑:0.3305237889289856
n 色調:0.32973042130470276
-------------------------------
サンプル 79-------
n 推察:0.20537662506103516
n 化工:0.19541096687316895
-------------------------------
サンプル 80-------
n の:0.7621380090713501
n は:0.6997761726379395
v いる:0.6906166076660156
n それ:0.6905350685119629
n もの:0.6798674464225769
v よう:0.6790676116943359
n から:0.6634730696678162
n て:0.6598802804946899
n い:0.655347466468811
-------------------------------
サンプル 81-------
v よう:0.5420465469360352
v 写る:0.5418652296066284
v 見える:0.5238514542579651
v 撮る:0.5191991925239563
n 見え:0.5160167813301086
n 光景:0.5091909170150757
v 見つめる:0.5065299272537231
v 見上げる:0.5050783753395081
n 様子:0.5043165683746338
v 映る:0.5005548000335693
n 姿:0.5004401803016663
v 撮れる:0.4998219907283783
v 写す:0.4982611835002899
-------------------------------
サンプル 82-------
n もの:0.5229315757751465
n の:0.5083450078964233
v よう:0.47531402111053467
n か:0.47406381368637085
v ある:0.47204118967056274
v いる:0.46666067838668823
n は:0.46426427364349365
n 人間:0.45882534980773926
n 老婆:0.4582294225692749
-------------------------------
サンプル 83-------
n の:0.7563718557357788
v いる:0.6862233877182007
n は:0.6851887702941895
n それ:0.6678652763366699
n から:0.6557421684265137
v ある:0.6470940113067627
n い:0.6417180299758911
n て:0.637157142162323
-------------------------------
サンプル 84-------
-------------------------------
サンプル 85-------
-------------------------------
サンプル 86-------
n の:0.7530849575996399
n は:0.6903153657913208
v いる:0.6743823289871216
n それ:0.6495057344436646
n から:0.6468576192855835
n い:0.6422706842422485
n て:0.6325755715370178
-------------------------------
サンプル 87-------
-------------------------------
サンプル 88-------
a 白い:0.6623319983482361
v 見える:0.6338374614715576
n の:0.6249992847442627
a 丸い:0.6122034788131714
a 黒い:0.5954426527023315
a 茶色い:0.5889599323272705
v 通り過ぎる:0.5845992565155029
v 見上げる:0.581224799156189
a 青い:0.5786615610122681
v みえる:0.5786373615264893
v すべる:0.5780432820320129
a 赤い:0.5742322206497192
-------------------------------
サンプル 89-------
n の:0.7322918176651001
v いる:0.6787711381912231
v 見える:0.6606335639953613
n は:0.6591707468032837
n い:0.6420755982398987
n それ:0.6385483145713806
a 白い:0.6359021067619324
n から:0.6351814866065979
v よう:0.6320868134498596
n て:0.6272695064544678
a 丸い:0.6216436624526978
-------------------------------
サンプル 90-------
n の:0.7564113736152649
n は:0.691813588142395
v いる:0.6877914667129517
n それ:0.6708073616027832
n から:0.652524471282959
n もの:0.6523332595825195
n て:0.6488320827484131
n い:0.6477203965187073
v 見える:0.6397310495376587
-------------------------------
サンプル 91-------
n の:0.604996919631958
n もの:0.5875484943389893
n それ:0.5722010731697083
v よう:0.5709947347640991
n は:0.557837963104248
-------------------------------
サンプル 92-------
n の:0.7622749209403992
n は:0.7011913061141968
v いる:0.6945306062698364
n それ:0.6776982545852661
n て:0.6517823934555054
n い:0.6505333781242371
n から:0.6492778062820435
v いう:0.6441025733947754
n もの:0.6439743041992188
v ある:0.6385093927383423
-------------------------------
サンプル 93-------
n の:0.6801834106445312
v ある:0.6401416063308716
v いる:0.616652250289917
v いう:0.5967502593994141
n は:0.5949217677116394
n それ:0.5756900906562805
n もの:0.5672426223754883
n から:0.5574907660484314
v よう:0.5552433729171753
v する:0.5548644661903381
-------------------------------
サンプル 94-------
n の:0.6730219125747681
v いる:0.6455545425415039
a 黒い:0.6111742258071899
a 白い:0.6098629236221313
n 向こう側:0.6085800528526306
n い:0.6072737574577332
a 青い:0.605134904384613
n もの:0.5989521741867065
a 赤い:0.5946158766746521
n から:0.5943202972412109
n 向こう:0.5909285545349121
n ところ:0.5904866456985474
n は:0.5860022306442261
n そこ:0.5843679308891296
-------------------------------
サンプル 95-------
n の:0.7658510208129883
n は:0.6852056980133057
v いる:0.6841764450073242
n から:0.6546549797058105
n それ:0.6450160145759583
n て:0.6419313549995422
n い:0.6416964530944824
v よう:0.63791424036026
a 白い:0.6267402172088623
n もの:0.6243656873703003
-------------------------------
サンプル 96-------
-------------------------------
サンプル 97-------
n の:0.7337480783462524
v いる:0.724560022354126
n は:0.6940444111824036
n て:0.6772398948669434
n い:0.6756302118301392
n ところ:0.6503718495368958
n てる:0.647742509841919
n か:0.6451245546340942
n から:0.6409573554992676
-------------------------------
サンプル 98-------
n の:0.7493102550506592
v いる:0.688388466835022
n は:0.6802962422370911
n それ:0.6590274572372437
n い:0.6446611881256104
n て:0.6419811844825745
v 見える:0.6387487649917603
n から:0.6367290616035461
n もの:0.6296870112419128
-------------------------------
サンプル 99-------
n の:0.691513180732727
v いる:0.6149071455001831
n は:0.6125824451446533
n それ:0.6030025482177734
n そこ:0.5950586199760437
n て:0.5920575261116028
n から:0.5854045152664185
n い:0.5814119577407837
-------------------------------
サンプル 100-------
n の:0.7262083888053894
v いる:0.6922139525413513
v 見える:0.6691224575042725
n は:0.6648803949356079
n それ:0.6469203233718872
n い:0.641322135925293
a 丸い:0.6355316638946533
a 白い:0.6334835886955261
v みえる:0.6229332089424133
a 黒い:0.6217730641365051
-------------------------------
サンプル 101-------
n の:0.7466117143630981
n は:0.6777472496032715
v 見える:0.6707133054733276
v いる:0.6668215990066528
n それ:0.6414357423782349
n から:0.6383247375488281
a 白い:0.6324505805969238
a 青い:0.6245068311691284
-------------------------------
サンプル 102-------
n 黄緑:0.6564005613327026
n の:0.6549557447433472
a 白い:0.6547637581825256
a 黒い:0.6478610038757324
n 薄緑:0.6366388201713562
a 茶色い:0.6324448585510254
n 緑色:0.6296038031578064
n 茶色:0.6285638213157654
n 深緑:0.6211445331573486
a 丸い:0.6199042201042175
n 水色:0.61895352602005
v いる:0.6188598275184631
v 見える:0.6178116798400879
n は:0.6144365072250366
a 青い:0.6130355000495911
-------------------------------
サンプル 103-------
-------------------------------
サンプル 104-------
n の:0.7734509110450745
n は:0.7060155868530273
v いる:0.6815361380577087
n それ:0.6665914058685303
v よう:0.6606926918029785
n もの:0.6524984836578369
n から:0.6494767069816589
v ある:0.6458678245544434
n い:0.6437298059463501
n て:0.6385371685028076
-------------------------------
サンプル 105-------
n の:0.688255786895752
v よう:0.6402439475059509
n もの:0.6291682720184326
v 見える:0.6119269132614136
n は:0.6057354211807251
v ある:0.5967440009117126
n オブジェ:0.5931206941604614
a 白い:0.5877273678779602
a 丸い:0.5702744722366333
n から:0.5686616897583008
-------------------------------
サンプル 106-------
n の:0.6726176738739014
v いる:0.6658611297607422
v よう:0.6348626613616943
v 見える:0.6254605054855347
n そこ:0.6233465671539307
n て:0.622148871421814
n から:0.6219712495803833
n 向こう側:0.6178101897239685
n い:0.6176050305366516
a 白い:0.6166942119598389
n それ:0.6132786870002747
n 向こう:0.6117329597473145
n は:0.6100772619247437
a 青い:0.6043006181716919
-------------------------------
サンプル 107-------
n の:0.7540789246559143
v いる:0.7062117457389832
n は:0.6770402193069458
v 見える:0.6618274450302124
n い:0.6588121652603149
a 白い:0.6541604995727539
n て:0.6478307247161865
n から:0.647269606590271
a 青い:0.6470688581466675
a 黒い:0.6470107436180115
n それ:0.6367784142494202
-------------------------------
サンプル 108-------
-------------------------------
サンプル 109-------
a 赤い:0.2797844409942627
a 白い:0.27620670199394226
v 光る:0.27331647276878357
a 円い:0.2731386721134186
a 黒い:0.26876431703567505
n 庇:0.26129862666130066
v 輝く:0.2555178999900818
v すべる:0.2527513802051544
v 光り輝く:0.24712421000003815
-------------------------------
サンプル 110-------
n の:0.753862738609314
n は:0.6829475164413452
v いる:0.6809486150741577
n から:0.6522763967514038
n い:0.6440226435661316
n それ:0.6379013061523438
n て:0.6352066993713379
v 見える:0.6255633234977722
n ところ:0.6232866644859314
n もの:0.619741678237915
-------------------------------
サンプル 111-------
-------------------------------
サンプル 112-------
n の:0.6335148811340332
v いる:0.5921178460121155
n は:0.5893990397453308
n もの:0.5772373676300049
v する:0.5595169067382812
n か:0.5591815710067749
v ある:0.5565253496170044
n い:0.5528976917266846
n それ:0.5518991947174072
-------------------------------
サンプル 113-------
n の:0.7482423782348633
n は:0.6938650608062744
v いる:0.6931807994842529
n それ:0.667017936706543
n い:0.6550434827804565
n て:0.6528391242027283
v 見える:0.651056170463562
n から:0.649804949760437
-------------------------------
サンプル 114-------
-------------------------------
サンプル 115-------
n の:0.7472060322761536
n は:0.7153679132461548
n それ:0.6991638541221619
n もの:0.6827132701873779
v いる:0.678949236869812
n ところ:0.6782348155975342
n から:0.674940824508667
v いう:0.6697911620140076
n て:0.6643223762512207
n そこ:0.6574633121490479
-------------------------------
サンプル 116-------
n の:0.7638310194015503
v いる:0.715474009513855
n は:0.706195592880249
n それ:0.6810492277145386
n い:0.6702715158462524
n て:0.6662503480911255
n から:0.6583660840988159
n もの:0.6530964374542236
n ところ:0.6497926712036133
v いう:0.6467675566673279
-------------------------------
サンプル 117-------
n の:0.5361480116844177
n 近く:0.5154680013656616
v 歩く:0.5120329856872559
n 食べ物:0.5046142339706421
-------------------------------
サンプル 118-------
n の:0.7352465987205505
v いる:0.7101882100105286
n は:0.6749770641326904
n それ:0.6682153344154358
n て:0.6655333042144775
n い:0.6649911999702454
n から:0.6490481495857239
-------------------------------
サンプル 119-------
n の:0.7648149728775024
n は:0.6957234740257263
v いる:0.6855787038803101
n それ:0.6616562604904175
n から:0.6559062004089355
n い:0.6443976759910583
n て:0.6423352956771851
-------------------------------
サンプル 120-------
n の:0.7213885188102722
n は:0.6612743735313416
v いる:0.6534582376480103
v 見える:0.6493666172027588
n ところ:0.6456072330474854
n 向こう側:0.6453048586845398
n それ:0.6377386450767517
n から:0.6347191333770752
n そこ:0.6347006559371948
n 向こう:0.6286107897758484
n 手前:0.6274904012680054
n て:0.616417646408081
-------------------------------
サンプル 121-------
n の:0.6947145462036133
n は:0.6275655031204224
v いる:0.624055027961731
v 見上げる:0.5927338600158691
n い:0.5806483030319214
n から:0.5781768560409546
-------------------------------
サンプル 122-------
n の:0.7478154897689819
v いる:0.6794233918190002
n は:0.6765196323394775
n から:0.6431459188461304
n い:0.6412121057510376
n それ:0.6383234858512878
v 見える:0.6379824876785278
n て:0.6356326341629028
a 白い:0.6196328401565552
-------------------------------
サンプル 123-------
n の:0.6694177985191345
n は:0.6250117421150208
n 向こう側:0.6107372045516968
v いる:0.5988313555717468
n 水色:0.5972469449043274
a 青い:0.5890238881111145
n から:0.5871902704238892
n い:0.5869721174240112
n 真ん中:0.5835713148117065
n 黄緑:0.5816630721092224
n 向こう:0.5815469026565552
-------------------------------
サンプル 124-------
-------------------------------
サンプル 125-------
n の:0.7436918020248413
n は:0.6842862367630005
v 見える:0.6686509847640991
v いる:0.6605287194252014
n それ:0.6515055894851685
n から:0.6508002281188965
n もの:0.6435248851776123
n ところ:0.6360063552856445
a 丸い:0.6305164098739624
n て:0.6252400875091553
n い:0.6251306533813477
n 向こう側:0.6237878799438477
-------------------------------
サンプル 126-------
n の:0.579521656036377
n 向こう側:0.5708163976669312
n ところ:0.5570712089538574
n そこ:0.5543144345283508
n たくさん:0.5431820154190063
n は:0.5421342849731445
n 向こう:0.5416218638420105
n それ:0.5404232740402222
v よう:0.5391908288002014
n から:0.5279114246368408
n はず:0.5259780883789062
n みたい:0.5258758068084717
-------------------------------
サンプル 127-------
-------------------------------
サンプル 128-------
n の:0.7468754053115845
v いる:0.6916371583938599
n は:0.6891963481903076
n それ:0.672519326210022
v 見える:0.6547559499740601
n から:0.6473068594932556
n て:0.6448548436164856
n い:0.6398160457611084
v よう:0.6371908187866211
v いう:0.6347804069519043
n もの:0.6316694021224976
-------------------------------
サンプル 129-------
-------------------------------
サンプル 130-------
-------------------------------
サンプル 131-------
n の:0.7383017539978027
v いる:0.6798795461654663
n は:0.6625386476516724
n い:0.6431182026863098
n それ:0.6373635530471802
n て:0.637050986289978
n から:0.6341836452484131
v ある:0.6180170774459839
-------------------------------
サンプル 132-------
v いる:0.685676097869873
n てる:0.6462273597717285
n い:0.6347206830978394
v 見える:0.6345269083976746
v 映る:0.6269271373748779
v 写る:0.6170867681503296
n の:0.6042232513427734
n て:0.6007150411605835
n 綺麗:0.5999685525894165
n 景色:0.5906068086624146
v みえる:0.5881831049919128
v 見上げる:0.584023118019104
n 見:0.5768835544586182
-------------------------------
サンプル 133-------
v 見える:0.6933596134185791
v いる:0.638552188873291
v 写る:0.6378531455993652
n の:0.6301150321960449
v 映る:0.6263841390609741
n 見え:0.618687093257904
n 向こう側:0.6147567629814148
v みえる:0.607431173324585
v 見上げる:0.6012486219406128
n 右端:0.5887442827224731
n 遠景:0.5886601209640503
-------------------------------
サンプル 134-------
n の:0.7433193922042847
n は:0.6816539764404297
v いる:0.6608095169067383
n それ:0.652522623538971
v 見える:0.6482444405555725
a 白い:0.6463796496391296
n から:0.6406784653663635
a 黒い:0.6324361562728882
a 丸い:0.6317622661590576
-------------------------------
サンプル 135-------
n 綺麗:0.3712160587310791
n キレイ:0.3545936048030853
n きれい:0.3421100974082947
a 美しい:0.34204867482185364
a 優しい:0.32538264989852905
-------------------------------
サンプル 136-------
n の:0.7084697484970093
n は:0.6365455985069275
a 白い:0.6308969855308533
a 青い:0.6173697113990784
a 丸い:0.6108632683753967
a 赤い:0.5997772216796875
a 黒い:0.5987318754196167
a 黄色い:0.5936331152915955
v ある:0.5907124280929565
n から:0.5896461009979248
-------------------------------
サンプル 137-------
n の:0.7603675127029419
n は:0.6860111951828003
n それ:0.6611841320991516
v いる:0.6557213068008423
n もの:0.6456314325332642
n から:0.643883466720581
v よう:0.6353573799133301
v 見える:0.6332502961158752
n 確か:0.630180299282074
a 白い:0.6299480199813843
n て:0.6257020235061646
n い:0.62503981590271
-------------------------------
サンプル 138-------
n 色:0.3473218083381653
n 色合い:0.3385600447654724
n 地色:0.3360084295272827
n 光沢:0.33327704668045044
n 濃淡:0.3323134183883667
n 黄緑:0.3305237889289856
n 色調:0.32973042130470276
-------------------------------
サンプル 139-------
n 推察:0.20537662506103516
n 化工:0.19541096687316895
-------------------------------
サンプル 140-------
n の:0.7621380090713501
n は:0.6997761726379395
v いる:0.6906166076660156
n それ:0.6905350685119629
n もの:0.6798674464225769
v よう:0.6790676116943359
n から:0.6634730696678162
n て:0.6598802804946899
n い:0.655347466468811
-------------------------------
サンプル 141-------
v よう:0.5420465469360352
v 写る:0.5418652296066284
v 見える:0.5238514542579651
v 撮る:0.5191991925239563
n 見え:0.5160167813301086
n 光景:0.5091909170150757
v 見つめる:0.5065299272537231
v 見上げる:0.5050783753395081
n 様子:0.5043165683746338
v 映る:0.5005548000335693
n 姿:0.5004401803016663
v 撮れる:0.4998219907283783
v 写す:0.4982611835002899
-------------------------------
サンプル 142-------
n もの:0.5229315757751465
n の:0.5083450078964233
v よう:0.47531402111053467
n か:0.47406381368637085
v ある:0.47204118967056274
v いる:0.46666067838668823
n は:0.46426427364349365
n 人間:0.45882534980773926
n 老婆:0.4582294225692749
-------------------------------
サンプル 143-------
n の:0.7563718557357788
v いる:0.6862233877182007
n は:0.6851887702941895
n それ:0.6678652763366699
n から:0.6557421684265137
v ある:0.6470940113067627
n い:0.6417180299758911
n て:0.637157142162323
-------------------------------
サンプル 144-------
-------------------------------
サンプル 145-------
-------------------------------
サンプル 146-------
n の:0.7530849575996399
n は:0.6903153657913208
v いる:0.6743823289871216
n それ:0.6495057344436646
n から:0.6468576192855835
n い:0.6422706842422485
n て:0.6325755715370178
-------------------------------
サンプル 147-------
-------------------------------
サンプル 148-------
a 白い:0.6623319983482361
v 見える:0.6338374614715576
n の:0.6249992847442627
a 丸い:0.6122034788131714
a 黒い:0.5954426527023315
a 茶色い:0.5889599323272705
v 通り過ぎる:0.5845992565155029
v 見上げる:0.581224799156189
a 青い:0.5786615610122681
v みえる:0.5786373615264893
v すべる:0.5780432820320129
a 赤い:0.5742322206497192
-------------------------------
サンプル 149-------
n の:0.7322918176651001
v いる:0.6787711381912231
v 見える:0.6606335639953613
n は:0.6591707468032837
n い:0.6420755982398987
n それ:0.6385483145713806
a 白い:0.6359021067619324
n から:0.6351814866065979
v よう:0.6320868134498596
n て:0.6272695064544678
a 丸い:0.6216436624526978
-------------------------------
サンプル 150-------
n の:0.7564113736152649
n は:0.691813588142395
v いる:0.6877914667129517
n それ:0.6708073616027832
n から:0.652524471282959
n もの:0.6523332595825195
n て:0.6488320827484131
n い:0.6477203965187073
v 見える:0.6397310495376587
-------------------------------
サンプル 151-------
n の:0.604996919631958
n もの:0.5875484943389893
n それ:0.5722010731697083
v よう:0.5709947347640991
n は:0.557837963104248
-------------------------------
サンプル 152-------
n の:0.7622749209403992
n は:0.7011913061141968
v いる:0.6945306062698364
n それ:0.6776982545852661
n て:0.6517823934555054
n い:0.6505333781242371
n から:0.6492778062820435
v いう:0.6441025733947754
n もの:0.6439743041992188
v ある:0.6385093927383423
-------------------------------
サンプル 153-------
n の:0.6801834106445312
v ある:0.6401416063308716
v いる:0.616652250289917
v いう:0.5967502593994141
n は:0.5949217677116394
n それ:0.5756900906562805
n もの:0.5672426223754883
n から:0.5574907660484314
v よう:0.5552433729171753
v する:0.5548644661903381
-------------------------------
サンプル 154-------
n の:0.6730219125747681
v いる:0.6455545425415039
a 黒い:0.6111742258071899
a 白い:0.6098629236221313
n 向こう側:0.6085800528526306
n い:0.6072737574577332
a 青い:0.605134904384613
n もの:0.5989521741867065
a 赤い:0.5946158766746521
n から:0.5943202972412109
n 向こう:0.5909285545349121
n ところ:0.5904866456985474
n は:0.5860022306442261
n そこ:0.5843679308891296
-------------------------------
サンプル 155-------
n の:0.7658510208129883
n は:0.6852056980133057
v いる:0.6841764450073242
n から:0.6546549797058105
n それ:0.6450160145759583
n て:0.6419313549995422
n い:0.6416964530944824
v よう:0.63791424036026
a 白い:0.6267402172088623
n もの:0.6243656873703003
-------------------------------
サンプル 156-------
-------------------------------
サンプル 157-------
n の:0.7337480783462524
v いる:0.724560022354126
n は:0.6940444111824036
n て:0.6772398948669434
n い:0.6756302118301392
n ところ:0.6503718495368958
n てる:0.647742509841919
n か:0.6451245546340942
n から:0.6409573554992676
-------------------------------
サンプル 158-------
n の:0.7493102550506592
v いる:0.688388466835022
n は:0.6802962422370911
n それ:0.6590274572372437
n い:0.6446611881256104
n て:0.6419811844825745
v 見える:0.6387487649917603
n から:0.6367290616035461
n もの:0.6296870112419128
-------------------------------
サンプル 159-------
n の:0.691513180732727
v いる:0.6149071455001831
n は:0.6125824451446533
n それ:0.6030025482177734
n そこ:0.5950586199760437
n て:0.5920575261116028
n から:0.5854045152664185
n い:0.5814119577407837
-------------------------------
サンプル 160-------
n の:0.7262083888053894
v いる:0.6922139525413513
v 見える:0.6691224575042725
n は:0.6648803949356079
n それ:0.6469203233718872
n い:0.641322135925293
a 丸い:0.6355316638946533
a 白い:0.6334835886955261
v みえる:0.6229332089424133
a 黒い:0.6217730641365051
-------------------------------
サンプル 161-------
n の:0.7466117143630981
n は:0.6777472496032715
v 見える:0.6707133054733276
v いる:0.6668215990066528
n それ:0.6414357423782349
n から:0.6383247375488281
a 白い:0.6324505805969238
a 青い:0.6245068311691284
-------------------------------
サンプル 162-------
n 黄緑:0.6564005613327026
n の:0.6549557447433472
a 白い:0.6547637581825256
a 黒い:0.6478610038757324
n 薄緑:0.6366388201713562
a 茶色い:0.6324448585510254
n 緑色:0.6296038031578064
n 茶色:0.6285638213157654
n 深緑:0.6211445331573486
a 丸い:0.6199042201042175
n 水色:0.61895352602005
v いる:0.6188598275184631
v 見える:0.6178116798400879
n は:0.6144365072250366
a 青い:0.6130355000495911
-------------------------------
サンプル 163-------
-------------------------------
サンプル 164-------
n の:0.7734509110450745
n は:0.7060155868530273
v いる:0.6815361380577087
n それ:0.6665914058685303
v よう:0.6606926918029785
n もの:0.6524984836578369
n から:0.6494767069816589
v ある:0.6458678245544434
n い:0.6437298059463501
n て:0.6385371685028076
-------------------------------
サンプル 165-------
n の:0.688255786895752
v よう:0.6402439475059509
n もの:0.6291682720184326
v 見える:0.6119269132614136
n は:0.6057354211807251
v ある:0.5967440009117126
n オブジェ:0.5931206941604614
a 白い:0.5877273678779602
a 丸い:0.5702744722366333
n から:0.5686616897583008
-------------------------------
サンプル 166-------
n の:0.6726176738739014
v いる:0.6658611297607422
v よう:0.6348626613616943
v 見える:0.6254605054855347
n そこ:0.6233465671539307
n て:0.622148871421814
n から:0.6219712495803833
n 向こう側:0.6178101897239685
n い:0.6176050305366516
a 白い:0.6166942119598389
n それ:0.6132786870002747
n 向こう:0.6117329597473145
n は:0.6100772619247437
a 青い:0.6043006181716919
-------------------------------
サンプル 167-------
n の:0.7540789246559143
v いる:0.7062117457389832
n は:0.6770402193069458
v 見える:0.6618274450302124
n い:0.6588121652603149
a 白い:0.6541604995727539
n て:0.6478307247161865
n から:0.647269606590271
a 青い:0.6470688581466675
a 黒い:0.6470107436180115
n それ:0.6367784142494202
-------------------------------
サンプル 168-------
-------------------------------
サンプル 169-------
a 赤い:0.2797844409942627
a 白い:0.27620670199394226
v 光る:0.27331647276878357
a 円い:0.2731386721134186
a 黒い:0.26876431703567505
n 庇:0.26129862666130066
v 輝く:0.2555178999900818
v すべる:0.2527513802051544
v 光り輝く:0.24712421000003815
-------------------------------
サンプル 170-------
n の:0.753862738609314
n は:0.6829475164413452
v いる:0.6809486150741577
n から:0.6522763967514038
n い:0.6440226435661316
n それ:0.6379013061523438
n て:0.6352066993713379
v 見える:0.6255633234977722
n ところ:0.6232866644859314
n もの:0.619741678237915
-------------------------------
サンプル 171-------
-------------------------------
サンプル 172-------
n の:0.6335148811340332
v いる:0.5921178460121155
n は:0.5893990397453308
n もの:0.5772373676300049
v する:0.5595169067382812
n か:0.5591815710067749
v ある:0.5565253496170044
n い:0.5528976917266846
n それ:0.5518991947174072
-------------------------------
サンプル 173-------
n の:0.7482423782348633
n は:0.6938650608062744
v いる:0.6931807994842529
n それ:0.667017936706543
n い:0.6550434827804565
n て:0.6528391242027283
v 見える:0.651056170463562
n から:0.649804949760437
-------------------------------
サンプル 174-------
-------------------------------
サンプル 175-------
n の:0.7472060322761536
n は:0.7153679132461548
n それ:0.6991638541221619
n もの:0.6827132701873779
v いる:0.678949236869812
n ところ:0.6782348155975342
n から:0.674940824508667
v いう:0.6697911620140076
n て:0.6643223762512207
n そこ:0.6574633121490479
-------------------------------
サンプル 176-------
n の:0.7638310194015503
v いる:0.715474009513855
n は:0.706195592880249
n それ:0.6810492277145386
n い:0.6702715158462524
n て:0.6662503480911255
n から:0.6583660840988159
n もの:0.6530964374542236
n ところ:0.6497926712036133
v いう:0.6467675566673279
-------------------------------
サンプル 177-------
n の:0.5361480116844177
n 近く:0.5154680013656616
v 歩く:0.5120329856872559
n 食べ物:0.5046142339706421
-------------------------------
サンプル 178-------
n の:0.7352465987205505
v いる:0.7101882100105286
n は:0.6749770641326904
n それ:0.6682153344154358
n て:0.6655333042144775
n い:0.6649911999702454
n から:0.6490481495857239
-------------------------------
サンプル 179-------
n の:0.7648149728775024
n は:0.6957234740257263
v いる:0.6855787038803101
n それ:0.6616562604904175
n から:0.6559062004089355
n い:0.6443976759910583
n て:0.6423352956771851
-------------------------------
サンプル 180-------
n の:0.7213885188102722
n は:0.6612743735313416
v いる:0.6534582376480103
v 見える:0.6493666172027588
n ところ:0.6456072330474854
n 向こう側:0.6453048586845398
n それ:0.6377386450767517
n から:0.6347191333770752
n そこ:0.6347006559371948
n 向こう:0.6286107897758484
n 手前:0.6274904012680054
n て:0.616417646408081
-------------------------------
サンプル 181-------
n の:0.6947145462036133
n は:0.6275655031204224
v いる:0.624055027961731
v 見上げる:0.5927338600158691
n い:0.5806483030319214
n から:0.5781768560409546
-------------------------------
サンプル 182-------
n の:0.7478154897689819
v いる:0.6794233918190002
n は:0.6765196323394775
n から:0.6431459188461304
n い:0.6412121057510376
n それ:0.6383234858512878
v 見える:0.6379824876785278
n て:0.6356326341629028
a 白い:0.6196328401565552
-------------------------------
サンプル 183-------
n の:0.6694177985191345
n は:0.6250117421150208
n 向こう側:0.6107372045516968
v いる:0.5988313555717468
n 水色:0.5972469449043274
a 青い:0.5890238881111145
n から:0.5871902704238892
n い:0.5869721174240112
n 真ん中:0.5835713148117065
n 黄緑:0.5816630721092224
n 向こう:0.5815469026565552
-------------------------------
サンプル 184-------
-------------------------------
サンプル 185-------
n の:0.7436918020248413
n は:0.6842862367630005
v 見える:0.6686509847640991
v いる:0.6605287194252014
n それ:0.6515055894851685
n から:0.6508002281188965
n もの:0.6435248851776123
n ところ:0.6360063552856445
a 丸い:0.6305164098739624
n て:0.6252400875091553
n い:0.6251306533813477
n 向こう側:0.6237878799438477
-------------------------------
サンプル 186-------
n の:0.579521656036377
n 向こう側:0.5708163976669312
n ところ:0.5570712089538574
n そこ:0.5543144345283508
n たくさん:0.5431820154190063
n は:0.5421342849731445
n 向こう:0.5416218638420105
n それ:0.5404232740402222
v よう:0.5391908288002014
n から:0.5279114246368408
n はず:0.5259780883789062
n みたい:0.5258758068084717
-------------------------------
サンプル 187-------
-------------------------------
サンプル 188-------
n の:0.7468754053115845
v いる:0.6916371583938599
n は:0.6891963481903076
n それ:0.672519326210022
v 見える:0.6547559499740601
n から:0.6473068594932556
n て:0.6448548436164856
n い:0.6398160457611084
v よう:0.6371908187866211
v いう:0.6347804069519043
n もの:0.6316694021224976
-------------------------------
サンプル 189-------
-------------------------------
サンプル 190-------
-------------------------------
サンプル 191-------
n の:0.7383017539978027
v いる:0.6798795461654663
n は:0.6625386476516724
n い:0.6431182026863098
n それ:0.6373635530471802
n て:0.637050986289978
n から:0.6341836452484131
v ある:0.6180170774459839
-------------------------------
サンプル 192-------
v いる:0.685676097869873
n てる:0.6462273597717285
n い:0.6347206830978394
v 見える:0.6345269083976746
v 映る:0.6269271373748779
v 写る:0.6170867681503296
n の:0.6042232513427734
n て:0.6007150411605835
n 綺麗:0.5999685525894165
n 景色:0.5906068086624146
v みえる:0.5881831049919128
v 見上げる:0.584023118019104
n 見:0.5768835544586182
-------------------------------
サンプル 193-------
v 見える:0.6933596134185791
v いる:0.638552188873291
v 写る:0.6378531455993652
n の:0.6301150321960449
v 映る:0.6263841390609741
n 見え:0.618687093257904
n 向こう側:0.6147567629814148
v みえる:0.607431173324585
v 見上げる:0.6012486219406128
n 右端:0.5887442827224731
n 遠景:0.5886601209640503
-------------------------------
サンプル 194-------
n の:0.7433193922042847
n は:0.6816539764404297
v いる:0.6608095169067383
n それ:0.652522623538971
v 見える:0.6482444405555725
a 白い:0.6463796496391296
n から:0.6406784653663635
a 黒い:0.6324361562728882
a 丸い:0.6317622661590576
-------------------------------
サンプル 195-------
n 綺麗:0.3712160587310791
n キレイ:0.3545936048030853
n きれい:0.3421100974082947
a 美しい:0.34204867482185364
a 優しい:0.32538264989852905
-------------------------------
サンプル 196-------
n の:0.7084697484970093
n は:0.6365455985069275
a 白い:0.6308969855308533
a 青い:0.6173697113990784
a 丸い:0.6108632683753967
a 赤い:0.5997772216796875
a 黒い:0.5987318754196167
a 黄色い:0.5936331152915955
v ある:0.5907124280929565
n から:0.5896461009979248
-------------------------------
サンプル 197-------
n の:0.7603675127029419
n は:0.6860111951828003
n それ:0.6611841320991516
v いる:0.6557213068008423
n もの:0.6456314325332642
n から:0.643883466720581
v よう:0.6353573799133301
v 見える:0.6332502961158752
n 確か:0.630180299282074
a 白い:0.6299480199813843
n て:0.6257020235061646
n い:0.62503981590271
-------------------------------
サンプル 198-------
n 色:0.3473218083381653
n 色合い:0.3385600447654724
n 地色:0.3360084295272827
n 光沢:0.33327704668045044
n 濃淡:0.3323134183883667
n 黄緑:0.3305237889289856
n 色調:0.32973042130470276
-------------------------------
サンプル 199-------
n 推察:0.20537662506103516
n 化工:0.19541096687316895
-------------------------------
サンプル 200-------
n の:0.7621380090713501
n は:0.6997761726379395
v いる:0.6906166076660156
n それ:0.6905350685119629
n もの:0.6798674464225769
v よう:0.6790676116943359
n から:0.6634730696678162
n て:0.6598802804946899
n い:0.655347466468811
-------------------------------
サンプル 201-------
v よう:0.5420465469360352
v 写る:0.5418652296066284
v 見える:0.5238514542579651
v 撮る:0.5191991925239563
n 見え:0.5160167813301086
n 光景:0.5091909170150757
v 見つめる:0.5065299272537231
v 見上げる:0.5050783753395081
n 様子:0.5043165683746338
v 映る:0.5005548000335693
n 姿:0.5004401803016663
v 撮れる:0.4998219907283783
v 写す:0.4982611835002899
-------------------------------
サンプル 202-------
n もの:0.5229315757751465
n の:0.5083450078964233
v よう:0.47531402111053467
n か:0.47406381368637085
v ある:0.47204118967056274
v いる:0.46666067838668823
n は:0.46426427364349365
n 人間:0.45882534980773926
n 老婆:0.4582294225692749
-------------------------------
サンプル 203-------
n の:0.7563718557357788
v いる:0.6862233877182007
n は:0.6851887702941895
n それ:0.6678652763366699
n から:0.6557421684265137
v ある:0.6470940113067627
n い:0.6417180299758911
n て:0.637157142162323
-------------------------------
サンプル 204-------
-------------------------------
サンプル 205-------
-------------------------------
サンプル 206-------
n の:0.7530849575996399
n は:0.6903153657913208
v いる:0.6743823289871216
n それ:0.6495057344436646
n から:0.6468576192855835
n い:0.6422706842422485
n て:0.6325755715370178
-------------------------------
サンプル 207-------
-------------------------------
サンプル 208-------
a 白い:0.6623319983482361
v 見える:0.6338374614715576
n の:0.6249992847442627
a 丸い:0.6122034788131714
a 黒い:0.5954426527023315
a 茶色い:0.5889599323272705
v 通り過ぎる:0.5845992565155029
v 見上げる:0.581224799156189
a 青い:0.5786615610122681
v みえる:0.5786373615264893
v すべる:0.5780432820320129
a 赤い:0.5742322206497192
-------------------------------
サンプル 209-------
n の:0.7322918176651001
v いる:0.6787711381912231
v 見える:0.6606335639953613
n は:0.6591707468032837
n い:0.6420755982398987
n それ:0.6385483145713806
a 白い:0.6359021067619324
n から:0.6351814866065979
v よう:0.6320868134498596
n て:0.6272695064544678
a 丸い:0.6216436624526978
-------------------------------
サンプル 210-------
n の:0.7564113736152649
n は:0.691813588142395
v いる:0.6877914667129517
n それ:0.6708073616027832
n から:0.652524471282959
n もの:0.6523332595825195
n て:0.6488320827484131
n い:0.6477203965187073
v 見える:0.6397310495376587
-------------------------------
サンプル 211-------
n の:0.604996919631958
n もの:0.5875484943389893
n それ:0.5722010731697083
v よう:0.5709947347640991
n は:0.557837963104248
-------------------------------
サンプル 212-------
n の:0.7622749209403992
n は:0.7011913061141968
v いる:0.6945306062698364
n それ:0.6776982545852661
n て:0.6517823934555054
n い:0.6505333781242371
n から:0.6492778062820435
v いう:0.6441025733947754
n もの:0.6439743041992188
v ある:0.6385093927383423
-------------------------------
サンプル 213-------
n の:0.6801834106445312
v ある:0.6401416063308716
v いる:0.616652250289917
v いう:0.5967502593994141
n は:0.5949217677116394
n それ:0.5756900906562805
n もの:0.5672426223754883
n から:0.5574907660484314
v よう:0.5552433729171753
v する:0.5548644661903381
-------------------------------
サンプル 214-------
n の:0.6730219125747681
v いる:0.6455545425415039
a 黒い:0.6111742258071899
a 白い:0.6098629236221313
n 向こう側:0.6085800528526306
n い:0.6072737574577332
a 青い:0.605134904384613
n もの:0.5989521741867065
a 赤い:0.5946158766746521
n から:0.5943202972412109
n 向こう:0.5909285545349121
n ところ:0.5904866456985474
n は:0.5860022306442261
n そこ:0.5843679308891296
-------------------------------
サンプル 215-------
n の:0.7658510208129883
n は:0.6852056980133057
v いる:0.6841764450073242
n から:0.6546549797058105
n それ:0.6450160145759583
n て:0.6419313549995422
n い:0.6416964530944824
v よう:0.63791424036026
a 白い:0.6267402172088623
n もの:0.6243656873703003
-------------------------------
サンプル 216-------
-------------------------------
サンプル 217-------
n の:0.7337480783462524
v いる:0.724560022354126
n は:0.6940444111824036
n て:0.6772398948669434
n い:0.6756302118301392
n ところ:0.6503718495368958
n てる:0.647742509841919
n か:0.6451245546340942
n から:0.6409573554992676
-------------------------------
サンプル 218-------
n の:0.7493102550506592
v いる:0.688388466835022
n は:0.6802962422370911
n それ:0.6590274572372437
n い:0.6446611881256104
n て:0.6419811844825745
v 見える:0.6387487649917603
n から:0.6367290616035461
n もの:0.6296870112419128
-------------------------------
サンプル 219-------
n の:0.691513180732727
v いる:0.6149071455001831
n は:0.6125824451446533
n それ:0.6030025482177734
n そこ:0.5950586199760437
n て:0.5920575261116028
n から:0.5854045152664185
n い:0.5814119577407837
-------------------------------
サンプル 220-------
n の:0.7262083888053894
v いる:0.6922139525413513
v 見える:0.6691224575042725
n は:0.6648803949356079
n それ:0.6469203233718872
n い:0.641322135925293
a 丸い:0.6355316638946533
a 白い:0.6334835886955261
v みえる:0.6229332089424133
a 黒い:0.6217730641365051
-------------------------------
サンプル 221-------
n の:0.7466117143630981
n は:0.6777472496032715
v 見える:0.6707133054733276
v いる:0.6668215990066528
n それ:0.6414357423782349
n から:0.6383247375488281
a 白い:0.6324505805969238
a 青い:0.6245068311691284
-------------------------------
サンプル 222-------
n 黄緑:0.6564005613327026
n の:0.6549557447433472
a 白い:0.6547637581825256
a 黒い:0.6478610038757324
n 薄緑:0.6366388201713562
a 茶色い:0.6324448585510254
n 緑色:0.6296038031578064
n 茶色:0.6285638213157654
n 深緑:0.6211445331573486
a 丸い:0.6199042201042175
n 水色:0.61895352602005
v いる:0.6188598275184631
v 見える:0.6178116798400879
n は:0.6144365072250366
a 青い:0.6130355000495911
-------------------------------
サンプル 223-------
-------------------------------
サンプル 224-------
n の:0.7734509110450745
n は:0.7060155868530273
v いる:0.6815361380577087
n それ:0.6665914058685303
v よう:0.6606926918029785
n もの:0.6524984836578369
n から:0.6494767069816589
v ある:0.6458678245544434
n い:0.6437298059463501
n て:0.6385371685028076
-------------------------------
サンプル 225-------
n の:0.688255786895752
v よう:0.6402439475059509
n もの:0.6291682720184326
v 見える:0.6119269132614136
n は:0.6057354211807251
v ある:0.5967440009117126
n オブジェ:0.5931206941604614
a 白い:0.5877273678779602
a 丸い:0.5702744722366333
n から:0.5686616897583008
-------------------------------
サンプル 226-------
n の:0.6726176738739014
v いる:0.6658611297607422
v よう:0.6348626613616943
v 見える:0.6254605054855347
n そこ:0.6233465671539307
n て:0.622148871421814
n から:0.6219712495803833
n 向こう側:0.6178101897239685
n い:0.6176050305366516
a 白い:0.6166942119598389
n それ:0.6132786870002747
n 向こう:0.6117329597473145
n は:0.6100772619247437
a 青い:0.6043006181716919
-------------------------------
サンプル 227-------
n の:0.7540789246559143
v いる:0.7062117457389832
n は:0.6770402193069458
v 見える:0.6618274450302124
n い:0.6588121652603149
a 白い:0.6541604995727539
n て:0.6478307247161865
n から:0.647269606590271
a 青い:0.6470688581466675
a 黒い:0.6470107436180115
n それ:0.6367784142494202
-------------------------------
サンプル 228-------
-------------------------------
サンプル 229-------
a 赤い:0.2797844409942627
a 白い:0.27620670199394226
v 光る:0.27331647276878357
a 円い:0.2731386721134186
a 黒い:0.26876431703567505
n 庇:0.26129862666130066
v 輝く:0.2555178999900818
v すべる:0.2527513802051544
v 光り輝く:0.24712421000003815
-------------------------------
サンプル 230-------
n の:0.753862738609314
n は:0.6829475164413452
v いる:0.6809486150741577
n から:0.6522763967514038
n い:0.6440226435661316
n それ:0.6379013061523438
n て:0.6352066993713379
v 見える:0.6255633234977722
n ところ:0.6232866644859314
n もの:0.619741678237915
-------------------------------
サンプル 231-------
-------------------------------
サンプル 232-------
n の:0.6335148811340332
v いる:0.5921178460121155
n は:0.5893990397453308
n もの:0.5772373676300049
v する:0.5595169067382812
n か:0.5591815710067749
v ある:0.5565253496170044
n い:0.5528976917266846
n それ:0.5518991947174072
-------------------------------
サンプル 233-------
n の:0.7482423782348633
n は:0.6938650608062744
v いる:0.6931807994842529
n それ:0.667017936706543
n い:0.6550434827804565
n て:0.6528391242027283
v 見える:0.651056170463562
n から:0.649804949760437
-------------------------------
サンプル 234-------
-------------------------------
サンプル 235-------
n の:0.7472060322761536
n は:0.7153679132461548
n それ:0.6991638541221619
n もの:0.6827132701873779
v いる:0.678949236869812
n ところ:0.6782348155975342
n から:0.674940824508667
v いう:0.6697911620140076
n て:0.6643223762512207
n そこ:0.6574633121490479
-------------------------------
サンプル 236-------
n の:0.7638310194015503
v いる:0.715474009513855
n は:0.706195592880249
n それ:0.6810492277145386
n い:0.6702715158462524
n て:0.6662503480911255
n から:0.6583660840988159
n もの:0.6530964374542236
n ところ:0.6497926712036133
v いう:0.6467675566673279
-------------------------------
サンプル 237-------
n の:0.5361480116844177
n 近く:0.5154680013656616
v 歩く:0.5120329856872559
n 食べ物:0.5046142339706421
-------------------------------
サンプル 238-------
n の:0.7352465987205505
v いる:0.7101882100105286
n は:0.6749770641326904
n それ:0.6682153344154358
n て:0.6655333042144775
n い:0.6649911999702454
n から:0.6490481495857239
-------------------------------
サンプル 239-------
n の:0.7648149728775024
n は:0.6957234740257263
v いる:0.6855787038803101
n それ:0.6616562604904175
n から:0.6559062004089355
n い:0.6443976759910583
n て:0.6423352956771851
-------------------------------
サンプル 240-------
n の:0.7213885188102722
n は:0.6612743735313416
v いる:0.6534582376480103
v 見える:0.6493666172027588
n ところ:0.6456072330474854
n 向こう側:0.6453048586845398
n それ:0.6377386450767517
n から:0.6347191333770752
n そこ:0.6347006559371948
n 向こう:0.6286107897758484
n 手前:0.6274904012680054
n て:0.616417646408081
-------------------------------
サンプル 241-------
n の:0.6947145462036133
n は:0.6275655031204224
v いる:0.624055027961731
v 見上げる:0.5927338600158691
n い:0.5806483030319214
n から:0.5781768560409546
-------------------------------
サンプル 242-------
n の:0.7478154897689819
v いる:0.6794233918190002
n は:0.6765196323394775
n から:0.6431459188461304
n い:0.6412121057510376
n それ:0.6383234858512878
v 見える:0.6379824876785278
n て:0.6356326341629028
a 白い:0.6196328401565552
-------------------------------
サンプル 243-------
n の:0.6694177985191345
n は:0.6250117421150208
n 向こう側:0.6107372045516968
v いる:0.5988313555717468
n 水色:0.5972469449043274
a 青い:0.5890238881111145
n から:0.5871902704238892
n い:0.5869721174240112
n 真ん中:0.5835713148117065
n 黄緑:0.5816630721092224
n 向こう:0.5815469026565552
-------------------------------
サンプル 244-------
-------------------------------
サンプル 245-------
n の:0.7436918020248413
n は:0.6842862367630005
v 見える:0.6686509847640991
v いる:0.6605287194252014
n それ:0.6515055894851685
n から:0.6508002281188965
n もの:0.6435248851776123
n ところ:0.6360063552856445
a 丸い:0.6305164098739624
n て:0.6252400875091553
n い:0.6251306533813477
n 向こう側:0.6237878799438477
-------------------------------
サンプル 246-------
n の:0.579521656036377
n 向こう側:0.5708163976669312
n ところ:0.5570712089538574
n そこ:0.5543144345283508
n たくさん:0.5431820154190063
n は:0.5421342849731445
n 向こう:0.5416218638420105
n それ:0.5404232740402222
v よう:0.5391908288002014
n から:0.5279114246368408
n はず:0.5259780883789062
n みたい:0.5258758068084717
-------------------------------
サンプル 247-------
-------------------------------
サンプル 248-------
n の:0.7468754053115845
v いる:0.6916371583938599
n は:0.6891963481903076
n それ:0.672519326210022
v 見える:0.6547559499740601
n から:0.6473068594932556
n て:0.6448548436164856
n い:0.6398160457611084
v よう:0.6371908187866211
v いう:0.6347804069519043
n もの:0.6316694021224976
-------------------------------
サンプル 249-------
-------------------------------
サンプル 250-------
-------------------------------
サンプル 251-------
n の:0.7383017539978027
v いる:0.6798795461654663
n は:0.6625386476516724
n い:0.6431182026863098
n それ:0.6373635530471802
n て:0.637050986289978
n から:0.6341836452484131
v ある:0.6180170774459839
-------------------------------
サンプル 252-------
v いる:0.685676097869873
n てる:0.6462273597717285
n い:0.6347206830978394
v 見える:0.6345269083976746
v 映る:0.6269271373748779
v 写る:0.6170867681503296
n の:0.6042232513427734
n て:0.6007150411605835
n 綺麗:0.5999685525894165
n 景色:0.5906068086624146
v みえる:0.5881831049919128
v 見上げる:0.584023118019104
n 見:0.5768835544586182
-------------------------------
サンプル 253-------
v 見える:0.6933596134185791
v いる:0.638552188873291
v 写る:0.6378531455993652
n の:0.6301150321960449
v 映る:0.6263841390609741
n 見え:0.618687093257904
n 向こう側:0.6147567629814148
v みえる:0.607431173324585
v 見上げる:0.6012486219406128
n 右端:0.5887442827224731
n 遠景:0.5886601209640503
-------------------------------
サンプル 254-------
n の:0.7433193922042847
n は:0.6816539764404297
v いる:0.6608095169067383
n それ:0.652522623538971
v 見える:0.6482444405555725
a 白い:0.6463796496391296
n から:0.6406784653663635
a 黒い:0.6324361562728882
a 丸い:0.6317622661590576
-------------------------------
サンプル 255-------
n 綺麗:0.3712160587310791
n キレイ:0.3545936048030853
n きれい:0.3421100974082947
a 美しい:0.34204867482185364
a 優しい:0.32538264989852905
-------------------------------
サンプル 256-------
n の:0.7084697484970093
n は:0.6365455985069275
a 白い:0.6308969855308533
a 青い:0.6173697113990784
a 丸い:0.6108632683753967
a 赤い:0.5997772216796875
a 黒い:0.5987318754196167
a 黄色い:0.5936331152915955
v ある:0.5907124280929565
n から:0.5896461009979248
-------------------------------
サンプル 257-------
n の:0.7603675127029419
n は:0.6860111951828003
n それ:0.6611841320991516
v いる:0.6557213068008423
n もの:0.6456314325332642
n から:0.643883466720581
v よう:0.6353573799133301
v 見える:0.6332502961158752
n 確か:0.630180299282074
a 白い:0.6299480199813843
n て:0.6257020235061646
n い:0.62503981590271
-------------------------------
サンプル 258-------
n 色:0.3473218083381653
n 色合い:0.3385600447654724
n 地色:0.3360084295272827
n 光沢:0.33327704668045044
n 濃淡:0.3323134183883667
n 黄緑:0.3305237889289856
n 色調:0.32973042130470276
-------------------------------
サンプル 259-------
n 推察:0.20537662506103516
n 化工:0.19541096687316895
-------------------------------
サンプル 260-------
n の:0.7621380090713501
n は:0.6997761726379395
v いる:0.6906166076660156
n それ:0.6905350685119629
n もの:0.6798674464225769
v よう:0.6790676116943359
n から:0.6634730696678162
n て:0.6598802804946899
n い:0.655347466468811
-------------------------------
サンプル 261-------
v よう:0.5420465469360352
v 写る:0.5418652296066284
v 見える:0.5238514542579651
v 撮る:0.5191991925239563
n 見え:0.5160167813301086
n 光景:0.5091909170150757
v 見つめる:0.5065299272537231
v 見上げる:0.5050783753395081
n 様子:0.5043165683746338
v 映る:0.5005548000335693
n 姿:0.5004401803016663
v 撮れる:0.4998219907283783
v 写す:0.4982611835002899
-------------------------------
サンプル 262-------
n もの:0.5229315757751465
n の:0.5083450078964233
v よう:0.47531402111053467
n か:0.47406381368637085
v ある:0.47204118967056274
v いる:0.46666067838668823
n は:0.46426427364349365
n 人間:0.45882534980773926
n 老婆:0.4582294225692749
-------------------------------
サンプル 263-------
n の:0.7563718557357788
v いる:0.6862233877182007
n は:0.6851887702941895
n それ:0.6678652763366699
n から:0.6557421684265137
v ある:0.6470940113067627
n い:0.6417180299758911
n て:0.637157142162323
-------------------------------
サンプル 264-------
-------------------------------
サンプル 265-------
-------------------------------
サンプル 266-------
n の:0.7530849575996399
n は:0.6903153657913208
v いる:0.6743823289871216
n それ:0.6495057344436646
n から:0.6468576192855835
n い:0.6422706842422485
n て:0.6325755715370178
-------------------------------
サンプル 267-------
-------------------------------
サンプル 268-------
a 白い:0.6623319983482361
v 見える:0.6338374614715576
n の:0.6249992847442627
a 丸い:0.6122034788131714
a 黒い:0.5954426527023315
a 茶色い:0.5889599323272705
v 通り過ぎる:0.5845992565155029
v 見上げる:0.581224799156189
a 青い:0.5786615610122681
v みえる:0.5786373615264893
v すべる:0.5780432820320129
a 赤い:0.5742322206497192
-------------------------------
サンプル 269-------
n の:0.7322918176651001
v いる:0.6787711381912231
v 見える:0.6606335639953613
n は:0.6591707468032837
n い:0.6420755982398987
n それ:0.6385483145713806
a 白い:0.6359021067619324
n から:0.6351814866065979
v よう:0.6320868134498596
n て:0.6272695064544678
a 丸い:0.6216436624526978
-------------------------------
サンプル 270-------
n の:0.7564113736152649
n は:0.691813588142395
v いる:0.6877914667129517
n それ:0.6708073616027832
n から:0.652524471282959
n もの:0.6523332595825195
n て:0.6488320827484131
n い:0.6477203965187073
v 見える:0.6397310495376587
-------------------------------
サンプル 271-------
n の:0.604996919631958
n もの:0.5875484943389893
n それ:0.5722010731697083
v よう:0.5709947347640991
n は:0.557837963104248
-------------------------------
サンプル 272-------
n の:0.7622749209403992
n は:0.7011913061141968
v いる:0.6945306062698364
n それ:0.6776982545852661
n て:0.6517823934555054
n い:0.6505333781242371
n から:0.6492778062820435
v いう:0.6441025733947754
n もの:0.6439743041992188
v ある:0.6385093927383423
-------------------------------
サンプル 273-------
n の:0.6801834106445312
v ある:0.6401416063308716
v いる:0.616652250289917
v いう:0.5967502593994141
n は:0.5949217677116394
n それ:0.5756900906562805
n もの:0.5672426223754883
n から:0.5574907660484314
v よう:0.5552433729171753
v する:0.5548644661903381
-------------------------------
サンプル 274-------
n の:0.6730219125747681
v いる:0.6455545425415039
a 黒い:0.6111742258071899
a 白い:0.6098629236221313
n 向こう側:0.6085800528526306
n い:0.6072737574577332
a 青い:0.605134904384613
n もの:0.5989521741867065
a 赤い:0.5946158766746521
n から:0.5943202972412109
n 向こう:0.5909285545349121
n ところ:0.5904866456985474
n は:0.5860022306442261
n そこ:0.5843679308891296
-------------------------------
サンプル 275-------
n の:0.7658510208129883
n は:0.6852056980133057
v いる:0.6841764450073242
n から:0.6546549797058105
n それ:0.6450160145759583
n て:0.6419313549995422
n い:0.6416964530944824
v よう:0.63791424036026
a 白い:0.6267402172088623
n もの:0.6243656873703003
-------------------------------
サンプル 276-------
-------------------------------
サンプル 277-------
n の:0.7337480783462524
v いる:0.724560022354126
n は:0.6940444111824036
n て:0.6772398948669434
n い:0.6756302118301392
n ところ:0.6503718495368958
n てる:0.647742509841919
n か:0.6451245546340942
n から:0.6409573554992676
-------------------------------
サンプル 278-------
n の:0.7493102550506592
v いる:0.688388466835022
n は:0.6802962422370911
n それ:0.6590274572372437
n い:0.6446611881256104
n て:0.6419811844825745
v 見える:0.6387487649917603
n から:0.6367290616035461
n もの:0.6296870112419128
-------------------------------
サンプル 279-------
n の:0.691513180732727
v いる:0.6149071455001831
n は:0.6125824451446533
n それ:0.6030025482177734
n そこ:0.5950586199760437
n て:0.5920575261116028
n から:0.5854045152664185
n い:0.5814119577407837
-------------------------------
サンプル 280-------
n の:0.7262083888053894
v いる:0.6922139525413513
v 見える:0.6691224575042725
n は:0.6648803949356079
n それ:0.6469203233718872
n い:0.641322135925293
a 丸い:0.6355316638946533
a 白い:0.6334835886955261
v みえる:0.6229332089424133
a 黒い:0.6217730641365051
-------------------------------
サンプル 281-------
n の:0.7466117143630981
n は:0.6777472496032715
v 見える:0.6707133054733276
v いる:0.6668215990066528
n それ:0.6414357423782349
n から:0.6383247375488281
a 白い:0.6324505805969238
a 青い:0.6245068311691284
-------------------------------
サンプル 282-------
n 黄緑:0.6564005613327026
n の:0.6549557447433472
a 白い:0.6547637581825256
a 黒い:0.6478610038757324
n 薄緑:0.6366388201713562
a 茶色い:0.6324448585510254
n 緑色:0.6296038031578064
n 茶色:0.6285638213157654
n 深緑:0.6211445331573486
a 丸い:0.6199042201042175
n 水色:0.61895352602005
v いる:0.6188598275184631
v 見える:0.6178116798400879
n は:0.6144365072250366
a 青い:0.6130355000495911
-------------------------------
サンプル 283-------
-------------------------------
サンプル 284-------
n の:0.7734509110450745
n は:0.7060155868530273
v いる:0.6815361380577087
n それ:0.6665914058685303
v よう:0.6606926918029785
n もの:0.6524984836578369
n から:0.6494767069816589
v ある:0.6458678245544434
n い:0.6437298059463501
n て:0.6385371685028076
-------------------------------
サンプル 285-------
n の:0.688255786895752
v よう:0.6402439475059509
n もの:0.6291682720184326
v 見える:0.6119269132614136
n は:0.6057354211807251
v ある:0.5967440009117126
n オブジェ:0.5931206941604614
a 白い:0.5877273678779602
a 丸い:0.5702744722366333
n から:0.5686616897583008
-------------------------------
サンプル 286-------
n の:0.6726176738739014
v いる:0.6658611297607422
v よう:0.6348626613616943
v 見える:0.6254605054855347
n そこ:0.6233465671539307
n て:0.622148871421814
n から:0.6219712495803833
n 向こう側:0.6178101897239685
n い:0.6176050305366516
a 白い:0.6166942119598389
n それ:0.6132786870002747
n 向こう:0.6117329597473145
n は:0.6100772619247437
a 青い:0.6043006181716919
-------------------------------
サンプル 287-------
n の:0.7540789246559143
v いる:0.7062117457389832
n は:0.6770402193069458
v 見える:0.6618274450302124
n い:0.6588121652603149
a 白い:0.6541604995727539
n て:0.6478307247161865
n から:0.647269606590271
a 青い:0.6470688581466675
a 黒い:0.6470107436180115
n それ:0.6367784142494202
-------------------------------
サンプル 288-------
-------------------------------
サンプル 289-------
a 赤い:0.2797844409942627
a 白い:0.27620670199394226
v 光る:0.27331647276878357
a 円い:0.2731386721134186
a 黒い:0.26876431703567505
n 庇:0.26129862666130066
v 輝く:0.2555178999900818
v すべる:0.2527513802051544
v 光り輝く:0.24712421000003815
-------------------------------
サンプル 290-------
n の:0.753862738609314
n は:0.6829475164413452
v いる:0.6809486150741577
n から:0.6522763967514038
n い:0.6440226435661316
n それ:0.6379013061523438
n て:0.6352066993713379
v 見える:0.6255633234977722
n ところ:0.6232866644859314
n もの:0.619741678237915
-------------------------------
サンプル 291-------
-------------------------------
サンプル 292-------
n の:0.6335148811340332
v いる:0.5921178460121155
n は:0.5893990397453308
n もの:0.5772373676300049
v する:0.5595169067382812
n か:0.5591815710067749
v ある:0.5565253496170044
n い:0.5528976917266846
n それ:0.5518991947174072
-------------------------------
サンプル 293-------
n の:0.7482423782348633
n は:0.6938650608062744
v いる:0.6931807994842529
n それ:0.667017936706543
n い:0.6550434827804565
n て:0.6528391242027283
v 見える:0.651056170463562
n から:0.649804949760437
-------------------------------
サンプル 294-------
-------------------------------
サンプル 295-------
n の:0.7472060322761536
n は:0.7153679132461548
n それ:0.6991638541221619
n もの:0.6827132701873779
v いる:0.678949236869812
n ところ:0.6782348155975342
n から:0.674940824508667
v いう:0.6697911620140076
n て:0.6643223762512207
n そこ:0.6574633121490479
-------------------------------
サンプル 296-------
n の:0.7638310194015503
v いる:0.715474009513855
n は:0.706195592880249
n それ:0.6810492277145386
n い:0.6702715158462524
n て:0.6662503480911255
n から:0.6583660840988159
n もの:0.6530964374542236
n ところ:0.6497926712036133
v いう:0.6467675566673279
-------------------------------
サンプル 297-------
n の:0.5361480116844177
n 近く:0.5154680013656616
v 歩く:0.5120329856872559
n 食べ物:0.5046142339706421
-------------------------------
サンプル 298-------
n の:0.7352465987205505
v いる:0.7101882100105286
n は:0.6749770641326904
n それ:0.6682153344154358
n て:0.6655333042144775
n い:0.6649911999702454
n から:0.6490481495857239
-------------------------------
サンプル 299-------
n の:0.7648149728775024
n は:0.6957234740257263
v いる:0.6855787038803101
n それ:0.6616562604904175
n から:0.6559062004089355
n い:0.6443976759910583
n て:0.6423352956771851
-------------------------------
