サンプル 0-------
n の:0.7736244797706604
n は:0.7114871740341187
v いる:0.696972668170929
n それ:0.6823016405105591
n から:0.6569998264312744
v よう:0.6535506248474121
n い:0.6523082256317139
n て:0.6520261168479919
v 見える:0.6503707766532898
n もの:0.6444262266159058
v ある:0.6426274180412292
-------------------------------
サンプル 1-------
n の:0.715330958366394
v いる:0.6452921628952026
n は:0.6344268918037415
v ある:0.6042428612709045
v 向う:0.6024463176727295
v 見上げる:0.6011254787445068
n い:0.5996715426445007
n から:0.5959729552268982
-------------------------------
サンプル 2-------
n の:0.7412657737731934
v いる:0.6749396324157715
n は:0.6687648296356201
v 見える:0.637283205986023
n から:0.6347553133964539
n い:0.6337625980377197
n それ:0.6304491758346558
n て:0.6294056177139282
-------------------------------
サンプル 3-------
n の:0.49643686413764954
v 映る:0.49254053831100464
v のぞく:0.49160251021385193
v 覗く:0.4847297966480255
v 明ける:0.4838736057281494
v 出迎える:0.48280006647109985
v 通りかかる:0.47622495889663696
v 着替える:0.4712449908256531
-------------------------------
サンプル 4-------
n の:0.7555533647537231
v いる:0.700756311416626
n は:0.6862358450889587
n それ:0.6726173162460327
n い:0.6537666916847229
v 見える:0.6534810066223145
n て:0.6470898389816284
n もの:0.6420449614524841
n から:0.6379731893539429
v ある:0.6376608610153198
n 確か:0.6334487199783325
-------------------------------
サンプル 5-------
v いる:0.6240640878677368
n の:0.61978679895401
n それ:0.5843343734741211
n てる:0.5716710090637207
n は:0.5658528208732605
v ある:0.5646411776542664
n 確か:0.5629283785820007
v なる:0.5627254247665405
v する:0.5621882677078247
v 言える:0.5525951385498047
v 言う:0.5522506237030029
v いう:0.549982488155365
n い:0.5367902517318726
-------------------------------
サンプル 6-------
n の:0.7536031603813171
v いる:0.687117338180542
n は:0.6821600794792175
n から:0.6532633304595947
n い:0.6435210108757019
n それ:0.6382170915603638
v 見える:0.6338553428649902
n て:0.6325401067733765
n 向こう:0.6183361411094666
-------------------------------
サンプル 7-------
n の:0.6696523427963257
a 青い:0.6436014175415039
a 白い:0.6331313848495483
a 黒い:0.6258407831192017
n 水色:0.6231327056884766
n それ:0.6211719512939453
a 赤い:0.6205765008926392
n は:0.6166871190071106
n 緑色:0.6142592430114746
n 深緑:0.6131389737129211
n 黄緑:0.6092862486839294
n 薄緑:0.6089429259300232
-------------------------------
サンプル 8-------
n の:0.753570556640625
n は:0.6974962949752808
v いる:0.6908602118492126
n それ:0.6758087873458862
n から:0.6471372842788696
n い:0.6429147720336914
n て:0.6412007808685303
v よう:0.6410596370697021
v 見える:0.6391702890396118
v いう:0.6374232172966003
n もの:0.635238528251648
-------------------------------
サンプル 9-------
-------------------------------
サンプル 10-------
n の:0.7405717968940735
v いる:0.6970869302749634
n は:0.6692727208137512
n い:0.6524073481559753
n て:0.6458662748336792
n それ:0.6365358233451843
a 青い:0.6357144713401794
n から:0.6337241530418396
a 白い:0.6333098411560059
-------------------------------
サンプル 11-------
n の:0.7399684190750122
v いる:0.6829490065574646
n は:0.6775321364402771
n それ:0.6563526391983032
n て:0.6524717807769775
n い:0.6496858596801758
n てる:0.6460092663764954
n から:0.6444435119628906
-------------------------------
サンプル 12-------
n の:0.7607271671295166
n は:0.7014365196228027
v いる:0.6792215704917908
n それ:0.6698262691497803
n から:0.6467658281326294
n い:0.6382191181182861
n て:0.6349303722381592
n もの:0.6331074237823486
n 確か:0.6323685646057129
-------------------------------
サンプル 13-------
n の:0.7599073648452759
v いる:0.6927664279937744
n は:0.6917626261711121
n それ:0.6534613370895386
n から:0.6526234149932861
n い:0.6483418345451355
n て:0.6472722291946411
v よう:0.6425104141235352
n もの:0.6324471235275269
-------------------------------
サンプル 14-------
n の:0.7563344240188599
n は:0.6966109275817871
v いる:0.6774181127548218
n それ:0.663057804107666
n から:0.6531063318252563
n て:0.6490238904953003
v 見える:0.640487790107727
n い:0.6404869556427002
a 白い:0.638188362121582
-------------------------------
サンプル 15-------
n の:0.5331494808197021
n は:0.4999888241291046
v 映る:0.4986575245857239
v いる:0.49208757281303406
n 部分:0.48945721983909607
n 背景:0.48931556940078735
v 読み取れる:0.4892529249191284
v 写る:0.4853113889694214
v 映す:0.4788954555988312
v 見える:0.4773322641849518
v ある:0.47185179591178894
n 遠景:0.46766018867492676
n いま:0.4674065113067627
-------------------------------
サンプル 16-------
n の:0.7668360471725464
n は:0.7032551765441895
v いる:0.6938181519508362
n それ:0.6759816408157349
n から:0.6615885496139526
v 見える:0.6514793634414673
n い:0.651088535785675
n て:0.6507123708724976
n もの:0.6468237638473511
-------------------------------
サンプル 17-------
n の:0.7545881867408752
n は:0.6991291642189026
v いる:0.6786229014396667
n それ:0.6740618944168091
n い:0.6434543132781982
n て:0.6422443389892578
v ある:0.6414074897766113
n から:0.6391260027885437
n 確か:0.6383389234542847
-------------------------------
サンプル 18-------
n の:0.7491104602813721
n は:0.6751897931098938
v いる:0.6644977927207947
v 見える:0.6553341746330261
n から:0.6467967629432678
a 白い:0.6437546014785767
n それ:0.6418570876121521
a 青い:0.6311225295066833
a 黒い:0.630767822265625
n い:0.6278243064880371
n て:0.6268154978752136
a 丸い:0.6205046772956848
-------------------------------
サンプル 19-------
-------------------------------
サンプル 20-------
n の:0.752605140209198
n は:0.6964961290359497
n それ:0.6827336549758911
v いる:0.6736057996749878
v 見える:0.6567556858062744
n もの:0.6543245315551758
v よう:0.653725266456604
n から:0.6468276381492615
n て:0.6443013548851013
n 確か:0.6423903703689575
-------------------------------
サンプル 21-------
n の:0.7650693655014038
n は:0.6823056936264038
v 見える:0.6564719080924988
v いる:0.6538947820663452
v よう:0.6514065265655518
n から:0.6431705951690674
n それ:0.6373171806335449
n 確か:0.6348207592964172
-------------------------------
サンプル 22-------
n の:0.7631781101226807
n は:0.6948683261871338
v いる:0.6755669116973877
n それ:0.6582775115966797
n から:0.6535373330116272
n い:0.6372470259666443
a 黒い:0.6370055675506592
v 見える:0.6367853283882141
a 白い:0.6361446976661682
n て:0.6331901550292969
-------------------------------
サンプル 23-------
n 左側:0.38049209117889404
n 右側:0.3773406445980072
n 前方:0.3515606224536896
n 手前:0.34292325377464294
n 車止め:0.3357919156551361
n 男性:0.3336857259273529
n 左:0.330926775932312
n 向かい側:0.32759883999824524
n 下り線:0.3270321488380432
n 上り線:0.3258659243583679
-------------------------------
サンプル 24-------
n の:0.7542140483856201
n は:0.6973400115966797
v いる:0.6758452653884888
n それ:0.6719422936439514
n から:0.6530721187591553
n い:0.6405802965164185
n て:0.6387097835540771
n もの:0.6379315257072449
v 見える:0.6354587078094482
v いう:0.6350027322769165
-------------------------------
サンプル 25-------
n 横:0.5573910474777222
n 真横:0.5465284585952759
n 背後:0.5464254021644592
n そこ:0.539752185344696
n それ:0.5378137826919556
n の:0.5366722941398621
v する:0.526901364326477
v 突き出す:0.5254824161529541
n 前:0.524102509021759
n 正面:0.5224460363388062
v 遠ざかる:0.5157890319824219
v ある:0.51418137550354
v 突き出る:0.5138906836509705
v 横切る:0.5130202770233154
-------------------------------
サンプル 26-------
n の:0.7374995946884155
v いる:0.686898946762085
n は:0.6764164566993713
n い:0.6516581177711487
n それ:0.6467635631561279
n て:0.6415146589279175
n から:0.6342172622680664
-------------------------------
サンプル 27-------
v 思う:0.34455618262290955
n 後者:0.33427169919013977
n メタファー:0.3265579342842102
n リアリズム:0.32295292615890503
v 論じる:0.32149529457092285
n 客観:0.32090047001838684
n 深度:0.3199656903743744
n 理屈:0.31842589378356934
v 言える:0.31718239188194275
-------------------------------
サンプル 28-------
n の:0.762404203414917
n は:0.6991002559661865
v いる:0.6833434104919434
n それ:0.6756960153579712
v ある:0.6588512063026428
n から:0.6573783159255981
n もの:0.6441788673400879
v 見える:0.6425971984863281
n て:0.6402736902236938
n い:0.6397609114646912
n ところ:0.6386473774909973
-------------------------------
サンプル 29-------
n の:0.724335789680481
v 見える:0.6488719582557678
n は:0.6380915641784668
v いる:0.6337960362434387
n それ:0.6190999746322632
n 確か:0.6133860349655151
v みえる:0.612820029258728
n から:0.6087467670440674
v ある:0.6077096462249756
a 丸い:0.6027019023895264
-------------------------------
サンプル 30-------
n の:0.7547698616981506
n は:0.6885629892349243
v いる:0.6810643076896667
n それ:0.6554892063140869
v 見える:0.6476445198059082
n から:0.6408970355987549
n い:0.6381362676620483
n て:0.6344799399375916
v ある:0.6340270042419434
a 白い:0.6256481409072876
-------------------------------
サンプル 31-------
n の:0.7027578353881836
n は:0.6456851959228516
n それ:0.6350427865982056
v 見える:0.6262674927711487
n もの:0.6193874478340149
n 感じ:0.6102819442749023
-------------------------------
サンプル 32-------
n の:0.7521055936813354
n は:0.6951262354850769
v いる:0.68616783618927
n それ:0.6738255023956299
n て:0.6484701633453369
n い:0.6470803022384644
n から:0.6410572528839111
v いう:0.6349465847015381
v よう:0.6341454982757568
-------------------------------
サンプル 33-------
n の:0.691893458366394
v いる:0.6694024801254272
n い:0.6222147345542908
n は:0.6182278394699097
n それ:0.6151517629623413
v よう:0.6108076572418213
v 見える:0.5995421409606934
n て:0.5994933843612671
v ある:0.5988073348999023
n 真横:0.5972659587860107
v 横切る:0.5925458669662476
n から:0.5894789695739746
-------------------------------
サンプル 34-------
n の:0.7606755495071411
n は:0.6920448541641235
v いる:0.6675546169281006
n から:0.6531070470809937
n それ:0.6429845690727234
v 見える:0.6370069980621338
n て:0.6350457668304443
n い:0.6343883275985718
-------------------------------
サンプル 35-------
-------------------------------
サンプル 36-------
n の:0.7718226909637451
n は:0.7044865489006042
v いる:0.6728017926216125
n それ:0.667953610420227
n から:0.6563340425491333
n もの:0.6451425552368164
n て:0.6413974165916443
n い:0.6411753296852112
v よう:0.6390135884284973
n ところ:0.6369643211364746
-------------------------------
サンプル 37-------
n の:0.6947377920150757
n は:0.660498857498169
v よう:0.6431907415390015
v いる:0.6336473226547241
n て:0.6142740249633789
n それ:0.6120277047157288
n から:0.6040585041046143
n もの:0.6036979556083679
n い:0.6019606590270996
n か:0.5983912944793701
-------------------------------
サンプル 38-------
n の:0.750037431716919
v いる:0.6855126619338989
n は:0.673760175704956
n い:0.6428995132446289
n それ:0.6366079449653625
n から:0.6347823739051819
n て:0.6330962181091309
v 見える:0.6318669319152832
-------------------------------
サンプル 39-------
v いる:0.6624373197555542
n の:0.6303847432136536
n い:0.6293654441833496
v する:0.6131578683853149
n たち:0.6044175624847412
n て:0.6022058725357056
n 達:0.5950253009796143
n それ:0.5656840801239014
-------------------------------
サンプル 40-------
n の:0.7623721957206726
n は:0.6984741687774658
n それ:0.6729567050933838
v よう:0.6721762418746948
v いる:0.6698530912399292
n から:0.6611618399620056
n もの:0.6607009172439575
n て:0.650886058807373
n ところ:0.6427394151687622
v 見える:0.6380778551101685
-------------------------------
サンプル 41-------
n の:0.722173810005188
v よう:0.664104700088501
n は:0.6544513702392578
n もの:0.6336159706115723
v いる:0.6325437426567078
n それ:0.6300475597381592
n から:0.6255843043327332
v 見える:0.6207808256149292
-------------------------------
サンプル 42-------
n の:0.7650269269943237
n は:0.6938707828521729
v いる:0.6837241649627686
n から:0.6634281873703003
n それ:0.649837851524353
n い:0.6479952335357666
v 見える:0.6441013216972351
n て:0.6417182087898254
-------------------------------
サンプル 43-------
n の:0.7672609090805054
n は:0.7026627063751221
v 見える:0.6627849340438843
n から:0.6611558794975281
v いる:0.6564338207244873
n それ:0.6402577757835388
v みえる:0.626473605632782
v ある:0.6255425810813904
n い:0.6210778951644897
n て:0.6203715801239014
n 確か:0.6146135926246643
-------------------------------
サンプル 44-------
n の:0.7459351420402527
n は:0.6875911951065063
v いる:0.6713109016418457
n それ:0.6687164306640625
n もの:0.6576671600341797
v よう:0.6551793813705444
n から:0.6372172832489014
v ある:0.6368237733840942
n て:0.6346045732498169
v 見える:0.6341391801834106
v いう:0.633140504360199
n い:0.6302018165588379
-------------------------------
サンプル 45-------
v 感じる:0.3209852874279022
v ある:0.31910941004753113
v 配する:0.2989409565925598
n 流転:0.29537278413772583
n 透視:0.29512128233909607
v 復す:0.29321998357772827
-------------------------------
サンプル 46-------
n の:0.767803430557251
v いる:0.7085610628128052
n は:0.6940031051635742
n い:0.665358304977417
n から:0.653213620185852
n それ:0.6526398658752441
n て:0.6444940567016602
n ところ:0.6255640983581543
n もの:0.6243882775306702
-------------------------------
サンプル 47-------
-------------------------------
サンプル 48-------
n の:0.7585116624832153
v いる:0.6959725022315979
n は:0.6916425228118896
n それ:0.6730069518089294
n もの:0.6592459678649902
n い:0.6557520627975464
n から:0.6510789394378662
n て:0.6503283977508545
v ある:0.640317440032959
v よう:0.640258252620697
v 見える:0.6379250288009644
-------------------------------
サンプル 49-------
n 山側:0.43320804834365845
n 西側:0.43059292435646057
n 南側:0.4305885434150696
n 斜面:0.4175311028957367
n 岸壁:0.4174780547618866
n 東側:0.41567733883857727
a 小高い:0.41212427616119385
n 乗場:0.40648263692855835
n 歩道:0.4003775119781494
n スロープ:0.3989805281162262
n 乗り場:0.3925982415676117
n 裏手:0.3922228515148163
-------------------------------
サンプル 50-------
n の:0.7601592540740967
n は:0.6904231309890747
v いる:0.6588040590286255
n から:0.658522367477417
n それ:0.649983286857605
n て:0.637912392616272
n い:0.6336894035339355
n もの:0.6293507218360901
a 白い:0.6270052790641785
-------------------------------
サンプル 51-------
a 青い:0.5952880382537842
a 丸い:0.5876518487930298
a 白い:0.5832718014717102
n 薄緑:0.568202018737793
n 木々:0.5543611645698547
n 銀色:0.553810715675354
n 緑色:0.5513681173324585
v 生い茂る:0.5416226983070374
-------------------------------
サンプル 52-------
n の:0.7757473587989807
n は:0.708582878112793
v いる:0.6811896562576294
n それ:0.6803073883056641
n から:0.6699627637863159
n もの:0.6544222831726074
n て:0.649090051651001
v よう:0.6468710899353027
n い:0.6452360153198242
v いう:0.6438751220703125
-------------------------------
サンプル 53-------
a 青い:0.5058242082595825
a 赤い:0.4875316321849823
a 黄色い:0.4840308725833893
a 黒い:0.4726318418979645
a 白い:0.4646104574203491
a 茶色い:0.4396994113922119
a でっかい:0.438660204410553
n 稲妻:0.4259113073348999
-------------------------------
サンプル 54-------
n の:0.7486621737480164
v いる:0.6980228424072266
n は:0.6795899868011475
n い:0.65526282787323
n から:0.6550475358963013
n て:0.6441987752914429
n それ:0.6410626173019409
v 見える:0.6395896673202515
-------------------------------
サンプル 55-------
n の:0.7481578588485718
n は:0.7119605541229248
n それ:0.697650134563446
n もの:0.6975193619728088
n から:0.6763285398483276
v いる:0.6744653582572937
n て:0.6685843467712402
n ところ:0.6552572846412659
v よう:0.6477737426757812
n い:0.6461377739906311
-------------------------------
サンプル 56-------
n の:0.756736159324646
v いる:0.695289134979248
n は:0.6929928064346313
n それ:0.6681424975395203
n て:0.6562095880508423
n い:0.6555100679397583
n もの:0.6504281759262085
n から:0.6500164270401001
v よう:0.6472322940826416
n ところ:0.6397339105606079
-------------------------------
サンプル 57-------
v いる:0.6148303151130676
n い:0.6147973537445068
n て:0.6033926010131836
n の:0.6024898290634155
n もの:0.6010990142822266
n カラフル:0.5890514850616455
n 緑色:0.5825451612472534
a 青い:0.5791884064674377
a 丸い:0.5745112299919128
-------------------------------
サンプル 58-------
n の:0.7504148483276367
n は:0.6917452216148376
v いる:0.6743741035461426
n それ:0.6665480136871338
n から:0.6549155712127686
n て:0.6462169289588928
n い:0.6397519111633301
v 見える:0.6356635689735413
-------------------------------
サンプル 59-------
-------------------------------
サンプル 60-------
n の:0.7736244797706604
n は:0.7114871740341187
v いる:0.696972668170929
n それ:0.6823016405105591
n から:0.6569998264312744
v よう:0.6535506248474121
n い:0.6523082256317139
n て:0.6520261168479919
v 見える:0.6503707766532898
n もの:0.6444262266159058
v ある:0.6426274180412292
-------------------------------
サンプル 61-------
n の:0.715330958366394
v いる:0.6452921628952026
n は:0.6344268918037415
v ある:0.6042428612709045
v 向う:0.6024463176727295
v 見上げる:0.6011254787445068
n い:0.5996715426445007
n から:0.5959729552268982
-------------------------------
サンプル 62-------
n の:0.7412657737731934
v いる:0.6749396324157715
n は:0.6687648296356201
v 見える:0.637283205986023
n から:0.6347553133964539
n い:0.6337625980377197
n それ:0.6304491758346558
n て:0.6294056177139282
-------------------------------
サンプル 63-------
n の:0.49643686413764954
v 映る:0.49254053831100464
v のぞく:0.49160251021385193
v 覗く:0.4847297966480255
v 明ける:0.4838736057281494
v 出迎える:0.48280006647109985
v 通りかかる:0.47622495889663696
v 着替える:0.4712449908256531
-------------------------------
サンプル 64-------
n の:0.7555533647537231
v いる:0.700756311416626
n は:0.6862358450889587
n それ:0.6726173162460327
n い:0.6537666916847229
v 見える:0.6534810066223145
n て:0.6470898389816284
n もの:0.6420449614524841
n から:0.6379731893539429
v ある:0.6376608610153198
n 確か:0.6334487199783325
-------------------------------
サンプル 65-------
v いる:0.6240640878677368
n の:0.61978679895401
n それ:0.5843343734741211
n てる:0.5716710090637207
n は:0.5658528208732605
v ある:0.5646411776542664
n 確か:0.5629283785820007
v なる:0.5627254247665405
v する:0.5621882677078247
v 言える:0.5525951385498047
v 言う:0.5522506237030029
v いう:0.549982488155365
n い:0.5367902517318726
-------------------------------
サンプル 66-------
n の:0.7536031603813171
v いる:0.687117338180542
n は:0.6821600794792175
n から:0.6532633304595947
n い:0.6435210108757019
n それ:0.6382170915603638
v 見える:0.6338553428649902
n て:0.6325401067733765
n 向こう:0.6183361411094666
-------------------------------
サンプル 67-------
n の:0.6696523427963257
a 青い:0.6436014175415039
a 白い:0.6331313848495483
a 黒い:0.6258407831192017
n 水色:0.6231327056884766
n それ:0.6211719512939453
a 赤い:0.6205765008926392
n は:0.6166871190071106
n 緑色:0.6142592430114746
n 深緑:0.6131389737129211
n 黄緑:0.6092862486839294
n 薄緑:0.6089429259300232
-------------------------------
サンプル 68-------
n の:0.753570556640625
n は:0.6974962949752808
v いる:0.6908602118492126
n それ:0.6758087873458862
n から:0.6471372842788696
n い:0.6429147720336914
n て:0.6412007808685303
v よう:0.6410596370697021
v 見える:0.6391702890396118
v いう:0.6374232172966003
n もの:0.635238528251648
-------------------------------
サンプル 69-------
-------------------------------
サンプル 70-------
n の:0.7405717968940735
v いる:0.6970869302749634
n は:0.6692727208137512
n い:0.6524073481559753
n て:0.6458662748336792
n それ:0.6365358233451843
a 青い:0.6357144713401794
n から:0.6337241530418396
a 白い:0.6333098411560059
-------------------------------
サンプル 71-------
n の:0.7399684190750122
v いる:0.6829490065574646
n は:0.6775321364402771
n それ:0.6563526391983032
n て:0.6524717807769775
n い:0.6496858596801758
n てる:0.6460092663764954
n から:0.6444435119628906
-------------------------------
サンプル 72-------
n の:0.7607271671295166
n は:0.7014365196228027
v いる:0.6792215704917908
n それ:0.6698262691497803
n から:0.6467658281326294
n い:0.6382191181182861
n て:0.6349303722381592
n もの:0.6331074237823486
n 確か:0.6323685646057129
-------------------------------
サンプル 73-------
n の:0.7599073648452759
v いる:0.6927664279937744
n は:0.6917626261711121
n それ:0.6534613370895386
n から:0.6526234149932861
n い:0.6483418345451355
n て:0.6472722291946411
v よう:0.6425104141235352
n もの:0.6324471235275269
-------------------------------
サンプル 74-------
n の:0.7563344240188599
n は:0.6966109275817871
v いる:0.6774181127548218
n それ:0.663057804107666
n から:0.6531063318252563
n て:0.6490238904953003
v 見える:0.640487790107727
n い:0.6404869556427002
a 白い:0.638188362121582
-------------------------------
サンプル 75-------
n の:0.5331494808197021
n は:0.4999888241291046
v 映る:0.4986575245857239
v いる:0.49208757281303406
n 部分:0.48945721983909607
n 背景:0.48931556940078735
v 読み取れる:0.4892529249191284
v 写る:0.4853113889694214
v 映す:0.4788954555988312
v 見える:0.4773322641849518
v ある:0.47185179591178894
n 遠景:0.46766018867492676
n いま:0.4674065113067627
-------------------------------
サンプル 76-------
n の:0.7668360471725464
n は:0.7032551765441895
v いる:0.6938181519508362
n それ:0.6759816408157349
n から:0.6615885496139526
v 見える:0.6514793634414673
n い:0.651088535785675
n て:0.6507123708724976
n もの:0.6468237638473511
-------------------------------
サンプル 77-------
n の:0.7545881867408752
n は:0.6991291642189026
v いる:0.6786229014396667
n それ:0.6740618944168091
n い:0.6434543132781982
n て:0.6422443389892578
v ある:0.6414074897766113
n から:0.6391260027885437
n 確か:0.6383389234542847
-------------------------------
サンプル 78-------
n の:0.7491104602813721
n は:0.6751897931098938
v いる:0.6644977927207947
v 見える:0.6553341746330261
n から:0.6467967629432678
a 白い:0.6437546014785767
n それ:0.6418570876121521
a 青い:0.6311225295066833
a 黒い:0.630767822265625
n い:0.6278243064880371
n て:0.6268154978752136
a 丸い:0.6205046772956848
-------------------------------
サンプル 79-------
-------------------------------
サンプル 80-------
n の:0.752605140209198
n は:0.6964961290359497
n それ:0.6827336549758911
v いる:0.6736057996749878
v 見える:0.6567556858062744
n もの:0.6543245315551758
v よう:0.653725266456604
n から:0.6468276381492615
n て:0.6443013548851013
n 確か:0.6423903703689575
-------------------------------
サンプル 81-------
n の:0.7650693655014038
n は:0.6823056936264038
v 見える:0.6564719080924988
v いる:0.6538947820663452
v よう:0.6514065265655518
n から:0.6431705951690674
n それ:0.6373171806335449
n 確か:0.6348207592964172
-------------------------------
サンプル 82-------
n の:0.7631781101226807
n は:0.6948683261871338
v いる:0.6755669116973877
n それ:0.6582775115966797
n から:0.6535373330116272
n い:0.6372470259666443
a 黒い:0.6370055675506592
v 見える:0.6367853283882141
a 白い:0.6361446976661682
n て:0.6331901550292969
-------------------------------
サンプル 83-------
n 左側:0.38049209117889404
n 右側:0.3773406445980072
n 前方:0.3515606224536896
n 手前:0.34292325377464294
n 車止め:0.3357919156551361
n 男性:0.3336857259273529
n 左:0.330926775932312
n 向かい側:0.32759883999824524
n 下り線:0.3270321488380432
n 上り線:0.3258659243583679
-------------------------------
サンプル 84-------
n の:0.7542140483856201
n は:0.6973400115966797
v いる:0.6758452653884888
n それ:0.6719422936439514
n から:0.6530721187591553
n い:0.6405802965164185
n て:0.6387097835540771
n もの:0.6379315257072449
v 見える:0.6354587078094482
v いう:0.6350027322769165
-------------------------------
サンプル 85-------
n 横:0.5573910474777222
n 真横:0.5465284585952759
n 背後:0.5464254021644592
n そこ:0.539752185344696
n それ:0.5378137826919556
n の:0.5366722941398621
v する:0.526901364326477
v 突き出す:0.5254824161529541
n 前:0.524102509021759
n 正面:0.5224460363388062
v 遠ざかる:0.5157890319824219
v ある:0.51418137550354
v 突き出る:0.5138906836509705
v 横切る:0.5130202770233154
-------------------------------
サンプル 86-------
n の:0.7374995946884155
v いる:0.686898946762085
n は:0.6764164566993713
n い:0.6516581177711487
n それ:0.6467635631561279
n て:0.6415146589279175
n から:0.6342172622680664
-------------------------------
サンプル 87-------
v 思う:0.34455618262290955
n 後者:0.33427169919013977
n メタファー:0.3265579342842102
n リアリズム:0.32295292615890503
v 論じる:0.32149529457092285
n 客観:0.32090047001838684
n 深度:0.3199656903743744
n 理屈:0.31842589378356934
v 言える:0.31718239188194275
-------------------------------
サンプル 88-------
n の:0.762404203414917
n は:0.6991002559661865
v いる:0.6833434104919434
n それ:0.6756960153579712
v ある:0.6588512063026428
n から:0.6573783159255981
n もの:0.6441788673400879
v 見える:0.6425971984863281
n て:0.6402736902236938
n い:0.6397609114646912
n ところ:0.6386473774909973
-------------------------------
サンプル 89-------
n の:0.724335789680481
v 見える:0.6488719582557678
n は:0.6380915641784668
v いる:0.6337960362434387
n それ:0.6190999746322632
n 確か:0.6133860349655151
v みえる:0.612820029258728
n から:0.6087467670440674
v ある:0.6077096462249756
a 丸い:0.6027019023895264
-------------------------------
サンプル 90-------
n の:0.7547698616981506
n は:0.6885629892349243
v いる:0.6810643076896667
n それ:0.6554892063140869
v 見える:0.6476445198059082
n から:0.6408970355987549
n い:0.6381362676620483
n て:0.6344799399375916
v ある:0.6340270042419434
a 白い:0.6256481409072876
-------------------------------
サンプル 91-------
n の:0.7027578353881836
n は:0.6456851959228516
n それ:0.6350427865982056
v 見える:0.6262674927711487
n もの:0.6193874478340149
n 感じ:0.6102819442749023
-------------------------------
サンプル 92-------
n の:0.7521055936813354
n は:0.6951262354850769
v いる:0.68616783618927
n それ:0.6738255023956299
n て:0.6484701633453369
n い:0.6470803022384644
n から:0.6410572528839111
v いう:0.6349465847015381
v よう:0.6341454982757568
-------------------------------
サンプル 93-------
n の:0.691893458366394
v いる:0.6694024801254272
n い:0.6222147345542908
n は:0.6182278394699097
n それ:0.6151517629623413
v よう:0.6108076572418213
v 見える:0.5995421409606934
n て:0.5994933843612671
v ある:0.5988073348999023
n 真横:0.5972659587860107
v 横切る:0.5925458669662476
n から:0.5894789695739746
-------------------------------
サンプル 94-------
n の:0.7606755495071411
n は:0.6920448541641235
v いる:0.6675546169281006
n から:0.6531070470809937
n それ:0.6429845690727234
v 見える:0.6370069980621338
n て:0.6350457668304443
n い:0.6343883275985718
-------------------------------
サンプル 95-------
-------------------------------
サンプル 96-------
n の:0.7718226909637451
n は:0.7044865489006042
v いる:0.6728017926216125
n それ:0.667953610420227
n から:0.6563340425491333
n もの:0.6451425552368164
n て:0.6413974165916443
n い:0.6411753296852112
v よう:0.6390135884284973
n ところ:0.6369643211364746
-------------------------------
サンプル 97-------
n の:0.6947377920150757
n は:0.660498857498169
v よう:0.6431907415390015
v いる:0.6336473226547241
n て:0.6142740249633789
n それ:0.6120277047157288
n から:0.6040585041046143
n もの:0.6036979556083679
n い:0.6019606590270996
n か:0.5983912944793701
-------------------------------
サンプル 98-------
n の:0.750037431716919
v いる:0.6855126619338989
n は:0.673760175704956
n い:0.6428995132446289
n それ:0.6366079449653625
n から:0.6347823739051819
n て:0.6330962181091309
v 見える:0.6318669319152832
-------------------------------
サンプル 99-------
v いる:0.6624373197555542
n の:0.6303847432136536
n い:0.6293654441833496
v する:0.6131578683853149
n たち:0.6044175624847412
n て:0.6022058725357056
n 達:0.5950253009796143
n それ:0.5656840801239014
-------------------------------
サンプル 100-------
n の:0.7623721957206726
n は:0.6984741687774658
n それ:0.6729567050933838
v よう:0.6721762418746948
v いる:0.6698530912399292
n から:0.6611618399620056
n もの:0.6607009172439575
n て:0.650886058807373
n ところ:0.6427394151687622
v 見える:0.6380778551101685
-------------------------------
サンプル 101-------
n の:0.722173810005188
v よう:0.664104700088501
n は:0.6544513702392578
n もの:0.6336159706115723
v いる:0.6325437426567078
n それ:0.6300475597381592
n から:0.6255843043327332
v 見える:0.6207808256149292
-------------------------------
サンプル 102-------
n の:0.7650269269943237
n は:0.6938707828521729
v いる:0.6837241649627686
n から:0.6634281873703003
n それ:0.649837851524353
n い:0.6479952335357666
v 見える:0.6441013216972351
n て:0.6417182087898254
-------------------------------
サンプル 103-------
n の:0.7672609090805054
n は:0.7026627063751221
v 見える:0.6627849340438843
n から:0.6611558794975281
v いる:0.6564338207244873
n それ:0.6402577757835388
v みえる:0.626473605632782
v ある:0.6255425810813904
n い:0.6210778951644897
n て:0.6203715801239014
n 確か:0.6146135926246643
-------------------------------
サンプル 104-------
n の:0.7459351420402527
n は:0.6875911951065063
v いる:0.6713109016418457
n それ:0.6687164306640625
n もの:0.6576671600341797
v よう:0.6551793813705444
n から:0.6372172832489014
v ある:0.6368237733840942
n て:0.6346045732498169
v 見える:0.6341391801834106
v いう:0.633140504360199
n い:0.6302018165588379
-------------------------------
サンプル 105-------
v 感じる:0.3209852874279022
v ある:0.31910941004753113
v 配する:0.2989409565925598
n 流転:0.29537278413772583
n 透視:0.29512128233909607
v 復す:0.29321998357772827
-------------------------------
サンプル 106-------
n の:0.767803430557251
v いる:0.7085610628128052
n は:0.6940031051635742
n い:0.665358304977417
n から:0.653213620185852
n それ:0.6526398658752441
n て:0.6444940567016602
n ところ:0.6255640983581543
n もの:0.6243882775306702
-------------------------------
サンプル 107-------
-------------------------------
サンプル 108-------
n の:0.7585116624832153
v いる:0.6959725022315979
n は:0.6916425228118896
n それ:0.6730069518089294
n もの:0.6592459678649902
n い:0.6557520627975464
n から:0.6510789394378662
n て:0.6503283977508545
v ある:0.640317440032959
v よう:0.640258252620697
v 見える:0.6379250288009644
-------------------------------
サンプル 109-------
n 山側:0.43320804834365845
n 西側:0.43059292435646057
n 南側:0.4305885434150696
n 斜面:0.4175311028957367
n 岸壁:0.4174780547618866
n 東側:0.41567733883857727
a 小高い:0.41212427616119385
n 乗場:0.40648263692855835
n 歩道:0.4003775119781494
n スロープ:0.3989805281162262
n 乗り場:0.3925982415676117
n 裏手:0.3922228515148163
-------------------------------
サンプル 110-------
n の:0.7601592540740967
n は:0.6904231309890747
v いる:0.6588040590286255
n から:0.658522367477417
n それ:0.649983286857605
n て:0.637912392616272
n い:0.6336894035339355
n もの:0.6293507218360901
a 白い:0.6270052790641785
-------------------------------
サンプル 111-------
a 青い:0.5952880382537842
a 丸い:0.5876518487930298
a 白い:0.5832718014717102
n 薄緑:0.568202018737793
n 木々:0.5543611645698547
n 銀色:0.553810715675354
n 緑色:0.5513681173324585
v 生い茂る:0.5416226983070374
-------------------------------
サンプル 112-------
n の:0.7757473587989807
n は:0.708582878112793
v いる:0.6811896562576294
n それ:0.6803073883056641
n から:0.6699627637863159
n もの:0.6544222831726074
n て:0.649090051651001
v よう:0.6468710899353027
n い:0.6452360153198242
v いう:0.6438751220703125
-------------------------------
サンプル 113-------
a 青い:0.5058242082595825
a 赤い:0.4875316321849823
a 黄色い:0.4840308725833893
a 黒い:0.4726318418979645
a 白い:0.4646104574203491
a 茶色い:0.4396994113922119
a でっかい:0.438660204410553
n 稲妻:0.4259113073348999
-------------------------------
サンプル 114-------
n の:0.7486621737480164
v いる:0.6980228424072266
n は:0.6795899868011475
n い:0.65526282787323
n から:0.6550475358963013
n て:0.6441987752914429
n それ:0.6410626173019409
v 見える:0.6395896673202515
-------------------------------
サンプル 115-------
n の:0.7481578588485718
n は:0.7119605541229248
n それ:0.697650134563446
n もの:0.6975193619728088
n から:0.6763285398483276
v いる:0.6744653582572937
n て:0.6685843467712402
n ところ:0.6552572846412659
v よう:0.6477737426757812
n い:0.6461377739906311
-------------------------------
サンプル 116-------
n の:0.756736159324646
v いる:0.695289134979248
n は:0.6929928064346313
n それ:0.6681424975395203
n て:0.6562095880508423
n い:0.6555100679397583
n もの:0.6504281759262085
n から:0.6500164270401001
v よう:0.6472322940826416
n ところ:0.6397339105606079
-------------------------------
サンプル 117-------
v いる:0.6148303151130676
n い:0.6147973537445068
n て:0.6033926010131836
n の:0.6024898290634155
n もの:0.6010990142822266
n カラフル:0.5890514850616455
n 緑色:0.5825451612472534
a 青い:0.5791884064674377
a 丸い:0.5745112299919128
-------------------------------
サンプル 118-------
n の:0.7504148483276367
n は:0.6917452216148376
v いる:0.6743741035461426
n それ:0.6665480136871338
n から:0.6549155712127686
n て:0.6462169289588928
n い:0.6397519111633301
v 見える:0.6356635689735413
-------------------------------
サンプル 119-------
-------------------------------
サンプル 120-------
n の:0.7736244797706604
n は:0.7114871740341187
v いる:0.696972668170929
n それ:0.6823016405105591
n から:0.6569998264312744
v よう:0.6535506248474121
n い:0.6523082256317139
n て:0.6520261168479919
v 見える:0.6503707766532898
n もの:0.6444262266159058
v ある:0.6426274180412292
-------------------------------
サンプル 121-------
n の:0.715330958366394
v いる:0.6452921628952026
n は:0.6344268918037415
v ある:0.6042428612709045
v 向う:0.6024463176727295
v 見上げる:0.6011254787445068
n い:0.5996715426445007
n から:0.5959729552268982
-------------------------------
サンプル 122-------
n の:0.7412657737731934
v いる:0.6749396324157715
n は:0.6687648296356201
v 見える:0.637283205986023
n から:0.6347553133964539
n い:0.6337625980377197
n それ:0.6304491758346558
n て:0.6294056177139282
-------------------------------
サンプル 123-------
n の:0.49643686413764954
v 映る:0.49254053831100464
v のぞく:0.49160251021385193
v 覗く:0.4847297966480255
v 明ける:0.4838736057281494
v 出迎える:0.48280006647109985
v 通りかかる:0.47622495889663696
v 着替える:0.4712449908256531
-------------------------------
サンプル 124-------
n の:0.7555533647537231
v いる:0.700756311416626
n は:0.6862358450889587
n それ:0.6726173162460327
n い:0.6537666916847229
v 見える:0.6534810066223145
n て:0.6470898389816284
n もの:0.6420449614524841
n から:0.6379731893539429
v ある:0.6376608610153198
n 確か:0.6334487199783325
-------------------------------
サンプル 125-------
v いる:0.6240640878677368
n の:0.61978679895401
n それ:0.5843343734741211
n てる:0.5716710090637207
n は:0.5658528208732605
v ある:0.5646411776542664
n 確か:0.5629283785820007
v なる:0.5627254247665405
v する:0.5621882677078247
v 言える:0.5525951385498047
v 言う:0.5522506237030029
v いう:0.549982488155365
n い:0.5367902517318726
-------------------------------
サンプル 126-------
n の:0.7536031603813171
v いる:0.687117338180542
n は:0.6821600794792175
n から:0.6532633304595947
n い:0.6435210108757019
n それ:0.6382170915603638
v 見える:0.6338553428649902
n て:0.6325401067733765
n 向こう:0.6183361411094666
-------------------------------
サンプル 127-------
n の:0.6696523427963257
a 青い:0.6436014175415039
a 白い:0.6331313848495483
a 黒い:0.6258407831192017
n 水色:0.6231327056884766
n それ:0.6211719512939453
a 赤い:0.6205765008926392
n は:0.6166871190071106
n 緑色:0.6142592430114746
n 深緑:0.6131389737129211
n 黄緑:0.6092862486839294
n 薄緑:0.6089429259300232
-------------------------------
サンプル 128-------
n の:0.753570556640625
n は:0.6974962949752808
v いる:0.6908602118492126
n それ:0.6758087873458862
n から:0.6471372842788696
n い:0.6429147720336914
n て:0.6412007808685303
v よう:0.6410596370697021
v 見える:0.6391702890396118
v いう:0.6374232172966003
n もの:0.635238528251648
-------------------------------
サンプル 129-------
-------------------------------
サンプル 130-------
n の:0.7405717968940735
v いる:0.6970869302749634
n は:0.6692727208137512
n い:0.6524073481559753
n て:0.6458662748336792
n それ:0.6365358233451843
a 青い:0.6357144713401794
n から:0.6337241530418396
a 白い:0.6333098411560059
-------------------------------
サンプル 131-------
n の:0.7399684190750122
v いる:0.6829490065574646
n は:0.6775321364402771
n それ:0.6563526391983032
n て:0.6524717807769775
n い:0.6496858596801758
n てる:0.6460092663764954
n から:0.6444435119628906
-------------------------------
サンプル 132-------
n の:0.7607271671295166
n は:0.7014365196228027
v いる:0.6792215704917908
n それ:0.6698262691497803
n から:0.6467658281326294
n い:0.6382191181182861
n て:0.6349303722381592
n もの:0.6331074237823486
n 確か:0.6323685646057129
-------------------------------
サンプル 133-------
n の:0.7599073648452759
v いる:0.6927664279937744
n は:0.6917626261711121
n それ:0.6534613370895386
n から:0.6526234149932861
n い:0.6483418345451355
n て:0.6472722291946411
v よう:0.6425104141235352
n もの:0.6324471235275269
-------------------------------
サンプル 134-------
n の:0.7563344240188599
n は:0.6966109275817871
v いる:0.6774181127548218
n それ:0.663057804107666
n から:0.6531063318252563
n て:0.6490238904953003
v 見える:0.640487790107727
n い:0.6404869556427002
a 白い:0.638188362121582
-------------------------------
サンプル 135-------
n の:0.5331494808197021
n は:0.4999888241291046
v 映る:0.4986575245857239
v いる:0.49208757281303406
n 部分:0.48945721983909607
n 背景:0.48931556940078735
v 読み取れる:0.4892529249191284
v 写る:0.4853113889694214
v 映す:0.4788954555988312
v 見える:0.4773322641849518
v ある:0.47185179591178894
n 遠景:0.46766018867492676
n いま:0.4674065113067627
-------------------------------
サンプル 136-------
n の:0.7668360471725464
n は:0.7032551765441895
v いる:0.6938181519508362
n それ:0.6759816408157349
n から:0.6615885496139526
v 見える:0.6514793634414673
n い:0.651088535785675
n て:0.6507123708724976
n もの:0.6468237638473511
-------------------------------
サンプル 137-------
n の:0.7545881867408752
n は:0.6991291642189026
v いる:0.6786229014396667
n それ:0.6740618944168091
n い:0.6434543132781982
n て:0.6422443389892578
v ある:0.6414074897766113
n から:0.6391260027885437
n 確か:0.6383389234542847
-------------------------------
サンプル 138-------
n の:0.7491104602813721
n は:0.6751897931098938
v いる:0.6644977927207947
v 見える:0.6553341746330261
n から:0.6467967629432678
a 白い:0.6437546014785767
n それ:0.6418570876121521
a 青い:0.6311225295066833
a 黒い:0.630767822265625
n い:0.6278243064880371
n て:0.6268154978752136
a 丸い:0.6205046772956848
-------------------------------
サンプル 139-------
-------------------------------
サンプル 140-------
n の:0.752605140209198
n は:0.6964961290359497
n それ:0.6827336549758911
v いる:0.6736057996749878
v 見える:0.6567556858062744
n もの:0.6543245315551758
v よう:0.653725266456604
n から:0.6468276381492615
n て:0.6443013548851013
n 確か:0.6423903703689575
-------------------------------
サンプル 141-------
n の:0.7650693655014038
n は:0.6823056936264038
v 見える:0.6564719080924988
v いる:0.6538947820663452
v よう:0.6514065265655518
n から:0.6431705951690674
n それ:0.6373171806335449
n 確か:0.6348207592964172
-------------------------------
サンプル 142-------
n の:0.7631781101226807
n は:0.6948683261871338
v いる:0.6755669116973877
n それ:0.6582775115966797
n から:0.6535373330116272
n い:0.6372470259666443
a 黒い:0.6370055675506592
v 見える:0.6367853283882141
a 白い:0.6361446976661682
n て:0.6331901550292969
-------------------------------
サンプル 143-------
n 左側:0.38049209117889404
n 右側:0.3773406445980072
n 前方:0.3515606224536896
n 手前:0.34292325377464294
n 車止め:0.3357919156551361
n 男性:0.3336857259273529
n 左:0.330926775932312
n 向かい側:0.32759883999824524
n 下り線:0.3270321488380432
n 上り線:0.3258659243583679
-------------------------------
サンプル 144-------
n の:0.7542140483856201
n は:0.6973400115966797
v いる:0.6758452653884888
n それ:0.6719422936439514
n から:0.6530721187591553
n い:0.6405802965164185
n て:0.6387097835540771
n もの:0.6379315257072449
v 見える:0.6354587078094482
v いう:0.6350027322769165
-------------------------------
サンプル 145-------
n 横:0.5573910474777222
n 真横:0.5465284585952759
n 背後:0.5464254021644592
n そこ:0.539752185344696
n それ:0.5378137826919556
n の:0.5366722941398621
v する:0.526901364326477
v 突き出す:0.5254824161529541
n 前:0.524102509021759
n 正面:0.5224460363388062
v 遠ざかる:0.5157890319824219
v ある:0.51418137550354
v 突き出る:0.5138906836509705
v 横切る:0.5130202770233154
-------------------------------
サンプル 146-------
n の:0.7374995946884155
v いる:0.686898946762085
n は:0.6764164566993713
n い:0.6516581177711487
n それ:0.6467635631561279
n て:0.6415146589279175
n から:0.6342172622680664
-------------------------------
サンプル 147-------
v 思う:0.34455618262290955
n 後者:0.33427169919013977
n メタファー:0.3265579342842102
n リアリズム:0.32295292615890503
v 論じる:0.32149529457092285
n 客観:0.32090047001838684
n 深度:0.3199656903743744
n 理屈:0.31842589378356934
v 言える:0.31718239188194275
-------------------------------
サンプル 148-------
n の:0.762404203414917
n は:0.6991002559661865
v いる:0.6833434104919434
n それ:0.6756960153579712
v ある:0.6588512063026428
n から:0.6573783159255981
n もの:0.6441788673400879
v 見える:0.6425971984863281
n て:0.6402736902236938
n い:0.6397609114646912
n ところ:0.6386473774909973
-------------------------------
サンプル 149-------
n の:0.724335789680481
v 見える:0.6488719582557678
n は:0.6380915641784668
v いる:0.6337960362434387
n それ:0.6190999746322632
n 確か:0.6133860349655151
v みえる:0.612820029258728
n から:0.6087467670440674
v ある:0.6077096462249756
a 丸い:0.6027019023895264
-------------------------------
サンプル 150-------
n の:0.7547698616981506
n は:0.6885629892349243
v いる:0.6810643076896667
n それ:0.6554892063140869
v 見える:0.6476445198059082
n から:0.6408970355987549
n い:0.6381362676620483
n て:0.6344799399375916
v ある:0.6340270042419434
a 白い:0.6256481409072876
-------------------------------
サンプル 151-------
n の:0.7027578353881836
n は:0.6456851959228516
n それ:0.6350427865982056
v 見える:0.6262674927711487
n もの:0.6193874478340149
n 感じ:0.6102819442749023
-------------------------------
サンプル 152-------
n の:0.7521055936813354
n は:0.6951262354850769
v いる:0.68616783618927
n それ:0.6738255023956299
n て:0.6484701633453369
n い:0.6470803022384644
n から:0.6410572528839111
v いう:0.6349465847015381
v よう:0.6341454982757568
-------------------------------
サンプル 153-------
n の:0.691893458366394
v いる:0.6694024801254272
n い:0.6222147345542908
n は:0.6182278394699097
n それ:0.6151517629623413
v よう:0.6108076572418213
v 見える:0.5995421409606934
n て:0.5994933843612671
v ある:0.5988073348999023
n 真横:0.5972659587860107
v 横切る:0.5925458669662476
n から:0.5894789695739746
-------------------------------
サンプル 154-------
n の:0.7606755495071411
n は:0.6920448541641235
v いる:0.6675546169281006
n から:0.6531070470809937
n それ:0.6429845690727234
v 見える:0.6370069980621338
n て:0.6350457668304443
n い:0.6343883275985718
-------------------------------
サンプル 155-------
-------------------------------
サンプル 156-------
n の:0.7718226909637451
n は:0.7044865489006042
v いる:0.6728017926216125
n それ:0.667953610420227
n から:0.6563340425491333
n もの:0.6451425552368164
n て:0.6413974165916443
n い:0.6411753296852112
v よう:0.6390135884284973
n ところ:0.6369643211364746
-------------------------------
サンプル 157-------
n の:0.6947377920150757
n は:0.660498857498169
v よう:0.6431907415390015
v いる:0.6336473226547241
n て:0.6142740249633789
n それ:0.6120277047157288
n から:0.6040585041046143
n もの:0.6036979556083679
n い:0.6019606590270996
n か:0.5983912944793701
-------------------------------
サンプル 158-------
n の:0.750037431716919
v いる:0.6855126619338989
n は:0.673760175704956
n い:0.6428995132446289
n それ:0.6366079449653625
n から:0.6347823739051819
n て:0.6330962181091309
v 見える:0.6318669319152832
-------------------------------
サンプル 159-------
v いる:0.6624373197555542
n の:0.6303847432136536
n い:0.6293654441833496
v する:0.6131578683853149
n たち:0.6044175624847412
n て:0.6022058725357056
n 達:0.5950253009796143
n それ:0.5656840801239014
-------------------------------
サンプル 160-------
n の:0.7623721957206726
n は:0.6984741687774658
n それ:0.6729567050933838
v よう:0.6721762418746948
v いる:0.6698530912399292
n から:0.6611618399620056
n もの:0.6607009172439575
n て:0.650886058807373
n ところ:0.6427394151687622
v 見える:0.6380778551101685
-------------------------------
サンプル 161-------
n の:0.722173810005188
v よう:0.664104700088501
n は:0.6544513702392578
n もの:0.6336159706115723
v いる:0.6325437426567078
n それ:0.6300475597381592
n から:0.6255843043327332
v 見える:0.6207808256149292
-------------------------------
サンプル 162-------
n の:0.7650269269943237
n は:0.6938707828521729
v いる:0.6837241649627686
n から:0.6634281873703003
n それ:0.649837851524353
n い:0.6479952335357666
v 見える:0.6441013216972351
n て:0.6417182087898254
-------------------------------
サンプル 163-------
n の:0.7672609090805054
n は:0.7026627063751221
v 見える:0.6627849340438843
n から:0.6611558794975281
v いる:0.6564338207244873
n それ:0.6402577757835388
v みえる:0.626473605632782
v ある:0.6255425810813904
n い:0.6210778951644897
n て:0.6203715801239014
n 確か:0.6146135926246643
-------------------------------
サンプル 164-------
n の:0.7459351420402527
n は:0.6875911951065063
v いる:0.6713109016418457
n それ:0.6687164306640625
n もの:0.6576671600341797
v よう:0.6551793813705444
n から:0.6372172832489014
v ある:0.6368237733840942
n て:0.6346045732498169
v 見える:0.6341391801834106
v いう:0.633140504360199
n い:0.6302018165588379
-------------------------------
サンプル 165-------
v 感じる:0.3209852874279022
v ある:0.31910941004753113
v 配する:0.2989409565925598
n 流転:0.29537278413772583
n 透視:0.29512128233909607
v 復す:0.29321998357772827
-------------------------------
サンプル 166-------
n の:0.767803430557251
v いる:0.7085610628128052
n は:0.6940031051635742
n い:0.665358304977417
n から:0.653213620185852
n それ:0.6526398658752441
n て:0.6444940567016602
n ところ:0.6255640983581543
n もの:0.6243882775306702
-------------------------------
サンプル 167-------
-------------------------------
サンプル 168-------
n の:0.7585116624832153
v いる:0.6959725022315979
n は:0.6916425228118896
n それ:0.6730069518089294
n もの:0.6592459678649902
n い:0.6557520627975464
n から:0.6510789394378662
n て:0.6503283977508545
v ある:0.640317440032959
v よう:0.640258252620697
v 見える:0.6379250288009644
-------------------------------
サンプル 169-------
n 山側:0.43320804834365845
n 西側:0.43059292435646057
n 南側:0.4305885434150696
n 斜面:0.4175311028957367
n 岸壁:0.4174780547618866
n 東側:0.41567733883857727
a 小高い:0.41212427616119385
n 乗場:0.40648263692855835
n 歩道:0.4003775119781494
n スロープ:0.3989805281162262
n 乗り場:0.3925982415676117
n 裏手:0.3922228515148163
-------------------------------
サンプル 170-------
n の:0.7601592540740967
n は:0.6904231309890747
v いる:0.6588040590286255
n から:0.658522367477417
n それ:0.649983286857605
n て:0.637912392616272
n い:0.6336894035339355
n もの:0.6293507218360901
a 白い:0.6270052790641785
-------------------------------
サンプル 171-------
a 青い:0.5952880382537842
a 丸い:0.5876518487930298
a 白い:0.5832718014717102
n 薄緑:0.568202018737793
n 木々:0.5543611645698547
n 銀色:0.553810715675354
n 緑色:0.5513681173324585
v 生い茂る:0.5416226983070374
-------------------------------
サンプル 172-------
n の:0.7757473587989807
n は:0.708582878112793
v いる:0.6811896562576294
n それ:0.6803073883056641
n から:0.6699627637863159
n もの:0.6544222831726074
n て:0.649090051651001
v よう:0.6468710899353027
n い:0.6452360153198242
v いう:0.6438751220703125
-------------------------------
サンプル 173-------
a 青い:0.5058242082595825
a 赤い:0.4875316321849823
a 黄色い:0.4840308725833893
a 黒い:0.4726318418979645
a 白い:0.4646104574203491
a 茶色い:0.4396994113922119
a でっかい:0.438660204410553
n 稲妻:0.4259113073348999
-------------------------------
サンプル 174-------
n の:0.7486621737480164
v いる:0.6980228424072266
n は:0.6795899868011475
n い:0.65526282787323
n から:0.6550475358963013
n て:0.6441987752914429
n それ:0.6410626173019409
v 見える:0.6395896673202515
-------------------------------
サンプル 175-------
n の:0.7481578588485718
n は:0.7119605541229248
n それ:0.697650134563446
n もの:0.6975193619728088
n から:0.6763285398483276
v いる:0.6744653582572937
n て:0.6685843467712402
n ところ:0.6552572846412659
v よう:0.6477737426757812
n い:0.6461377739906311
-------------------------------
サンプル 176-------
n の:0.756736159324646
v いる:0.695289134979248
n は:0.6929928064346313
n それ:0.6681424975395203
n て:0.6562095880508423
n い:0.6555100679397583
n もの:0.6504281759262085
n から:0.6500164270401001
v よう:0.6472322940826416
n ところ:0.6397339105606079
-------------------------------
サンプル 177-------
v いる:0.6148303151130676
n い:0.6147973537445068
n て:0.6033926010131836
n の:0.6024898290634155
n もの:0.6010990142822266
n カラフル:0.5890514850616455
n 緑色:0.5825451612472534
a 青い:0.5791884064674377
a 丸い:0.5745112299919128
-------------------------------
サンプル 178-------
n の:0.7504148483276367
n は:0.6917452216148376
v いる:0.6743741035461426
n それ:0.6665480136871338
n から:0.6549155712127686
n て:0.6462169289588928
n い:0.6397519111633301
v 見える:0.6356635689735413
-------------------------------
サンプル 179-------
-------------------------------
サンプル 180-------
n の:0.7736244797706604
n は:0.7114871740341187
v いる:0.696972668170929
n それ:0.6823016405105591
n から:0.6569998264312744
v よう:0.6535506248474121
n い:0.6523082256317139
n て:0.6520261168479919
v 見える:0.6503707766532898
n もの:0.6444262266159058
v ある:0.6426274180412292
-------------------------------
サンプル 181-------
n の:0.715330958366394
v いる:0.6452921628952026
n は:0.6344268918037415
v ある:0.6042428612709045
v 向う:0.6024463176727295
v 見上げる:0.6011254787445068
n い:0.5996715426445007
n から:0.5959729552268982
-------------------------------
サンプル 182-------
n の:0.7412657737731934
v いる:0.6749396324157715
n は:0.6687648296356201
v 見える:0.637283205986023
n から:0.6347553133964539
n い:0.6337625980377197
n それ:0.6304491758346558
n て:0.6294056177139282
-------------------------------
サンプル 183-------
n の:0.49643686413764954
v 映る:0.49254053831100464
v のぞく:0.49160251021385193
v 覗く:0.4847297966480255
v 明ける:0.4838736057281494
v 出迎える:0.48280006647109985
v 通りかかる:0.47622495889663696
v 着替える:0.4712449908256531
-------------------------------
サンプル 184-------
n の:0.7555533647537231
v いる:0.700756311416626
n は:0.6862358450889587
n それ:0.6726173162460327
n い:0.6537666916847229
v 見える:0.6534810066223145
n て:0.6470898389816284
n もの:0.6420449614524841
n から:0.6379731893539429
v ある:0.6376608610153198
n 確か:0.6334487199783325
-------------------------------
サンプル 185-------
v いる:0.6240640878677368
n の:0.61978679895401
n それ:0.5843343734741211
n てる:0.5716710090637207
n は:0.5658528208732605
v ある:0.5646411776542664
n 確か:0.5629283785820007
v なる:0.5627254247665405
v する:0.5621882677078247
v 言える:0.5525951385498047
v 言う:0.5522506237030029
v いう:0.549982488155365
n い:0.5367902517318726
-------------------------------
サンプル 186-------
n の:0.7536031603813171
v いる:0.687117338180542
n は:0.6821600794792175
n から:0.6532633304595947
n い:0.6435210108757019
n それ:0.6382170915603638
v 見える:0.6338553428649902
n て:0.6325401067733765
n 向こう:0.6183361411094666
-------------------------------
サンプル 187-------
n の:0.6696523427963257
a 青い:0.6436014175415039
a 白い:0.6331313848495483
a 黒い:0.6258407831192017
n 水色:0.6231327056884766
n それ:0.6211719512939453
a 赤い:0.6205765008926392
n は:0.6166871190071106
n 緑色:0.6142592430114746
n 深緑:0.6131389737129211
n 黄緑:0.6092862486839294
n 薄緑:0.6089429259300232
-------------------------------
サンプル 188-------
n の:0.753570556640625
n は:0.6974962949752808
v いる:0.6908602118492126
n それ:0.6758087873458862
n から:0.6471372842788696
n い:0.6429147720336914
n て:0.6412007808685303
v よう:0.6410596370697021
v 見える:0.6391702890396118
v いう:0.6374232172966003
n もの:0.635238528251648
-------------------------------
サンプル 189-------
-------------------------------
サンプル 190-------
n の:0.7405717968940735
v いる:0.6970869302749634
n は:0.6692727208137512
n い:0.6524073481559753
n て:0.6458662748336792
n それ:0.6365358233451843
a 青い:0.6357144713401794
n から:0.6337241530418396
a 白い:0.6333098411560059
-------------------------------
サンプル 191-------
n の:0.7399684190750122
v いる:0.6829490065574646
n は:0.6775321364402771
n それ:0.6563526391983032
n て:0.6524717807769775
n い:0.6496858596801758
n てる:0.6460092663764954
n から:0.6444435119628906
-------------------------------
サンプル 192-------
n の:0.7607271671295166
n は:0.7014365196228027
v いる:0.6792215704917908
n それ:0.6698262691497803
n から:0.6467658281326294
n い:0.6382191181182861
n て:0.6349303722381592
n もの:0.6331074237823486
n 確か:0.6323685646057129
-------------------------------
サンプル 193-------
n の:0.7599073648452759
v いる:0.6927664279937744
n は:0.6917626261711121
n それ:0.6534613370895386
n から:0.6526234149932861
n い:0.6483418345451355
n て:0.6472722291946411
v よう:0.6425104141235352
n もの:0.6324471235275269
-------------------------------
サンプル 194-------
n の:0.7563344240188599
n は:0.6966109275817871
v いる:0.6774181127548218
n それ:0.663057804107666
n から:0.6531063318252563
n て:0.6490238904953003
v 見える:0.640487790107727
n い:0.6404869556427002
a 白い:0.638188362121582
-------------------------------
サンプル 195-------
n の:0.5331494808197021
n は:0.4999888241291046
v 映る:0.4986575245857239
v いる:0.49208757281303406
n 部分:0.48945721983909607
n 背景:0.48931556940078735
v 読み取れる:0.4892529249191284
v 写る:0.4853113889694214
v 映す:0.4788954555988312
v 見える:0.4773322641849518
v ある:0.47185179591178894
n 遠景:0.46766018867492676
n いま:0.4674065113067627
-------------------------------
サンプル 196-------
n の:0.7668360471725464
n は:0.7032551765441895
v いる:0.6938181519508362
n それ:0.6759816408157349
n から:0.6615885496139526
v 見える:0.6514793634414673
n い:0.651088535785675
n て:0.6507123708724976
n もの:0.6468237638473511
-------------------------------
サンプル 197-------
n の:0.7545881867408752
n は:0.6991291642189026
v いる:0.6786229014396667
n それ:0.6740618944168091
n い:0.6434543132781982
n て:0.6422443389892578
v ある:0.6414074897766113
n から:0.6391260027885437
n 確か:0.6383389234542847
-------------------------------
サンプル 198-------
n の:0.7491104602813721
n は:0.6751897931098938
v いる:0.6644977927207947
v 見える:0.6553341746330261
n から:0.6467967629432678
a 白い:0.6437546014785767
n それ:0.6418570876121521
a 青い:0.6311225295066833
a 黒い:0.630767822265625
n い:0.6278243064880371
n て:0.6268154978752136
a 丸い:0.6205046772956848
-------------------------------
サンプル 199-------
-------------------------------
サンプル 200-------
n の:0.752605140209198
n は:0.6964961290359497
n それ:0.6827336549758911
v いる:0.6736057996749878
v 見える:0.6567556858062744
n もの:0.6543245315551758
v よう:0.653725266456604
n から:0.6468276381492615
n て:0.6443013548851013
n 確か:0.6423903703689575
-------------------------------
サンプル 201-------
n の:0.7650693655014038
n は:0.6823056936264038
v 見える:0.6564719080924988
v いる:0.6538947820663452
v よう:0.6514065265655518
n から:0.6431705951690674
n それ:0.6373171806335449
n 確か:0.6348207592964172
-------------------------------
サンプル 202-------
n の:0.7631781101226807
n は:0.6948683261871338
v いる:0.6755669116973877
n それ:0.6582775115966797
n から:0.6535373330116272
n い:0.6372470259666443
a 黒い:0.6370055675506592
v 見える:0.6367853283882141
a 白い:0.6361446976661682
n て:0.6331901550292969
-------------------------------
サンプル 203-------
n 左側:0.38049209117889404
n 右側:0.3773406445980072
n 前方:0.3515606224536896
n 手前:0.34292325377464294
n 車止め:0.3357919156551361
n 男性:0.3336857259273529
n 左:0.330926775932312
n 向かい側:0.32759883999824524
n 下り線:0.3270321488380432
n 上り線:0.3258659243583679
-------------------------------
サンプル 204-------
n の:0.7542140483856201
n は:0.6973400115966797
v いる:0.6758452653884888
n それ:0.6719422936439514
n から:0.6530721187591553
n い:0.6405802965164185
n て:0.6387097835540771
n もの:0.6379315257072449
v 見える:0.6354587078094482
v いう:0.6350027322769165
-------------------------------
サンプル 205-------
n 横:0.5573910474777222
n 真横:0.5465284585952759
n 背後:0.5464254021644592
n そこ:0.539752185344696
n それ:0.5378137826919556
n の:0.5366722941398621
v する:0.526901364326477
v 突き出す:0.5254824161529541
n 前:0.524102509021759
n 正面:0.5224460363388062
v 遠ざかる:0.5157890319824219
v ある:0.51418137550354
v 突き出る:0.5138906836509705
v 横切る:0.5130202770233154
-------------------------------
サンプル 206-------
n の:0.7374995946884155
v いる:0.686898946762085
n は:0.6764164566993713
n い:0.6516581177711487
n それ:0.6467635631561279
n て:0.6415146589279175
n から:0.6342172622680664
-------------------------------
サンプル 207-------
v 思う:0.34455618262290955
n 後者:0.33427169919013977
n メタファー:0.3265579342842102
n リアリズム:0.32295292615890503
v 論じる:0.32149529457092285
n 客観:0.32090047001838684
n 深度:0.3199656903743744
n 理屈:0.31842589378356934
v 言える:0.31718239188194275
-------------------------------
サンプル 208-------
n の:0.762404203414917
n は:0.6991002559661865
v いる:0.6833434104919434
n それ:0.6756960153579712
v ある:0.6588512063026428
n から:0.6573783159255981
n もの:0.6441788673400879
v 見える:0.6425971984863281
n て:0.6402736902236938
n い:0.6397609114646912
n ところ:0.6386473774909973
-------------------------------
サンプル 209-------
n の:0.724335789680481
v 見える:0.6488719582557678
n は:0.6380915641784668
v いる:0.6337960362434387
n それ:0.6190999746322632
n 確か:0.6133860349655151
v みえる:0.612820029258728
n から:0.6087467670440674
v ある:0.6077096462249756
a 丸い:0.6027019023895264
-------------------------------
サンプル 210-------
n の:0.7547698616981506
n は:0.6885629892349243
v いる:0.6810643076896667
n それ:0.6554892063140869
v 見える:0.6476445198059082
n から:0.6408970355987549
n い:0.6381362676620483
n て:0.6344799399375916
v ある:0.6340270042419434
a 白い:0.6256481409072876
-------------------------------
サンプル 211-------
n の:0.7027578353881836
n は:0.6456851959228516
n それ:0.6350427865982056
v 見える:0.6262674927711487
n もの:0.6193874478340149
n 感じ:0.6102819442749023
-------------------------------
サンプル 212-------
n の:0.7521055936813354
n は:0.6951262354850769
v いる:0.68616783618927
n それ:0.6738255023956299
n て:0.6484701633453369
n い:0.6470803022384644
n から:0.6410572528839111
v いう:0.6349465847015381
v よう:0.6341454982757568
-------------------------------
サンプル 213-------
n の:0.691893458366394
v いる:0.6694024801254272
n い:0.6222147345542908
n は:0.6182278394699097
n それ:0.6151517629623413
v よう:0.6108076572418213
v 見える:0.5995421409606934
n て:0.5994933843612671
v ある:0.5988073348999023
n 真横:0.5972659587860107
v 横切る:0.5925458669662476
n から:0.5894789695739746
-------------------------------
サンプル 214-------
n の:0.7606755495071411
n は:0.6920448541641235
v いる:0.6675546169281006
n から:0.6531070470809937
n それ:0.6429845690727234
v 見える:0.6370069980621338
n て:0.6350457668304443
n い:0.6343883275985718
-------------------------------
サンプル 215-------
-------------------------------
サンプル 216-------
n の:0.7718226909637451
n は:0.7044865489006042
v いる:0.6728017926216125
n それ:0.667953610420227
n から:0.6563340425491333
n もの:0.6451425552368164
n て:0.6413974165916443
n い:0.6411753296852112
v よう:0.6390135884284973
n ところ:0.6369643211364746
-------------------------------
サンプル 217-------
n の:0.6947377920150757
n は:0.660498857498169
v よう:0.6431907415390015
v いる:0.6336473226547241
n て:0.6142740249633789
n それ:0.6120277047157288
n から:0.6040585041046143
n もの:0.6036979556083679
n い:0.6019606590270996
n か:0.5983912944793701
-------------------------------
サンプル 218-------
n の:0.750037431716919
v いる:0.6855126619338989
n は:0.673760175704956
n い:0.6428995132446289
n それ:0.6366079449653625
n から:0.6347823739051819
n て:0.6330962181091309
v 見える:0.6318669319152832
-------------------------------
サンプル 219-------
v いる:0.6624373197555542
n の:0.6303847432136536
n い:0.6293654441833496
v する:0.6131578683853149
n たち:0.6044175624847412
n て:0.6022058725357056
n 達:0.5950253009796143
n それ:0.5656840801239014
-------------------------------
サンプル 220-------
n の:0.7623721957206726
n は:0.6984741687774658
n それ:0.6729567050933838
v よう:0.6721762418746948
v いる:0.6698530912399292
n から:0.6611618399620056
n もの:0.6607009172439575
n て:0.650886058807373
n ところ:0.6427394151687622
v 見える:0.6380778551101685
-------------------------------
サンプル 221-------
n の:0.722173810005188
v よう:0.664104700088501
n は:0.6544513702392578
n もの:0.6336159706115723
v いる:0.6325437426567078
n それ:0.6300475597381592
n から:0.6255843043327332
v 見える:0.6207808256149292
-------------------------------
サンプル 222-------
n の:0.7650269269943237
n は:0.6938707828521729
v いる:0.6837241649627686
n から:0.6634281873703003
n それ:0.649837851524353
n い:0.6479952335357666
v 見える:0.6441013216972351
n て:0.6417182087898254
-------------------------------
サンプル 223-------
n の:0.7672609090805054
n は:0.7026627063751221
v 見える:0.6627849340438843
n から:0.6611558794975281
v いる:0.6564338207244873
n それ:0.6402577757835388
v みえる:0.626473605632782
v ある:0.6255425810813904
n い:0.6210778951644897
n て:0.6203715801239014
n 確か:0.6146135926246643
-------------------------------
サンプル 224-------
n の:0.7459351420402527
n は:0.6875911951065063
v いる:0.6713109016418457
n それ:0.6687164306640625
n もの:0.6576671600341797
v よう:0.6551793813705444
n から:0.6372172832489014
v ある:0.6368237733840942
n て:0.6346045732498169
v 見える:0.6341391801834106
v いう:0.633140504360199
n い:0.6302018165588379
-------------------------------
サンプル 225-------
v 感じる:0.3209852874279022
v ある:0.31910941004753113
v 配する:0.2989409565925598
n 流転:0.29537278413772583
n 透視:0.29512128233909607
v 復す:0.29321998357772827
-------------------------------
サンプル 226-------
n の:0.767803430557251
v いる:0.7085610628128052
n は:0.6940031051635742
n い:0.665358304977417
n から:0.653213620185852
n それ:0.6526398658752441
n て:0.6444940567016602
n ところ:0.6255640983581543
n もの:0.6243882775306702
-------------------------------
サンプル 227-------
-------------------------------
サンプル 228-------
n の:0.7585116624832153
v いる:0.6959725022315979
n は:0.6916425228118896
n それ:0.6730069518089294
n もの:0.6592459678649902
n い:0.6557520627975464
n から:0.6510789394378662
n て:0.6503283977508545
v ある:0.640317440032959
v よう:0.640258252620697
v 見える:0.6379250288009644
-------------------------------
サンプル 229-------
n 山側:0.43320804834365845
n 西側:0.43059292435646057
n 南側:0.4305885434150696
n 斜面:0.4175311028957367
n 岸壁:0.4174780547618866
n 東側:0.41567733883857727
a 小高い:0.41212427616119385
n 乗場:0.40648263692855835
n 歩道:0.4003775119781494
n スロープ:0.3989805281162262
n 乗り場:0.3925982415676117
n 裏手:0.3922228515148163
-------------------------------
サンプル 230-------
n の:0.7601592540740967
n は:0.6904231309890747
v いる:0.6588040590286255
n から:0.658522367477417
n それ:0.649983286857605
n て:0.637912392616272
n い:0.6336894035339355
n もの:0.6293507218360901
a 白い:0.6270052790641785
-------------------------------
サンプル 231-------
a 青い:0.5952880382537842
a 丸い:0.5876518487930298
a 白い:0.5832718014717102
n 薄緑:0.568202018737793
n 木々:0.5543611645698547
n 銀色:0.553810715675354
n 緑色:0.5513681173324585
v 生い茂る:0.5416226983070374
-------------------------------
サンプル 232-------
n の:0.7757473587989807
n は:0.708582878112793
v いる:0.6811896562576294
n それ:0.6803073883056641
n から:0.6699627637863159
n もの:0.6544222831726074
n て:0.649090051651001
v よう:0.6468710899353027
n い:0.6452360153198242
v いう:0.6438751220703125
-------------------------------
サンプル 233-------
a 青い:0.5058242082595825
a 赤い:0.4875316321849823
a 黄色い:0.4840308725833893
a 黒い:0.4726318418979645
a 白い:0.4646104574203491
a 茶色い:0.4396994113922119
a でっかい:0.438660204410553
n 稲妻:0.4259113073348999
-------------------------------
サンプル 234-------
n の:0.7486621737480164
v いる:0.6980228424072266
n は:0.6795899868011475
n い:0.65526282787323
n から:0.6550475358963013
n て:0.6441987752914429
n それ:0.6410626173019409
v 見える:0.6395896673202515
-------------------------------
サンプル 235-------
n の:0.7481578588485718
n は:0.7119605541229248
n それ:0.697650134563446
n もの:0.6975193619728088
n から:0.6763285398483276
v いる:0.6744653582572937
n て:0.6685843467712402
n ところ:0.6552572846412659
v よう:0.6477737426757812
n い:0.6461377739906311
-------------------------------
サンプル 236-------
n の:0.756736159324646
v いる:0.695289134979248
n は:0.6929928064346313
n それ:0.6681424975395203
n て:0.6562095880508423
n い:0.6555100679397583
n もの:0.6504281759262085
n から:0.6500164270401001
v よう:0.6472322940826416
n ところ:0.6397339105606079
-------------------------------
サンプル 237-------
v いる:0.6148303151130676
n い:0.6147973537445068
n て:0.6033926010131836
n の:0.6024898290634155
n もの:0.6010990142822266
n カラフル:0.5890514850616455
n 緑色:0.5825451612472534
a 青い:0.5791884064674377
a 丸い:0.5745112299919128
-------------------------------
サンプル 238-------
n の:0.7504148483276367
n は:0.6917452216148376
v いる:0.6743741035461426
n それ:0.6665480136871338
n から:0.6549155712127686
n て:0.6462169289588928
n い:0.6397519111633301
v 見える:0.6356635689735413
-------------------------------
サンプル 239-------
-------------------------------
サンプル 240-------
n の:0.7736244797706604
n は:0.7114871740341187
v いる:0.696972668170929
n それ:0.6823016405105591
n から:0.6569998264312744
v よう:0.6535506248474121
n い:0.6523082256317139
n て:0.6520261168479919
v 見える:0.6503707766532898
n もの:0.6444262266159058
v ある:0.6426274180412292
-------------------------------
サンプル 241-------
n の:0.715330958366394
v いる:0.6452921628952026
n は:0.6344268918037415
v ある:0.6042428612709045
v 向う:0.6024463176727295
v 見上げる:0.6011254787445068
n い:0.5996715426445007
n から:0.5959729552268982
-------------------------------
サンプル 242-------
n の:0.7412657737731934
v いる:0.6749396324157715
n は:0.6687648296356201
v 見える:0.637283205986023
n から:0.6347553133964539
n い:0.6337625980377197
n それ:0.6304491758346558
n て:0.6294056177139282
-------------------------------
サンプル 243-------
n の:0.49643686413764954
v 映る:0.49254053831100464
v のぞく:0.49160251021385193
v 覗く:0.4847297966480255
v 明ける:0.4838736057281494
v 出迎える:0.48280006647109985
v 通りかかる:0.47622495889663696
v 着替える:0.4712449908256531
-------------------------------
サンプル 244-------
n の:0.7555533647537231
v いる:0.700756311416626
n は:0.6862358450889587
n それ:0.6726173162460327
n い:0.6537666916847229
v 見える:0.6534810066223145
n て:0.6470898389816284
n もの:0.6420449614524841
n から:0.6379731893539429
v ある:0.6376608610153198
n 確か:0.6334487199783325
-------------------------------
サンプル 245-------
v いる:0.6240640878677368
n の:0.61978679895401
n それ:0.5843343734741211
n てる:0.5716710090637207
n は:0.5658528208732605
v ある:0.5646411776542664
n 確か:0.5629283785820007
v なる:0.5627254247665405
v する:0.5621882677078247
v 言える:0.5525951385498047
v 言う:0.5522506237030029
v いう:0.549982488155365
n い:0.5367902517318726
-------------------------------
サンプル 246-------
n の:0.7536031603813171
v いる:0.687117338180542
n は:0.6821600794792175
n から:0.6532633304595947
n い:0.6435210108757019
n それ:0.6382170915603638
v 見える:0.6338553428649902
n て:0.6325401067733765
n 向こう:0.6183361411094666
-------------------------------
サンプル 247-------
n の:0.6696523427963257
a 青い:0.6436014175415039
a 白い:0.6331313848495483
a 黒い:0.6258407831192017
n 水色:0.6231327056884766
n それ:0.6211719512939453
a 赤い:0.6205765008926392
n は:0.6166871190071106
n 緑色:0.6142592430114746
n 深緑:0.6131389737129211
n 黄緑:0.6092862486839294
n 薄緑:0.6089429259300232
-------------------------------
サンプル 248-------
n の:0.753570556640625
n は:0.6974962949752808
v いる:0.6908602118492126
n それ:0.6758087873458862
n から:0.6471372842788696
n い:0.6429147720336914
n て:0.6412007808685303
v よう:0.6410596370697021
v 見える:0.6391702890396118
v いう:0.6374232172966003
n もの:0.635238528251648
-------------------------------
サンプル 249-------
-------------------------------
サンプル 250-------
n の:0.7405717968940735
v いる:0.6970869302749634
n は:0.6692727208137512
n い:0.6524073481559753
n て:0.6458662748336792
n それ:0.6365358233451843
a 青い:0.6357144713401794
n から:0.6337241530418396
a 白い:0.6333098411560059
-------------------------------
サンプル 251-------
n の:0.7399684190750122
v いる:0.6829490065574646
n は:0.6775321364402771
n それ:0.6563526391983032
n て:0.6524717807769775
n い:0.6496858596801758
n てる:0.6460092663764954
n から:0.6444435119628906
-------------------------------
サンプル 252-------
n の:0.7607271671295166
n は:0.7014365196228027
v いる:0.6792215704917908
n それ:0.6698262691497803
n から:0.6467658281326294
n い:0.6382191181182861
n て:0.6349303722381592
n もの:0.6331074237823486
n 確か:0.6323685646057129
-------------------------------
サンプル 253-------
n の:0.7599073648452759
v いる:0.6927664279937744
n は:0.6917626261711121
n それ:0.6534613370895386
n から:0.6526234149932861
n い:0.6483418345451355
n て:0.6472722291946411
v よう:0.6425104141235352
n もの:0.6324471235275269
-------------------------------
サンプル 254-------
n の:0.7563344240188599
n は:0.6966109275817871
v いる:0.6774181127548218
n それ:0.663057804107666
n から:0.6531063318252563
n て:0.6490238904953003
v 見える:0.640487790107727
n い:0.6404869556427002
a 白い:0.638188362121582
-------------------------------
サンプル 255-------
n の:0.5331494808197021
n は:0.4999888241291046
v 映る:0.4986575245857239
v いる:0.49208757281303406
n 部分:0.48945721983909607
n 背景:0.48931556940078735
v 読み取れる:0.4892529249191284
v 写る:0.4853113889694214
v 映す:0.4788954555988312
v 見える:0.4773322641849518
v ある:0.47185179591178894
n 遠景:0.46766018867492676
n いま:0.4674065113067627
-------------------------------
サンプル 256-------
n の:0.7668360471725464
n は:0.7032551765441895
v いる:0.6938181519508362
n それ:0.6759816408157349
n から:0.6615885496139526
v 見える:0.6514793634414673
n い:0.651088535785675
n て:0.6507123708724976
n もの:0.6468237638473511
-------------------------------
サンプル 257-------
n の:0.7545881867408752
n は:0.6991291642189026
v いる:0.6786229014396667
n それ:0.6740618944168091
n い:0.6434543132781982
n て:0.6422443389892578
v ある:0.6414074897766113
n から:0.6391260027885437
n 確か:0.6383389234542847
-------------------------------
サンプル 258-------
n の:0.7491104602813721
n は:0.6751897931098938
v いる:0.6644977927207947
v 見える:0.6553341746330261
n から:0.6467967629432678
a 白い:0.6437546014785767
n それ:0.6418570876121521
a 青い:0.6311225295066833
a 黒い:0.630767822265625
n い:0.6278243064880371
n て:0.6268154978752136
a 丸い:0.6205046772956848
-------------------------------
サンプル 259-------
-------------------------------
サンプル 260-------
n の:0.752605140209198
n は:0.6964961290359497
n それ:0.6827336549758911
v いる:0.6736057996749878
v 見える:0.6567556858062744
n もの:0.6543245315551758
v よう:0.653725266456604
n から:0.6468276381492615
n て:0.6443013548851013
n 確か:0.6423903703689575
-------------------------------
サンプル 261-------
n の:0.7650693655014038
n は:0.6823056936264038
v 見える:0.6564719080924988
v いる:0.6538947820663452
v よう:0.6514065265655518
n から:0.6431705951690674
n それ:0.6373171806335449
n 確か:0.6348207592964172
-------------------------------
サンプル 262-------
n の:0.7631781101226807
n は:0.6948683261871338
v いる:0.6755669116973877
n それ:0.6582775115966797
n から:0.6535373330116272
n い:0.6372470259666443
a 黒い:0.6370055675506592
v 見える:0.6367853283882141
a 白い:0.6361446976661682
n て:0.6331901550292969
-------------------------------
サンプル 263-------
n 左側:0.38049209117889404
n 右側:0.3773406445980072
n 前方:0.3515606224536896
n 手前:0.34292325377464294
n 車止め:0.3357919156551361
n 男性:0.3336857259273529
n 左:0.330926775932312
n 向かい側:0.32759883999824524
n 下り線:0.3270321488380432
n 上り線:0.3258659243583679
-------------------------------
サンプル 264-------
n の:0.7542140483856201
n は:0.6973400115966797
v いる:0.6758452653884888
n それ:0.6719422936439514
n から:0.6530721187591553
n い:0.6405802965164185
n て:0.6387097835540771
n もの:0.6379315257072449
v 見える:0.6354587078094482
v いう:0.6350027322769165
-------------------------------
サンプル 265-------
n 横:0.5573910474777222
n 真横:0.5465284585952759
n 背後:0.5464254021644592
n そこ:0.539752185344696
n それ:0.5378137826919556
n の:0.5366722941398621
v する:0.526901364326477
v 突き出す:0.5254824161529541
n 前:0.524102509021759
n 正面:0.5224460363388062
v 遠ざかる:0.5157890319824219
v ある:0.51418137550354
v 突き出る:0.5138906836509705
v 横切る:0.5130202770233154
-------------------------------
サンプル 266-------
n の:0.7374995946884155
v いる:0.686898946762085
n は:0.6764164566993713
n い:0.6516581177711487
n それ:0.6467635631561279
n て:0.6415146589279175
n から:0.6342172622680664
-------------------------------
サンプル 267-------
v 思う:0.34455618262290955
n 後者:0.33427169919013977
n メタファー:0.3265579342842102
n リアリズム:0.32295292615890503
v 論じる:0.32149529457092285
n 客観:0.32090047001838684
n 深度:0.3199656903743744
n 理屈:0.31842589378356934
v 言える:0.31718239188194275
-------------------------------
サンプル 268-------
n の:0.762404203414917
n は:0.6991002559661865
v いる:0.6833434104919434
n それ:0.6756960153579712
v ある:0.6588512063026428
n から:0.6573783159255981
n もの:0.6441788673400879
v 見える:0.6425971984863281
n て:0.6402736902236938
n い:0.6397609114646912
n ところ:0.6386473774909973
-------------------------------
サンプル 269-------
n の:0.724335789680481
v 見える:0.6488719582557678
n は:0.6380915641784668
v いる:0.6337960362434387
n それ:0.6190999746322632
n 確か:0.6133860349655151
v みえる:0.612820029258728
n から:0.6087467670440674
v ある:0.6077096462249756
a 丸い:0.6027019023895264
-------------------------------
サンプル 270-------
n の:0.7547698616981506
n は:0.6885629892349243
v いる:0.6810643076896667
n それ:0.6554892063140869
v 見える:0.6476445198059082
n から:0.6408970355987549
n い:0.6381362676620483
n て:0.6344799399375916
v ある:0.6340270042419434
a 白い:0.6256481409072876
-------------------------------
サンプル 271-------
n の:0.7027578353881836
n は:0.6456851959228516
n それ:0.6350427865982056
v 見える:0.6262674927711487
n もの:0.6193874478340149
n 感じ:0.6102819442749023
-------------------------------
サンプル 272-------
n の:0.7521055936813354
n は:0.6951262354850769
v いる:0.68616783618927
n それ:0.6738255023956299
n て:0.6484701633453369
n い:0.6470803022384644
n から:0.6410572528839111
v いう:0.6349465847015381
v よう:0.6341454982757568
-------------------------------
サンプル 273-------
n の:0.691893458366394
v いる:0.6694024801254272
n い:0.6222147345542908
n は:0.6182278394699097
n それ:0.6151517629623413
v よう:0.6108076572418213
v 見える:0.5995421409606934
n て:0.5994933843612671
v ある:0.5988073348999023
n 真横:0.5972659587860107
v 横切る:0.5925458669662476
n から:0.5894789695739746
-------------------------------
サンプル 274-------
n の:0.7606755495071411
n は:0.6920448541641235
v いる:0.6675546169281006
n から:0.6531070470809937
n それ:0.6429845690727234
v 見える:0.6370069980621338
n て:0.6350457668304443
n い:0.6343883275985718
-------------------------------
サンプル 275-------
-------------------------------
サンプル 276-------
n の:0.7718226909637451
n は:0.7044865489006042
v いる:0.6728017926216125
n それ:0.667953610420227
n から:0.6563340425491333
n もの:0.6451425552368164
n て:0.6413974165916443
n い:0.6411753296852112
v よう:0.6390135884284973
n ところ:0.6369643211364746
-------------------------------
サンプル 277-------
n の:0.6947377920150757
n は:0.660498857498169
v よう:0.6431907415390015
v いる:0.6336473226547241
n て:0.6142740249633789
n それ:0.6120277047157288
n から:0.6040585041046143
n もの:0.6036979556083679
n い:0.6019606590270996
n か:0.5983912944793701
-------------------------------
サンプル 278-------
n の:0.750037431716919
v いる:0.6855126619338989
n は:0.673760175704956
n い:0.6428995132446289
n それ:0.6366079449653625
n から:0.6347823739051819
n て:0.6330962181091309
v 見える:0.6318669319152832
-------------------------------
サンプル 279-------
v いる:0.6624373197555542
n の:0.6303847432136536
n い:0.6293654441833496
v する:0.6131578683853149
n たち:0.6044175624847412
n て:0.6022058725357056
n 達:0.5950253009796143
n それ:0.5656840801239014
-------------------------------
サンプル 280-------
n の:0.7623721957206726
n は:0.6984741687774658
n それ:0.6729567050933838
v よう:0.6721762418746948
v いる:0.6698530912399292
n から:0.6611618399620056
n もの:0.6607009172439575
n て:0.650886058807373
n ところ:0.6427394151687622
v 見える:0.6380778551101685
-------------------------------
サンプル 281-------
n の:0.722173810005188
v よう:0.664104700088501
n は:0.6544513702392578
n もの:0.6336159706115723
v いる:0.6325437426567078
n それ:0.6300475597381592
n から:0.6255843043327332
v 見える:0.6207808256149292
-------------------------------
サンプル 282-------
n の:0.7650269269943237
n は:0.6938707828521729
v いる:0.6837241649627686
n から:0.6634281873703003
n それ:0.649837851524353
n い:0.6479952335357666
v 見える:0.6441013216972351
n て:0.6417182087898254
-------------------------------
サンプル 283-------
n の:0.7672609090805054
n は:0.7026627063751221
v 見える:0.6627849340438843
n から:0.6611558794975281
v いる:0.6564338207244873
n それ:0.6402577757835388
v みえる:0.626473605632782
v ある:0.6255425810813904
n い:0.6210778951644897
n て:0.6203715801239014
n 確か:0.6146135926246643
-------------------------------
サンプル 284-------
n の:0.7459351420402527
n は:0.6875911951065063
v いる:0.6713109016418457
n それ:0.6687164306640625
n もの:0.6576671600341797
v よう:0.6551793813705444
n から:0.6372172832489014
v ある:0.6368237733840942
n て:0.6346045732498169
v 見える:0.6341391801834106
v いう:0.633140504360199
n い:0.6302018165588379
-------------------------------
サンプル 285-------
v 感じる:0.3209852874279022
v ある:0.31910941004753113
v 配する:0.2989409565925598
n 流転:0.29537278413772583
n 透視:0.29512128233909607
v 復す:0.29321998357772827
-------------------------------
サンプル 286-------
n の:0.767803430557251
v いる:0.7085610628128052
n は:0.6940031051635742
n い:0.665358304977417
n から:0.653213620185852
n それ:0.6526398658752441
n て:0.6444940567016602
n ところ:0.6255640983581543
n もの:0.6243882775306702
-------------------------------
サンプル 287-------
-------------------------------
サンプル 288-------
n の:0.7585116624832153
v いる:0.6959725022315979
n は:0.6916425228118896
n それ:0.6730069518089294
n もの:0.6592459678649902
n い:0.6557520627975464
n から:0.6510789394378662
n て:0.6503283977508545
v ある:0.640317440032959
v よう:0.640258252620697
v 見える:0.6379250288009644
-------------------------------
サンプル 289-------
n 山側:0.43320804834365845
n 西側:0.43059292435646057
n 南側:0.4305885434150696
n 斜面:0.4175311028957367
n 岸壁:0.4174780547618866
n 東側:0.41567733883857727
a 小高い:0.41212427616119385
n 乗場:0.40648263692855835
n 歩道:0.4003775119781494
n スロープ:0.3989805281162262
n 乗り場:0.3925982415676117
n 裏手:0.3922228515148163
-------------------------------
サンプル 290-------
n の:0.7601592540740967
n は:0.6904231309890747
v いる:0.6588040590286255
n から:0.658522367477417
n それ:0.649983286857605
n て:0.637912392616272
n い:0.6336894035339355
n もの:0.6293507218360901
a 白い:0.6270052790641785
-------------------------------
サンプル 291-------
a 青い:0.5952880382537842
a 丸い:0.5876518487930298
a 白い:0.5832718014717102
n 薄緑:0.568202018737793
n 木々:0.5543611645698547
n 銀色:0.553810715675354
n 緑色:0.5513681173324585
v 生い茂る:0.5416226983070374
-------------------------------
サンプル 292-------
n の:0.7757473587989807
n は:0.708582878112793
v いる:0.6811896562576294
n それ:0.6803073883056641
n から:0.6699627637863159
n もの:0.6544222831726074
n て:0.649090051651001
v よう:0.6468710899353027
n い:0.6452360153198242
v いう:0.6438751220703125
-------------------------------
サンプル 293-------
a 青い:0.5058242082595825
a 赤い:0.4875316321849823
a 黄色い:0.4840308725833893
a 黒い:0.4726318418979645
a 白い:0.4646104574203491
a 茶色い:0.4396994113922119
a でっかい:0.438660204410553
n 稲妻:0.4259113073348999
-------------------------------
サンプル 294-------
n の:0.7486621737480164
v いる:0.6980228424072266
n は:0.6795899868011475
n い:0.65526282787323
n から:0.6550475358963013
n て:0.6441987752914429
n それ:0.6410626173019409
v 見える:0.6395896673202515
-------------------------------
サンプル 295-------
n の:0.7481578588485718
n は:0.7119605541229248
n それ:0.697650134563446
n もの:0.6975193619728088
n から:0.6763285398483276
v いる:0.6744653582572937
n て:0.6685843467712402
n ところ:0.6552572846412659
v よう:0.6477737426757812
n い:0.6461377739906311
-------------------------------
サンプル 296-------
n の:0.756736159324646
v いる:0.695289134979248
n は:0.6929928064346313
n それ:0.6681424975395203
n て:0.6562095880508423
n い:0.6555100679397583
n もの:0.6504281759262085
n から:0.6500164270401001
v よう:0.6472322940826416
n ところ:0.6397339105606079
-------------------------------
サンプル 297-------
v いる:0.6148303151130676
n い:0.6147973537445068
n て:0.6033926010131836
n の:0.6024898290634155
n もの:0.6010990142822266
n カラフル:0.5890514850616455
n 緑色:0.5825451612472534
a 青い:0.5791884064674377
a 丸い:0.5745112299919128
-------------------------------
サンプル 298-------
n の:0.7504148483276367
n は:0.6917452216148376
v いる:0.6743741035461426
n それ:0.6665480136871338
n から:0.6549155712127686
n て:0.6462169289588928
n い:0.6397519111633301
v 見える:0.6356635689735413
-------------------------------
サンプル 299-------
-------------------------------
