サンプル 0-------
n の:0.757521390914917
n は:0.6866859197616577
v いる:0.685391902923584
n それ:0.6538200378417969
v ある:0.6401411294937134
v よう:0.6378549933433533
n て:0.6364147663116455
n い:0.6334114074707031
v いう:0.6269667148590088
n から:0.6262465119361877
-------------------------------
サンプル 1-------
n の:0.7693821787834167
n は:0.7041630744934082
v いる:0.694970428943634
n それ:0.672663688659668
n から:0.6554616689682007
v 見える:0.6529499888420105
n い:0.6510077118873596
n て:0.6506944298744202
n もの:0.6476658582687378
v ある:0.6430873870849609
v よう:0.640964925289154
-------------------------------
サンプル 2-------
n の:0.7596064805984497
n は:0.6947513818740845
v 見える:0.6791077852249146
n それ:0.6675065755844116
v よう:0.6499088406562805
n 確か:0.6490250825881958
n から:0.6465048789978027
v いる:0.6297869086265564
-------------------------------
サンプル 3-------
n の:0.7478737235069275
v いる:0.6818643808364868
n は:0.6746586561203003
v 見える:0.6558883786201477
n い:0.6411846876144409
a 白い:0.6374998092651367
n から:0.6360571384429932
n て:0.6329396367073059
n それ:0.632075309753418
a 黒い:0.6236122846603394
-------------------------------
サンプル 4-------
n 中央:0.3803369104862213
v 連なる:0.371968150138855
v 切り替わる:0.36623355746269226
n 向こう:0.36432814598083496
n 境:0.36105990409851074
-------------------------------
サンプル 5-------
n の:0.7529047727584839
n は:0.686827540397644
v いる:0.6840957403182983
n それ:0.6642210483551025
v 見える:0.6579412221908569
n もの:0.6481822729110718
n い:0.6416940093040466
v ある:0.6398143172264099
n から:0.6397395133972168
n て:0.638763964176178
v よう:0.6383559703826904
n 確か:0.6363701820373535
-------------------------------
サンプル 6-------
n の:0.6803308725357056
v いる:0.6583176255226135
v 見える:0.6386466026306152
n は:0.6253387928009033
v よう:0.624127209186554
n い:0.6161266565322876
n それ:0.6104459166526794
v みえる:0.6077635288238525
n か:0.5826891660690308
n 確か:0.5819844007492065
-------------------------------
サンプル 7-------
n の:0.7401112914085388
v いる:0.6960270404815674
n は:0.6766481399536133
n それ:0.6475017070770264
n から:0.6470696926116943
n い:0.6431081295013428
n て:0.6349239945411682
v 見える:0.6247248649597168
-------------------------------
サンプル 8-------
-------------------------------
サンプル 9-------
n の:0.7407702207565308
v いる:0.6866346597671509
n は:0.6842255592346191
n それ:0.6652354001998901
n から:0.6475112438201904
v 見える:0.6468636989593506
v よう:0.6465452909469604
n て:0.6384931206703186
n い:0.6381485462188721
n もの:0.6318671703338623
v いう:0.630752444267273
-------------------------------
サンプル 10-------
n の:0.7298386096954346
n は:0.6557472944259644
n それ:0.6394741535186768
v いる:0.6372944116592407
v ある:0.6291828155517578
n から:0.6268914341926575
n そこ:0.6262449026107788
n ところ:0.6246515512466431
v よう:0.6224470138549805
n 確か:0.608435332775116
-------------------------------
サンプル 11-------
n の:0.7521359324455261
v いる:0.6948482990264893
n は:0.6780040264129639
n い:0.6509856581687927
n それ:0.6427080631256104
n て:0.6406641602516174
n から:0.6379396915435791
a 白い:0.6295363306999207
a 青い:0.624057412147522
-------------------------------
サンプル 12-------
n イエロー:0.21426863968372345
n パープル:0.1985911875963211
-------------------------------
サンプル 13-------
n の:0.7671757936477661
n は:0.7022085189819336
n それ:0.6713441610336304
v いる:0.6669960021972656
n から:0.6516978740692139
n もの:0.640992283821106
n ところ:0.6349095106124878
n て:0.6345410346984863
v 見える:0.6299557685852051
-------------------------------
サンプル 14-------
n の:0.6487679481506348
v いる:0.6183324456214905
n 中:0.5955243110656738
n て:0.5948540568351746
n い:0.5919368863105774
n 風景:0.5899694561958313
n から:0.5892877578735352
n 人々:0.5888160467147827
n ところ:0.5763838887214661
n 人:0.5725864171981812
n 場所:0.5676054358482361
n もの:0.5663243532180786
-------------------------------
サンプル 15-------
n の:0.7372065782546997
v いる:0.682751476764679
n は:0.6825721263885498
n それ:0.6618158221244812
v 見える:0.6553692817687988
n い:0.6452962756156921
a 白い:0.6445136666297913
a 黒い:0.6393429040908813
n から:0.6374310255050659
n て:0.6369223594665527
a 丸い:0.6300026178359985
-------------------------------
サンプル 16-------
a かわいい:0.5013624429702759
n カワイイ:0.5011822581291199
n お洒落:0.49626821279525757
v くつろぐ:0.4869728684425354
n おしゃれ:0.4835757613182068
n 女の子:0.48353180289268494
v 見る:0.48029667139053345
n 写真:0.47990524768829346
-------------------------------
サンプル 17-------
n の:0.7589152455329895
n は:0.6979949474334717
v いる:0.6821885108947754
n それ:0.6703221201896667
n から:0.6609770655632019
n て:0.645100474357605
n い:0.6448551416397095
v 見える:0.6424408555030823
-------------------------------
サンプル 18-------
n 日当たり:0.23708456754684448
n 荒地:0.23403191566467285
-------------------------------
サンプル 19-------
n の:0.7500768899917603
n は:0.6729621887207031
v いる:0.6702612638473511
v 見える:0.6579296588897705
a 白い:0.6471675634384155
n から:0.6433990001678467
n それ:0.638657808303833
a 青い:0.635919451713562
a 黒い:0.6330088376998901
n い:0.6317561864852905
n て:0.6264556050300598
a 丸い:0.6245337724685669
-------------------------------
サンプル 20-------
v 見える:0.6805302500724792
v みえる:0.6460102796554565
n の:0.6330764293670654
a 茶色い:0.6281378865242004
n 見え:0.6104581356048584
a 丸い:0.6095404028892517
a 白い:0.6063008308410645
a 黒い:0.6057025194168091
v 写る:0.5953692197799683
v 見上げる:0.5904635787010193
n 確か:0.5873202681541443
v ある:0.5832375288009644
a 青い:0.5789260864257812
-------------------------------
サンプル 21-------
n の:0.7508125305175781
n は:0.6915340423583984
n それ:0.6819660663604736
v よう:0.6688899993896484
v いる:0.6659033894538879
n もの:0.6604283452033997
v 見える:0.6516289710998535
n から:0.6481064558029175
n て:0.64055335521698
-------------------------------
サンプル 22-------
-------------------------------
サンプル 23-------
n の:0.7566558122634888
n は:0.6948353052139282
v いる:0.6752421259880066
n それ:0.6658267974853516
n から:0.6485494375228882
v よう:0.6379261612892151
n ところ:0.6370285749435425
n て:0.636090099811554
n い:0.6358309388160706
n そこ:0.6344038248062134
v 見える:0.6329669952392578
-------------------------------
サンプル 24-------
v 亡くなる:0.25658413767814636
-------------------------------
サンプル 25-------
n の:0.7588244080543518
n は:0.6981558799743652
v いる:0.6972557306289673
n それ:0.6751293540000916
n い:0.6577895879745483
n から:0.6557441353797913
n て:0.6509775519371033
n もの:0.6455574035644531
v いう:0.6416136026382446
n ところ:0.6387381553649902
-------------------------------
サンプル 26-------
v いる:0.734778881072998
n の:0.7246462106704712
n い:0.6729975342750549
n は:0.6672989130020142
n それ:0.6646878719329834
n て:0.6510143280029297
n から:0.6272077560424805
n もの:0.6111534237861633
-------------------------------
サンプル 27-------
n の:0.7467430830001831
v いる:0.6881115436553955
n は:0.6846362352371216
n い:0.653444766998291
n それ:0.6509700417518616
n て:0.636462390422821
n から:0.6358715295791626
n もの:0.6257208585739136
-------------------------------
サンプル 28-------
n の:0.6417135000228882
a 青い:0.612041175365448
a 白い:0.6114872694015503
n 向こう側:0.6010227799415588
n は:0.5934498310089111
v 見上げる:0.5924308896064758
v 見える:0.5914498567581177
n から:0.5874612331390381
v 向う:0.5871868133544922
v 歩く:0.584135115146637
n ところ:0.5836392045021057
v 横切る:0.5833948850631714
-------------------------------
サンプル 29-------
n の:0.7603212594985962
n は:0.6958875060081482
v いる:0.688731849193573
n それ:0.667839527130127
n から:0.6604455709457397
n い:0.6463037729263306
v ある:0.6453410983085632
n もの:0.6433700323104858
n ところ:0.6406724452972412
n て:0.639984130859375
n そこ:0.6334146857261658
-------------------------------
サンプル 30-------
n の:0.7226921916007996
n は:0.6551492214202881
v 見える:0.6537008881568909
v いる:0.6479260921478271
n から:0.6326203346252441
a 丸い:0.6233099699020386
n それ:0.6199812889099121
n 向こう側:0.619056224822998
n ところ:0.612933874130249
v ある:0.611473798751831
v 見下ろす:0.6109945774078369
-------------------------------
サンプル 31-------
n の:0.7640712261199951
n は:0.6913034915924072
v いる:0.6820935010910034
n それ:0.6579293608665466
v 見える:0.6495876312255859
n から:0.6443353891372681
n い:0.6399171352386475
a 白い:0.6397055387496948
n て:0.6340138912200928
v ある:0.633094310760498
-------------------------------
サンプル 32-------
-------------------------------
サンプル 33-------
n の:0.7542321681976318
n は:0.6934423446655273
v いる:0.6793566942214966
n それ:0.6668419241905212
n から:0.644760251045227
n て:0.6428967714309692
v よう:0.6421029567718506
n い:0.6383938193321228
v 見える:0.6361575126647949
v いう:0.6341589689254761
-------------------------------
サンプル 34-------
v いる:0.5292413234710693
n 緑色:0.4945265054702759
n い:0.4818747043609619
a 白い:0.4715580344200134
a 青い:0.47039318084716797
n 赤色:0.468976229429245
a 赤い:0.46756166219711304
a 黒い:0.46528923511505127
v ある:0.4607945680618286
v 見える:0.4560885429382324
a 黄色い:0.4552012085914612
n 真上:0.4545261561870575
n 頭上:0.4527081847190857
n 黄色:0.45011648535728455
v 見上げる:0.4495905637741089
-------------------------------
サンプル 35-------
n の:0.7703402042388916
n は:0.6998942494392395
v いる:0.6714158654212952
n から:0.6578161716461182
n それ:0.6557436585426331
v 見える:0.643635630607605
n て:0.6394857168197632
n い:0.6355189681053162
v ある:0.6305618286132812
-------------------------------
サンプル 36-------
v いる:0.5990011096000671
n それ:0.5812656879425049
v よう:0.5474840998649597
n てる:0.5431325435638428
n い:0.5426667928695679
v 言う:0.541211724281311
n そこ:0.540809154510498
v そう:0.5403499603271484
n もの:0.539237380027771
n て:0.5377246141433716
-------------------------------
サンプル 37-------
n の:0.7513478994369507
n は:0.6869748830795288
v いる:0.6773678064346313
n それ:0.6616647243499756
v 見える:0.6414432525634766
n から:0.6405367851257324
n い:0.6388295888900757
n て:0.6374837160110474
n もの:0.632615864276886
-------------------------------
サンプル 38-------
n 胴体:0.4242132902145386
n 縦長:0.41573697328567505
n 細線:0.41316723823547363
n 蛍光:0.4123836159706116
n 直径:0.4083807170391083
n 網目:0.40637627243995667
n 黒色:0.4061671197414398
n サイズ:0.4061385989189148
a 太い:0.4055934548377991
n 赤色:0.405279278755188
n 幅広:0.39940571784973145
n 扁平:0.3957138657569885
n 肌色:0.3930433988571167
n 太め:0.3896551728248596
-------------------------------
サンプル 39-------
n の:0.751179575920105
v いる:0.6832082271575928
n は:0.676817774772644
n それ:0.6453397274017334
n い:0.6426401734352112
n から:0.6357207894325256
n て:0.6338121294975281
v 見える:0.6315665245056152
-------------------------------
サンプル 40-------
n の:0.7452168464660645
n は:0.6904371976852417
v いる:0.6845219135284424
n それ:0.6680444478988647
n もの:0.6632246971130371
n て:0.6565779447555542
n い:0.6478842496871948
v よう:0.6415771245956421
n から:0.6390435695648193
-------------------------------
サンプル 41-------
n の:0.7525018453598022
n は:0.6950865387916565
n それ:0.6763355135917664
n もの:0.66761314868927
v よう:0.6583647727966309
v いる:0.6568941473960876
n から:0.6483709812164307
n て:0.6457980275154114
v 見える:0.6353875398635864
n ところ:0.6344721913337708
v いう:0.6302402019500732
-------------------------------
サンプル 42-------
n の:0.7488868832588196
n は:0.6804876327514648
v いる:0.6613664627075195
n もの:0.6449897289276123
v 見える:0.6312724947929382
n い:0.6265273690223694
a 青い:0.623965859413147
a 黒い:0.6231235265731812
a 白い:0.6213992834091187
n それ:0.6178569197654724
n から:0.6171075105667114
v ある:0.6164392828941345
-------------------------------
サンプル 43-------
n の:0.7554948925971985
n は:0.687060534954071
v いる:0.6680516004562378
v 見える:0.6457098722457886
n から:0.644049882888794
n それ:0.6372900009155273
n い:0.6279940605163574
v ある:0.6279630661010742
a 青い:0.6257523894309998
-------------------------------
サンプル 44-------
a 黒い:0.4237428903579712
v いる:0.4164315462112427
v ある:0.4062999486923218
n 金色:0.40443289279937744
-------------------------------
サンプル 45-------
n の:0.7498030662536621
n は:0.6921724081039429
v いる:0.6833696365356445
n それ:0.6741193532943726
v よう:0.6666982173919678
n もの:0.6609640121459961
v いう:0.645258903503418
n い:0.6409335136413574
n て:0.637805700302124
n から:0.6369059681892395
v ある:0.633904218673706
-------------------------------
サンプル 46-------
v いる:0.5375249981880188
n い:0.4844602346420288
n 中:0.44483181834220886
n 海:0.4357813000679016
a 青い:0.43314170837402344
n の:0.43136265873908997
n 海岸:0.41054290533065796
n 浜辺:0.405147910118103
n たち:0.4008239507675171
-------------------------------
サンプル 47-------
n の:0.7663059830665588
v いる:0.6982099413871765
n は:0.6901310086250305
n い:0.6593465805053711
n から:0.6585639715194702
n それ:0.6488764882087708
n て:0.6473296880722046
a 白い:0.6273818016052246
n ところ:0.6255103349685669
-------------------------------
サンプル 48-------
n 武力:0.11737877130508423
-------------------------------
サンプル 49-------
n の:0.7700716257095337
n は:0.6968976259231567
v いる:0.6951309442520142
n それ:0.6720944046974182
n い:0.6562068462371826
n もの:0.6556606292724609
n から:0.6541306972503662
n て:0.6525523662567139
v ある:0.6467411518096924
v よう:0.6431111097335815
v いう:0.6390340328216553
-------------------------------
サンプル 50-------
n 都農:0.23265177011489868
n 朝市:0.19168803095817566
n 東浦:0.1868627965450287
n 日赤:0.18509720265865326
-------------------------------
サンプル 51-------
n の:0.7537670135498047
n は:0.6800537109375
v いる:0.6665483117103577
n から:0.6504675149917603
n それ:0.6477998495101929
n い:0.6347211599349976
n て:0.6344733238220215
a 白い:0.6334056258201599
v 見える:0.6288025379180908
-------------------------------
サンプル 52-------
n アダプタ:0.004210241138935089
n モデム:0.0019314996898174286
n 配線:0.001491691917181015
-------------------------------
サンプル 53-------
n の:0.7680015563964844
n は:0.7001481652259827
v いる:0.693376898765564
n それ:0.672947883605957
n もの:0.6615012884140015
n から:0.6568713188171387
n い:0.6523710489273071
n て:0.6483450531959534
v いう:0.6410164833068848
v よう:0.6409963369369507
-------------------------------
サンプル 54-------
n 右側:0.5897324085235596
n 左側:0.588937520980835
n 手前:0.5586839318275452
n 向こう側:0.5548138618469238
n 左端:0.5364928245544434
n 真下:0.5343930125236511
n 右端:0.5330299735069275
n 向かい側:0.5306983590126038
n 後ろ:0.5280134081840515
-------------------------------
サンプル 55-------
n の:0.7468165159225464
v いる:0.6973644495010376
n は:0.6821165084838867
n から:0.6541793942451477
n それ:0.6523889899253845
n い:0.650941014289856
n て:0.6448575258255005
v 見える:0.6425401568412781
-------------------------------
サンプル 56-------
v いる:0.6510422229766846
n い:0.6077382564544678
n もの:0.6038051843643188
n の:0.6010713577270508
n それ:0.5894756317138672
n て:0.571702241897583
v よう:0.5662199258804321
n 多く:0.5648346543312073
n は:0.5625050067901611
n 緑色:0.5536549091339111
-------------------------------
サンプル 57-------
n の:0.7600252628326416
n は:0.7007319927215576
v いる:0.6985169649124146
n それ:0.6623578667640686
n い:0.6591336727142334
n て:0.6570513248443604
n から:0.6547163724899292
n ところ:0.6515804529190063
n もの:0.6487077474594116
-------------------------------
サンプル 58-------
n の:0.7373038530349731
v いる:0.6985651254653931
n は:0.6726027727127075
n い:0.6681291460990906
n それ:0.6353793144226074
n て:0.6288497447967529
n もの:0.628402054309845
-------------------------------
サンプル 59-------
n の:0.7617421746253967
n は:0.7016170620918274
v いる:0.6834847331047058
n それ:0.6605504751205444
n から:0.6550707817077637
n て:0.6489747166633606
n い:0.6464967727661133
-------------------------------
サンプル 60-------
n の:0.757521390914917
n は:0.6866859197616577
v いる:0.685391902923584
n それ:0.6538200378417969
v ある:0.6401411294937134
v よう:0.6378549933433533
n て:0.6364147663116455
n い:0.6334114074707031
v いう:0.6269667148590088
n から:0.6262465119361877
-------------------------------
サンプル 61-------
n の:0.7693821787834167
n は:0.7041630744934082
v いる:0.694970428943634
n それ:0.672663688659668
n から:0.6554616689682007
v 見える:0.6529499888420105
n い:0.6510077118873596
n て:0.6506944298744202
n もの:0.6476658582687378
v ある:0.6430873870849609
v よう:0.640964925289154
-------------------------------
サンプル 62-------
n の:0.7596064805984497
n は:0.6947513818740845
v 見える:0.6791077852249146
n それ:0.6675065755844116
v よう:0.6499088406562805
n 確か:0.6490250825881958
n から:0.6465048789978027
v いる:0.6297869086265564
-------------------------------
サンプル 63-------
n の:0.7478737235069275
v いる:0.6818643808364868
n は:0.6746586561203003
v 見える:0.6558883786201477
n い:0.6411846876144409
a 白い:0.6374998092651367
n から:0.6360571384429932
n て:0.6329396367073059
n それ:0.632075309753418
a 黒い:0.6236122846603394
-------------------------------
サンプル 64-------
n 中央:0.3803369104862213
v 連なる:0.371968150138855
v 切り替わる:0.36623355746269226
n 向こう:0.36432814598083496
n 境:0.36105990409851074
-------------------------------
サンプル 65-------
n の:0.7529047727584839
n は:0.686827540397644
v いる:0.6840957403182983
n それ:0.6642210483551025
v 見える:0.6579412221908569
n もの:0.6481822729110718
n い:0.6416940093040466
v ある:0.6398143172264099
n から:0.6397395133972168
n て:0.638763964176178
v よう:0.6383559703826904
n 確か:0.6363701820373535
-------------------------------
サンプル 66-------
n の:0.6803308725357056
v いる:0.6583176255226135
v 見える:0.6386466026306152
n は:0.6253387928009033
v よう:0.624127209186554
n い:0.6161266565322876
n それ:0.6104459166526794
v みえる:0.6077635288238525
n か:0.5826891660690308
n 確か:0.5819844007492065
-------------------------------
サンプル 67-------
n の:0.7401112914085388
v いる:0.6960270404815674
n は:0.6766481399536133
n それ:0.6475017070770264
n から:0.6470696926116943
n い:0.6431081295013428
n て:0.6349239945411682
v 見える:0.6247248649597168
-------------------------------
サンプル 68-------
-------------------------------
サンプル 69-------
n の:0.7407702207565308
v いる:0.6866346597671509
n は:0.6842255592346191
n それ:0.6652354001998901
n から:0.6475112438201904
v 見える:0.6468636989593506
v よう:0.6465452909469604
n て:0.6384931206703186
n い:0.6381485462188721
n もの:0.6318671703338623
v いう:0.630752444267273
-------------------------------
サンプル 70-------
n の:0.7298386096954346
n は:0.6557472944259644
n それ:0.6394741535186768
v いる:0.6372944116592407
v ある:0.6291828155517578
n から:0.6268914341926575
n そこ:0.6262449026107788
n ところ:0.6246515512466431
v よう:0.6224470138549805
n 確か:0.608435332775116
-------------------------------
サンプル 71-------
n の:0.7521359324455261
v いる:0.6948482990264893
n は:0.6780040264129639
n い:0.6509856581687927
n それ:0.6427080631256104
n て:0.6406641602516174
n から:0.6379396915435791
a 白い:0.6295363306999207
a 青い:0.624057412147522
-------------------------------
サンプル 72-------
n イエロー:0.21426863968372345
n パープル:0.1985911875963211
-------------------------------
サンプル 73-------
n の:0.7671757936477661
n は:0.7022085189819336
n それ:0.6713441610336304
v いる:0.6669960021972656
n から:0.6516978740692139
n もの:0.640992283821106
n ところ:0.6349095106124878
n て:0.6345410346984863
v 見える:0.6299557685852051
-------------------------------
サンプル 74-------
n の:0.6487679481506348
v いる:0.6183324456214905
n 中:0.5955243110656738
n て:0.5948540568351746
n い:0.5919368863105774
n 風景:0.5899694561958313
n から:0.5892877578735352
n 人々:0.5888160467147827
n ところ:0.5763838887214661
n 人:0.5725864171981812
n 場所:0.5676054358482361
n もの:0.5663243532180786
-------------------------------
サンプル 75-------
n の:0.7372065782546997
v いる:0.682751476764679
n は:0.6825721263885498
n それ:0.6618158221244812
v 見える:0.6553692817687988
n い:0.6452962756156921
a 白い:0.6445136666297913
a 黒い:0.6393429040908813
n から:0.6374310255050659
n て:0.6369223594665527
a 丸い:0.6300026178359985
-------------------------------
サンプル 76-------
a かわいい:0.5013624429702759
n カワイイ:0.5011822581291199
n お洒落:0.49626821279525757
v くつろぐ:0.4869728684425354
n おしゃれ:0.4835757613182068
n 女の子:0.48353180289268494
v 見る:0.48029667139053345
n 写真:0.47990524768829346
-------------------------------
サンプル 77-------
n の:0.7589152455329895
n は:0.6979949474334717
v いる:0.6821885108947754
n それ:0.6703221201896667
n から:0.6609770655632019
n て:0.645100474357605
n い:0.6448551416397095
v 見える:0.6424408555030823
-------------------------------
サンプル 78-------
n 日当たり:0.23708456754684448
n 荒地:0.23403191566467285
-------------------------------
サンプル 79-------
n の:0.7500768899917603
n は:0.6729621887207031
v いる:0.6702612638473511
v 見える:0.6579296588897705
a 白い:0.6471675634384155
n から:0.6433990001678467
n それ:0.638657808303833
a 青い:0.635919451713562
a 黒い:0.6330088376998901
n い:0.6317561864852905
n て:0.6264556050300598
a 丸い:0.6245337724685669
-------------------------------
サンプル 80-------
v 見える:0.6805302500724792
v みえる:0.6460102796554565
n の:0.6330764293670654
a 茶色い:0.6281378865242004
n 見え:0.6104581356048584
a 丸い:0.6095404028892517
a 白い:0.6063008308410645
a 黒い:0.6057025194168091
v 写る:0.5953692197799683
v 見上げる:0.5904635787010193
n 確か:0.5873202681541443
v ある:0.5832375288009644
a 青い:0.5789260864257812
-------------------------------
サンプル 81-------
n の:0.7508125305175781
n は:0.6915340423583984
n それ:0.6819660663604736
v よう:0.6688899993896484
v いる:0.6659033894538879
n もの:0.6604283452033997
v 見える:0.6516289710998535
n から:0.6481064558029175
n て:0.64055335521698
-------------------------------
サンプル 82-------
-------------------------------
サンプル 83-------
n の:0.7566558122634888
n は:0.6948353052139282
v いる:0.6752421259880066
n それ:0.6658267974853516
n から:0.6485494375228882
v よう:0.6379261612892151
n ところ:0.6370285749435425
n て:0.636090099811554
n い:0.6358309388160706
n そこ:0.6344038248062134
v 見える:0.6329669952392578
-------------------------------
サンプル 84-------
v 亡くなる:0.25658413767814636
-------------------------------
サンプル 85-------
n の:0.7588244080543518
n は:0.6981558799743652
v いる:0.6972557306289673
n それ:0.6751293540000916
n い:0.6577895879745483
n から:0.6557441353797913
n て:0.6509775519371033
n もの:0.6455574035644531
v いう:0.6416136026382446
n ところ:0.6387381553649902
-------------------------------
サンプル 86-------
v いる:0.734778881072998
n の:0.7246462106704712
n い:0.6729975342750549
n は:0.6672989130020142
n それ:0.6646878719329834
n て:0.6510143280029297
n から:0.6272077560424805
n もの:0.6111534237861633
-------------------------------
サンプル 87-------
n の:0.7467430830001831
v いる:0.6881115436553955
n は:0.6846362352371216
n い:0.653444766998291
n それ:0.6509700417518616
n て:0.636462390422821
n から:0.6358715295791626
n もの:0.6257208585739136
-------------------------------
サンプル 88-------
n の:0.6417135000228882
a 青い:0.612041175365448
a 白い:0.6114872694015503
n 向こう側:0.6010227799415588
n は:0.5934498310089111
v 見上げる:0.5924308896064758
v 見える:0.5914498567581177
n から:0.5874612331390381
v 向う:0.5871868133544922
v 歩く:0.584135115146637
n ところ:0.5836392045021057
v 横切る:0.5833948850631714
-------------------------------
サンプル 89-------
n の:0.7603212594985962
n は:0.6958875060081482
v いる:0.688731849193573
n それ:0.667839527130127
n から:0.6604455709457397
n い:0.6463037729263306
v ある:0.6453410983085632
n もの:0.6433700323104858
n ところ:0.6406724452972412
n て:0.639984130859375
n そこ:0.6334146857261658
-------------------------------
サンプル 90-------
n の:0.7226921916007996
n は:0.6551492214202881
v 見える:0.6537008881568909
v いる:0.6479260921478271
n から:0.6326203346252441
a 丸い:0.6233099699020386
n それ:0.6199812889099121
n 向こう側:0.619056224822998
n ところ:0.612933874130249
v ある:0.611473798751831
v 見下ろす:0.6109945774078369
-------------------------------
サンプル 91-------
n の:0.7640712261199951
n は:0.6913034915924072
v いる:0.6820935010910034
n それ:0.6579293608665466
v 見える:0.6495876312255859
n から:0.6443353891372681
n い:0.6399171352386475
a 白い:0.6397055387496948
n て:0.6340138912200928
v ある:0.633094310760498
-------------------------------
サンプル 92-------
-------------------------------
サンプル 93-------
n の:0.7542321681976318
n は:0.6934423446655273
v いる:0.6793566942214966
n それ:0.6668419241905212
n から:0.644760251045227
n て:0.6428967714309692
v よう:0.6421029567718506
n い:0.6383938193321228
v 見える:0.6361575126647949
v いう:0.6341589689254761
-------------------------------
サンプル 94-------
v いる:0.5292413234710693
n 緑色:0.4945265054702759
n い:0.4818747043609619
a 白い:0.4715580344200134
a 青い:0.47039318084716797
n 赤色:0.468976229429245
a 赤い:0.46756166219711304
a 黒い:0.46528923511505127
v ある:0.4607945680618286
v 見える:0.4560885429382324
a 黄色い:0.4552012085914612
n 真上:0.4545261561870575
n 頭上:0.4527081847190857
n 黄色:0.45011648535728455
v 見上げる:0.4495905637741089
-------------------------------
サンプル 95-------
n の:0.7703402042388916
n は:0.6998942494392395
v いる:0.6714158654212952
n から:0.6578161716461182
n それ:0.6557436585426331
v 見える:0.643635630607605
n て:0.6394857168197632
n い:0.6355189681053162
v ある:0.6305618286132812
-------------------------------
サンプル 96-------
v いる:0.5990011096000671
n それ:0.5812656879425049
v よう:0.5474840998649597
n てる:0.5431325435638428
n い:0.5426667928695679
v 言う:0.541211724281311
n そこ:0.540809154510498
v そう:0.5403499603271484
n もの:0.539237380027771
n て:0.5377246141433716
-------------------------------
サンプル 97-------
n の:0.7513478994369507
n は:0.6869748830795288
v いる:0.6773678064346313
n それ:0.6616647243499756
v 見える:0.6414432525634766
n から:0.6405367851257324
n い:0.6388295888900757
n て:0.6374837160110474
n もの:0.632615864276886
-------------------------------
サンプル 98-------
n 胴体:0.4242132902145386
n 縦長:0.41573697328567505
n 細線:0.41316723823547363
n 蛍光:0.4123836159706116
n 直径:0.4083807170391083
n 網目:0.40637627243995667
n 黒色:0.4061671197414398
n サイズ:0.4061385989189148
a 太い:0.4055934548377991
n 赤色:0.405279278755188
n 幅広:0.39940571784973145
n 扁平:0.3957138657569885
n 肌色:0.3930433988571167
n 太め:0.3896551728248596
-------------------------------
サンプル 99-------
n の:0.751179575920105
v いる:0.6832082271575928
n は:0.676817774772644
n それ:0.6453397274017334
n い:0.6426401734352112
n から:0.6357207894325256
n て:0.6338121294975281
v 見える:0.6315665245056152
-------------------------------
サンプル 100-------
n の:0.7452168464660645
n は:0.6904371976852417
v いる:0.6845219135284424
n それ:0.6680444478988647
n もの:0.6632246971130371
n て:0.6565779447555542
n い:0.6478842496871948
v よう:0.6415771245956421
n から:0.6390435695648193
-------------------------------
サンプル 101-------
n の:0.7525018453598022
n は:0.6950865387916565
n それ:0.6763355135917664
n もの:0.66761314868927
v よう:0.6583647727966309
v いる:0.6568941473960876
n から:0.6483709812164307
n て:0.6457980275154114
v 見える:0.6353875398635864
n ところ:0.6344721913337708
v いう:0.6302402019500732
-------------------------------
サンプル 102-------
n の:0.7488868832588196
n は:0.6804876327514648
v いる:0.6613664627075195
n もの:0.6449897289276123
v 見える:0.6312724947929382
n い:0.6265273690223694
a 青い:0.623965859413147
a 黒い:0.6231235265731812
a 白い:0.6213992834091187
n それ:0.6178569197654724
n から:0.6171075105667114
v ある:0.6164392828941345
-------------------------------
サンプル 103-------
n の:0.7554948925971985
n は:0.687060534954071
v いる:0.6680516004562378
v 見える:0.6457098722457886
n から:0.644049882888794
n それ:0.6372900009155273
n い:0.6279940605163574
v ある:0.6279630661010742
a 青い:0.6257523894309998
-------------------------------
サンプル 104-------
a 黒い:0.4237428903579712
v いる:0.4164315462112427
v ある:0.4062999486923218
n 金色:0.40443289279937744
-------------------------------
サンプル 105-------
n の:0.7498030662536621
n は:0.6921724081039429
v いる:0.6833696365356445
n それ:0.6741193532943726
v よう:0.6666982173919678
n もの:0.6609640121459961
v いう:0.645258903503418
n い:0.6409335136413574
n て:0.637805700302124
n から:0.6369059681892395
v ある:0.633904218673706
-------------------------------
サンプル 106-------
v いる:0.5375249981880188
n い:0.4844602346420288
n 中:0.44483181834220886
n 海:0.4357813000679016
a 青い:0.43314170837402344
n の:0.43136265873908997
n 海岸:0.41054290533065796
n 浜辺:0.405147910118103
n たち:0.4008239507675171
-------------------------------
サンプル 107-------
n の:0.7663059830665588
v いる:0.6982099413871765
n は:0.6901310086250305
n い:0.6593465805053711
n から:0.6585639715194702
n それ:0.6488764882087708
n て:0.6473296880722046
a 白い:0.6273818016052246
n ところ:0.6255103349685669
-------------------------------
サンプル 108-------
n 武力:0.11737877130508423
-------------------------------
サンプル 109-------
n の:0.7700716257095337
n は:0.6968976259231567
v いる:0.6951309442520142
n それ:0.6720944046974182
n い:0.6562068462371826
n もの:0.6556606292724609
n から:0.6541306972503662
n て:0.6525523662567139
v ある:0.6467411518096924
v よう:0.6431111097335815
v いう:0.6390340328216553
-------------------------------
サンプル 110-------
n 都農:0.23265177011489868
n 朝市:0.19168803095817566
n 東浦:0.1868627965450287
n 日赤:0.18509720265865326
-------------------------------
サンプル 111-------
n の:0.7537670135498047
n は:0.6800537109375
v いる:0.6665483117103577
n から:0.6504675149917603
n それ:0.6477998495101929
n い:0.6347211599349976
n て:0.6344733238220215
a 白い:0.6334056258201599
v 見える:0.6288025379180908
-------------------------------
サンプル 112-------
n アダプタ:0.004210241138935089
n モデム:0.0019314996898174286
n 配線:0.001491691917181015
-------------------------------
サンプル 113-------
n の:0.7680015563964844
n は:0.7001481652259827
v いる:0.693376898765564
n それ:0.672947883605957
n もの:0.6615012884140015
n から:0.6568713188171387
n い:0.6523710489273071
n て:0.6483450531959534
v いう:0.6410164833068848
v よう:0.6409963369369507
-------------------------------
サンプル 114-------
n 右側:0.5897324085235596
n 左側:0.588937520980835
n 手前:0.5586839318275452
n 向こう側:0.5548138618469238
n 左端:0.5364928245544434
n 真下:0.5343930125236511
n 右端:0.5330299735069275
n 向かい側:0.5306983590126038
n 後ろ:0.5280134081840515
-------------------------------
サンプル 115-------
n の:0.7468165159225464
v いる:0.6973644495010376
n は:0.6821165084838867
n から:0.6541793942451477
n それ:0.6523889899253845
n い:0.650941014289856
n て:0.6448575258255005
v 見える:0.6425401568412781
-------------------------------
サンプル 116-------
v いる:0.6510422229766846
n い:0.6077382564544678
n もの:0.6038051843643188
n の:0.6010713577270508
n それ:0.5894756317138672
n て:0.571702241897583
v よう:0.5662199258804321
n 多く:0.5648346543312073
n は:0.5625050067901611
n 緑色:0.5536549091339111
-------------------------------
サンプル 117-------
n の:0.7600252628326416
n は:0.7007319927215576
v いる:0.6985169649124146
n それ:0.6623578667640686
n い:0.6591336727142334
n て:0.6570513248443604
n から:0.6547163724899292
n ところ:0.6515804529190063
n もの:0.6487077474594116
-------------------------------
サンプル 118-------
n の:0.7373038530349731
v いる:0.6985651254653931
n は:0.6726027727127075
n い:0.6681291460990906
n それ:0.6353793144226074
n て:0.6288497447967529
n もの:0.628402054309845
-------------------------------
サンプル 119-------
n の:0.7617421746253967
n は:0.7016170620918274
v いる:0.6834847331047058
n それ:0.6605504751205444
n から:0.6550707817077637
n て:0.6489747166633606
n い:0.6464967727661133
-------------------------------
サンプル 120-------
n の:0.757521390914917
n は:0.6866859197616577
v いる:0.685391902923584
n それ:0.6538200378417969
v ある:0.6401411294937134
v よう:0.6378549933433533
n て:0.6364147663116455
n い:0.6334114074707031
v いう:0.6269667148590088
n から:0.6262465119361877
-------------------------------
サンプル 121-------
n の:0.7693821787834167
n は:0.7041630744934082
v いる:0.694970428943634
n それ:0.672663688659668
n から:0.6554616689682007
v 見える:0.6529499888420105
n い:0.6510077118873596
n て:0.6506944298744202
n もの:0.6476658582687378
v ある:0.6430873870849609
v よう:0.640964925289154
-------------------------------
サンプル 122-------
n の:0.7596064805984497
n は:0.6947513818740845
v 見える:0.6791077852249146
n それ:0.6675065755844116
v よう:0.6499088406562805
n 確か:0.6490250825881958
n から:0.6465048789978027
v いる:0.6297869086265564
-------------------------------
サンプル 123-------
n の:0.7478737235069275
v いる:0.6818643808364868
n は:0.6746586561203003
v 見える:0.6558883786201477
n い:0.6411846876144409
a 白い:0.6374998092651367
n から:0.6360571384429932
n て:0.6329396367073059
n それ:0.632075309753418
a 黒い:0.6236122846603394
-------------------------------
サンプル 124-------
n 中央:0.3803369104862213
v 連なる:0.371968150138855
v 切り替わる:0.36623355746269226
n 向こう:0.36432814598083496
n 境:0.36105990409851074
-------------------------------
サンプル 125-------
n の:0.7529047727584839
n は:0.686827540397644
v いる:0.6840957403182983
n それ:0.6642210483551025
v 見える:0.6579412221908569
n もの:0.6481822729110718
n い:0.6416940093040466
v ある:0.6398143172264099
n から:0.6397395133972168
n て:0.638763964176178
v よう:0.6383559703826904
n 確か:0.6363701820373535
-------------------------------
サンプル 126-------
n の:0.6803308725357056
v いる:0.6583176255226135
v 見える:0.6386466026306152
n は:0.6253387928009033
v よう:0.624127209186554
n い:0.6161266565322876
n それ:0.6104459166526794
v みえる:0.6077635288238525
n か:0.5826891660690308
n 確か:0.5819844007492065
-------------------------------
サンプル 127-------
n の:0.7401112914085388
v いる:0.6960270404815674
n は:0.6766481399536133
n それ:0.6475017070770264
n から:0.6470696926116943
n い:0.6431081295013428
n て:0.6349239945411682
v 見える:0.6247248649597168
-------------------------------
サンプル 128-------
-------------------------------
サンプル 129-------
n の:0.7407702207565308
v いる:0.6866346597671509
n は:0.6842255592346191
n それ:0.6652354001998901
n から:0.6475112438201904
v 見える:0.6468636989593506
v よう:0.6465452909469604
n て:0.6384931206703186
n い:0.6381485462188721
n もの:0.6318671703338623
v いう:0.630752444267273
-------------------------------
サンプル 130-------
n の:0.7298386096954346
n は:0.6557472944259644
n それ:0.6394741535186768
v いる:0.6372944116592407
v ある:0.6291828155517578
n から:0.6268914341926575
n そこ:0.6262449026107788
n ところ:0.6246515512466431
v よう:0.6224470138549805
n 確か:0.608435332775116
-------------------------------
サンプル 131-------
n の:0.7521359324455261
v いる:0.6948482990264893
n は:0.6780040264129639
n い:0.6509856581687927
n それ:0.6427080631256104
n て:0.6406641602516174
n から:0.6379396915435791
a 白い:0.6295363306999207
a 青い:0.624057412147522
-------------------------------
サンプル 132-------
n イエロー:0.21426863968372345
n パープル:0.1985911875963211
-------------------------------
サンプル 133-------
n の:0.7671757936477661
n は:0.7022085189819336
n それ:0.6713441610336304
v いる:0.6669960021972656
n から:0.6516978740692139
n もの:0.640992283821106
n ところ:0.6349095106124878
n て:0.6345410346984863
v 見える:0.6299557685852051
-------------------------------
サンプル 134-------
n の:0.6487679481506348
v いる:0.6183324456214905
n 中:0.5955243110656738
n て:0.5948540568351746
n い:0.5919368863105774
n 風景:0.5899694561958313
n から:0.5892877578735352
n 人々:0.5888160467147827
n ところ:0.5763838887214661
n 人:0.5725864171981812
n 場所:0.5676054358482361
n もの:0.5663243532180786
-------------------------------
サンプル 135-------
n の:0.7372065782546997
v いる:0.682751476764679
n は:0.6825721263885498
n それ:0.6618158221244812
v 見える:0.6553692817687988
n い:0.6452962756156921
a 白い:0.6445136666297913
a 黒い:0.6393429040908813
n から:0.6374310255050659
n て:0.6369223594665527
a 丸い:0.6300026178359985
-------------------------------
サンプル 136-------
a かわいい:0.5013624429702759
n カワイイ:0.5011822581291199
n お洒落:0.49626821279525757
v くつろぐ:0.4869728684425354
n おしゃれ:0.4835757613182068
n 女の子:0.48353180289268494
v 見る:0.48029667139053345
n 写真:0.47990524768829346
-------------------------------
サンプル 137-------
n の:0.7589152455329895
n は:0.6979949474334717
v いる:0.6821885108947754
n それ:0.6703221201896667
n から:0.6609770655632019
n て:0.645100474357605
n い:0.6448551416397095
v 見える:0.6424408555030823
-------------------------------
サンプル 138-------
n 日当たり:0.23708456754684448
n 荒地:0.23403191566467285
-------------------------------
サンプル 139-------
n の:0.7500768899917603
n は:0.6729621887207031
v いる:0.6702612638473511
v 見える:0.6579296588897705
a 白い:0.6471675634384155
n から:0.6433990001678467
n それ:0.638657808303833
a 青い:0.635919451713562
a 黒い:0.6330088376998901
n い:0.6317561864852905
n て:0.6264556050300598
a 丸い:0.6245337724685669
-------------------------------
サンプル 140-------
v 見える:0.6805302500724792
v みえる:0.6460102796554565
n の:0.6330764293670654
a 茶色い:0.6281378865242004
n 見え:0.6104581356048584
a 丸い:0.6095404028892517
a 白い:0.6063008308410645
a 黒い:0.6057025194168091
v 写る:0.5953692197799683
v 見上げる:0.5904635787010193
n 確か:0.5873202681541443
v ある:0.5832375288009644
a 青い:0.5789260864257812
-------------------------------
サンプル 141-------
n の:0.7508125305175781
n は:0.6915340423583984
n それ:0.6819660663604736
v よう:0.6688899993896484
v いる:0.6659033894538879
n もの:0.6604283452033997
v 見える:0.6516289710998535
n から:0.6481064558029175
n て:0.64055335521698
-------------------------------
サンプル 142-------
-------------------------------
サンプル 143-------
n の:0.7566558122634888
n は:0.6948353052139282
v いる:0.6752421259880066
n それ:0.6658267974853516
n から:0.6485494375228882
v よう:0.6379261612892151
n ところ:0.6370285749435425
n て:0.636090099811554
n い:0.6358309388160706
n そこ:0.6344038248062134
v 見える:0.6329669952392578
-------------------------------
サンプル 144-------
v 亡くなる:0.25658413767814636
-------------------------------
サンプル 145-------
n の:0.7588244080543518
n は:0.6981558799743652
v いる:0.6972557306289673
n それ:0.6751293540000916
n い:0.6577895879745483
n から:0.6557441353797913
n て:0.6509775519371033
n もの:0.6455574035644531
v いう:0.6416136026382446
n ところ:0.6387381553649902
-------------------------------
サンプル 146-------
v いる:0.734778881072998
n の:0.7246462106704712
n い:0.6729975342750549
n は:0.6672989130020142
n それ:0.6646878719329834
n て:0.6510143280029297
n から:0.6272077560424805
n もの:0.6111534237861633
-------------------------------
サンプル 147-------
n の:0.7467430830001831
v いる:0.6881115436553955
n は:0.6846362352371216
n い:0.653444766998291
n それ:0.6509700417518616
n て:0.636462390422821
n から:0.6358715295791626
n もの:0.6257208585739136
-------------------------------
サンプル 148-------
n の:0.6417135000228882
a 青い:0.612041175365448
a 白い:0.6114872694015503
n 向こう側:0.6010227799415588
n は:0.5934498310089111
v 見上げる:0.5924308896064758
v 見える:0.5914498567581177
n から:0.5874612331390381
v 向う:0.5871868133544922
v 歩く:0.584135115146637
n ところ:0.5836392045021057
v 横切る:0.5833948850631714
-------------------------------
サンプル 149-------
n の:0.7603212594985962
n は:0.6958875060081482
v いる:0.688731849193573
n それ:0.667839527130127
n から:0.6604455709457397
n い:0.6463037729263306
v ある:0.6453410983085632
n もの:0.6433700323104858
n ところ:0.6406724452972412
n て:0.639984130859375
n そこ:0.6334146857261658
-------------------------------
サンプル 150-------
n の:0.7226921916007996
n は:0.6551492214202881
v 見える:0.6537008881568909
v いる:0.6479260921478271
n から:0.6326203346252441
a 丸い:0.6233099699020386
n それ:0.6199812889099121
n 向こう側:0.619056224822998
n ところ:0.612933874130249
v ある:0.611473798751831
v 見下ろす:0.6109945774078369
-------------------------------
サンプル 151-------
n の:0.7640712261199951
n は:0.6913034915924072
v いる:0.6820935010910034
n それ:0.6579293608665466
v 見える:0.6495876312255859
n から:0.6443353891372681
n い:0.6399171352386475
a 白い:0.6397055387496948
n て:0.6340138912200928
v ある:0.633094310760498
-------------------------------
サンプル 152-------
-------------------------------
サンプル 153-------
n の:0.7542321681976318
n は:0.6934423446655273
v いる:0.6793566942214966
n それ:0.6668419241905212
n から:0.644760251045227
n て:0.6428967714309692
v よう:0.6421029567718506
n い:0.6383938193321228
v 見える:0.6361575126647949
v いう:0.6341589689254761
-------------------------------
サンプル 154-------
v いる:0.5292413234710693
n 緑色:0.4945265054702759
n い:0.4818747043609619
a 白い:0.4715580344200134
a 青い:0.47039318084716797
n 赤色:0.468976229429245
a 赤い:0.46756166219711304
a 黒い:0.46528923511505127
v ある:0.4607945680618286
v 見える:0.4560885429382324
a 黄色い:0.4552012085914612
n 真上:0.4545261561870575
n 頭上:0.4527081847190857
n 黄色:0.45011648535728455
v 見上げる:0.4495905637741089
-------------------------------
サンプル 155-------
n の:0.7703402042388916
n は:0.6998942494392395
v いる:0.6714158654212952
n から:0.6578161716461182
n それ:0.6557436585426331
v 見える:0.643635630607605
n て:0.6394857168197632
n い:0.6355189681053162
v ある:0.6305618286132812
-------------------------------
サンプル 156-------
v いる:0.5990011096000671
n それ:0.5812656879425049
v よう:0.5474840998649597
n てる:0.5431325435638428
n い:0.5426667928695679
v 言う:0.541211724281311
n そこ:0.540809154510498
v そう:0.5403499603271484
n もの:0.539237380027771
n て:0.5377246141433716
-------------------------------
サンプル 157-------
n の:0.7513478994369507
n は:0.6869748830795288
v いる:0.6773678064346313
n それ:0.6616647243499756
v 見える:0.6414432525634766
n から:0.6405367851257324
n い:0.6388295888900757
n て:0.6374837160110474
n もの:0.632615864276886
-------------------------------
サンプル 158-------
n 胴体:0.4242132902145386
n 縦長:0.41573697328567505
n 細線:0.41316723823547363
n 蛍光:0.4123836159706116
n 直径:0.4083807170391083
n 網目:0.40637627243995667
n 黒色:0.4061671197414398
n サイズ:0.4061385989189148
a 太い:0.4055934548377991
n 赤色:0.405279278755188
n 幅広:0.39940571784973145
n 扁平:0.3957138657569885
n 肌色:0.3930433988571167
n 太め:0.3896551728248596
-------------------------------
サンプル 159-------
n の:0.751179575920105
v いる:0.6832082271575928
n は:0.676817774772644
n それ:0.6453397274017334
n い:0.6426401734352112
n から:0.6357207894325256
n て:0.6338121294975281
v 見える:0.6315665245056152
-------------------------------
サンプル 160-------
n の:0.7452168464660645
n は:0.6904371976852417
v いる:0.6845219135284424
n それ:0.6680444478988647
n もの:0.6632246971130371
n て:0.6565779447555542
n い:0.6478842496871948
v よう:0.6415771245956421
n から:0.6390435695648193
-------------------------------
サンプル 161-------
n の:0.7525018453598022
n は:0.6950865387916565
n それ:0.6763355135917664
n もの:0.66761314868927
v よう:0.6583647727966309
v いる:0.6568941473960876
n から:0.6483709812164307
n て:0.6457980275154114
v 見える:0.6353875398635864
n ところ:0.6344721913337708
v いう:0.6302402019500732
-------------------------------
サンプル 162-------
n の:0.7488868832588196
n は:0.6804876327514648
v いる:0.6613664627075195
n もの:0.6449897289276123
v 見える:0.6312724947929382
n い:0.6265273690223694
a 青い:0.623965859413147
a 黒い:0.6231235265731812
a 白い:0.6213992834091187
n それ:0.6178569197654724
n から:0.6171075105667114
v ある:0.6164392828941345
-------------------------------
サンプル 163-------
n の:0.7554948925971985
n は:0.687060534954071
v いる:0.6680516004562378
v 見える:0.6457098722457886
n から:0.644049882888794
n それ:0.6372900009155273
n い:0.6279940605163574
v ある:0.6279630661010742
a 青い:0.6257523894309998
-------------------------------
サンプル 164-------
a 黒い:0.4237428903579712
v いる:0.4164315462112427
v ある:0.4062999486923218
n 金色:0.40443289279937744
-------------------------------
サンプル 165-------
n の:0.7498030662536621
n は:0.6921724081039429
v いる:0.6833696365356445
n それ:0.6741193532943726
v よう:0.6666982173919678
n もの:0.6609640121459961
v いう:0.645258903503418
n い:0.6409335136413574
n て:0.637805700302124
n から:0.6369059681892395
v ある:0.633904218673706
-------------------------------
サンプル 166-------
v いる:0.5375249981880188
n い:0.4844602346420288
n 中:0.44483181834220886
n 海:0.4357813000679016
a 青い:0.43314170837402344
n の:0.43136265873908997
n 海岸:0.41054290533065796
n 浜辺:0.405147910118103
n たち:0.4008239507675171
-------------------------------
サンプル 167-------
n の:0.7663059830665588
v いる:0.6982099413871765
n は:0.6901310086250305
n い:0.6593465805053711
n から:0.6585639715194702
n それ:0.6488764882087708
n て:0.6473296880722046
a 白い:0.6273818016052246
n ところ:0.6255103349685669
-------------------------------
サンプル 168-------
n 武力:0.11737877130508423
-------------------------------
サンプル 169-------
n の:0.7700716257095337
n は:0.6968976259231567
v いる:0.6951309442520142
n それ:0.6720944046974182
n い:0.6562068462371826
n もの:0.6556606292724609
n から:0.6541306972503662
n て:0.6525523662567139
v ある:0.6467411518096924
v よう:0.6431111097335815
v いう:0.6390340328216553
-------------------------------
サンプル 170-------
n 都農:0.23265177011489868
n 朝市:0.19168803095817566
n 東浦:0.1868627965450287
n 日赤:0.18509720265865326
-------------------------------
サンプル 171-------
n の:0.7537670135498047
n は:0.6800537109375
v いる:0.6665483117103577
n から:0.6504675149917603
n それ:0.6477998495101929
n い:0.6347211599349976
n て:0.6344733238220215
a 白い:0.6334056258201599
v 見える:0.6288025379180908
-------------------------------
サンプル 172-------
n アダプタ:0.004210241138935089
n モデム:0.0019314996898174286
n 配線:0.001491691917181015
-------------------------------
サンプル 173-------
n の:0.7680015563964844
n は:0.7001481652259827
v いる:0.693376898765564
n それ:0.672947883605957
n もの:0.6615012884140015
n から:0.6568713188171387
n い:0.6523710489273071
n て:0.6483450531959534
v いう:0.6410164833068848
v よう:0.6409963369369507
-------------------------------
サンプル 174-------
n 右側:0.5897324085235596
n 左側:0.588937520980835
n 手前:0.5586839318275452
n 向こう側:0.5548138618469238
n 左端:0.5364928245544434
n 真下:0.5343930125236511
n 右端:0.5330299735069275
n 向かい側:0.5306983590126038
n 後ろ:0.5280134081840515
-------------------------------
サンプル 175-------
n の:0.7468165159225464
v いる:0.6973644495010376
n は:0.6821165084838867
n から:0.6541793942451477
n それ:0.6523889899253845
n い:0.650941014289856
n て:0.6448575258255005
v 見える:0.6425401568412781
-------------------------------
サンプル 176-------
v いる:0.6510422229766846
n い:0.6077382564544678
n もの:0.6038051843643188
n の:0.6010713577270508
n それ:0.5894756317138672
n て:0.571702241897583
v よう:0.5662199258804321
n 多く:0.5648346543312073
n は:0.5625050067901611
n 緑色:0.5536549091339111
-------------------------------
サンプル 177-------
n の:0.7600252628326416
n は:0.7007319927215576
v いる:0.6985169649124146
n それ:0.6623578667640686
n い:0.6591336727142334
n て:0.6570513248443604
n から:0.6547163724899292
n ところ:0.6515804529190063
n もの:0.6487077474594116
-------------------------------
サンプル 178-------
n の:0.7373038530349731
v いる:0.6985651254653931
n は:0.6726027727127075
n い:0.6681291460990906
n それ:0.6353793144226074
n て:0.6288497447967529
n もの:0.628402054309845
-------------------------------
サンプル 179-------
n の:0.7617421746253967
n は:0.7016170620918274
v いる:0.6834847331047058
n それ:0.6605504751205444
n から:0.6550707817077637
n て:0.6489747166633606
n い:0.6464967727661133
-------------------------------
サンプル 180-------
n の:0.757521390914917
n は:0.6866859197616577
v いる:0.685391902923584
n それ:0.6538200378417969
v ある:0.6401411294937134
v よう:0.6378549933433533
n て:0.6364147663116455
n い:0.6334114074707031
v いう:0.6269667148590088
n から:0.6262465119361877
-------------------------------
サンプル 181-------
n の:0.7693821787834167
n は:0.7041630744934082
v いる:0.694970428943634
n それ:0.672663688659668
n から:0.6554616689682007
v 見える:0.6529499888420105
n い:0.6510077118873596
n て:0.6506944298744202
n もの:0.6476658582687378
v ある:0.6430873870849609
v よう:0.640964925289154
-------------------------------
サンプル 182-------
n の:0.7596064805984497
n は:0.6947513818740845
v 見える:0.6791077852249146
n それ:0.6675065755844116
v よう:0.6499088406562805
n 確か:0.6490250825881958
n から:0.6465048789978027
v いる:0.6297869086265564
-------------------------------
サンプル 183-------
n の:0.7478737235069275
v いる:0.6818643808364868
n は:0.6746586561203003
v 見える:0.6558883786201477
n い:0.6411846876144409
a 白い:0.6374998092651367
n から:0.6360571384429932
n て:0.6329396367073059
n それ:0.632075309753418
a 黒い:0.6236122846603394
-------------------------------
サンプル 184-------
n 中央:0.3803369104862213
v 連なる:0.371968150138855
v 切り替わる:0.36623355746269226
n 向こう:0.36432814598083496
n 境:0.36105990409851074
-------------------------------
サンプル 185-------
n の:0.7529047727584839
n は:0.686827540397644
v いる:0.6840957403182983
n それ:0.6642210483551025
v 見える:0.6579412221908569
n もの:0.6481822729110718
n い:0.6416940093040466
v ある:0.6398143172264099
n から:0.6397395133972168
n て:0.638763964176178
v よう:0.6383559703826904
n 確か:0.6363701820373535
-------------------------------
サンプル 186-------
n の:0.6803308725357056
v いる:0.6583176255226135
v 見える:0.6386466026306152
n は:0.6253387928009033
v よう:0.624127209186554
n い:0.6161266565322876
n それ:0.6104459166526794
v みえる:0.6077635288238525
n か:0.5826891660690308
n 確か:0.5819844007492065
-------------------------------
サンプル 187-------
n の:0.7401112914085388
v いる:0.6960270404815674
n は:0.6766481399536133
n それ:0.6475017070770264
n から:0.6470696926116943
n い:0.6431081295013428
n て:0.6349239945411682
v 見える:0.6247248649597168
-------------------------------
サンプル 188-------
-------------------------------
サンプル 189-------
n の:0.7407702207565308
v いる:0.6866346597671509
n は:0.6842255592346191
n それ:0.6652354001998901
n から:0.6475112438201904
v 見える:0.6468636989593506
v よう:0.6465452909469604
n て:0.6384931206703186
n い:0.6381485462188721
n もの:0.6318671703338623
v いう:0.630752444267273
-------------------------------
サンプル 190-------
n の:0.7298386096954346
n は:0.6557472944259644
n それ:0.6394741535186768
v いる:0.6372944116592407
v ある:0.6291828155517578
n から:0.6268914341926575
n そこ:0.6262449026107788
n ところ:0.6246515512466431
v よう:0.6224470138549805
n 確か:0.608435332775116
-------------------------------
サンプル 191-------
n の:0.7521359324455261
v いる:0.6948482990264893
n は:0.6780040264129639
n い:0.6509856581687927
n それ:0.6427080631256104
n て:0.6406641602516174
n から:0.6379396915435791
a 白い:0.6295363306999207
a 青い:0.624057412147522
-------------------------------
サンプル 192-------
n イエロー:0.21426863968372345
n パープル:0.1985911875963211
-------------------------------
サンプル 193-------
n の:0.7671757936477661
n は:0.7022085189819336
n それ:0.6713441610336304
v いる:0.6669960021972656
n から:0.6516978740692139
n もの:0.640992283821106
n ところ:0.6349095106124878
n て:0.6345410346984863
v 見える:0.6299557685852051
-------------------------------
サンプル 194-------
n の:0.6487679481506348
v いる:0.6183324456214905
n 中:0.5955243110656738
n て:0.5948540568351746
n い:0.5919368863105774
n 風景:0.5899694561958313
n から:0.5892877578735352
n 人々:0.5888160467147827
n ところ:0.5763838887214661
n 人:0.5725864171981812
n 場所:0.5676054358482361
n もの:0.5663243532180786
-------------------------------
サンプル 195-------
n の:0.7372065782546997
v いる:0.682751476764679
n は:0.6825721263885498
n それ:0.6618158221244812
v 見える:0.6553692817687988
n い:0.6452962756156921
a 白い:0.6445136666297913
a 黒い:0.6393429040908813
n から:0.6374310255050659
n て:0.6369223594665527
a 丸い:0.6300026178359985
-------------------------------
サンプル 196-------
a かわいい:0.5013624429702759
n カワイイ:0.5011822581291199
n お洒落:0.49626821279525757
v くつろぐ:0.4869728684425354
n おしゃれ:0.4835757613182068
n 女の子:0.48353180289268494
v 見る:0.48029667139053345
n 写真:0.47990524768829346
-------------------------------
サンプル 197-------
n の:0.7589152455329895
n は:0.6979949474334717
v いる:0.6821885108947754
n それ:0.6703221201896667
n から:0.6609770655632019
n て:0.645100474357605
n い:0.6448551416397095
v 見える:0.6424408555030823
-------------------------------
サンプル 198-------
n 日当たり:0.23708456754684448
n 荒地:0.23403191566467285
-------------------------------
サンプル 199-------
n の:0.7500768899917603
n は:0.6729621887207031
v いる:0.6702612638473511
v 見える:0.6579296588897705
a 白い:0.6471675634384155
n から:0.6433990001678467
n それ:0.638657808303833
a 青い:0.635919451713562
a 黒い:0.6330088376998901
n い:0.6317561864852905
n て:0.6264556050300598
a 丸い:0.6245337724685669
-------------------------------
サンプル 200-------
v 見える:0.6805302500724792
v みえる:0.6460102796554565
n の:0.6330764293670654
a 茶色い:0.6281378865242004
n 見え:0.6104581356048584
a 丸い:0.6095404028892517
a 白い:0.6063008308410645
a 黒い:0.6057025194168091
v 写る:0.5953692197799683
v 見上げる:0.5904635787010193
n 確か:0.5873202681541443
v ある:0.5832375288009644
a 青い:0.5789260864257812
-------------------------------
サンプル 201-------
n の:0.7508125305175781
n は:0.6915340423583984
n それ:0.6819660663604736
v よう:0.6688899993896484
v いる:0.6659033894538879
n もの:0.6604283452033997
v 見える:0.6516289710998535
n から:0.6481064558029175
n て:0.64055335521698
-------------------------------
サンプル 202-------
-------------------------------
サンプル 203-------
n の:0.7566558122634888
n は:0.6948353052139282
v いる:0.6752421259880066
n それ:0.6658267974853516
n から:0.6485494375228882
v よう:0.6379261612892151
n ところ:0.6370285749435425
n て:0.636090099811554
n い:0.6358309388160706
n そこ:0.6344038248062134
v 見える:0.6329669952392578
-------------------------------
サンプル 204-------
v 亡くなる:0.25658413767814636
-------------------------------
サンプル 205-------
n の:0.7588244080543518
n は:0.6981558799743652
v いる:0.6972557306289673
n それ:0.6751293540000916
n い:0.6577895879745483
n から:0.6557441353797913
n て:0.6509775519371033
n もの:0.6455574035644531
v いう:0.6416136026382446
n ところ:0.6387381553649902
-------------------------------
サンプル 206-------
v いる:0.734778881072998
n の:0.7246462106704712
n い:0.6729975342750549
n は:0.6672989130020142
n それ:0.6646878719329834
n て:0.6510143280029297
n から:0.6272077560424805
n もの:0.6111534237861633
-------------------------------
サンプル 207-------
n の:0.7467430830001831
v いる:0.6881115436553955
n は:0.6846362352371216
n い:0.653444766998291
n それ:0.6509700417518616
n て:0.636462390422821
n から:0.6358715295791626
n もの:0.6257208585739136
-------------------------------
サンプル 208-------
n の:0.6417135000228882
a 青い:0.612041175365448
a 白い:0.6114872694015503
n 向こう側:0.6010227799415588
n は:0.5934498310089111
v 見上げる:0.5924308896064758
v 見える:0.5914498567581177
n から:0.5874612331390381
v 向う:0.5871868133544922
v 歩く:0.584135115146637
n ところ:0.5836392045021057
v 横切る:0.5833948850631714
-------------------------------
サンプル 209-------
n の:0.7603212594985962
n は:0.6958875060081482
v いる:0.688731849193573
n それ:0.667839527130127
n から:0.6604455709457397
n い:0.6463037729263306
v ある:0.6453410983085632
n もの:0.6433700323104858
n ところ:0.6406724452972412
n て:0.639984130859375
n そこ:0.6334146857261658
-------------------------------
サンプル 210-------
n の:0.7226921916007996
n は:0.6551492214202881
v 見える:0.6537008881568909
v いる:0.6479260921478271
n から:0.6326203346252441
a 丸い:0.6233099699020386
n それ:0.6199812889099121
n 向こう側:0.619056224822998
n ところ:0.612933874130249
v ある:0.611473798751831
v 見下ろす:0.6109945774078369
-------------------------------
サンプル 211-------
n の:0.7640712261199951
n は:0.6913034915924072
v いる:0.6820935010910034
n それ:0.6579293608665466
v 見える:0.6495876312255859
n から:0.6443353891372681
n い:0.6399171352386475
a 白い:0.6397055387496948
n て:0.6340138912200928
v ある:0.633094310760498
-------------------------------
サンプル 212-------
-------------------------------
サンプル 213-------
n の:0.7542321681976318
n は:0.6934423446655273
v いる:0.6793566942214966
n それ:0.6668419241905212
n から:0.644760251045227
n て:0.6428967714309692
v よう:0.6421029567718506
n い:0.6383938193321228
v 見える:0.6361575126647949
v いう:0.6341589689254761
-------------------------------
サンプル 214-------
v いる:0.5292413234710693
n 緑色:0.4945265054702759
n い:0.4818747043609619
a 白い:0.4715580344200134
a 青い:0.47039318084716797
n 赤色:0.468976229429245
a 赤い:0.46756166219711304
a 黒い:0.46528923511505127
v ある:0.4607945680618286
v 見える:0.4560885429382324
a 黄色い:0.4552012085914612
n 真上:0.4545261561870575
n 頭上:0.4527081847190857
n 黄色:0.45011648535728455
v 見上げる:0.4495905637741089
-------------------------------
サンプル 215-------
n の:0.7703402042388916
n は:0.6998942494392395
v いる:0.6714158654212952
n から:0.6578161716461182
n それ:0.6557436585426331
v 見える:0.643635630607605
n て:0.6394857168197632
n い:0.6355189681053162
v ある:0.6305618286132812
-------------------------------
サンプル 216-------
v いる:0.5990011096000671
n それ:0.5812656879425049
v よう:0.5474840998649597
n てる:0.5431325435638428
n い:0.5426667928695679
v 言う:0.541211724281311
n そこ:0.540809154510498
v そう:0.5403499603271484
n もの:0.539237380027771
n て:0.5377246141433716
-------------------------------
サンプル 217-------
n の:0.7513478994369507
n は:0.6869748830795288
v いる:0.6773678064346313
n それ:0.6616647243499756
v 見える:0.6414432525634766
n から:0.6405367851257324
n い:0.6388295888900757
n て:0.6374837160110474
n もの:0.632615864276886
-------------------------------
サンプル 218-------
n 胴体:0.4242132902145386
n 縦長:0.41573697328567505
n 細線:0.41316723823547363
n 蛍光:0.4123836159706116
n 直径:0.4083807170391083
n 網目:0.40637627243995667
n 黒色:0.4061671197414398
n サイズ:0.4061385989189148
a 太い:0.4055934548377991
n 赤色:0.405279278755188
n 幅広:0.39940571784973145
n 扁平:0.3957138657569885
n 肌色:0.3930433988571167
n 太め:0.3896551728248596
-------------------------------
サンプル 219-------
n の:0.751179575920105
v いる:0.6832082271575928
n は:0.676817774772644
n それ:0.6453397274017334
n い:0.6426401734352112
n から:0.6357207894325256
n て:0.6338121294975281
v 見える:0.6315665245056152
-------------------------------
サンプル 220-------
n の:0.7452168464660645
n は:0.6904371976852417
v いる:0.6845219135284424
n それ:0.6680444478988647
n もの:0.6632246971130371
n て:0.6565779447555542
n い:0.6478842496871948
v よう:0.6415771245956421
n から:0.6390435695648193
-------------------------------
サンプル 221-------
n の:0.7525018453598022
n は:0.6950865387916565
n それ:0.6763355135917664
n もの:0.66761314868927
v よう:0.6583647727966309
v いる:0.6568941473960876
n から:0.6483709812164307
n て:0.6457980275154114
v 見える:0.6353875398635864
n ところ:0.6344721913337708
v いう:0.6302402019500732
-------------------------------
サンプル 222-------
n の:0.7488868832588196
n は:0.6804876327514648
v いる:0.6613664627075195
n もの:0.6449897289276123
v 見える:0.6312724947929382
n い:0.6265273690223694
a 青い:0.623965859413147
a 黒い:0.6231235265731812
a 白い:0.6213992834091187
n それ:0.6178569197654724
n から:0.6171075105667114
v ある:0.6164392828941345
-------------------------------
サンプル 223-------
n の:0.7554948925971985
n は:0.687060534954071
v いる:0.6680516004562378
v 見える:0.6457098722457886
n から:0.644049882888794
n それ:0.6372900009155273
n い:0.6279940605163574
v ある:0.6279630661010742
a 青い:0.6257523894309998
-------------------------------
サンプル 224-------
a 黒い:0.4237428903579712
v いる:0.4164315462112427
v ある:0.4062999486923218
n 金色:0.40443289279937744
-------------------------------
サンプル 225-------
n の:0.7498030662536621
n は:0.6921724081039429
v いる:0.6833696365356445
n それ:0.6741193532943726
v よう:0.6666982173919678
n もの:0.6609640121459961
v いう:0.645258903503418
n い:0.6409335136413574
n て:0.637805700302124
n から:0.6369059681892395
v ある:0.633904218673706
-------------------------------
サンプル 226-------
v いる:0.5375249981880188
n い:0.4844602346420288
n 中:0.44483181834220886
n 海:0.4357813000679016
a 青い:0.43314170837402344
n の:0.43136265873908997
n 海岸:0.41054290533065796
n 浜辺:0.405147910118103
n たち:0.4008239507675171
-------------------------------
サンプル 227-------
n の:0.7663059830665588
v いる:0.6982099413871765
n は:0.6901310086250305
n い:0.6593465805053711
n から:0.6585639715194702
n それ:0.6488764882087708
n て:0.6473296880722046
a 白い:0.6273818016052246
n ところ:0.6255103349685669
-------------------------------
サンプル 228-------
n 武力:0.11737877130508423
-------------------------------
サンプル 229-------
n の:0.7700716257095337
n は:0.6968976259231567
v いる:0.6951309442520142
n それ:0.6720944046974182
n い:0.6562068462371826
n もの:0.6556606292724609
n から:0.6541306972503662
n て:0.6525523662567139
v ある:0.6467411518096924
v よう:0.6431111097335815
v いう:0.6390340328216553
-------------------------------
サンプル 230-------
n 都農:0.23265177011489868
n 朝市:0.19168803095817566
n 東浦:0.1868627965450287
n 日赤:0.18509720265865326
-------------------------------
サンプル 231-------
n の:0.7537670135498047
n は:0.6800537109375
v いる:0.6665483117103577
n から:0.6504675149917603
n それ:0.6477998495101929
n い:0.6347211599349976
n て:0.6344733238220215
a 白い:0.6334056258201599
v 見える:0.6288025379180908
-------------------------------
サンプル 232-------
n アダプタ:0.004210241138935089
n モデム:0.0019314996898174286
n 配線:0.001491691917181015
-------------------------------
サンプル 233-------
n の:0.7680015563964844
n は:0.7001481652259827
v いる:0.693376898765564
n それ:0.672947883605957
n もの:0.6615012884140015
n から:0.6568713188171387
n い:0.6523710489273071
n て:0.6483450531959534
v いう:0.6410164833068848
v よう:0.6409963369369507
-------------------------------
サンプル 234-------
n 右側:0.5897324085235596
n 左側:0.588937520980835
n 手前:0.5586839318275452
n 向こう側:0.5548138618469238
n 左端:0.5364928245544434
n 真下:0.5343930125236511
n 右端:0.5330299735069275
n 向かい側:0.5306983590126038
n 後ろ:0.5280134081840515
-------------------------------
サンプル 235-------
n の:0.7468165159225464
v いる:0.6973644495010376
n は:0.6821165084838867
n から:0.6541793942451477
n それ:0.6523889899253845
n い:0.650941014289856
n て:0.6448575258255005
v 見える:0.6425401568412781
-------------------------------
サンプル 236-------
v いる:0.6510422229766846
n い:0.6077382564544678
n もの:0.6038051843643188
n の:0.6010713577270508
n それ:0.5894756317138672
n て:0.571702241897583
v よう:0.5662199258804321
n 多く:0.5648346543312073
n は:0.5625050067901611
n 緑色:0.5536549091339111
-------------------------------
サンプル 237-------
n の:0.7600252628326416
n は:0.7007319927215576
v いる:0.6985169649124146
n それ:0.6623578667640686
n い:0.6591336727142334
n て:0.6570513248443604
n から:0.6547163724899292
n ところ:0.6515804529190063
n もの:0.6487077474594116
-------------------------------
サンプル 238-------
n の:0.7373038530349731
v いる:0.6985651254653931
n は:0.6726027727127075
n い:0.6681291460990906
n それ:0.6353793144226074
n て:0.6288497447967529
n もの:0.628402054309845
-------------------------------
サンプル 239-------
n の:0.7617421746253967
n は:0.7016170620918274
v いる:0.6834847331047058
n それ:0.6605504751205444
n から:0.6550707817077637
n て:0.6489747166633606
n い:0.6464967727661133
-------------------------------
サンプル 240-------
n の:0.757521390914917
n は:0.6866859197616577
v いる:0.685391902923584
n それ:0.6538200378417969
v ある:0.6401411294937134
v よう:0.6378549933433533
n て:0.6364147663116455
n い:0.6334114074707031
v いう:0.6269667148590088
n から:0.6262465119361877
-------------------------------
サンプル 241-------
n の:0.7693821787834167
n は:0.7041630744934082
v いる:0.694970428943634
n それ:0.672663688659668
n から:0.6554616689682007
v 見える:0.6529499888420105
n い:0.6510077118873596
n て:0.6506944298744202
n もの:0.6476658582687378
v ある:0.6430873870849609
v よう:0.640964925289154
-------------------------------
サンプル 242-------
n の:0.7596064805984497
n は:0.6947513818740845
v 見える:0.6791077852249146
n それ:0.6675065755844116
v よう:0.6499088406562805
n 確か:0.6490250825881958
n から:0.6465048789978027
v いる:0.6297869086265564
-------------------------------
サンプル 243-------
n の:0.7478737235069275
v いる:0.6818643808364868
n は:0.6746586561203003
v 見える:0.6558883786201477
n い:0.6411846876144409
a 白い:0.6374998092651367
n から:0.6360571384429932
n て:0.6329396367073059
n それ:0.632075309753418
a 黒い:0.6236122846603394
-------------------------------
サンプル 244-------
n 中央:0.3803369104862213
v 連なる:0.371968150138855
v 切り替わる:0.36623355746269226
n 向こう:0.36432814598083496
n 境:0.36105990409851074
-------------------------------
サンプル 245-------
n の:0.7529047727584839
n は:0.686827540397644
v いる:0.6840957403182983
n それ:0.6642210483551025
v 見える:0.6579412221908569
n もの:0.6481822729110718
n い:0.6416940093040466
v ある:0.6398143172264099
n から:0.6397395133972168
n て:0.638763964176178
v よう:0.6383559703826904
n 確か:0.6363701820373535
-------------------------------
サンプル 246-------
n の:0.6803308725357056
v いる:0.6583176255226135
v 見える:0.6386466026306152
n は:0.6253387928009033
v よう:0.624127209186554
n い:0.6161266565322876
n それ:0.6104459166526794
v みえる:0.6077635288238525
n か:0.5826891660690308
n 確か:0.5819844007492065
-------------------------------
サンプル 247-------
n の:0.7401112914085388
v いる:0.6960270404815674
n は:0.6766481399536133
n それ:0.6475017070770264
n から:0.6470696926116943
n い:0.6431081295013428
n て:0.6349239945411682
v 見える:0.6247248649597168
-------------------------------
サンプル 248-------
-------------------------------
サンプル 249-------
n の:0.7407702207565308
v いる:0.6866346597671509
n は:0.6842255592346191
n それ:0.6652354001998901
n から:0.6475112438201904
v 見える:0.6468636989593506
v よう:0.6465452909469604
n て:0.6384931206703186
n い:0.6381485462188721
n もの:0.6318671703338623
v いう:0.630752444267273
-------------------------------
サンプル 250-------
n の:0.7298386096954346
n は:0.6557472944259644
n それ:0.6394741535186768
v いる:0.6372944116592407
v ある:0.6291828155517578
n から:0.6268914341926575
n そこ:0.6262449026107788
n ところ:0.6246515512466431
v よう:0.6224470138549805
n 確か:0.608435332775116
-------------------------------
サンプル 251-------
n の:0.7521359324455261
v いる:0.6948482990264893
n は:0.6780040264129639
n い:0.6509856581687927
n それ:0.6427080631256104
n て:0.6406641602516174
n から:0.6379396915435791
a 白い:0.6295363306999207
a 青い:0.624057412147522
-------------------------------
サンプル 252-------
n イエロー:0.21426863968372345
n パープル:0.1985911875963211
-------------------------------
サンプル 253-------
n の:0.7671757936477661
n は:0.7022085189819336
n それ:0.6713441610336304
v いる:0.6669960021972656
n から:0.6516978740692139
n もの:0.640992283821106
n ところ:0.6349095106124878
n て:0.6345410346984863
v 見える:0.6299557685852051
-------------------------------
サンプル 254-------
n の:0.6487679481506348
v いる:0.6183324456214905
n 中:0.5955243110656738
n て:0.5948540568351746
n い:0.5919368863105774
n 風景:0.5899694561958313
n から:0.5892877578735352
n 人々:0.5888160467147827
n ところ:0.5763838887214661
n 人:0.5725864171981812
n 場所:0.5676054358482361
n もの:0.5663243532180786
-------------------------------
サンプル 255-------
n の:0.7372065782546997
v いる:0.682751476764679
n は:0.6825721263885498
n それ:0.6618158221244812
v 見える:0.6553692817687988
n い:0.6452962756156921
a 白い:0.6445136666297913
a 黒い:0.6393429040908813
n から:0.6374310255050659
n て:0.6369223594665527
a 丸い:0.6300026178359985
-------------------------------
サンプル 256-------
a かわいい:0.5013624429702759
n カワイイ:0.5011822581291199
n お洒落:0.49626821279525757
v くつろぐ:0.4869728684425354
n おしゃれ:0.4835757613182068
n 女の子:0.48353180289268494
v 見る:0.48029667139053345
n 写真:0.47990524768829346
-------------------------------
サンプル 257-------
n の:0.7589152455329895
n は:0.6979949474334717
v いる:0.6821885108947754
n それ:0.6703221201896667
n から:0.6609770655632019
n て:0.645100474357605
n い:0.6448551416397095
v 見える:0.6424408555030823
-------------------------------
サンプル 258-------
n 日当たり:0.23708456754684448
n 荒地:0.23403191566467285
-------------------------------
サンプル 259-------
n の:0.7500768899917603
n は:0.6729621887207031
v いる:0.6702612638473511
v 見える:0.6579296588897705
a 白い:0.6471675634384155
n から:0.6433990001678467
n それ:0.638657808303833
a 青い:0.635919451713562
a 黒い:0.6330088376998901
n い:0.6317561864852905
n て:0.6264556050300598
a 丸い:0.6245337724685669
-------------------------------
サンプル 260-------
v 見える:0.6805302500724792
v みえる:0.6460102796554565
n の:0.6330764293670654
a 茶色い:0.6281378865242004
n 見え:0.6104581356048584
a 丸い:0.6095404028892517
a 白い:0.6063008308410645
a 黒い:0.6057025194168091
v 写る:0.5953692197799683
v 見上げる:0.5904635787010193
n 確か:0.5873202681541443
v ある:0.5832375288009644
a 青い:0.5789260864257812
-------------------------------
サンプル 261-------
n の:0.7508125305175781
n は:0.6915340423583984
n それ:0.6819660663604736
v よう:0.6688899993896484
v いる:0.6659033894538879
n もの:0.6604283452033997
v 見える:0.6516289710998535
n から:0.6481064558029175
n て:0.64055335521698
-------------------------------
サンプル 262-------
-------------------------------
サンプル 263-------
n の:0.7566558122634888
n は:0.6948353052139282
v いる:0.6752421259880066
n それ:0.6658267974853516
n から:0.6485494375228882
v よう:0.6379261612892151
n ところ:0.6370285749435425
n て:0.636090099811554
n い:0.6358309388160706
n そこ:0.6344038248062134
v 見える:0.6329669952392578
-------------------------------
サンプル 264-------
v 亡くなる:0.25658413767814636
-------------------------------
サンプル 265-------
n の:0.7588244080543518
n は:0.6981558799743652
v いる:0.6972557306289673
n それ:0.6751293540000916
n い:0.6577895879745483
n から:0.6557441353797913
n て:0.6509775519371033
n もの:0.6455574035644531
v いう:0.6416136026382446
n ところ:0.6387381553649902
-------------------------------
サンプル 266-------
v いる:0.734778881072998
n の:0.7246462106704712
n い:0.6729975342750549
n は:0.6672989130020142
n それ:0.6646878719329834
n て:0.6510143280029297
n から:0.6272077560424805
n もの:0.6111534237861633
-------------------------------
サンプル 267-------
n の:0.7467430830001831
v いる:0.6881115436553955
n は:0.6846362352371216
n い:0.653444766998291
n それ:0.6509700417518616
n て:0.636462390422821
n から:0.6358715295791626
n もの:0.6257208585739136
-------------------------------
サンプル 268-------
n の:0.6417135000228882
a 青い:0.612041175365448
a 白い:0.6114872694015503
n 向こう側:0.6010227799415588
n は:0.5934498310089111
v 見上げる:0.5924308896064758
v 見える:0.5914498567581177
n から:0.5874612331390381
v 向う:0.5871868133544922
v 歩く:0.584135115146637
n ところ:0.5836392045021057
v 横切る:0.5833948850631714
-------------------------------
サンプル 269-------
n の:0.7603212594985962
n は:0.6958875060081482
v いる:0.688731849193573
n それ:0.667839527130127
n から:0.6604455709457397
n い:0.6463037729263306
v ある:0.6453410983085632
n もの:0.6433700323104858
n ところ:0.6406724452972412
n て:0.639984130859375
n そこ:0.6334146857261658
-------------------------------
サンプル 270-------
n の:0.7226921916007996
n は:0.6551492214202881
v 見える:0.6537008881568909
v いる:0.6479260921478271
n から:0.6326203346252441
a 丸い:0.6233099699020386
n それ:0.6199812889099121
n 向こう側:0.619056224822998
n ところ:0.612933874130249
v ある:0.611473798751831
v 見下ろす:0.6109945774078369
-------------------------------
サンプル 271-------
n の:0.7640712261199951
n は:0.6913034915924072
v いる:0.6820935010910034
n それ:0.6579293608665466
v 見える:0.6495876312255859
n から:0.6443353891372681
n い:0.6399171352386475
a 白い:0.6397055387496948
n て:0.6340138912200928
v ある:0.633094310760498
-------------------------------
サンプル 272-------
-------------------------------
サンプル 273-------
n の:0.7542321681976318
n は:0.6934423446655273
v いる:0.6793566942214966
n それ:0.6668419241905212
n から:0.644760251045227
n て:0.6428967714309692
v よう:0.6421029567718506
n い:0.6383938193321228
v 見える:0.6361575126647949
v いう:0.6341589689254761
-------------------------------
サンプル 274-------
v いる:0.5292413234710693
n 緑色:0.4945265054702759
n い:0.4818747043609619
a 白い:0.4715580344200134
a 青い:0.47039318084716797
n 赤色:0.468976229429245
a 赤い:0.46756166219711304
a 黒い:0.46528923511505127
v ある:0.4607945680618286
v 見える:0.4560885429382324
a 黄色い:0.4552012085914612
n 真上:0.4545261561870575
n 頭上:0.4527081847190857
n 黄色:0.45011648535728455
v 見上げる:0.4495905637741089
-------------------------------
サンプル 275-------
n の:0.7703402042388916
n は:0.6998942494392395
v いる:0.6714158654212952
n から:0.6578161716461182
n それ:0.6557436585426331
v 見える:0.643635630607605
n て:0.6394857168197632
n い:0.6355189681053162
v ある:0.6305618286132812
-------------------------------
サンプル 276-------
v いる:0.5990011096000671
n それ:0.5812656879425049
v よう:0.5474840998649597
n てる:0.5431325435638428
n い:0.5426667928695679
v 言う:0.541211724281311
n そこ:0.540809154510498
v そう:0.5403499603271484
n もの:0.539237380027771
n て:0.5377246141433716
-------------------------------
サンプル 277-------
n の:0.7513478994369507
n は:0.6869748830795288
v いる:0.6773678064346313
n それ:0.6616647243499756
v 見える:0.6414432525634766
n から:0.6405367851257324
n い:0.6388295888900757
n て:0.6374837160110474
n もの:0.632615864276886
-------------------------------
サンプル 278-------
n 胴体:0.4242132902145386
n 縦長:0.41573697328567505
n 細線:0.41316723823547363
n 蛍光:0.4123836159706116
n 直径:0.4083807170391083
n 網目:0.40637627243995667
n 黒色:0.4061671197414398
n サイズ:0.4061385989189148
a 太い:0.4055934548377991
n 赤色:0.405279278755188
n 幅広:0.39940571784973145
n 扁平:0.3957138657569885
n 肌色:0.3930433988571167
n 太め:0.3896551728248596
-------------------------------
サンプル 279-------
n の:0.751179575920105
v いる:0.6832082271575928
n は:0.676817774772644
n それ:0.6453397274017334
n い:0.6426401734352112
n から:0.6357207894325256
n て:0.6338121294975281
v 見える:0.6315665245056152
-------------------------------
サンプル 280-------
n の:0.7452168464660645
n は:0.6904371976852417
v いる:0.6845219135284424
n それ:0.6680444478988647
n もの:0.6632246971130371
n て:0.6565779447555542
n い:0.6478842496871948
v よう:0.6415771245956421
n から:0.6390435695648193
-------------------------------
サンプル 281-------
n の:0.7525018453598022
n は:0.6950865387916565
n それ:0.6763355135917664
n もの:0.66761314868927
v よう:0.6583647727966309
v いる:0.6568941473960876
n から:0.6483709812164307
n て:0.6457980275154114
v 見える:0.6353875398635864
n ところ:0.6344721913337708
v いう:0.6302402019500732
-------------------------------
サンプル 282-------
n の:0.7488868832588196
n は:0.6804876327514648
v いる:0.6613664627075195
n もの:0.6449897289276123
v 見える:0.6312724947929382
n い:0.6265273690223694
a 青い:0.623965859413147
a 黒い:0.6231235265731812
a 白い:0.6213992834091187
n それ:0.6178569197654724
n から:0.6171075105667114
v ある:0.6164392828941345
-------------------------------
サンプル 283-------
n の:0.7554948925971985
n は:0.687060534954071
v いる:0.6680516004562378
v 見える:0.6457098722457886
n から:0.644049882888794
n それ:0.6372900009155273
n い:0.6279940605163574
v ある:0.6279630661010742
a 青い:0.6257523894309998
-------------------------------
サンプル 284-------
a 黒い:0.4237428903579712
v いる:0.4164315462112427
v ある:0.4062999486923218
n 金色:0.40443289279937744
-------------------------------
サンプル 285-------
n の:0.7498030662536621
n は:0.6921724081039429
v いる:0.6833696365356445
n それ:0.6741193532943726
v よう:0.6666982173919678
n もの:0.6609640121459961
v いう:0.645258903503418
n い:0.6409335136413574
n て:0.637805700302124
n から:0.6369059681892395
v ある:0.633904218673706
-------------------------------
サンプル 286-------
v いる:0.5375249981880188
n い:0.4844602346420288
n 中:0.44483181834220886
n 海:0.4357813000679016
a 青い:0.43314170837402344
n の:0.43136265873908997
n 海岸:0.41054290533065796
n 浜辺:0.405147910118103
n たち:0.4008239507675171
-------------------------------
サンプル 287-------
n の:0.7663059830665588
v いる:0.6982099413871765
n は:0.6901310086250305
n い:0.6593465805053711
n から:0.6585639715194702
n それ:0.6488764882087708
n て:0.6473296880722046
a 白い:0.6273818016052246
n ところ:0.6255103349685669
-------------------------------
サンプル 288-------
n 武力:0.11737877130508423
-------------------------------
サンプル 289-------
n の:0.7700716257095337
n は:0.6968976259231567
v いる:0.6951309442520142
n それ:0.6720944046974182
n い:0.6562068462371826
n もの:0.6556606292724609
n から:0.6541306972503662
n て:0.6525523662567139
v ある:0.6467411518096924
v よう:0.6431111097335815
v いう:0.6390340328216553
-------------------------------
サンプル 290-------
n 都農:0.23265177011489868
n 朝市:0.19168803095817566
n 東浦:0.1868627965450287
n 日赤:0.18509720265865326
-------------------------------
サンプル 291-------
n の:0.7537670135498047
n は:0.6800537109375
v いる:0.6665483117103577
n から:0.6504675149917603
n それ:0.6477998495101929
n い:0.6347211599349976
n て:0.6344733238220215
a 白い:0.6334056258201599
v 見える:0.6288025379180908
-------------------------------
サンプル 292-------
n アダプタ:0.004210241138935089
n モデム:0.0019314996898174286
n 配線:0.001491691917181015
-------------------------------
サンプル 293-------
n の:0.7680015563964844
n は:0.7001481652259827
v いる:0.693376898765564
n それ:0.672947883605957
n もの:0.6615012884140015
n から:0.6568713188171387
n い:0.6523710489273071
n て:0.6483450531959534
v いう:0.6410164833068848
v よう:0.6409963369369507
-------------------------------
サンプル 294-------
n 右側:0.5897324085235596
n 左側:0.588937520980835
n 手前:0.5586839318275452
n 向こう側:0.5548138618469238
n 左端:0.5364928245544434
n 真下:0.5343930125236511
n 右端:0.5330299735069275
n 向かい側:0.5306983590126038
n 後ろ:0.5280134081840515
-------------------------------
サンプル 295-------
n の:0.7468165159225464
v いる:0.6973644495010376
n は:0.6821165084838867
n から:0.6541793942451477
n それ:0.6523889899253845
n い:0.650941014289856
n て:0.6448575258255005
v 見える:0.6425401568412781
-------------------------------
サンプル 296-------
v いる:0.6510422229766846
n い:0.6077382564544678
n もの:0.6038051843643188
n の:0.6010713577270508
n それ:0.5894756317138672
n て:0.571702241897583
v よう:0.5662199258804321
n 多く:0.5648346543312073
n は:0.5625050067901611
n 緑色:0.5536549091339111
-------------------------------
サンプル 297-------
n の:0.7600252628326416
n は:0.7007319927215576
v いる:0.6985169649124146
n それ:0.6623578667640686
n い:0.6591336727142334
n て:0.6570513248443604
n から:0.6547163724899292
n ところ:0.6515804529190063
n もの:0.6487077474594116
-------------------------------
サンプル 298-------
n の:0.7373038530349731
v いる:0.6985651254653931
n は:0.6726027727127075
n い:0.6681291460990906
n それ:0.6353793144226074
n て:0.6288497447967529
n もの:0.628402054309845
-------------------------------
サンプル 299-------
n の:0.7617421746253967
n は:0.7016170620918274
v いる:0.6834847331047058
n それ:0.6605504751205444
n から:0.6550707817077637
n て:0.6489747166633606
n い:0.6464967727661133
-------------------------------
